
---
events:
  -
    kind: "message-v1"
    backtrace:
      - "C:/Program Files/CMake/share/cmake-3.27/Modules/CMakeDetermineSystem.cmake:206 (message)"
      - "CMakeLists.txt:7 (project)"
    message: |
      The target system is: Windows - 10.0.22631 - AMD64
      The host system is: Windows - 10.0.22631 - AMD64
  -
    kind: "message-v1"
    backtrace:
      - "C:/Program Files/CMake/share/cmake-3.27/Modules/CMakeDetermineCompilerId.cmake:17 (message)"
      - "C:/Program Files/CMake/share/cmake-3.27/Modules/CMakeDetermineCompilerId.cmake:64 (__determine_compiler_id_test)"
      - "C:/Program Files/CMake/share/cmake-3.27/Modules/CMakeDetermineCCompiler.cmake:123 (CMAKE_DETERMINE_COMPILER_ID)"
      - "CMakeLists.txt:7 (project)"
    message: |
      Compiling the C compiler identification source file "CMakeCCompilerId.c" succeeded.
      Compiler: C:/Program Files/Microsoft Visual Studio/2022/Community/VC/Tools/MSVC/14.40.33807/bin/Hostx64/x64/cl.exe 
      Build flags: /nologo;/DWIN32;/D_WINDOWS;/W3;/utf-8;/MP
      Id flags:  
      
      The output was:
      0
      CMakeCCompilerId.c
      
      
      Compilation of the C compiler identification source "CMakeCCompilerId.c" produced "CMakeCCompilerId.exe"
      
      Compilation of the C compiler identification source "CMakeCCompilerId.c" produced "CMakeCCompilerId.obj"
      
      The C compiler identification is MSVC, found in:
        C:/Users/meloy/source/repos/TestPureCodeEquation/TestPureCodeEquation/vcpkg_installed/vcpkg/blds/fftw3/x64-windows-rel/CMakeFiles/3.27.5/CompilerIdC/CMakeCCompilerId.exe
      
  -
    kind: "message-v1"
    backtrace:
      - "C:/Program Files/CMake/share/cmake-3.27/Modules/CMakeDetermineCompilerId.cmake:1155 (message)"
      - "C:/Program Files/CMake/share/cmake-3.27/Modules/CMakeDetermineCompilerId.cmake:221 (CMAKE_DETERMINE_MSVC_SHOWINCLUDES_PREFIX)"
      - "C:/Program Files/CMake/share/cmake-3.27/Modules/CMakeDetermineCCompiler.cmake:123 (CMAKE_DETERMINE_COMPILER_ID)"
      - "CMakeLists.txt:7 (project)"
    message: |
      Detecting C compiler /showIncludes prefix:
        main.c
        Note: including file: C:\\Users\\meloy\\source\\repos\\TestPureCodeEquation\\TestPureCodeEquation\\vcpkg_installed\\vcpkg\\blds\\fftw3\\x64-windows-rel\\CMakeFiles\\ShowIncludes\\foo.h
        
      Found prefix "Note: including file: "
  -
    kind: "message-v1"
    backtrace:
      - "C:/Program Files/CMake/share/cmake-3.27/Modules/CMakeDetermineCompilerId.cmake:17 (message)"
      - "C:/Program Files/CMake/share/cmake-3.27/Modules/CMakeDetermineCompilerId.cmake:64 (__determine_compiler_id_test)"
      - "C:/Program Files/CMake/share/cmake-3.27/Modules/CMakeDetermineCXXCompiler.cmake:126 (CMAKE_DETERMINE_COMPILER_ID)"
      - "CMakeLists.txt:7 (project)"
    message: |
      Compiling the CXX compiler identification source file "CMakeCXXCompilerId.cpp" succeeded.
      Compiler: C:/Program Files/Microsoft Visual Studio/2022/Community/VC/Tools/MSVC/14.40.33807/bin/Hostx64/x64/cl.exe 
      Build flags: /nologo;/DWIN32;/D_WINDOWS;/W3;/utf-8;/GR;/EHsc;/MP
      Id flags:  
      
      The output was:
      0
      CMakeCXXCompilerId.cpp
      
      
      Compilation of the CXX compiler identification source "CMakeCXXCompilerId.cpp" produced "CMakeCXXCompilerId.exe"
      
      Compilation of the CXX compiler identification source "CMakeCXXCompilerId.cpp" produced "CMakeCXXCompilerId.obj"
      
      The CXX compiler identification is MSVC, found in:
        C:/Users/meloy/source/repos/TestPureCodeEquation/TestPureCodeEquation/vcpkg_installed/vcpkg/blds/fftw3/x64-windows-rel/CMakeFiles/3.27.5/CompilerIdCXX/CMakeCXXCompilerId.exe
      
  -
    kind: "message-v1"
    backtrace:
      - "C:/Program Files/CMake/share/cmake-3.27/Modules/CMakeDetermineCompilerId.cmake:1155 (message)"
      - "C:/Program Files/CMake/share/cmake-3.27/Modules/CMakeDetermineCompilerId.cmake:221 (CMAKE_DETERMINE_MSVC_SHOWINCLUDES_PREFIX)"
      - "C:/Program Files/CMake/share/cmake-3.27/Modules/CMakeDetermineCXXCompiler.cmake:126 (CMAKE_DETERMINE_COMPILER_ID)"
      - "CMakeLists.txt:7 (project)"
    message: |
      Detecting CXX compiler /showIncludes prefix:
        main.c
        Note: including file: C:\\Users\\meloy\\source\\repos\\TestPureCodeEquation\\TestPureCodeEquation\\vcpkg_installed\\vcpkg\\blds\\fftw3\\x64-windows-rel\\CMakeFiles\\ShowIncludes\\foo.h
        
      Found prefix "Note: including file: "
  -
    kind: "try_compile-v1"
    backtrace:
      - "C:/Program Files/CMake/share/cmake-3.27/Modules/CMakeDetermineCompilerABI.cmake:57 (try_compile)"
      - "C:/Program Files/CMake/share/cmake-3.27/Modules/CMakeTestCCompiler.cmake:26 (CMAKE_DETERMINE_COMPILER_ABI)"
      - "CMakeLists.txt:7 (project)"
    checks:
      - "Detecting C compiler ABI info"
    directories:
      source: "C:/Users/meloy/source/repos/TestPureCodeEquation/TestPureCodeEquation/vcpkg_installed/vcpkg/blds/fftw3/x64-windows-rel/CMakeFiles/CMakeScratch/TryCompile-utq8q4"
      binary: "C:/Users/meloy/source/repos/TestPureCodeEquation/TestPureCodeEquation/vcpkg_installed/vcpkg/blds/fftw3/x64-windows-rel/CMakeFiles/CMakeScratch/TryCompile-utq8q4"
    cmakeVariables:
      CMAKE_C_FLAGS: " /nologo /DWIN32 /D_WINDOWS /W3 /utf-8 /MP "
      CMAKE_MSVC_DEBUG_INFORMATION_FORMAT: ""
      CMAKE_MSVC_RUNTIME_LIBRARY: "MultiThreaded$<$<CONFIG:Debug>:Debug>$<$<STREQUAL:dynamic,dynamic>:DLL>"
      VCPKG_APPLOCAL_DEPS: "OFF"
      VCPKG_CHAINLOAD_TOOLCHAIN_FILE: "C:/Program Files/Microsoft Visual Studio/2022/Community/VC/vcpkg/scripts/toolchains/windows.cmake"
      VCPKG_TARGET_ARCHITECTURE: "x64"
      VCPKG_TARGET_TRIPLET: "x64-windows"
      Z_VCPKG_ROOT_DIR: "C:/Program Files/Microsoft Visual Studio/2022/Community/VC/vcpkg"
    buildResult:
      variable: "CMAKE_C_ABI_COMPILED"
      cached: true
      stdout: |
        Change Dir: 'C:/Users/meloy/source/repos/TestPureCodeEquation/TestPureCodeEquation/vcpkg_installed/vcpkg/blds/fftw3/x64-windows-rel/CMakeFiles/CMakeScratch/TryCompile-utq8q4'
        
        Run Build Command(s): "C:/Program Files/Microsoft Visual Studio/2022/Community/Common7/IDE/CommonExtensions/Microsoft/CMake/Ninja/ninja.exe" -v cmTC_9bf09
        [1/2] C:\\PROGRA~1\\MICROS~3\\2022\\Community\\VC\\Tools\\MSVC\\14.40.33807\\bin\\Hostx64\\x64\\cl.exe  /nologo   /nologo /DWIN32 /D_WINDOWS /W3 /utf-8 /MP   /MDd /Zi /Ob0 /Od /RTC1 /showIncludes /FoCMakeFiles\\cmTC_9bf09.dir\\CMakeCCompilerABI.c.obj /FdCMakeFiles\\cmTC_9bf09.dir\\ /FS -c "C:\\Program Files\\CMake\\share\\cmake-3.27\\Modules\\CMakeCCompilerABI.c"
        [2/2] cmd.exe /C "cd . && "C:\\Program Files\\CMake\\bin\\cmake.exe" -E vs_link_exe --intdir=CMakeFiles\\cmTC_9bf09.dir --rc=C:\\PROGRA~2\\WI3CF2~1\\10\\bin\\10.0.22621.0\\x64\\rc.exe --mt=C:\\PROGRA~2\\WI3CF2~1\\10\\bin\\10.0.22621.0\\x64\\mt.exe --manifests  -- C:\\PROGRA~1\\MICROS~3\\2022\\Community\\VC\\Tools\\MSVC\\14.40.33807\\bin\\Hostx64\\x64\\link.exe /nologo CMakeFiles\\cmTC_9bf09.dir\\CMakeCCompilerABI.c.obj  /out:cmTC_9bf09.exe /implib:cmTC_9bf09.lib /pdb:cmTC_9bf09.pdb /version:0.0 /machine:x64  /debug /INCREMENTAL /subsystem:console  kernel32.lib user32.lib gdi32.lib winspool.lib shell32.lib ole32.lib oleaut32.lib uuid.lib comdlg32.lib advapi32.lib && cd ."
        
      exitCode: 0
  -
    kind: "try_compile-v1"
    backtrace:
      - "C:/Program Files/CMake/share/cmake-3.27/Modules/CMakeDetermineCompilerABI.cmake:57 (try_compile)"
      - "C:/Program Files/CMake/share/cmake-3.27/Modules/CMakeTestCXXCompiler.cmake:26 (CMAKE_DETERMINE_COMPILER_ABI)"
      - "CMakeLists.txt:7 (project)"
    checks:
      - "Detecting CXX compiler ABI info"
    directories:
      source: "C:/Users/meloy/source/repos/TestPureCodeEquation/TestPureCodeEquation/vcpkg_installed/vcpkg/blds/fftw3/x64-windows-rel/CMakeFiles/CMakeScratch/TryCompile-pqi5iq"
      binary: "C:/Users/meloy/source/repos/TestPureCodeEquation/TestPureCodeEquation/vcpkg_installed/vcpkg/blds/fftw3/x64-windows-rel/CMakeFiles/CMakeScratch/TryCompile-pqi5iq"
    cmakeVariables:
      CMAKE_CXX_FLAGS: " /nologo /DWIN32 /D_WINDOWS /W3 /utf-8 /GR /EHsc /MP "
      CMAKE_MSVC_DEBUG_INFORMATION_FORMAT: ""
      CMAKE_MSVC_RUNTIME_LIBRARY: "MultiThreaded$<$<CONFIG:Debug>:Debug>$<$<STREQUAL:dynamic,dynamic>:DLL>"
      VCPKG_APPLOCAL_DEPS: "OFF"
      VCPKG_CHAINLOAD_TOOLCHAIN_FILE: "C:/Program Files/Microsoft Visual Studio/2022/Community/VC/vcpkg/scripts/toolchains/windows.cmake"
      VCPKG_TARGET_ARCHITECTURE: "x64"
      VCPKG_TARGET_TRIPLET: "x64-windows"
      Z_VCPKG_ROOT_DIR: "C:/Program Files/Microsoft Visual Studio/2022/Community/VC/vcpkg"
    buildResult:
      variable: "CMAKE_CXX_ABI_COMPILED"
      cached: true
      stdout: |
        Change Dir: 'C:/Users/meloy/source/repos/TestPureCodeEquation/TestPureCodeEquation/vcpkg_installed/vcpkg/blds/fftw3/x64-windows-rel/CMakeFiles/CMakeScratch/TryCompile-pqi5iq'
        
        Run Build Command(s): "C:/Program Files/Microsoft Visual Studio/2022/Community/Common7/IDE/CommonExtensions/Microsoft/CMake/Ninja/ninja.exe" -v cmTC_c7cc2
        [1/2] C:\\PROGRA~1\\MICROS~3\\2022\\Community\\VC\\Tools\\MSVC\\14.40.33807\\bin\\Hostx64\\x64\\cl.exe  /nologo /TP   /nologo /DWIN32 /D_WINDOWS /W3 /utf-8 /GR /EHsc /MP   /MDd /Zi /Ob0 /Od /RTC1 /showIncludes /FoCMakeFiles\\cmTC_c7cc2.dir\\CMakeCXXCompilerABI.cpp.obj /FdCMakeFiles\\cmTC_c7cc2.dir\\ /FS -c "C:\\Program Files\\CMake\\share\\cmake-3.27\\Modules\\CMakeCXXCompilerABI.cpp"
        [2/2] cmd.exe /C "cd . && "C:\\Program Files\\CMake\\bin\\cmake.exe" -E vs_link_exe --intdir=CMakeFiles\\cmTC_c7cc2.dir --rc=C:\\PROGRA~2\\WI3CF2~1\\10\\bin\\10.0.22621.0\\x64\\rc.exe --mt=C:\\PROGRA~2\\WI3CF2~1\\10\\bin\\10.0.22621.0\\x64\\mt.exe --manifests  -- C:\\PROGRA~1\\MICROS~3\\2022\\Community\\VC\\Tools\\MSVC\\14.40.33807\\bin\\Hostx64\\x64\\link.exe /nologo CMakeFiles\\cmTC_c7cc2.dir\\CMakeCXXCompilerABI.cpp.obj  /out:cmTC_c7cc2.exe /implib:cmTC_c7cc2.lib /pdb:cmTC_c7cc2.pdb /version:0.0 /machine:x64  /debug /INCREMENTAL /subsystem:console  kernel32.lib user32.lib gdi32.lib winspool.lib shell32.lib ole32.lib oleaut32.lib uuid.lib comdlg32.lib advapi32.lib && cd ."
        
      exitCode: 0
  -
    kind: "try_compile-v1"
    backtrace:
      - "C:/Program Files/CMake/share/cmake-3.27/Modules/CheckIncludeFile.cmake:90 (try_compile)"
      - "CMakeLists.txt:35 (check_include_file)"
    checks:
      - "Looking for alloca.h"
    directories:
      source: "C:/Users/meloy/source/repos/TestPureCodeEquation/TestPureCodeEquation/vcpkg_installed/vcpkg/blds/fftw3/x64-windows-rel/CMakeFiles/CMakeScratch/TryCompile-frosb3"
      binary: "C:/Users/meloy/source/repos/TestPureCodeEquation/TestPureCodeEquation/vcpkg_installed/vcpkg/blds/fftw3/x64-windows-rel/CMakeFiles/CMakeScratch/TryCompile-frosb3"
    cmakeVariables:
      CMAKE_C_FLAGS: " /nologo /DWIN32 /D_WINDOWS /W3 /utf-8 /MP "
      CMAKE_MSVC_DEBUG_INFORMATION_FORMAT: ""
      CMAKE_MSVC_RUNTIME_LIBRARY: "MultiThreaded$<$<CONFIG:Debug>:Debug>$<$<STREQUAL:dynamic,dynamic>:DLL>"
      VCPKG_APPLOCAL_DEPS: "OFF"
      VCPKG_CHAINLOAD_TOOLCHAIN_FILE: "C:/Program Files/Microsoft Visual Studio/2022/Community/VC/vcpkg/scripts/toolchains/windows.cmake"
      VCPKG_TARGET_ARCHITECTURE: "x64"
      VCPKG_TARGET_TRIPLET: "x64-windows"
      Z_VCPKG_ROOT_DIR: "C:/Program Files/Microsoft Visual Studio/2022/Community/VC/vcpkg"
    buildResult:
      variable: "HAVE_ALLOCA_H"
      cached: true
      stdout: |
        Change Dir: 'C:/Users/meloy/source/repos/TestPureCodeEquation/TestPureCodeEquation/vcpkg_installed/vcpkg/blds/fftw3/x64-windows-rel/CMakeFiles/CMakeScratch/TryCompile-frosb3'
        
        Run Build Command(s): "C:/Program Files/Microsoft Visual Studio/2022/Community/Common7/IDE/CommonExtensions/Microsoft/CMake/Ninja/ninja.exe" -v cmTC_93bfc
        [1/2] C:\\PROGRA~1\\MICROS~3\\2022\\Community\\VC\\Tools\\MSVC\\14.40.33807\\bin\\Hostx64\\x64\\cl.exe  /nologo   /nologo /DWIN32 /D_WINDOWS /W3 /utf-8 /MP   /MDd /Zi /Ob0 /Od /RTC1 /showIncludes /FoCMakeFiles\\cmTC_93bfc.dir\\CheckIncludeFile.c.obj /FdCMakeFiles\\cmTC_93bfc.dir\\ /FS -c C:\\Users\\meloy\\source\\repos\\TestPureCodeEquation\\TestPureCodeEquation\\vcpkg_installed\\vcpkg\\blds\\fftw3\\x64-windows-rel\\CMakeFiles\\CMakeScratch\\TryCompile-frosb3\\CheckIncludeFile.c
        FAILED: CMakeFiles/cmTC_93bfc.dir/CheckIncludeFile.c.obj 
        C:\\PROGRA~1\\MICROS~3\\2022\\Community\\VC\\Tools\\MSVC\\14.40.33807\\bin\\Hostx64\\x64\\cl.exe  /nologo   /nologo /DWIN32 /D_WINDOWS /W3 /utf-8 /MP   /MDd /Zi /Ob0 /Od /RTC1 /showIncludes /FoCMakeFiles\\cmTC_93bfc.dir\\CheckIncludeFile.c.obj /FdCMakeFiles\\cmTC_93bfc.dir\\ /FS -c C:\\Users\\meloy\\source\\repos\\TestPureCodeEquation\\TestPureCodeEquation\\vcpkg_installed\\vcpkg\\blds\\fftw3\\x64-windows-rel\\CMakeFiles\\CMakeScratch\\TryCompile-frosb3\\CheckIncludeFile.c
        C:\\Users\\meloy\\source\\repos\\TestPureCodeEquation\\TestPureCodeEquation\\vcpkg_installed\\vcpkg\\blds\\fftw3\\x64-windows-rel\\CMakeFiles\\CMakeScratch\\TryCompile-frosb3\\CheckIncludeFile.c(1): fatal error C1083: Cannot open include file: 'alloca.h': No such file or directory
        ninja: build stopped: subcommand failed.
        
      exitCode: 1
  -
    kind: "try_compile-v1"
    backtrace:
      - "C:/Program Files/CMake/share/cmake-3.27/Modules/CheckIncludeFile.cmake:90 (try_compile)"
      - "CMakeLists.txt:36 (check_include_file)"
    checks:
      - "Looking for altivec.h"
    directories:
      source: "C:/Users/meloy/source/repos/TestPureCodeEquation/TestPureCodeEquation/vcpkg_installed/vcpkg/blds/fftw3/x64-windows-rel/CMakeFiles/CMakeScratch/TryCompile-lbkez1"
      binary: "C:/Users/meloy/source/repos/TestPureCodeEquation/TestPureCodeEquation/vcpkg_installed/vcpkg/blds/fftw3/x64-windows-rel/CMakeFiles/CMakeScratch/TryCompile-lbkez1"
    cmakeVariables:
      CMAKE_C_FLAGS: " /nologo /DWIN32 /D_WINDOWS /W3 /utf-8 /MP "
      CMAKE_MSVC_DEBUG_INFORMATION_FORMAT: ""
      CMAKE_MSVC_RUNTIME_LIBRARY: "MultiThreaded$<$<CONFIG:Debug>:Debug>$<$<STREQUAL:dynamic,dynamic>:DLL>"
      VCPKG_APPLOCAL_DEPS: "OFF"
      VCPKG_CHAINLOAD_TOOLCHAIN_FILE: "C:/Program Files/Microsoft Visual Studio/2022/Community/VC/vcpkg/scripts/toolchains/windows.cmake"
      VCPKG_TARGET_ARCHITECTURE: "x64"
      VCPKG_TARGET_TRIPLET: "x64-windows"
      Z_VCPKG_ROOT_DIR: "C:/Program Files/Microsoft Visual Studio/2022/Community/VC/vcpkg"
    buildResult:
      variable: "HAVE_ALTIVEC_H"
      cached: true
      stdout: |
        Change Dir: 'C:/Users/meloy/source/repos/TestPureCodeEquation/TestPureCodeEquation/vcpkg_installed/vcpkg/blds/fftw3/x64-windows-rel/CMakeFiles/CMakeScratch/TryCompile-lbkez1'
        
        Run Build Command(s): "C:/Program Files/Microsoft Visual Studio/2022/Community/Common7/IDE/CommonExtensions/Microsoft/CMake/Ninja/ninja.exe" -v cmTC_ac154
        [1/2] C:\\PROGRA~1\\MICROS~3\\2022\\Community\\VC\\Tools\\MSVC\\14.40.33807\\bin\\Hostx64\\x64\\cl.exe  /nologo   /nologo /DWIN32 /D_WINDOWS /W3 /utf-8 /MP   /MDd /Zi /Ob0 /Od /RTC1 /showIncludes /FoCMakeFiles\\cmTC_ac154.dir\\CheckIncludeFile.c.obj /FdCMakeFiles\\cmTC_ac154.dir\\ /FS -c C:\\Users\\meloy\\source\\repos\\TestPureCodeEquation\\TestPureCodeEquation\\vcpkg_installed\\vcpkg\\blds\\fftw3\\x64-windows-rel\\CMakeFiles\\CMakeScratch\\TryCompile-lbkez1\\CheckIncludeFile.c
        FAILED: CMakeFiles/cmTC_ac154.dir/CheckIncludeFile.c.obj 
        C:\\PROGRA~1\\MICROS~3\\2022\\Community\\VC\\Tools\\MSVC\\14.40.33807\\bin\\Hostx64\\x64\\cl.exe  /nologo   /nologo /DWIN32 /D_WINDOWS /W3 /utf-8 /MP   /MDd /Zi /Ob0 /Od /RTC1 /showIncludes /FoCMakeFiles\\cmTC_ac154.dir\\CheckIncludeFile.c.obj /FdCMakeFiles\\cmTC_ac154.dir\\ /FS -c C:\\Users\\meloy\\source\\repos\\TestPureCodeEquation\\TestPureCodeEquation\\vcpkg_installed\\vcpkg\\blds\\fftw3\\x64-windows-rel\\CMakeFiles\\CMakeScratch\\TryCompile-lbkez1\\CheckIncludeFile.c
        C:\\Users\\meloy\\source\\repos\\TestPureCodeEquation\\TestPureCodeEquation\\vcpkg_installed\\vcpkg\\blds\\fftw3\\x64-windows-rel\\CMakeFiles\\CMakeScratch\\TryCompile-lbkez1\\CheckIncludeFile.c(1): fatal error C1083: Cannot open include file: 'altivec.h': No such file or directory
        ninja: build stopped: subcommand failed.
        
      exitCode: 1
  -
    kind: "try_compile-v1"
    backtrace:
      - "C:/Program Files/CMake/share/cmake-3.27/Modules/CheckIncludeFile.cmake:90 (try_compile)"
      - "CMakeLists.txt:37 (check_include_file)"
    checks:
      - "Looking for c_asm.h"
    directories:
      source: "C:/Users/meloy/source/repos/TestPureCodeEquation/TestPureCodeEquation/vcpkg_installed/vcpkg/blds/fftw3/x64-windows-rel/CMakeFiles/CMakeScratch/TryCompile-lcsxgk"
      binary: "C:/Users/meloy/source/repos/TestPureCodeEquation/TestPureCodeEquation/vcpkg_installed/vcpkg/blds/fftw3/x64-windows-rel/CMakeFiles/CMakeScratch/TryCompile-lcsxgk"
    cmakeVariables:
      CMAKE_C_FLAGS: " /nologo /DWIN32 /D_WINDOWS /W3 /utf-8 /MP "
      CMAKE_MSVC_DEBUG_INFORMATION_FORMAT: ""
      CMAKE_MSVC_RUNTIME_LIBRARY: "MultiThreaded$<$<CONFIG:Debug>:Debug>$<$<STREQUAL:dynamic,dynamic>:DLL>"
      VCPKG_APPLOCAL_DEPS: "OFF"
      VCPKG_CHAINLOAD_TOOLCHAIN_FILE: "C:/Program Files/Microsoft Visual Studio/2022/Community/VC/vcpkg/scripts/toolchains/windows.cmake"
      VCPKG_TARGET_ARCHITECTURE: "x64"
      VCPKG_TARGET_TRIPLET: "x64-windows"
      Z_VCPKG_ROOT_DIR: "C:/Program Files/Microsoft Visual Studio/2022/Community/VC/vcpkg"
    buildResult:
      variable: "HAVE_C_ASM_H"
      cached: true
      stdout: |
        Change Dir: 'C:/Users/meloy/source/repos/TestPureCodeEquation/TestPureCodeEquation/vcpkg_installed/vcpkg/blds/fftw3/x64-windows-rel/CMakeFiles/CMakeScratch/TryCompile-lcsxgk'
        
        Run Build Command(s): "C:/Program Files/Microsoft Visual Studio/2022/Community/Common7/IDE/CommonExtensions/Microsoft/CMake/Ninja/ninja.exe" -v cmTC_a6933
        [1/2] C:\\PROGRA~1\\MICROS~3\\2022\\Community\\VC\\Tools\\MSVC\\14.40.33807\\bin\\Hostx64\\x64\\cl.exe  /nologo   /nologo /DWIN32 /D_WINDOWS /W3 /utf-8 /MP   /MDd /Zi /Ob0 /Od /RTC1 /showIncludes /FoCMakeFiles\\cmTC_a6933.dir\\CheckIncludeFile.c.obj /FdCMakeFiles\\cmTC_a6933.dir\\ /FS -c C:\\Users\\meloy\\source\\repos\\TestPureCodeEquation\\TestPureCodeEquation\\vcpkg_installed\\vcpkg\\blds\\fftw3\\x64-windows-rel\\CMakeFiles\\CMakeScratch\\TryCompile-lcsxgk\\CheckIncludeFile.c
        FAILED: CMakeFiles/cmTC_a6933.dir/CheckIncludeFile.c.obj 
        C:\\PROGRA~1\\MICROS~3\\2022\\Community\\VC\\Tools\\MSVC\\14.40.33807\\bin\\Hostx64\\x64\\cl.exe  /nologo   /nologo /DWIN32 /D_WINDOWS /W3 /utf-8 /MP   /MDd /Zi /Ob0 /Od /RTC1 /showIncludes /FoCMakeFiles\\cmTC_a6933.dir\\CheckIncludeFile.c.obj /FdCMakeFiles\\cmTC_a6933.dir\\ /FS -c C:\\Users\\meloy\\source\\repos\\TestPureCodeEquation\\TestPureCodeEquation\\vcpkg_installed\\vcpkg\\blds\\fftw3\\x64-windows-rel\\CMakeFiles\\CMakeScratch\\TryCompile-lcsxgk\\CheckIncludeFile.c
        C:\\Users\\meloy\\source\\repos\\TestPureCodeEquation\\TestPureCodeEquation\\vcpkg_installed\\vcpkg\\blds\\fftw3\\x64-windows-rel\\CMakeFiles\\CMakeScratch\\TryCompile-lcsxgk\\CheckIncludeFile.c(1): fatal error C1083: Cannot open include file: 'c_asm.h': No such file or directory
        ninja: build stopped: subcommand failed.
        
      exitCode: 1
  -
    kind: "try_compile-v1"
    backtrace:
      - "C:/Program Files/CMake/share/cmake-3.27/Modules/CheckIncludeFile.cmake:90 (try_compile)"
      - "CMakeLists.txt:38 (check_include_file)"
    checks:
      - "Looking for dlfcn.h"
    directories:
      source: "C:/Users/meloy/source/repos/TestPureCodeEquation/TestPureCodeEquation/vcpkg_installed/vcpkg/blds/fftw3/x64-windows-rel/CMakeFiles/CMakeScratch/TryCompile-ec9hed"
      binary: "C:/Users/meloy/source/repos/TestPureCodeEquation/TestPureCodeEquation/vcpkg_installed/vcpkg/blds/fftw3/x64-windows-rel/CMakeFiles/CMakeScratch/TryCompile-ec9hed"
    cmakeVariables:
      CMAKE_C_FLAGS: " /nologo /DWIN32 /D_WINDOWS /W3 /utf-8 /MP "
      CMAKE_MSVC_DEBUG_INFORMATION_FORMAT: ""
      CMAKE_MSVC_RUNTIME_LIBRARY: "MultiThreaded$<$<CONFIG:Debug>:Debug>$<$<STREQUAL:dynamic,dynamic>:DLL>"
      VCPKG_APPLOCAL_DEPS: "OFF"
      VCPKG_CHAINLOAD_TOOLCHAIN_FILE: "C:/Program Files/Microsoft Visual Studio/2022/Community/VC/vcpkg/scripts/toolchains/windows.cmake"
      VCPKG_TARGET_ARCHITECTURE: "x64"
      VCPKG_TARGET_TRIPLET: "x64-windows"
      Z_VCPKG_ROOT_DIR: "C:/Program Files/Microsoft Visual Studio/2022/Community/VC/vcpkg"
    buildResult:
      variable: "HAVE_DLFCN_H"
      cached: true
      stdout: |
        Change Dir: 'C:/Users/meloy/source/repos/TestPureCodeEquation/TestPureCodeEquation/vcpkg_installed/vcpkg/blds/fftw3/x64-windows-rel/CMakeFiles/CMakeScratch/TryCompile-ec9hed'
        
        Run Build Command(s): "C:/Program Files/Microsoft Visual Studio/2022/Community/Common7/IDE/CommonExtensions/Microsoft/CMake/Ninja/ninja.exe" -v cmTC_a87a4
        [1/2] C:\\PROGRA~1\\MICROS~3\\2022\\Community\\VC\\Tools\\MSVC\\14.40.33807\\bin\\Hostx64\\x64\\cl.exe  /nologo   /nologo /DWIN32 /D_WINDOWS /W3 /utf-8 /MP   /MDd /Zi /Ob0 /Od /RTC1 /showIncludes /FoCMakeFiles\\cmTC_a87a4.dir\\CheckIncludeFile.c.obj /FdCMakeFiles\\cmTC_a87a4.dir\\ /FS -c C:\\Users\\meloy\\source\\repos\\TestPureCodeEquation\\TestPureCodeEquation\\vcpkg_installed\\vcpkg\\blds\\fftw3\\x64-windows-rel\\CMakeFiles\\CMakeScratch\\TryCompile-ec9hed\\CheckIncludeFile.c
        FAILED: CMakeFiles/cmTC_a87a4.dir/CheckIncludeFile.c.obj 
        C:\\PROGRA~1\\MICROS~3\\2022\\Community\\VC\\Tools\\MSVC\\14.40.33807\\bin\\Hostx64\\x64\\cl.exe  /nologo   /nologo /DWIN32 /D_WINDOWS /W3 /utf-8 /MP   /MDd /Zi /Ob0 /Od /RTC1 /showIncludes /FoCMakeFiles\\cmTC_a87a4.dir\\CheckIncludeFile.c.obj /FdCMakeFiles\\cmTC_a87a4.dir\\ /FS -c C:\\Users\\meloy\\source\\repos\\TestPureCodeEquation\\TestPureCodeEquation\\vcpkg_installed\\vcpkg\\blds\\fftw3\\x64-windows-rel\\CMakeFiles\\CMakeScratch\\TryCompile-ec9hed\\CheckIncludeFile.c
        C:\\Users\\meloy\\source\\repos\\TestPureCodeEquation\\TestPureCodeEquation\\vcpkg_installed\\vcpkg\\blds\\fftw3\\x64-windows-rel\\CMakeFiles\\CMakeScratch\\TryCompile-ec9hed\\CheckIncludeFile.c(1): fatal error C1083: Cannot open include file: 'dlfcn.h': No such file or directory
        ninja: build stopped: subcommand failed.
        
      exitCode: 1
  -
    kind: "try_compile-v1"
    backtrace:
      - "C:/Program Files/CMake/share/cmake-3.27/Modules/CheckIncludeFile.cmake:90 (try_compile)"
      - "CMakeLists.txt:39 (check_include_file)"
    checks:
      - "Looking for intrinsics.h"
    directories:
      source: "C:/Users/meloy/source/repos/TestPureCodeEquation/TestPureCodeEquation/vcpkg_installed/vcpkg/blds/fftw3/x64-windows-rel/CMakeFiles/CMakeScratch/TryCompile-gkhwbg"
      binary: "C:/Users/meloy/source/repos/TestPureCodeEquation/TestPureCodeEquation/vcpkg_installed/vcpkg/blds/fftw3/x64-windows-rel/CMakeFiles/CMakeScratch/TryCompile-gkhwbg"
    cmakeVariables:
      CMAKE_C_FLAGS: " /nologo /DWIN32 /D_WINDOWS /W3 /utf-8 /MP "
      CMAKE_MSVC_DEBUG_INFORMATION_FORMAT: ""
      CMAKE_MSVC_RUNTIME_LIBRARY: "MultiThreaded$<$<CONFIG:Debug>:Debug>$<$<STREQUAL:dynamic,dynamic>:DLL>"
      VCPKG_APPLOCAL_DEPS: "OFF"
      VCPKG_CHAINLOAD_TOOLCHAIN_FILE: "C:/Program Files/Microsoft Visual Studio/2022/Community/VC/vcpkg/scripts/toolchains/windows.cmake"
      VCPKG_TARGET_ARCHITECTURE: "x64"
      VCPKG_TARGET_TRIPLET: "x64-windows"
      Z_VCPKG_ROOT_DIR: "C:/Program Files/Microsoft Visual Studio/2022/Community/VC/vcpkg"
    buildResult:
      variable: "HAVE_INTRINSICS_H"
      cached: true
      stdout: |
        Change Dir: 'C:/Users/meloy/source/repos/TestPureCodeEquation/TestPureCodeEquation/vcpkg_installed/vcpkg/blds/fftw3/x64-windows-rel/CMakeFiles/CMakeScratch/TryCompile-gkhwbg'
        
        Run Build Command(s): "C:/Program Files/Microsoft Visual Studio/2022/Community/Common7/IDE/CommonExtensions/Microsoft/CMake/Ninja/ninja.exe" -v cmTC_a6629
        [1/2] C:\\PROGRA~1\\MICROS~3\\2022\\Community\\VC\\Tools\\MSVC\\14.40.33807\\bin\\Hostx64\\x64\\cl.exe  /nologo   /nologo /DWIN32 /D_WINDOWS /W3 /utf-8 /MP   /MDd /Zi /Ob0 /Od /RTC1 /showIncludes /FoCMakeFiles\\cmTC_a6629.dir\\CheckIncludeFile.c.obj /FdCMakeFiles\\cmTC_a6629.dir\\ /FS -c C:\\Users\\meloy\\source\\repos\\TestPureCodeEquation\\TestPureCodeEquation\\vcpkg_installed\\vcpkg\\blds\\fftw3\\x64-windows-rel\\CMakeFiles\\CMakeScratch\\TryCompile-gkhwbg\\CheckIncludeFile.c
        FAILED: CMakeFiles/cmTC_a6629.dir/CheckIncludeFile.c.obj 
        C:\\PROGRA~1\\MICROS~3\\2022\\Community\\VC\\Tools\\MSVC\\14.40.33807\\bin\\Hostx64\\x64\\cl.exe  /nologo   /nologo /DWIN32 /D_WINDOWS /W3 /utf-8 /MP   /MDd /Zi /Ob0 /Od /RTC1 /showIncludes /FoCMakeFiles\\cmTC_a6629.dir\\CheckIncludeFile.c.obj /FdCMakeFiles\\cmTC_a6629.dir\\ /FS -c C:\\Users\\meloy\\source\\repos\\TestPureCodeEquation\\TestPureCodeEquation\\vcpkg_installed\\vcpkg\\blds\\fftw3\\x64-windows-rel\\CMakeFiles\\CMakeScratch\\TryCompile-gkhwbg\\CheckIncludeFile.c
        C:\\Users\\meloy\\source\\repos\\TestPureCodeEquation\\TestPureCodeEquation\\vcpkg_installed\\vcpkg\\blds\\fftw3\\x64-windows-rel\\CMakeFiles\\CMakeScratch\\TryCompile-gkhwbg\\CheckIncludeFile.c(1): fatal error C1083: Cannot open include file: 'intrinsics.h': No such file or directory
        ninja: build stopped: subcommand failed.
        
      exitCode: 1
  -
    kind: "try_compile-v1"
    backtrace:
      - "C:/Program Files/CMake/share/cmake-3.27/Modules/CheckIncludeFile.cmake:90 (try_compile)"
      - "CMakeLists.txt:40 (check_include_file)"
    checks:
      - "Looking for inttypes.h"
    directories:
      source: "C:/Users/meloy/source/repos/TestPureCodeEquation/TestPureCodeEquation/vcpkg_installed/vcpkg/blds/fftw3/x64-windows-rel/CMakeFiles/CMakeScratch/TryCompile-12gj0f"
      binary: "C:/Users/meloy/source/repos/TestPureCodeEquation/TestPureCodeEquation/vcpkg_installed/vcpkg/blds/fftw3/x64-windows-rel/CMakeFiles/CMakeScratch/TryCompile-12gj0f"
    cmakeVariables:
      CMAKE_C_FLAGS: " /nologo /DWIN32 /D_WINDOWS /W3 /utf-8 /MP "
      CMAKE_MSVC_DEBUG_INFORMATION_FORMAT: ""
      CMAKE_MSVC_RUNTIME_LIBRARY: "MultiThreaded$<$<CONFIG:Debug>:Debug>$<$<STREQUAL:dynamic,dynamic>:DLL>"
      VCPKG_APPLOCAL_DEPS: "OFF"
      VCPKG_CHAINLOAD_TOOLCHAIN_FILE: "C:/Program Files/Microsoft Visual Studio/2022/Community/VC/vcpkg/scripts/toolchains/windows.cmake"
      VCPKG_TARGET_ARCHITECTURE: "x64"
      VCPKG_TARGET_TRIPLET: "x64-windows"
      Z_VCPKG_ROOT_DIR: "C:/Program Files/Microsoft Visual Studio/2022/Community/VC/vcpkg"
    buildResult:
      variable: "HAVE_INTTYPES_H"
      cached: true
      stdout: |
        Change Dir: 'C:/Users/meloy/source/repos/TestPureCodeEquation/TestPureCodeEquation/vcpkg_installed/vcpkg/blds/fftw3/x64-windows-rel/CMakeFiles/CMakeScratch/TryCompile-12gj0f'
        
        Run Build Command(s): "C:/Program Files/Microsoft Visual Studio/2022/Community/Common7/IDE/CommonExtensions/Microsoft/CMake/Ninja/ninja.exe" -v cmTC_eda96
        [1/2] C:\\PROGRA~1\\MICROS~3\\2022\\Community\\VC\\Tools\\MSVC\\14.40.33807\\bin\\Hostx64\\x64\\cl.exe  /nologo   /nologo /DWIN32 /D_WINDOWS /W3 /utf-8 /MP   /MDd /Zi /Ob0 /Od /RTC1 /showIncludes /FoCMakeFiles\\cmTC_eda96.dir\\CheckIncludeFile.c.obj /FdCMakeFiles\\cmTC_eda96.dir\\ /FS -c C:\\Users\\meloy\\source\\repos\\TestPureCodeEquation\\TestPureCodeEquation\\vcpkg_installed\\vcpkg\\blds\\fftw3\\x64-windows-rel\\CMakeFiles\\CMakeScratch\\TryCompile-12gj0f\\CheckIncludeFile.c
        [2/2] cmd.exe /C "cd . && "C:\\Program Files\\CMake\\bin\\cmake.exe" -E vs_link_exe --intdir=CMakeFiles\\cmTC_eda96.dir --rc=C:\\PROGRA~2\\WI3CF2~1\\10\\bin\\10.0.22621.0\\x64\\rc.exe --mt=C:\\PROGRA~2\\WI3CF2~1\\10\\bin\\10.0.22621.0\\x64\\mt.exe --manifests  -- C:\\PROGRA~1\\MICROS~3\\2022\\Community\\VC\\Tools\\MSVC\\14.40.33807\\bin\\Hostx64\\x64\\link.exe /nologo CMakeFiles\\cmTC_eda96.dir\\CheckIncludeFile.c.obj  /out:cmTC_eda96.exe /implib:cmTC_eda96.lib /pdb:cmTC_eda96.pdb /version:0.0 /machine:x64  /debug /INCREMENTAL /subsystem:console  kernel32.lib user32.lib gdi32.lib winspool.lib shell32.lib ole32.lib oleaut32.lib uuid.lib comdlg32.lib advapi32.lib && cd ."
        
      exitCode: 0
  -
    kind: "try_compile-v1"
    backtrace:
      - "C:/Program Files/CMake/share/cmake-3.27/Modules/CheckIncludeFile.cmake:90 (try_compile)"
      - "CMakeLists.txt:41 (check_include_file)"
    checks:
      - "Looking for libintl.h"
    directories:
      source: "C:/Users/meloy/source/repos/TestPureCodeEquation/TestPureCodeEquation/vcpkg_installed/vcpkg/blds/fftw3/x64-windows-rel/CMakeFiles/CMakeScratch/TryCompile-q59c5q"
      binary: "C:/Users/meloy/source/repos/TestPureCodeEquation/TestPureCodeEquation/vcpkg_installed/vcpkg/blds/fftw3/x64-windows-rel/CMakeFiles/CMakeScratch/TryCompile-q59c5q"
    cmakeVariables:
      CMAKE_C_FLAGS: " /nologo /DWIN32 /D_WINDOWS /W3 /utf-8 /MP "
      CMAKE_MSVC_DEBUG_INFORMATION_FORMAT: ""
      CMAKE_MSVC_RUNTIME_LIBRARY: "MultiThreaded$<$<CONFIG:Debug>:Debug>$<$<STREQUAL:dynamic,dynamic>:DLL>"
      VCPKG_APPLOCAL_DEPS: "OFF"
      VCPKG_CHAINLOAD_TOOLCHAIN_FILE: "C:/Program Files/Microsoft Visual Studio/2022/Community/VC/vcpkg/scripts/toolchains/windows.cmake"
      VCPKG_TARGET_ARCHITECTURE: "x64"
      VCPKG_TARGET_TRIPLET: "x64-windows"
      Z_VCPKG_ROOT_DIR: "C:/Program Files/Microsoft Visual Studio/2022/Community/VC/vcpkg"
    buildResult:
      variable: "HAVE_LIBINTL_H"
      cached: true
      stdout: |
        Change Dir: 'C:/Users/meloy/source/repos/TestPureCodeEquation/TestPureCodeEquation/vcpkg_installed/vcpkg/blds/fftw3/x64-windows-rel/CMakeFiles/CMakeScratch/TryCompile-q59c5q'
        
        Run Build Command(s): "C:/Program Files/Microsoft Visual Studio/2022/Community/Common7/IDE/CommonExtensions/Microsoft/CMake/Ninja/ninja.exe" -v cmTC_49682
        [1/2] C:\\PROGRA~1\\MICROS~3\\2022\\Community\\VC\\Tools\\MSVC\\14.40.33807\\bin\\Hostx64\\x64\\cl.exe  /nologo   /nologo /DWIN32 /D_WINDOWS /W3 /utf-8 /MP   /MDd /Zi /Ob0 /Od /RTC1 /showIncludes /FoCMakeFiles\\cmTC_49682.dir\\CheckIncludeFile.c.obj /FdCMakeFiles\\cmTC_49682.dir\\ /FS -c C:\\Users\\meloy\\source\\repos\\TestPureCodeEquation\\TestPureCodeEquation\\vcpkg_installed\\vcpkg\\blds\\fftw3\\x64-windows-rel\\CMakeFiles\\CMakeScratch\\TryCompile-q59c5q\\CheckIncludeFile.c
        FAILED: CMakeFiles/cmTC_49682.dir/CheckIncludeFile.c.obj 
        C:\\PROGRA~1\\MICROS~3\\2022\\Community\\VC\\Tools\\MSVC\\14.40.33807\\bin\\Hostx64\\x64\\cl.exe  /nologo   /nologo /DWIN32 /D_WINDOWS /W3 /utf-8 /MP   /MDd /Zi /Ob0 /Od /RTC1 /showIncludes /FoCMakeFiles\\cmTC_49682.dir\\CheckIncludeFile.c.obj /FdCMakeFiles\\cmTC_49682.dir\\ /FS -c C:\\Users\\meloy\\source\\repos\\TestPureCodeEquation\\TestPureCodeEquation\\vcpkg_installed\\vcpkg\\blds\\fftw3\\x64-windows-rel\\CMakeFiles\\CMakeScratch\\TryCompile-q59c5q\\CheckIncludeFile.c
        C:\\Users\\meloy\\source\\repos\\TestPureCodeEquation\\TestPureCodeEquation\\vcpkg_installed\\vcpkg\\blds\\fftw3\\x64-windows-rel\\CMakeFiles\\CMakeScratch\\TryCompile-q59c5q\\CheckIncludeFile.c(1): fatal error C1083: Cannot open include file: 'libintl.h': No such file or directory
        ninja: build stopped: subcommand failed.
        
      exitCode: 1
  -
    kind: "try_compile-v1"
    backtrace:
      - "C:/Program Files/CMake/share/cmake-3.27/Modules/CheckIncludeFile.cmake:90 (try_compile)"
      - "CMakeLists.txt:42 (check_include_file)"
    checks:
      - "Looking for limits.h"
    directories:
      source: "C:/Users/meloy/source/repos/TestPureCodeEquation/TestPureCodeEquation/vcpkg_installed/vcpkg/blds/fftw3/x64-windows-rel/CMakeFiles/CMakeScratch/TryCompile-bmo4nu"
      binary: "C:/Users/meloy/source/repos/TestPureCodeEquation/TestPureCodeEquation/vcpkg_installed/vcpkg/blds/fftw3/x64-windows-rel/CMakeFiles/CMakeScratch/TryCompile-bmo4nu"
    cmakeVariables:
      CMAKE_C_FLAGS: " /nologo /DWIN32 /D_WINDOWS /W3 /utf-8 /MP "
      CMAKE_MSVC_DEBUG_INFORMATION_FORMAT: ""
      CMAKE_MSVC_RUNTIME_LIBRARY: "MultiThreaded$<$<CONFIG:Debug>:Debug>$<$<STREQUAL:dynamic,dynamic>:DLL>"
      VCPKG_APPLOCAL_DEPS: "OFF"
      VCPKG_CHAINLOAD_TOOLCHAIN_FILE: "C:/Program Files/Microsoft Visual Studio/2022/Community/VC/vcpkg/scripts/toolchains/windows.cmake"
      VCPKG_TARGET_ARCHITECTURE: "x64"
      VCPKG_TARGET_TRIPLET: "x64-windows"
      Z_VCPKG_ROOT_DIR: "C:/Program Files/Microsoft Visual Studio/2022/Community/VC/vcpkg"
    buildResult:
      variable: "HAVE_LIMITS_H"
      cached: true
      stdout: |
        Change Dir: 'C:/Users/meloy/source/repos/TestPureCodeEquation/TestPureCodeEquation/vcpkg_installed/vcpkg/blds/fftw3/x64-windows-rel/CMakeFiles/CMakeScratch/TryCompile-bmo4nu'
        
        Run Build Command(s): "C:/Program Files/Microsoft Visual Studio/2022/Community/Common7/IDE/CommonExtensions/Microsoft/CMake/Ninja/ninja.exe" -v cmTC_5cf29
        [1/2] C:\\PROGRA~1\\MICROS~3\\2022\\Community\\VC\\Tools\\MSVC\\14.40.33807\\bin\\Hostx64\\x64\\cl.exe  /nologo   /nologo /DWIN32 /D_WINDOWS /W3 /utf-8 /MP   /MDd /Zi /Ob0 /Od /RTC1 /showIncludes /FoCMakeFiles\\cmTC_5cf29.dir\\CheckIncludeFile.c.obj /FdCMakeFiles\\cmTC_5cf29.dir\\ /FS -c C:\\Users\\meloy\\source\\repos\\TestPureCodeEquation\\TestPureCodeEquation\\vcpkg_installed\\vcpkg\\blds\\fftw3\\x64-windows-rel\\CMakeFiles\\CMakeScratch\\TryCompile-bmo4nu\\CheckIncludeFile.c
        [2/2] cmd.exe /C "cd . && "C:\\Program Files\\CMake\\bin\\cmake.exe" -E vs_link_exe --intdir=CMakeFiles\\cmTC_5cf29.dir --rc=C:\\PROGRA~2\\WI3CF2~1\\10\\bin\\10.0.22621.0\\x64\\rc.exe --mt=C:\\PROGRA~2\\WI3CF2~1\\10\\bin\\10.0.22621.0\\x64\\mt.exe --manifests  -- C:\\PROGRA~1\\MICROS~3\\2022\\Community\\VC\\Tools\\MSVC\\14.40.33807\\bin\\Hostx64\\x64\\link.exe /nologo CMakeFiles\\cmTC_5cf29.dir\\CheckIncludeFile.c.obj  /out:cmTC_5cf29.exe /implib:cmTC_5cf29.lib /pdb:cmTC_5cf29.pdb /version:0.0 /machine:x64  /debug /INCREMENTAL /subsystem:console  kernel32.lib user32.lib gdi32.lib winspool.lib shell32.lib ole32.lib oleaut32.lib uuid.lib comdlg32.lib advapi32.lib && cd ."
        
      exitCode: 0
  -
    kind: "try_compile-v1"
    backtrace:
      - "C:/Program Files/CMake/share/cmake-3.27/Modules/CheckIncludeFile.cmake:90 (try_compile)"
      - "CMakeLists.txt:43 (check_include_file)"
    checks:
      - "Looking for mach/mach_time.h"
    directories:
      source: "C:/Users/meloy/source/repos/TestPureCodeEquation/TestPureCodeEquation/vcpkg_installed/vcpkg/blds/fftw3/x64-windows-rel/CMakeFiles/CMakeScratch/TryCompile-15dmrk"
      binary: "C:/Users/meloy/source/repos/TestPureCodeEquation/TestPureCodeEquation/vcpkg_installed/vcpkg/blds/fftw3/x64-windows-rel/CMakeFiles/CMakeScratch/TryCompile-15dmrk"
    cmakeVariables:
      CMAKE_C_FLAGS: " /nologo /DWIN32 /D_WINDOWS /W3 /utf-8 /MP "
      CMAKE_MSVC_DEBUG_INFORMATION_FORMAT: ""
      CMAKE_MSVC_RUNTIME_LIBRARY: "MultiThreaded$<$<CONFIG:Debug>:Debug>$<$<STREQUAL:dynamic,dynamic>:DLL>"
      VCPKG_APPLOCAL_DEPS: "OFF"
      VCPKG_CHAINLOAD_TOOLCHAIN_FILE: "C:/Program Files/Microsoft Visual Studio/2022/Community/VC/vcpkg/scripts/toolchains/windows.cmake"
      VCPKG_TARGET_ARCHITECTURE: "x64"
      VCPKG_TARGET_TRIPLET: "x64-windows"
      Z_VCPKG_ROOT_DIR: "C:/Program Files/Microsoft Visual Studio/2022/Community/VC/vcpkg"
    buildResult:
      variable: "HAVE_MACH_MACH_TIME_H"
      cached: true
      stdout: |
        Change Dir: 'C:/Users/meloy/source/repos/TestPureCodeEquation/TestPureCodeEquation/vcpkg_installed/vcpkg/blds/fftw3/x64-windows-rel/CMakeFiles/CMakeScratch/TryCompile-15dmrk'
        
        Run Build Command(s): "C:/Program Files/Microsoft Visual Studio/2022/Community/Common7/IDE/CommonExtensions/Microsoft/CMake/Ninja/ninja.exe" -v cmTC_ce801
        [1/2] C:\\PROGRA~1\\MICROS~3\\2022\\Community\\VC\\Tools\\MSVC\\14.40.33807\\bin\\Hostx64\\x64\\cl.exe  /nologo   /nologo /DWIN32 /D_WINDOWS /W3 /utf-8 /MP   /MDd /Zi /Ob0 /Od /RTC1 /showIncludes /FoCMakeFiles\\cmTC_ce801.dir\\CheckIncludeFile.c.obj /FdCMakeFiles\\cmTC_ce801.dir\\ /FS -c C:\\Users\\meloy\\source\\repos\\TestPureCodeEquation\\TestPureCodeEquation\\vcpkg_installed\\vcpkg\\blds\\fftw3\\x64-windows-rel\\CMakeFiles\\CMakeScratch\\TryCompile-15dmrk\\CheckIncludeFile.c
        FAILED: CMakeFiles/cmTC_ce801.dir/CheckIncludeFile.c.obj 
        C:\\PROGRA~1\\MICROS~3\\2022\\Community\\VC\\Tools\\MSVC\\14.40.33807\\bin\\Hostx64\\x64\\cl.exe  /nologo   /nologo /DWIN32 /D_WINDOWS /W3 /utf-8 /MP   /MDd /Zi /Ob0 /Od /RTC1 /showIncludes /FoCMakeFiles\\cmTC_ce801.dir\\CheckIncludeFile.c.obj /FdCMakeFiles\\cmTC_ce801.dir\\ /FS -c C:\\Users\\meloy\\source\\repos\\TestPureCodeEquation\\TestPureCodeEquation\\vcpkg_installed\\vcpkg\\blds\\fftw3\\x64-windows-rel\\CMakeFiles\\CMakeScratch\\TryCompile-15dmrk\\CheckIncludeFile.c
        C:\\Users\\meloy\\source\\repos\\TestPureCodeEquation\\TestPureCodeEquation\\vcpkg_installed\\vcpkg\\blds\\fftw3\\x64-windows-rel\\CMakeFiles\\CMakeScratch\\TryCompile-15dmrk\\CheckIncludeFile.c(1): fatal error C1083: Cannot open include file: 'mach/mach_time.h': No such file or directory
        ninja: build stopped: subcommand failed.
        
      exitCode: 1
  -
    kind: "try_compile-v1"
    backtrace:
      - "C:/Program Files/CMake/share/cmake-3.27/Modules/CheckIncludeFile.cmake:90 (try_compile)"
      - "CMakeLists.txt:44 (check_include_file)"
    checks:
      - "Looking for malloc.h"
    directories:
      source: "C:/Users/meloy/source/repos/TestPureCodeEquation/TestPureCodeEquation/vcpkg_installed/vcpkg/blds/fftw3/x64-windows-rel/CMakeFiles/CMakeScratch/TryCompile-q78x98"
      binary: "C:/Users/meloy/source/repos/TestPureCodeEquation/TestPureCodeEquation/vcpkg_installed/vcpkg/blds/fftw3/x64-windows-rel/CMakeFiles/CMakeScratch/TryCompile-q78x98"
    cmakeVariables:
      CMAKE_C_FLAGS: " /nologo /DWIN32 /D_WINDOWS /W3 /utf-8 /MP "
      CMAKE_MSVC_DEBUG_INFORMATION_FORMAT: ""
      CMAKE_MSVC_RUNTIME_LIBRARY: "MultiThreaded$<$<CONFIG:Debug>:Debug>$<$<STREQUAL:dynamic,dynamic>:DLL>"
      VCPKG_APPLOCAL_DEPS: "OFF"
      VCPKG_CHAINLOAD_TOOLCHAIN_FILE: "C:/Program Files/Microsoft Visual Studio/2022/Community/VC/vcpkg/scripts/toolchains/windows.cmake"
      VCPKG_TARGET_ARCHITECTURE: "x64"
      VCPKG_TARGET_TRIPLET: "x64-windows"
      Z_VCPKG_ROOT_DIR: "C:/Program Files/Microsoft Visual Studio/2022/Community/VC/vcpkg"
    buildResult:
      variable: "HAVE_MALLOC_H"
      cached: true
      stdout: |
        Change Dir: 'C:/Users/meloy/source/repos/TestPureCodeEquation/TestPureCodeEquation/vcpkg_installed/vcpkg/blds/fftw3/x64-windows-rel/CMakeFiles/CMakeScratch/TryCompile-q78x98'
        
        Run Build Command(s): "C:/Program Files/Microsoft Visual Studio/2022/Community/Common7/IDE/CommonExtensions/Microsoft/CMake/Ninja/ninja.exe" -v cmTC_5cd39
        [1/2] C:\\PROGRA~1\\MICROS~3\\2022\\Community\\VC\\Tools\\MSVC\\14.40.33807\\bin\\Hostx64\\x64\\cl.exe  /nologo   /nologo /DWIN32 /D_WINDOWS /W3 /utf-8 /MP   /MDd /Zi /Ob0 /Od /RTC1 /showIncludes /FoCMakeFiles\\cmTC_5cd39.dir\\CheckIncludeFile.c.obj /FdCMakeFiles\\cmTC_5cd39.dir\\ /FS -c C:\\Users\\meloy\\source\\repos\\TestPureCodeEquation\\TestPureCodeEquation\\vcpkg_installed\\vcpkg\\blds\\fftw3\\x64-windows-rel\\CMakeFiles\\CMakeScratch\\TryCompile-q78x98\\CheckIncludeFile.c
        [2/2] cmd.exe /C "cd . && "C:\\Program Files\\CMake\\bin\\cmake.exe" -E vs_link_exe --intdir=CMakeFiles\\cmTC_5cd39.dir --rc=C:\\PROGRA~2\\WI3CF2~1\\10\\bin\\10.0.22621.0\\x64\\rc.exe --mt=C:\\PROGRA~2\\WI3CF2~1\\10\\bin\\10.0.22621.0\\x64\\mt.exe --manifests  -- C:\\PROGRA~1\\MICROS~3\\2022\\Community\\VC\\Tools\\MSVC\\14.40.33807\\bin\\Hostx64\\x64\\link.exe /nologo CMakeFiles\\cmTC_5cd39.dir\\CheckIncludeFile.c.obj  /out:cmTC_5cd39.exe /implib:cmTC_5cd39.lib /pdb:cmTC_5cd39.pdb /version:0.0 /machine:x64  /debug /INCREMENTAL /subsystem:console  kernel32.lib user32.lib gdi32.lib winspool.lib shell32.lib ole32.lib oleaut32.lib uuid.lib comdlg32.lib advapi32.lib && cd ."
        
      exitCode: 0
  -
    kind: "try_compile-v1"
    backtrace:
      - "C:/Program Files/CMake/share/cmake-3.27/Modules/CheckIncludeFile.cmake:90 (try_compile)"
      - "CMakeLists.txt:45 (check_include_file)"
    checks:
      - "Looking for memory.h"
    directories:
      source: "C:/Users/meloy/source/repos/TestPureCodeEquation/TestPureCodeEquation/vcpkg_installed/vcpkg/blds/fftw3/x64-windows-rel/CMakeFiles/CMakeScratch/TryCompile-lwx0qu"
      binary: "C:/Users/meloy/source/repos/TestPureCodeEquation/TestPureCodeEquation/vcpkg_installed/vcpkg/blds/fftw3/x64-windows-rel/CMakeFiles/CMakeScratch/TryCompile-lwx0qu"
    cmakeVariables:
      CMAKE_C_FLAGS: " /nologo /DWIN32 /D_WINDOWS /W3 /utf-8 /MP "
      CMAKE_MSVC_DEBUG_INFORMATION_FORMAT: ""
      CMAKE_MSVC_RUNTIME_LIBRARY: "MultiThreaded$<$<CONFIG:Debug>:Debug>$<$<STREQUAL:dynamic,dynamic>:DLL>"
      VCPKG_APPLOCAL_DEPS: "OFF"
      VCPKG_CHAINLOAD_TOOLCHAIN_FILE: "C:/Program Files/Microsoft Visual Studio/2022/Community/VC/vcpkg/scripts/toolchains/windows.cmake"
      VCPKG_TARGET_ARCHITECTURE: "x64"
      VCPKG_TARGET_TRIPLET: "x64-windows"
      Z_VCPKG_ROOT_DIR: "C:/Program Files/Microsoft Visual Studio/2022/Community/VC/vcpkg"
    buildResult:
      variable: "HAVE_MEMORY_H"
      cached: true
      stdout: |
        Change Dir: 'C:/Users/meloy/source/repos/TestPureCodeEquation/TestPureCodeEquation/vcpkg_installed/vcpkg/blds/fftw3/x64-windows-rel/CMakeFiles/CMakeScratch/TryCompile-lwx0qu'
        
        Run Build Command(s): "C:/Program Files/Microsoft Visual Studio/2022/Community/Common7/IDE/CommonExtensions/Microsoft/CMake/Ninja/ninja.exe" -v cmTC_6194d
        [1/2] C:\\PROGRA~1\\MICROS~3\\2022\\Community\\VC\\Tools\\MSVC\\14.40.33807\\bin\\Hostx64\\x64\\cl.exe  /nologo   /nologo /DWIN32 /D_WINDOWS /W3 /utf-8 /MP   /MDd /Zi /Ob0 /Od /RTC1 /showIncludes /FoCMakeFiles\\cmTC_6194d.dir\\CheckIncludeFile.c.obj /FdCMakeFiles\\cmTC_6194d.dir\\ /FS -c C:\\Users\\meloy\\source\\repos\\TestPureCodeEquation\\TestPureCodeEquation\\vcpkg_installed\\vcpkg\\blds\\fftw3\\x64-windows-rel\\CMakeFiles\\CMakeScratch\\TryCompile-lwx0qu\\CheckIncludeFile.c
        [2/2] cmd.exe /C "cd . && "C:\\Program Files\\CMake\\bin\\cmake.exe" -E vs_link_exe --intdir=CMakeFiles\\cmTC_6194d.dir --rc=C:\\PROGRA~2\\WI3CF2~1\\10\\bin\\10.0.22621.0\\x64\\rc.exe --mt=C:\\PROGRA~2\\WI3CF2~1\\10\\bin\\10.0.22621.0\\x64\\mt.exe --manifests  -- C:\\PROGRA~1\\MICROS~3\\2022\\Community\\VC\\Tools\\MSVC\\14.40.33807\\bin\\Hostx64\\x64\\link.exe /nologo CMakeFiles\\cmTC_6194d.dir\\CheckIncludeFile.c.obj  /out:cmTC_6194d.exe /implib:cmTC_6194d.lib /pdb:cmTC_6194d.pdb /version:0.0 /machine:x64  /debug /INCREMENTAL /subsystem:console  kernel32.lib user32.lib gdi32.lib winspool.lib shell32.lib ole32.lib oleaut32.lib uuid.lib comdlg32.lib advapi32.lib && cd ."
        
      exitCode: 0
  -
    kind: "try_compile-v1"
    backtrace:
      - "C:/Program Files/CMake/share/cmake-3.27/Modules/CheckIncludeFile.cmake:90 (try_compile)"
      - "CMakeLists.txt:46 (check_include_file)"
    checks:
      - "Looking for stddef.h"
    directories:
      source: "C:/Users/meloy/source/repos/TestPureCodeEquation/TestPureCodeEquation/vcpkg_installed/vcpkg/blds/fftw3/x64-windows-rel/CMakeFiles/CMakeScratch/TryCompile-cc0z71"
      binary: "C:/Users/meloy/source/repos/TestPureCodeEquation/TestPureCodeEquation/vcpkg_installed/vcpkg/blds/fftw3/x64-windows-rel/CMakeFiles/CMakeScratch/TryCompile-cc0z71"
    cmakeVariables:
      CMAKE_C_FLAGS: " /nologo /DWIN32 /D_WINDOWS /W3 /utf-8 /MP "
      CMAKE_MSVC_DEBUG_INFORMATION_FORMAT: ""
      CMAKE_MSVC_RUNTIME_LIBRARY: "MultiThreaded$<$<CONFIG:Debug>:Debug>$<$<STREQUAL:dynamic,dynamic>:DLL>"
      VCPKG_APPLOCAL_DEPS: "OFF"
      VCPKG_CHAINLOAD_TOOLCHAIN_FILE: "C:/Program Files/Microsoft Visual Studio/2022/Community/VC/vcpkg/scripts/toolchains/windows.cmake"
      VCPKG_TARGET_ARCHITECTURE: "x64"
      VCPKG_TARGET_TRIPLET: "x64-windows"
      Z_VCPKG_ROOT_DIR: "C:/Program Files/Microsoft Visual Studio/2022/Community/VC/vcpkg"
    buildResult:
      variable: "HAVE_STDDEF_H"
      cached: true
      stdout: |
        Change Dir: 'C:/Users/meloy/source/repos/TestPureCodeEquation/TestPureCodeEquation/vcpkg_installed/vcpkg/blds/fftw3/x64-windows-rel/CMakeFiles/CMakeScratch/TryCompile-cc0z71'
        
        Run Build Command(s): "C:/Program Files/Microsoft Visual Studio/2022/Community/Common7/IDE/CommonExtensions/Microsoft/CMake/Ninja/ninja.exe" -v cmTC_97095
        [1/2] C:\\PROGRA~1\\MICROS~3\\2022\\Community\\VC\\Tools\\MSVC\\14.40.33807\\bin\\Hostx64\\x64\\cl.exe  /nologo   /nologo /DWIN32 /D_WINDOWS /W3 /utf-8 /MP   /MDd /Zi /Ob0 /Od /RTC1 /showIncludes /FoCMakeFiles\\cmTC_97095.dir\\CheckIncludeFile.c.obj /FdCMakeFiles\\cmTC_97095.dir\\ /FS -c C:\\Users\\meloy\\source\\repos\\TestPureCodeEquation\\TestPureCodeEquation\\vcpkg_installed\\vcpkg\\blds\\fftw3\\x64-windows-rel\\CMakeFiles\\CMakeScratch\\TryCompile-cc0z71\\CheckIncludeFile.c
        [2/2] cmd.exe /C "cd . && "C:\\Program Files\\CMake\\bin\\cmake.exe" -E vs_link_exe --intdir=CMakeFiles\\cmTC_97095.dir --rc=C:\\PROGRA~2\\WI3CF2~1\\10\\bin\\10.0.22621.0\\x64\\rc.exe --mt=C:\\PROGRA~2\\WI3CF2~1\\10\\bin\\10.0.22621.0\\x64\\mt.exe --manifests  -- C:\\PROGRA~1\\MICROS~3\\2022\\Community\\VC\\Tools\\MSVC\\14.40.33807\\bin\\Hostx64\\x64\\link.exe /nologo CMakeFiles\\cmTC_97095.dir\\CheckIncludeFile.c.obj  /out:cmTC_97095.exe /implib:cmTC_97095.lib /pdb:cmTC_97095.pdb /version:0.0 /machine:x64  /debug /INCREMENTAL /subsystem:console  kernel32.lib user32.lib gdi32.lib winspool.lib shell32.lib ole32.lib oleaut32.lib uuid.lib comdlg32.lib advapi32.lib && cd ."
        
      exitCode: 0
  -
    kind: "try_compile-v1"
    backtrace:
      - "C:/Program Files/CMake/share/cmake-3.27/Modules/CheckIncludeFile.cmake:90 (try_compile)"
      - "CMakeLists.txt:47 (check_include_file)"
    checks:
      - "Looking for stdint.h"
    directories:
      source: "C:/Users/meloy/source/repos/TestPureCodeEquation/TestPureCodeEquation/vcpkg_installed/vcpkg/blds/fftw3/x64-windows-rel/CMakeFiles/CMakeScratch/TryCompile-nuk33o"
      binary: "C:/Users/meloy/source/repos/TestPureCodeEquation/TestPureCodeEquation/vcpkg_installed/vcpkg/blds/fftw3/x64-windows-rel/CMakeFiles/CMakeScratch/TryCompile-nuk33o"
    cmakeVariables:
      CMAKE_C_FLAGS: " /nologo /DWIN32 /D_WINDOWS /W3 /utf-8 /MP "
      CMAKE_MSVC_DEBUG_INFORMATION_FORMAT: ""
      CMAKE_MSVC_RUNTIME_LIBRARY: "MultiThreaded$<$<CONFIG:Debug>:Debug>$<$<STREQUAL:dynamic,dynamic>:DLL>"
      VCPKG_APPLOCAL_DEPS: "OFF"
      VCPKG_CHAINLOAD_TOOLCHAIN_FILE: "C:/Program Files/Microsoft Visual Studio/2022/Community/VC/vcpkg/scripts/toolchains/windows.cmake"
      VCPKG_TARGET_ARCHITECTURE: "x64"
      VCPKG_TARGET_TRIPLET: "x64-windows"
      Z_VCPKG_ROOT_DIR: "C:/Program Files/Microsoft Visual Studio/2022/Community/VC/vcpkg"
    buildResult:
      variable: "HAVE_STDINT_H"
      cached: true
      stdout: |
        Change Dir: 'C:/Users/meloy/source/repos/TestPureCodeEquation/TestPureCodeEquation/vcpkg_installed/vcpkg/blds/fftw3/x64-windows-rel/CMakeFiles/CMakeScratch/TryCompile-nuk33o'
        
        Run Build Command(s): "C:/Program Files/Microsoft Visual Studio/2022/Community/Common7/IDE/CommonExtensions/Microsoft/CMake/Ninja/ninja.exe" -v cmTC_cf379
        [1/2] C:\\PROGRA~1\\MICROS~3\\2022\\Community\\VC\\Tools\\MSVC\\14.40.33807\\bin\\Hostx64\\x64\\cl.exe  /nologo   /nologo /DWIN32 /D_WINDOWS /W3 /utf-8 /MP   /MDd /Zi /Ob0 /Od /RTC1 /showIncludes /FoCMakeFiles\\cmTC_cf379.dir\\CheckIncludeFile.c.obj /FdCMakeFiles\\cmTC_cf379.dir\\ /FS -c C:\\Users\\meloy\\source\\repos\\TestPureCodeEquation\\TestPureCodeEquation\\vcpkg_installed\\vcpkg\\blds\\fftw3\\x64-windows-rel\\CMakeFiles\\CMakeScratch\\TryCompile-nuk33o\\CheckIncludeFile.c
        [2/2] cmd.exe /C "cd . && "C:\\Program Files\\CMake\\bin\\cmake.exe" -E vs_link_exe --intdir=CMakeFiles\\cmTC_cf379.dir --rc=C:\\PROGRA~2\\WI3CF2~1\\10\\bin\\10.0.22621.0\\x64\\rc.exe --mt=C:\\PROGRA~2\\WI3CF2~1\\10\\bin\\10.0.22621.0\\x64\\mt.exe --manifests  -- C:\\PROGRA~1\\MICROS~3\\2022\\Community\\VC\\Tools\\MSVC\\14.40.33807\\bin\\Hostx64\\x64\\link.exe /nologo CMakeFiles\\cmTC_cf379.dir\\CheckIncludeFile.c.obj  /out:cmTC_cf379.exe /implib:cmTC_cf379.lib /pdb:cmTC_cf379.pdb /version:0.0 /machine:x64  /debug /INCREMENTAL /subsystem:console  kernel32.lib user32.lib gdi32.lib winspool.lib shell32.lib ole32.lib oleaut32.lib uuid.lib comdlg32.lib advapi32.lib && cd ."
        
      exitCode: 0
  -
    kind: "try_compile-v1"
    backtrace:
      - "C:/Program Files/CMake/share/cmake-3.27/Modules/CheckIncludeFile.cmake:90 (try_compile)"
      - "CMakeLists.txt:48 (check_include_file)"
    checks:
      - "Looking for stdlib.h"
    directories:
      source: "C:/Users/meloy/source/repos/TestPureCodeEquation/TestPureCodeEquation/vcpkg_installed/vcpkg/blds/fftw3/x64-windows-rel/CMakeFiles/CMakeScratch/TryCompile-4psq6b"
      binary: "C:/Users/meloy/source/repos/TestPureCodeEquation/TestPureCodeEquation/vcpkg_installed/vcpkg/blds/fftw3/x64-windows-rel/CMakeFiles/CMakeScratch/TryCompile-4psq6b"
    cmakeVariables:
      CMAKE_C_FLAGS: " /nologo /DWIN32 /D_WINDOWS /W3 /utf-8 /MP "
      CMAKE_MSVC_DEBUG_INFORMATION_FORMAT: ""
      CMAKE_MSVC_RUNTIME_LIBRARY: "MultiThreaded$<$<CONFIG:Debug>:Debug>$<$<STREQUAL:dynamic,dynamic>:DLL>"
      VCPKG_APPLOCAL_DEPS: "OFF"
      VCPKG_CHAINLOAD_TOOLCHAIN_FILE: "C:/Program Files/Microsoft Visual Studio/2022/Community/VC/vcpkg/scripts/toolchains/windows.cmake"
      VCPKG_TARGET_ARCHITECTURE: "x64"
      VCPKG_TARGET_TRIPLET: "x64-windows"
      Z_VCPKG_ROOT_DIR: "C:/Program Files/Microsoft Visual Studio/2022/Community/VC/vcpkg"
    buildResult:
      variable: "HAVE_STDLIB_H"
      cached: true
      stdout: |
        Change Dir: 'C:/Users/meloy/source/repos/TestPureCodeEquation/TestPureCodeEquation/vcpkg_installed/vcpkg/blds/fftw3/x64-windows-rel/CMakeFiles/CMakeScratch/TryCompile-4psq6b'
        
        Run Build Command(s): "C:/Program Files/Microsoft Visual Studio/2022/Community/Common7/IDE/CommonExtensions/Microsoft/CMake/Ninja/ninja.exe" -v cmTC_bb794
        [1/2] C:\\PROGRA~1\\MICROS~3\\2022\\Community\\VC\\Tools\\MSVC\\14.40.33807\\bin\\Hostx64\\x64\\cl.exe  /nologo   /nologo /DWIN32 /D_WINDOWS /W3 /utf-8 /MP   /MDd /Zi /Ob0 /Od /RTC1 /showIncludes /FoCMakeFiles\\cmTC_bb794.dir\\CheckIncludeFile.c.obj /FdCMakeFiles\\cmTC_bb794.dir\\ /FS -c C:\\Users\\meloy\\source\\repos\\TestPureCodeEquation\\TestPureCodeEquation\\vcpkg_installed\\vcpkg\\blds\\fftw3\\x64-windows-rel\\CMakeFiles\\CMakeScratch\\TryCompile-4psq6b\\CheckIncludeFile.c
        [2/2] cmd.exe /C "cd . && "C:\\Program Files\\CMake\\bin\\cmake.exe" -E vs_link_exe --intdir=CMakeFiles\\cmTC_bb794.dir --rc=C:\\PROGRA~2\\WI3CF2~1\\10\\bin\\10.0.22621.0\\x64\\rc.exe --mt=C:\\PROGRA~2\\WI3CF2~1\\10\\bin\\10.0.22621.0\\x64\\mt.exe --manifests  -- C:\\PROGRA~1\\MICROS~3\\2022\\Community\\VC\\Tools\\MSVC\\14.40.33807\\bin\\Hostx64\\x64\\link.exe /nologo CMakeFiles\\cmTC_bb794.dir\\CheckIncludeFile.c.obj  /out:cmTC_bb794.exe /implib:cmTC_bb794.lib /pdb:cmTC_bb794.pdb /version:0.0 /machine:x64  /debug /INCREMENTAL /subsystem:console  kernel32.lib user32.lib gdi32.lib winspool.lib shell32.lib ole32.lib oleaut32.lib uuid.lib comdlg32.lib advapi32.lib && cd ."
        
      exitCode: 0
  -
    kind: "try_compile-v1"
    backtrace:
      - "C:/Program Files/CMake/share/cmake-3.27/Modules/CheckIncludeFile.cmake:90 (try_compile)"
      - "CMakeLists.txt:49 (check_include_file)"
    checks:
      - "Looking for string.h"
    directories:
      source: "C:/Users/meloy/source/repos/TestPureCodeEquation/TestPureCodeEquation/vcpkg_installed/vcpkg/blds/fftw3/x64-windows-rel/CMakeFiles/CMakeScratch/TryCompile-vhyw6r"
      binary: "C:/Users/meloy/source/repos/TestPureCodeEquation/TestPureCodeEquation/vcpkg_installed/vcpkg/blds/fftw3/x64-windows-rel/CMakeFiles/CMakeScratch/TryCompile-vhyw6r"
    cmakeVariables:
      CMAKE_C_FLAGS: " /nologo /DWIN32 /D_WINDOWS /W3 /utf-8 /MP "
      CMAKE_MSVC_DEBUG_INFORMATION_FORMAT: ""
      CMAKE_MSVC_RUNTIME_LIBRARY: "MultiThreaded$<$<CONFIG:Debug>:Debug>$<$<STREQUAL:dynamic,dynamic>:DLL>"
      VCPKG_APPLOCAL_DEPS: "OFF"
      VCPKG_CHAINLOAD_TOOLCHAIN_FILE: "C:/Program Files/Microsoft Visual Studio/2022/Community/VC/vcpkg/scripts/toolchains/windows.cmake"
      VCPKG_TARGET_ARCHITECTURE: "x64"
      VCPKG_TARGET_TRIPLET: "x64-windows"
      Z_VCPKG_ROOT_DIR: "C:/Program Files/Microsoft Visual Studio/2022/Community/VC/vcpkg"
    buildResult:
      variable: "HAVE_STRING_H"
      cached: true
      stdout: |
        Change Dir: 'C:/Users/meloy/source/repos/TestPureCodeEquation/TestPureCodeEquation/vcpkg_installed/vcpkg/blds/fftw3/x64-windows-rel/CMakeFiles/CMakeScratch/TryCompile-vhyw6r'
        
        Run Build Command(s): "C:/Program Files/Microsoft Visual Studio/2022/Community/Common7/IDE/CommonExtensions/Microsoft/CMake/Ninja/ninja.exe" -v cmTC_7c707
        [1/2] C:\\PROGRA~1\\MICROS~3\\2022\\Community\\VC\\Tools\\MSVC\\14.40.33807\\bin\\Hostx64\\x64\\cl.exe  /nologo   /nologo /DWIN32 /D_WINDOWS /W3 /utf-8 /MP   /MDd /Zi /Ob0 /Od /RTC1 /showIncludes /FoCMakeFiles\\cmTC_7c707.dir\\CheckIncludeFile.c.obj /FdCMakeFiles\\cmTC_7c707.dir\\ /FS -c C:\\Users\\meloy\\source\\repos\\TestPureCodeEquation\\TestPureCodeEquation\\vcpkg_installed\\vcpkg\\blds\\fftw3\\x64-windows-rel\\CMakeFiles\\CMakeScratch\\TryCompile-vhyw6r\\CheckIncludeFile.c
        [2/2] cmd.exe /C "cd . && "C:\\Program Files\\CMake\\bin\\cmake.exe" -E vs_link_exe --intdir=CMakeFiles\\cmTC_7c707.dir --rc=C:\\PROGRA~2\\WI3CF2~1\\10\\bin\\10.0.22621.0\\x64\\rc.exe --mt=C:\\PROGRA~2\\WI3CF2~1\\10\\bin\\10.0.22621.0\\x64\\mt.exe --manifests  -- C:\\PROGRA~1\\MICROS~3\\2022\\Community\\VC\\Tools\\MSVC\\14.40.33807\\bin\\Hostx64\\x64\\link.exe /nologo CMakeFiles\\cmTC_7c707.dir\\CheckIncludeFile.c.obj  /out:cmTC_7c707.exe /implib:cmTC_7c707.lib /pdb:cmTC_7c707.pdb /version:0.0 /machine:x64  /debug /INCREMENTAL /subsystem:console  kernel32.lib user32.lib gdi32.lib winspool.lib shell32.lib ole32.lib oleaut32.lib uuid.lib comdlg32.lib advapi32.lib && cd ."
        
      exitCode: 0
  -
    kind: "try_compile-v1"
    backtrace:
      - "C:/Program Files/CMake/share/cmake-3.27/Modules/CheckIncludeFile.cmake:90 (try_compile)"
      - "CMakeLists.txt:50 (check_include_file)"
    checks:
      - "Looking for strings.h"
    directories:
      source: "C:/Users/meloy/source/repos/TestPureCodeEquation/TestPureCodeEquation/vcpkg_installed/vcpkg/blds/fftw3/x64-windows-rel/CMakeFiles/CMakeScratch/TryCompile-pn8f53"
      binary: "C:/Users/meloy/source/repos/TestPureCodeEquation/TestPureCodeEquation/vcpkg_installed/vcpkg/blds/fftw3/x64-windows-rel/CMakeFiles/CMakeScratch/TryCompile-pn8f53"
    cmakeVariables:
      CMAKE_C_FLAGS: " /nologo /DWIN32 /D_WINDOWS /W3 /utf-8 /MP "
      CMAKE_MSVC_DEBUG_INFORMATION_FORMAT: ""
      CMAKE_MSVC_RUNTIME_LIBRARY: "MultiThreaded$<$<CONFIG:Debug>:Debug>$<$<STREQUAL:dynamic,dynamic>:DLL>"
      VCPKG_APPLOCAL_DEPS: "OFF"
      VCPKG_CHAINLOAD_TOOLCHAIN_FILE: "C:/Program Files/Microsoft Visual Studio/2022/Community/VC/vcpkg/scripts/toolchains/windows.cmake"
      VCPKG_TARGET_ARCHITECTURE: "x64"
      VCPKG_TARGET_TRIPLET: "x64-windows"
      Z_VCPKG_ROOT_DIR: "C:/Program Files/Microsoft Visual Studio/2022/Community/VC/vcpkg"
    buildResult:
      variable: "HAVE_STRINGS_H"
      cached: true
      stdout: |
        Change Dir: 'C:/Users/meloy/source/repos/TestPureCodeEquation/TestPureCodeEquation/vcpkg_installed/vcpkg/blds/fftw3/x64-windows-rel/CMakeFiles/CMakeScratch/TryCompile-pn8f53'
        
        Run Build Command(s): "C:/Program Files/Microsoft Visual Studio/2022/Community/Common7/IDE/CommonExtensions/Microsoft/CMake/Ninja/ninja.exe" -v cmTC_d060f
        [1/2] C:\\PROGRA~1\\MICROS~3\\2022\\Community\\VC\\Tools\\MSVC\\14.40.33807\\bin\\Hostx64\\x64\\cl.exe  /nologo   /nologo /DWIN32 /D_WINDOWS /W3 /utf-8 /MP   /MDd /Zi /Ob0 /Od /RTC1 /showIncludes /FoCMakeFiles\\cmTC_d060f.dir\\CheckIncludeFile.c.obj /FdCMakeFiles\\cmTC_d060f.dir\\ /FS -c C:\\Users\\meloy\\source\\repos\\TestPureCodeEquation\\TestPureCodeEquation\\vcpkg_installed\\vcpkg\\blds\\fftw3\\x64-windows-rel\\CMakeFiles\\CMakeScratch\\TryCompile-pn8f53\\CheckIncludeFile.c
        FAILED: CMakeFiles/cmTC_d060f.dir/CheckIncludeFile.c.obj 
        C:\\PROGRA~1\\MICROS~3\\2022\\Community\\VC\\Tools\\MSVC\\14.40.33807\\bin\\Hostx64\\x64\\cl.exe  /nologo   /nologo /DWIN32 /D_WINDOWS /W3 /utf-8 /MP   /MDd /Zi /Ob0 /Od /RTC1 /showIncludes /FoCMakeFiles\\cmTC_d060f.dir\\CheckIncludeFile.c.obj /FdCMakeFiles\\cmTC_d060f.dir\\ /FS -c C:\\Users\\meloy\\source\\repos\\TestPureCodeEquation\\TestPureCodeEquation\\vcpkg_installed\\vcpkg\\blds\\fftw3\\x64-windows-rel\\CMakeFiles\\CMakeScratch\\TryCompile-pn8f53\\CheckIncludeFile.c
        C:\\Users\\meloy\\source\\repos\\TestPureCodeEquation\\TestPureCodeEquation\\vcpkg_installed\\vcpkg\\blds\\fftw3\\x64-windows-rel\\CMakeFiles\\CMakeScratch\\TryCompile-pn8f53\\CheckIncludeFile.c(1): fatal error C1083: Cannot open include file: 'strings.h': No such file or directory
        ninja: build stopped: subcommand failed.
        
      exitCode: 1
  -
    kind: "try_compile-v1"
    backtrace:
      - "C:/Program Files/CMake/share/cmake-3.27/Modules/CheckIncludeFile.cmake:90 (try_compile)"
      - "CMakeLists.txt:51 (check_include_file)"
    checks:
      - "Looking for sys/types.h"
    directories:
      source: "C:/Users/meloy/source/repos/TestPureCodeEquation/TestPureCodeEquation/vcpkg_installed/vcpkg/blds/fftw3/x64-windows-rel/CMakeFiles/CMakeScratch/TryCompile-gaogfp"
      binary: "C:/Users/meloy/source/repos/TestPureCodeEquation/TestPureCodeEquation/vcpkg_installed/vcpkg/blds/fftw3/x64-windows-rel/CMakeFiles/CMakeScratch/TryCompile-gaogfp"
    cmakeVariables:
      CMAKE_C_FLAGS: " /nologo /DWIN32 /D_WINDOWS /W3 /utf-8 /MP "
      CMAKE_MSVC_DEBUG_INFORMATION_FORMAT: ""
      CMAKE_MSVC_RUNTIME_LIBRARY: "MultiThreaded$<$<CONFIG:Debug>:Debug>$<$<STREQUAL:dynamic,dynamic>:DLL>"
      VCPKG_APPLOCAL_DEPS: "OFF"
      VCPKG_CHAINLOAD_TOOLCHAIN_FILE: "C:/Program Files/Microsoft Visual Studio/2022/Community/VC/vcpkg/scripts/toolchains/windows.cmake"
      VCPKG_TARGET_ARCHITECTURE: "x64"
      VCPKG_TARGET_TRIPLET: "x64-windows"
      Z_VCPKG_ROOT_DIR: "C:/Program Files/Microsoft Visual Studio/2022/Community/VC/vcpkg"
    buildResult:
      variable: "HAVE_SYS_TYPES_H"
      cached: true
      stdout: |
        Change Dir: 'C:/Users/meloy/source/repos/TestPureCodeEquation/TestPureCodeEquation/vcpkg_installed/vcpkg/blds/fftw3/x64-windows-rel/CMakeFiles/CMakeScratch/TryCompile-gaogfp'
        
        Run Build Command(s): "C:/Program Files/Microsoft Visual Studio/2022/Community/Common7/IDE/CommonExtensions/Microsoft/CMake/Ninja/ninja.exe" -v cmTC_bc142
        [1/2] C:\\PROGRA~1\\MICROS~3\\2022\\Community\\VC\\Tools\\MSVC\\14.40.33807\\bin\\Hostx64\\x64\\cl.exe  /nologo   /nologo /DWIN32 /D_WINDOWS /W3 /utf-8 /MP   /MDd /Zi /Ob0 /Od /RTC1 /showIncludes /FoCMakeFiles\\cmTC_bc142.dir\\CheckIncludeFile.c.obj /FdCMakeFiles\\cmTC_bc142.dir\\ /FS -c C:\\Users\\meloy\\source\\repos\\TestPureCodeEquation\\TestPureCodeEquation\\vcpkg_installed\\vcpkg\\blds\\fftw3\\x64-windows-rel\\CMakeFiles\\CMakeScratch\\TryCompile-gaogfp\\CheckIncludeFile.c
        [2/2] cmd.exe /C "cd . && "C:\\Program Files\\CMake\\bin\\cmake.exe" -E vs_link_exe --intdir=CMakeFiles\\cmTC_bc142.dir --rc=C:\\PROGRA~2\\WI3CF2~1\\10\\bin\\10.0.22621.0\\x64\\rc.exe --mt=C:\\PROGRA~2\\WI3CF2~1\\10\\bin\\10.0.22621.0\\x64\\mt.exe --manifests  -- C:\\PROGRA~1\\MICROS~3\\2022\\Community\\VC\\Tools\\MSVC\\14.40.33807\\bin\\Hostx64\\x64\\link.exe /nologo CMakeFiles\\cmTC_bc142.dir\\CheckIncludeFile.c.obj  /out:cmTC_bc142.exe /implib:cmTC_bc142.lib /pdb:cmTC_bc142.pdb /version:0.0 /machine:x64  /debug /INCREMENTAL /subsystem:console  kernel32.lib user32.lib gdi32.lib winspool.lib shell32.lib ole32.lib oleaut32.lib uuid.lib comdlg32.lib advapi32.lib && cd ."
        
      exitCode: 0
  -
    kind: "try_compile-v1"
    backtrace:
      - "C:/Program Files/CMake/share/cmake-3.27/Modules/CheckIncludeFile.cmake:90 (try_compile)"
      - "CMakeLists.txt:52 (check_include_file)"
    checks:
      - "Looking for sys/time.h"
    directories:
      source: "C:/Users/meloy/source/repos/TestPureCodeEquation/TestPureCodeEquation/vcpkg_installed/vcpkg/blds/fftw3/x64-windows-rel/CMakeFiles/CMakeScratch/TryCompile-qrgr5f"
      binary: "C:/Users/meloy/source/repos/TestPureCodeEquation/TestPureCodeEquation/vcpkg_installed/vcpkg/blds/fftw3/x64-windows-rel/CMakeFiles/CMakeScratch/TryCompile-qrgr5f"
    cmakeVariables:
      CMAKE_C_FLAGS: " /nologo /DWIN32 /D_WINDOWS /W3 /utf-8 /MP "
      CMAKE_MSVC_DEBUG_INFORMATION_FORMAT: ""
      CMAKE_MSVC_RUNTIME_LIBRARY: "MultiThreaded$<$<CONFIG:Debug>:Debug>$<$<STREQUAL:dynamic,dynamic>:DLL>"
      VCPKG_APPLOCAL_DEPS: "OFF"
      VCPKG_CHAINLOAD_TOOLCHAIN_FILE: "C:/Program Files/Microsoft Visual Studio/2022/Community/VC/vcpkg/scripts/toolchains/windows.cmake"
      VCPKG_TARGET_ARCHITECTURE: "x64"
      VCPKG_TARGET_TRIPLET: "x64-windows"
      Z_VCPKG_ROOT_DIR: "C:/Program Files/Microsoft Visual Studio/2022/Community/VC/vcpkg"
    buildResult:
      variable: "HAVE_SYS_TIME_H"
      cached: true
      stdout: |
        Change Dir: 'C:/Users/meloy/source/repos/TestPureCodeEquation/TestPureCodeEquation/vcpkg_installed/vcpkg/blds/fftw3/x64-windows-rel/CMakeFiles/CMakeScratch/TryCompile-qrgr5f'
        
        Run Build Command(s): "C:/Program Files/Microsoft Visual Studio/2022/Community/Common7/IDE/CommonExtensions/Microsoft/CMake/Ninja/ninja.exe" -v cmTC_68c3f
        [1/2] C:\\PROGRA~1\\MICROS~3\\2022\\Community\\VC\\Tools\\MSVC\\14.40.33807\\bin\\Hostx64\\x64\\cl.exe  /nologo   /nologo /DWIN32 /D_WINDOWS /W3 /utf-8 /MP   /MDd /Zi /Ob0 /Od /RTC1 /showIncludes /FoCMakeFiles\\cmTC_68c3f.dir\\CheckIncludeFile.c.obj /FdCMakeFiles\\cmTC_68c3f.dir\\ /FS -c C:\\Users\\meloy\\source\\repos\\TestPureCodeEquation\\TestPureCodeEquation\\vcpkg_installed\\vcpkg\\blds\\fftw3\\x64-windows-rel\\CMakeFiles\\CMakeScratch\\TryCompile-qrgr5f\\CheckIncludeFile.c
        FAILED: CMakeFiles/cmTC_68c3f.dir/CheckIncludeFile.c.obj 
        C:\\PROGRA~1\\MICROS~3\\2022\\Community\\VC\\Tools\\MSVC\\14.40.33807\\bin\\Hostx64\\x64\\cl.exe  /nologo   /nologo /DWIN32 /D_WINDOWS /W3 /utf-8 /MP   /MDd /Zi /Ob0 /Od /RTC1 /showIncludes /FoCMakeFiles\\cmTC_68c3f.dir\\CheckIncludeFile.c.obj /FdCMakeFiles\\cmTC_68c3f.dir\\ /FS -c C:\\Users\\meloy\\source\\repos\\TestPureCodeEquation\\TestPureCodeEquation\\vcpkg_installed\\vcpkg\\blds\\fftw3\\x64-windows-rel\\CMakeFiles\\CMakeScratch\\TryCompile-qrgr5f\\CheckIncludeFile.c
        C:\\Users\\meloy\\source\\repos\\TestPureCodeEquation\\TestPureCodeEquation\\vcpkg_installed\\vcpkg\\blds\\fftw3\\x64-windows-rel\\CMakeFiles\\CMakeScratch\\TryCompile-qrgr5f\\CheckIncludeFile.c(1): fatal error C1083: Cannot open include file: 'sys/time.h': No such file or directory
        ninja: build stopped: subcommand failed.
        
      exitCode: 1
  -
    kind: "try_compile-v1"
    backtrace:
      - "C:/Program Files/CMake/share/cmake-3.27/Modules/CheckIncludeFile.cmake:90 (try_compile)"
      - "CMakeLists.txt:53 (check_include_file)"
    checks:
      - "Looking for sys/stat.h"
    directories:
      source: "C:/Users/meloy/source/repos/TestPureCodeEquation/TestPureCodeEquation/vcpkg_installed/vcpkg/blds/fftw3/x64-windows-rel/CMakeFiles/CMakeScratch/TryCompile-1im5jc"
      binary: "C:/Users/meloy/source/repos/TestPureCodeEquation/TestPureCodeEquation/vcpkg_installed/vcpkg/blds/fftw3/x64-windows-rel/CMakeFiles/CMakeScratch/TryCompile-1im5jc"
    cmakeVariables:
      CMAKE_C_FLAGS: " /nologo /DWIN32 /D_WINDOWS /W3 /utf-8 /MP "
      CMAKE_MSVC_DEBUG_INFORMATION_FORMAT: ""
      CMAKE_MSVC_RUNTIME_LIBRARY: "MultiThreaded$<$<CONFIG:Debug>:Debug>$<$<STREQUAL:dynamic,dynamic>:DLL>"
      VCPKG_APPLOCAL_DEPS: "OFF"
      VCPKG_CHAINLOAD_TOOLCHAIN_FILE: "C:/Program Files/Microsoft Visual Studio/2022/Community/VC/vcpkg/scripts/toolchains/windows.cmake"
      VCPKG_TARGET_ARCHITECTURE: "x64"
      VCPKG_TARGET_TRIPLET: "x64-windows"
      Z_VCPKG_ROOT_DIR: "C:/Program Files/Microsoft Visual Studio/2022/Community/VC/vcpkg"
    buildResult:
      variable: "HAVE_SYS_STAT_H"
      cached: true
      stdout: |
        Change Dir: 'C:/Users/meloy/source/repos/TestPureCodeEquation/TestPureCodeEquation/vcpkg_installed/vcpkg/blds/fftw3/x64-windows-rel/CMakeFiles/CMakeScratch/TryCompile-1im5jc'
        
        Run Build Command(s): "C:/Program Files/Microsoft Visual Studio/2022/Community/Common7/IDE/CommonExtensions/Microsoft/CMake/Ninja/ninja.exe" -v cmTC_856e7
        [1/2] C:\\PROGRA~1\\MICROS~3\\2022\\Community\\VC\\Tools\\MSVC\\14.40.33807\\bin\\Hostx64\\x64\\cl.exe  /nologo   /nologo /DWIN32 /D_WINDOWS /W3 /utf-8 /MP   /MDd /Zi /Ob0 /Od /RTC1 /showIncludes /FoCMakeFiles\\cmTC_856e7.dir\\CheckIncludeFile.c.obj /FdCMakeFiles\\cmTC_856e7.dir\\ /FS -c C:\\Users\\meloy\\source\\repos\\TestPureCodeEquation\\TestPureCodeEquation\\vcpkg_installed\\vcpkg\\blds\\fftw3\\x64-windows-rel\\CMakeFiles\\CMakeScratch\\TryCompile-1im5jc\\CheckIncludeFile.c
        [2/2] cmd.exe /C "cd . && "C:\\Program Files\\CMake\\bin\\cmake.exe" -E vs_link_exe --intdir=CMakeFiles\\cmTC_856e7.dir --rc=C:\\PROGRA~2\\WI3CF2~1\\10\\bin\\10.0.22621.0\\x64\\rc.exe --mt=C:\\PROGRA~2\\WI3CF2~1\\10\\bin\\10.0.22621.0\\x64\\mt.exe --manifests  -- C:\\PROGRA~1\\MICROS~3\\2022\\Community\\VC\\Tools\\MSVC\\14.40.33807\\bin\\Hostx64\\x64\\link.exe /nologo CMakeFiles\\cmTC_856e7.dir\\CheckIncludeFile.c.obj  /out:cmTC_856e7.exe /implib:cmTC_856e7.lib /pdb:cmTC_856e7.pdb /version:0.0 /machine:x64  /debug /INCREMENTAL /subsystem:console  kernel32.lib user32.lib gdi32.lib winspool.lib shell32.lib ole32.lib oleaut32.lib uuid.lib comdlg32.lib advapi32.lib && cd ."
        
      exitCode: 0
  -
    kind: "try_compile-v1"
    backtrace:
      - "C:/Program Files/CMake/share/cmake-3.27/Modules/CheckIncludeFile.cmake:90 (try_compile)"
      - "CMakeLists.txt:54 (check_include_file)"
    checks:
      - "Looking for sys/sysctl.h"
    directories:
      source: "C:/Users/meloy/source/repos/TestPureCodeEquation/TestPureCodeEquation/vcpkg_installed/vcpkg/blds/fftw3/x64-windows-rel/CMakeFiles/CMakeScratch/TryCompile-238in7"
      binary: "C:/Users/meloy/source/repos/TestPureCodeEquation/TestPureCodeEquation/vcpkg_installed/vcpkg/blds/fftw3/x64-windows-rel/CMakeFiles/CMakeScratch/TryCompile-238in7"
    cmakeVariables:
      CMAKE_C_FLAGS: " /nologo /DWIN32 /D_WINDOWS /W3 /utf-8 /MP "
      CMAKE_MSVC_DEBUG_INFORMATION_FORMAT: ""
      CMAKE_MSVC_RUNTIME_LIBRARY: "MultiThreaded$<$<CONFIG:Debug>:Debug>$<$<STREQUAL:dynamic,dynamic>:DLL>"
      VCPKG_APPLOCAL_DEPS: "OFF"
      VCPKG_CHAINLOAD_TOOLCHAIN_FILE: "C:/Program Files/Microsoft Visual Studio/2022/Community/VC/vcpkg/scripts/toolchains/windows.cmake"
      VCPKG_TARGET_ARCHITECTURE: "x64"
      VCPKG_TARGET_TRIPLET: "x64-windows"
      Z_VCPKG_ROOT_DIR: "C:/Program Files/Microsoft Visual Studio/2022/Community/VC/vcpkg"
    buildResult:
      variable: "HAVE_SYS_SYSCTL_H"
      cached: true
      stdout: |
        Change Dir: 'C:/Users/meloy/source/repos/TestPureCodeEquation/TestPureCodeEquation/vcpkg_installed/vcpkg/blds/fftw3/x64-windows-rel/CMakeFiles/CMakeScratch/TryCompile-238in7'
        
        Run Build Command(s): "C:/Program Files/Microsoft Visual Studio/2022/Community/Common7/IDE/CommonExtensions/Microsoft/CMake/Ninja/ninja.exe" -v cmTC_2cf47
        [1/2] C:\\PROGRA~1\\MICROS~3\\2022\\Community\\VC\\Tools\\MSVC\\14.40.33807\\bin\\Hostx64\\x64\\cl.exe  /nologo   /nologo /DWIN32 /D_WINDOWS /W3 /utf-8 /MP   /MDd /Zi /Ob0 /Od /RTC1 /showIncludes /FoCMakeFiles\\cmTC_2cf47.dir\\CheckIncludeFile.c.obj /FdCMakeFiles\\cmTC_2cf47.dir\\ /FS -c C:\\Users\\meloy\\source\\repos\\TestPureCodeEquation\\TestPureCodeEquation\\vcpkg_installed\\vcpkg\\blds\\fftw3\\x64-windows-rel\\CMakeFiles\\CMakeScratch\\TryCompile-238in7\\CheckIncludeFile.c
        FAILED: CMakeFiles/cmTC_2cf47.dir/CheckIncludeFile.c.obj 
        C:\\PROGRA~1\\MICROS~3\\2022\\Community\\VC\\Tools\\MSVC\\14.40.33807\\bin\\Hostx64\\x64\\cl.exe  /nologo   /nologo /DWIN32 /D_WINDOWS /W3 /utf-8 /MP   /MDd /Zi /Ob0 /Od /RTC1 /showIncludes /FoCMakeFiles\\cmTC_2cf47.dir\\CheckIncludeFile.c.obj /FdCMakeFiles\\cmTC_2cf47.dir\\ /FS -c C:\\Users\\meloy\\source\\repos\\TestPureCodeEquation\\TestPureCodeEquation\\vcpkg_installed\\vcpkg\\blds\\fftw3\\x64-windows-rel\\CMakeFiles\\CMakeScratch\\TryCompile-238in7\\CheckIncludeFile.c
        C:\\Users\\meloy\\source\\repos\\TestPureCodeEquation\\TestPureCodeEquation\\vcpkg_installed\\vcpkg\\blds\\fftw3\\x64-windows-rel\\CMakeFiles\\CMakeScratch\\TryCompile-238in7\\CheckIncludeFile.c(1): fatal error C1083: Cannot open include file: 'sys/sysctl.h': No such file or directory
        ninja: build stopped: subcommand failed.
        
      exitCode: 1
  -
    kind: "try_compile-v1"
    backtrace:
      - "C:/Program Files/CMake/share/cmake-3.27/Modules/CheckIncludeFile.cmake:90 (try_compile)"
      - "CMakeLists.txt:55 (check_include_file)"
    checks:
      - "Looking for time.h"
    directories:
      source: "C:/Users/meloy/source/repos/TestPureCodeEquation/TestPureCodeEquation/vcpkg_installed/vcpkg/blds/fftw3/x64-windows-rel/CMakeFiles/CMakeScratch/TryCompile-i1tfmc"
      binary: "C:/Users/meloy/source/repos/TestPureCodeEquation/TestPureCodeEquation/vcpkg_installed/vcpkg/blds/fftw3/x64-windows-rel/CMakeFiles/CMakeScratch/TryCompile-i1tfmc"
    cmakeVariables:
      CMAKE_C_FLAGS: " /nologo /DWIN32 /D_WINDOWS /W3 /utf-8 /MP "
      CMAKE_MSVC_DEBUG_INFORMATION_FORMAT: ""
      CMAKE_MSVC_RUNTIME_LIBRARY: "MultiThreaded$<$<CONFIG:Debug>:Debug>$<$<STREQUAL:dynamic,dynamic>:DLL>"
      VCPKG_APPLOCAL_DEPS: "OFF"
      VCPKG_CHAINLOAD_TOOLCHAIN_FILE: "C:/Program Files/Microsoft Visual Studio/2022/Community/VC/vcpkg/scripts/toolchains/windows.cmake"
      VCPKG_TARGET_ARCHITECTURE: "x64"
      VCPKG_TARGET_TRIPLET: "x64-windows"
      Z_VCPKG_ROOT_DIR: "C:/Program Files/Microsoft Visual Studio/2022/Community/VC/vcpkg"
    buildResult:
      variable: "HAVE_TIME_H"
      cached: true
      stdout: |
        Change Dir: 'C:/Users/meloy/source/repos/TestPureCodeEquation/TestPureCodeEquation/vcpkg_installed/vcpkg/blds/fftw3/x64-windows-rel/CMakeFiles/CMakeScratch/TryCompile-i1tfmc'
        
        Run Build Command(s): "C:/Program Files/Microsoft Visual Studio/2022/Community/Common7/IDE/CommonExtensions/Microsoft/CMake/Ninja/ninja.exe" -v cmTC_3e30b
        [1/2] C:\\PROGRA~1\\MICROS~3\\2022\\Community\\VC\\Tools\\MSVC\\14.40.33807\\bin\\Hostx64\\x64\\cl.exe  /nologo   /nologo /DWIN32 /D_WINDOWS /W3 /utf-8 /MP   /MDd /Zi /Ob0 /Od /RTC1 /showIncludes /FoCMakeFiles\\cmTC_3e30b.dir\\CheckIncludeFile.c.obj /FdCMakeFiles\\cmTC_3e30b.dir\\ /FS -c C:\\Users\\meloy\\source\\repos\\TestPureCodeEquation\\TestPureCodeEquation\\vcpkg_installed\\vcpkg\\blds\\fftw3\\x64-windows-rel\\CMakeFiles\\CMakeScratch\\TryCompile-i1tfmc\\CheckIncludeFile.c
        [2/2] cmd.exe /C "cd . && "C:\\Program Files\\CMake\\bin\\cmake.exe" -E vs_link_exe --intdir=CMakeFiles\\cmTC_3e30b.dir --rc=C:\\PROGRA~2\\WI3CF2~1\\10\\bin\\10.0.22621.0\\x64\\rc.exe --mt=C:\\PROGRA~2\\WI3CF2~1\\10\\bin\\10.0.22621.0\\x64\\mt.exe --manifests  -- C:\\PROGRA~1\\MICROS~3\\2022\\Community\\VC\\Tools\\MSVC\\14.40.33807\\bin\\Hostx64\\x64\\link.exe /nologo CMakeFiles\\cmTC_3e30b.dir\\CheckIncludeFile.c.obj  /out:cmTC_3e30b.exe /implib:cmTC_3e30b.lib /pdb:cmTC_3e30b.pdb /version:0.0 /machine:x64  /debug /INCREMENTAL /subsystem:console  kernel32.lib user32.lib gdi32.lib winspool.lib shell32.lib ole32.lib oleaut32.lib uuid.lib comdlg32.lib advapi32.lib && cd ."
        
      exitCode: 0
  -
    kind: "try_compile-v1"
    backtrace:
      - "C:/Program Files/CMake/share/cmake-3.27/Modules/CheckIncludeFile.cmake:90 (try_compile)"
      - "CMakeLists.txt:56 (check_include_file)"
    checks:
      - "Looking for uintptr.h"
    directories:
      source: "C:/Users/meloy/source/repos/TestPureCodeEquation/TestPureCodeEquation/vcpkg_installed/vcpkg/blds/fftw3/x64-windows-rel/CMakeFiles/CMakeScratch/TryCompile-t7awrm"
      binary: "C:/Users/meloy/source/repos/TestPureCodeEquation/TestPureCodeEquation/vcpkg_installed/vcpkg/blds/fftw3/x64-windows-rel/CMakeFiles/CMakeScratch/TryCompile-t7awrm"
    cmakeVariables:
      CMAKE_C_FLAGS: " /nologo /DWIN32 /D_WINDOWS /W3 /utf-8 /MP "
      CMAKE_MSVC_DEBUG_INFORMATION_FORMAT: ""
      CMAKE_MSVC_RUNTIME_LIBRARY: "MultiThreaded$<$<CONFIG:Debug>:Debug>$<$<STREQUAL:dynamic,dynamic>:DLL>"
      VCPKG_APPLOCAL_DEPS: "OFF"
      VCPKG_CHAINLOAD_TOOLCHAIN_FILE: "C:/Program Files/Microsoft Visual Studio/2022/Community/VC/vcpkg/scripts/toolchains/windows.cmake"
      VCPKG_TARGET_ARCHITECTURE: "x64"
      VCPKG_TARGET_TRIPLET: "x64-windows"
      Z_VCPKG_ROOT_DIR: "C:/Program Files/Microsoft Visual Studio/2022/Community/VC/vcpkg"
    buildResult:
      variable: "HAVE_UINTPTR_H"
      cached: true
      stdout: |
        Change Dir: 'C:/Users/meloy/source/repos/TestPureCodeEquation/TestPureCodeEquation/vcpkg_installed/vcpkg/blds/fftw3/x64-windows-rel/CMakeFiles/CMakeScratch/TryCompile-t7awrm'
        
        Run Build Command(s): "C:/Program Files/Microsoft Visual Studio/2022/Community/Common7/IDE/CommonExtensions/Microsoft/CMake/Ninja/ninja.exe" -v cmTC_c7a29
        [1/2] C:\\PROGRA~1\\MICROS~3\\2022\\Community\\VC\\Tools\\MSVC\\14.40.33807\\bin\\Hostx64\\x64\\cl.exe  /nologo   /nologo /DWIN32 /D_WINDOWS /W3 /utf-8 /MP   /MDd /Zi /Ob0 /Od /RTC1 /showIncludes /FoCMakeFiles\\cmTC_c7a29.dir\\CheckIncludeFile.c.obj /FdCMakeFiles\\cmTC_c7a29.dir\\ /FS -c C:\\Users\\meloy\\source\\repos\\TestPureCodeEquation\\TestPureCodeEquation\\vcpkg_installed\\vcpkg\\blds\\fftw3\\x64-windows-rel\\CMakeFiles\\CMakeScratch\\TryCompile-t7awrm\\CheckIncludeFile.c
        FAILED: CMakeFiles/cmTC_c7a29.dir/CheckIncludeFile.c.obj 
        C:\\PROGRA~1\\MICROS~3\\2022\\Community\\VC\\Tools\\MSVC\\14.40.33807\\bin\\Hostx64\\x64\\cl.exe  /nologo   /nologo /DWIN32 /D_WINDOWS /W3 /utf-8 /MP   /MDd /Zi /Ob0 /Od /RTC1 /showIncludes /FoCMakeFiles\\cmTC_c7a29.dir\\CheckIncludeFile.c.obj /FdCMakeFiles\\cmTC_c7a29.dir\\ /FS -c C:\\Users\\meloy\\source\\repos\\TestPureCodeEquation\\TestPureCodeEquation\\vcpkg_installed\\vcpkg\\blds\\fftw3\\x64-windows-rel\\CMakeFiles\\CMakeScratch\\TryCompile-t7awrm\\CheckIncludeFile.c
        C:\\Users\\meloy\\source\\repos\\TestPureCodeEquation\\TestPureCodeEquation\\vcpkg_installed\\vcpkg\\blds\\fftw3\\x64-windows-rel\\CMakeFiles\\CMakeScratch\\TryCompile-t7awrm\\CheckIncludeFile.c(1): fatal error C1083: Cannot open include file: 'uintptr.h': No such file or directory
        ninja: build stopped: subcommand failed.
        
      exitCode: 1
  -
    kind: "try_compile-v1"
    backtrace:
      - "C:/Program Files/CMake/share/cmake-3.27/Modules/CheckIncludeFile.cmake:90 (try_compile)"
      - "CMakeLists.txt:57 (check_include_file)"
    checks:
      - "Looking for unistd.h"
    directories:
      source: "C:/Users/meloy/source/repos/TestPureCodeEquation/TestPureCodeEquation/vcpkg_installed/vcpkg/blds/fftw3/x64-windows-rel/CMakeFiles/CMakeScratch/TryCompile-3lrpcc"
      binary: "C:/Users/meloy/source/repos/TestPureCodeEquation/TestPureCodeEquation/vcpkg_installed/vcpkg/blds/fftw3/x64-windows-rel/CMakeFiles/CMakeScratch/TryCompile-3lrpcc"
    cmakeVariables:
      CMAKE_C_FLAGS: " /nologo /DWIN32 /D_WINDOWS /W3 /utf-8 /MP "
      CMAKE_MSVC_DEBUG_INFORMATION_FORMAT: ""
      CMAKE_MSVC_RUNTIME_LIBRARY: "MultiThreaded$<$<CONFIG:Debug>:Debug>$<$<STREQUAL:dynamic,dynamic>:DLL>"
      VCPKG_APPLOCAL_DEPS: "OFF"
      VCPKG_CHAINLOAD_TOOLCHAIN_FILE: "C:/Program Files/Microsoft Visual Studio/2022/Community/VC/vcpkg/scripts/toolchains/windows.cmake"
      VCPKG_TARGET_ARCHITECTURE: "x64"
      VCPKG_TARGET_TRIPLET: "x64-windows"
      Z_VCPKG_ROOT_DIR: "C:/Program Files/Microsoft Visual Studio/2022/Community/VC/vcpkg"
    buildResult:
      variable: "HAVE_UNISTD_H"
      cached: true
      stdout: |
        Change Dir: 'C:/Users/meloy/source/repos/TestPureCodeEquation/TestPureCodeEquation/vcpkg_installed/vcpkg/blds/fftw3/x64-windows-rel/CMakeFiles/CMakeScratch/TryCompile-3lrpcc'
        
        Run Build Command(s): "C:/Program Files/Microsoft Visual Studio/2022/Community/Common7/IDE/CommonExtensions/Microsoft/CMake/Ninja/ninja.exe" -v cmTC_00a6e
        [1/2] C:\\PROGRA~1\\MICROS~3\\2022\\Community\\VC\\Tools\\MSVC\\14.40.33807\\bin\\Hostx64\\x64\\cl.exe  /nologo   /nologo /DWIN32 /D_WINDOWS /W3 /utf-8 /MP   /MDd /Zi /Ob0 /Od /RTC1 /showIncludes /FoCMakeFiles\\cmTC_00a6e.dir\\CheckIncludeFile.c.obj /FdCMakeFiles\\cmTC_00a6e.dir\\ /FS -c C:\\Users\\meloy\\source\\repos\\TestPureCodeEquation\\TestPureCodeEquation\\vcpkg_installed\\vcpkg\\blds\\fftw3\\x64-windows-rel\\CMakeFiles\\CMakeScratch\\TryCompile-3lrpcc\\CheckIncludeFile.c
        FAILED: CMakeFiles/cmTC_00a6e.dir/CheckIncludeFile.c.obj 
        C:\\PROGRA~1\\MICROS~3\\2022\\Community\\VC\\Tools\\MSVC\\14.40.33807\\bin\\Hostx64\\x64\\cl.exe  /nologo   /nologo /DWIN32 /D_WINDOWS /W3 /utf-8 /MP   /MDd /Zi /Ob0 /Od /RTC1 /showIncludes /FoCMakeFiles\\cmTC_00a6e.dir\\CheckIncludeFile.c.obj /FdCMakeFiles\\cmTC_00a6e.dir\\ /FS -c C:\\Users\\meloy\\source\\repos\\TestPureCodeEquation\\TestPureCodeEquation\\vcpkg_installed\\vcpkg\\blds\\fftw3\\x64-windows-rel\\CMakeFiles\\CMakeScratch\\TryCompile-3lrpcc\\CheckIncludeFile.c
        C:\\Users\\meloy\\source\\repos\\TestPureCodeEquation\\TestPureCodeEquation\\vcpkg_installed\\vcpkg\\blds\\fftw3\\x64-windows-rel\\CMakeFiles\\CMakeScratch\\TryCompile-3lrpcc\\CheckIncludeFile.c(1): fatal error C1083: Cannot open include file: 'unistd.h': No such file or directory
        ninja: build stopped: subcommand failed.
        
      exitCode: 1
  -
    kind: "try_compile-v1"
    backtrace:
      - "C:/Program Files/CMake/share/cmake-3.27/Modules/CheckPrototypeDefinition.cmake:98 (try_compile)"
      - "CMakeLists.txt:63 (check_prototype_definition)"
    checks:
      - "Checking prototype drand48 for HAVE_DECL_DRAND48"
    directories:
      source: "C:/Users/meloy/source/repos/TestPureCodeEquation/TestPureCodeEquation/vcpkg_installed/vcpkg/blds/fftw3/x64-windows-rel/CMakeFiles/CMakeScratch/TryCompile-d1nrq4"
      binary: "C:/Users/meloy/source/repos/TestPureCodeEquation/TestPureCodeEquation/vcpkg_installed/vcpkg/blds/fftw3/x64-windows-rel/CMakeFiles/CMakeScratch/TryCompile-d1nrq4"
    cmakeVariables:
      CMAKE_C_FLAGS: " /nologo /DWIN32 /D_WINDOWS /W3 /utf-8 /MP "
      CMAKE_MSVC_DEBUG_INFORMATION_FORMAT: ""
      CMAKE_MSVC_RUNTIME_LIBRARY: "MultiThreaded$<$<CONFIG:Debug>:Debug>$<$<STREQUAL:dynamic,dynamic>:DLL>"
      VCPKG_APPLOCAL_DEPS: "OFF"
      VCPKG_CHAINLOAD_TOOLCHAIN_FILE: "C:/Program Files/Microsoft Visual Studio/2022/Community/VC/vcpkg/scripts/toolchains/windows.cmake"
      VCPKG_TARGET_ARCHITECTURE: "x64"
      VCPKG_TARGET_TRIPLET: "x64-windows"
      Z_VCPKG_ROOT_DIR: "C:/Program Files/Microsoft Visual Studio/2022/Community/VC/vcpkg"
    buildResult:
      variable: "HAVE_DECL_DRAND48"
      cached: true
      stdout: |
        Change Dir: 'C:/Users/meloy/source/repos/TestPureCodeEquation/TestPureCodeEquation/vcpkg_installed/vcpkg/blds/fftw3/x64-windows-rel/CMakeFiles/CMakeScratch/TryCompile-d1nrq4'
        
        Run Build Command(s): "C:/Program Files/Microsoft Visual Studio/2022/Community/Common7/IDE/CommonExtensions/Microsoft/CMake/Ninja/ninja.exe" -v cmTC_f68b4
        [1/2] C:\\PROGRA~1\\MICROS~3\\2022\\Community\\VC\\Tools\\MSVC\\14.40.33807\\bin\\Hostx64\\x64\\cl.exe  /nologo   /nologo /DWIN32 /D_WINDOWS /W3 /utf-8 /MP   /MDd /Zi /Ob0 /Od /RTC1 /showIncludes /FoCMakeFiles\\cmTC_f68b4.dir\\CheckPrototypeDefinition.c.obj /FdCMakeFiles\\cmTC_f68b4.dir\\ /FS -c C:\\Users\\meloy\\source\\repos\\TestPureCodeEquation\\TestPureCodeEquation\\vcpkg_installed\\vcpkg\\blds\\fftw3\\x64-windows-rel\\CMakeFiles\\CMakeScratch\\TryCompile-d1nrq4\\CheckPrototypeDefinition.c
        FAILED: CMakeFiles/cmTC_f68b4.dir/CheckPrototypeDefinition.c.obj 
        C:\\PROGRA~1\\MICROS~3\\2022\\Community\\VC\\Tools\\MSVC\\14.40.33807\\bin\\Hostx64\\x64\\cl.exe  /nologo   /nologo /DWIN32 /D_WINDOWS /W3 /utf-8 /MP   /MDd /Zi /Ob0 /Od /RTC1 /showIncludes /FoCMakeFiles\\cmTC_f68b4.dir\\CheckPrototypeDefinition.c.obj /FdCMakeFiles\\cmTC_f68b4.dir\\ /FS -c C:\\Users\\meloy\\source\\repos\\TestPureCodeEquation\\TestPureCodeEquation\\vcpkg_installed\\vcpkg\\blds\\fftw3\\x64-windows-rel\\CMakeFiles\\CMakeScratch\\TryCompile-d1nrq4\\CheckPrototypeDefinition.c
        C:\\Users\\meloy\\source\\repos\\TestPureCodeEquation\\TestPureCodeEquation\\vcpkg_installed\\vcpkg\\blds\\fftw3\\x64-windows-rel\\CMakeFiles\\CMakeScratch\\TryCompile-d1nrq4\\CheckPrototypeDefinition.c(10): error C2065: 'drand48': undeclared identifier
        ninja: build stopped: subcommand failed.
        
      exitCode: 1
  -
    kind: "try_compile-v1"
    backtrace:
      - "C:/Program Files/CMake/share/cmake-3.27/Modules/CheckPrototypeDefinition.cmake:98 (try_compile)"
      - "CMakeLists.txt:64 (check_prototype_definition)"
    checks:
      - "Checking prototype srand48 for HAVE_DECL_SRAND48"
    directories:
      source: "C:/Users/meloy/source/repos/TestPureCodeEquation/TestPureCodeEquation/vcpkg_installed/vcpkg/blds/fftw3/x64-windows-rel/CMakeFiles/CMakeScratch/TryCompile-e4aqri"
      binary: "C:/Users/meloy/source/repos/TestPureCodeEquation/TestPureCodeEquation/vcpkg_installed/vcpkg/blds/fftw3/x64-windows-rel/CMakeFiles/CMakeScratch/TryCompile-e4aqri"
    cmakeVariables:
      CMAKE_C_FLAGS: " /nologo /DWIN32 /D_WINDOWS /W3 /utf-8 /MP "
      CMAKE_MSVC_DEBUG_INFORMATION_FORMAT: ""
      CMAKE_MSVC_RUNTIME_LIBRARY: "MultiThreaded$<$<CONFIG:Debug>:Debug>$<$<STREQUAL:dynamic,dynamic>:DLL>"
      VCPKG_APPLOCAL_DEPS: "OFF"
      VCPKG_CHAINLOAD_TOOLCHAIN_FILE: "C:/Program Files/Microsoft Visual Studio/2022/Community/VC/vcpkg/scripts/toolchains/windows.cmake"
      VCPKG_TARGET_ARCHITECTURE: "x64"
      VCPKG_TARGET_TRIPLET: "x64-windows"
      Z_VCPKG_ROOT_DIR: "C:/Program Files/Microsoft Visual Studio/2022/Community/VC/vcpkg"
    buildResult:
      variable: "HAVE_DECL_SRAND48"
      cached: true
      stdout: |
        Change Dir: 'C:/Users/meloy/source/repos/TestPureCodeEquation/TestPureCodeEquation/vcpkg_installed/vcpkg/blds/fftw3/x64-windows-rel/CMakeFiles/CMakeScratch/TryCompile-e4aqri'
        
        Run Build Command(s): "C:/Program Files/Microsoft Visual Studio/2022/Community/Common7/IDE/CommonExtensions/Microsoft/CMake/Ninja/ninja.exe" -v cmTC_47cdc
        [1/2] C:\\PROGRA~1\\MICROS~3\\2022\\Community\\VC\\Tools\\MSVC\\14.40.33807\\bin\\Hostx64\\x64\\cl.exe  /nologo   /nologo /DWIN32 /D_WINDOWS /W3 /utf-8 /MP   /MDd /Zi /Ob0 /Od /RTC1 /showIncludes /FoCMakeFiles\\cmTC_47cdc.dir\\CheckPrototypeDefinition.c.obj /FdCMakeFiles\\cmTC_47cdc.dir\\ /FS -c C:\\Users\\meloy\\source\\repos\\TestPureCodeEquation\\TestPureCodeEquation\\vcpkg_installed\\vcpkg\\blds\\fftw3\\x64-windows-rel\\CMakeFiles\\CMakeScratch\\TryCompile-e4aqri\\CheckPrototypeDefinition.c
        FAILED: CMakeFiles/cmTC_47cdc.dir/CheckPrototypeDefinition.c.obj 
        C:\\PROGRA~1\\MICROS~3\\2022\\Community\\VC\\Tools\\MSVC\\14.40.33807\\bin\\Hostx64\\x64\\cl.exe  /nologo   /nologo /DWIN32 /D_WINDOWS /W3 /utf-8 /MP   /MDd /Zi /Ob0 /Od /RTC1 /showIncludes /FoCMakeFiles\\cmTC_47cdc.dir\\CheckPrototypeDefinition.c.obj /FdCMakeFiles\\cmTC_47cdc.dir\\ /FS -c C:\\Users\\meloy\\source\\repos\\TestPureCodeEquation\\TestPureCodeEquation\\vcpkg_installed\\vcpkg\\blds\\fftw3\\x64-windows-rel\\CMakeFiles\\CMakeScratch\\TryCompile-e4aqri\\CheckPrototypeDefinition.c
        C:\\Users\\meloy\\source\\repos\\TestPureCodeEquation\\TestPureCodeEquation\\vcpkg_installed\\vcpkg\\blds\\fftw3\\x64-windows-rel\\CMakeFiles\\CMakeScratch\\TryCompile-e4aqri\\CheckPrototypeDefinition.c(10): error C2065: 'srand48': undeclared identifier
        C:\\Users\\meloy\\source\\repos\\TestPureCodeEquation\\TestPureCodeEquation\\vcpkg_installed\\vcpkg\\blds\\fftw3\\x64-windows-rel\\CMakeFiles\\CMakeScratch\\TryCompile-e4aqri\\CheckPrototypeDefinition.c(15): warning C4098: 'srand48': 'void' function returning a value
        ninja: build stopped: subcommand failed.
        
      exitCode: 1
  -
    kind: "try_compile-v1"
    backtrace:
      - "C:/Program Files/CMake/share/cmake-3.27/Modules/CheckPrototypeDefinition.cmake:98 (try_compile)"
      - "CMakeLists.txt:65 (check_prototype_definition)"
    checks:
      - "Checking prototype cosl for HAVE_DECL_COSL"
    directories:
      source: "C:/Users/meloy/source/repos/TestPureCodeEquation/TestPureCodeEquation/vcpkg_installed/vcpkg/blds/fftw3/x64-windows-rel/CMakeFiles/CMakeScratch/TryCompile-6vyewa"
      binary: "C:/Users/meloy/source/repos/TestPureCodeEquation/TestPureCodeEquation/vcpkg_installed/vcpkg/blds/fftw3/x64-windows-rel/CMakeFiles/CMakeScratch/TryCompile-6vyewa"
    cmakeVariables:
      CMAKE_C_FLAGS: " /nologo /DWIN32 /D_WINDOWS /W3 /utf-8 /MP "
      CMAKE_MSVC_DEBUG_INFORMATION_FORMAT: ""
      CMAKE_MSVC_RUNTIME_LIBRARY: "MultiThreaded$<$<CONFIG:Debug>:Debug>$<$<STREQUAL:dynamic,dynamic>:DLL>"
      VCPKG_APPLOCAL_DEPS: "OFF"
      VCPKG_CHAINLOAD_TOOLCHAIN_FILE: "C:/Program Files/Microsoft Visual Studio/2022/Community/VC/vcpkg/scripts/toolchains/windows.cmake"
      VCPKG_TARGET_ARCHITECTURE: "x64"
      VCPKG_TARGET_TRIPLET: "x64-windows"
      Z_VCPKG_ROOT_DIR: "C:/Program Files/Microsoft Visual Studio/2022/Community/VC/vcpkg"
    buildResult:
      variable: "HAVE_DECL_COSL"
      cached: true
      stdout: |
        Change Dir: 'C:/Users/meloy/source/repos/TestPureCodeEquation/TestPureCodeEquation/vcpkg_installed/vcpkg/blds/fftw3/x64-windows-rel/CMakeFiles/CMakeScratch/TryCompile-6vyewa'
        
        Run Build Command(s): "C:/Program Files/Microsoft Visual Studio/2022/Community/Common7/IDE/CommonExtensions/Microsoft/CMake/Ninja/ninja.exe" -v cmTC_d7a6a
        [1/2] C:\\PROGRA~1\\MICROS~3\\2022\\Community\\VC\\Tools\\MSVC\\14.40.33807\\bin\\Hostx64\\x64\\cl.exe  /nologo   /nologo /DWIN32 /D_WINDOWS /W3 /utf-8 /MP   /MDd /Zi /Ob0 /Od /RTC1 /showIncludes /FoCMakeFiles\\cmTC_d7a6a.dir\\CheckPrototypeDefinition.c.obj /FdCMakeFiles\\cmTC_d7a6a.dir\\ /FS -c C:\\Users\\meloy\\source\\repos\\TestPureCodeEquation\\TestPureCodeEquation\\vcpkg_installed\\vcpkg\\blds\\fftw3\\x64-windows-rel\\CMakeFiles\\CMakeScratch\\TryCompile-6vyewa\\CheckPrototypeDefinition.c
        FAILED: CMakeFiles/cmTC_d7a6a.dir/CheckPrototypeDefinition.c.obj 
        C:\\PROGRA~1\\MICROS~3\\2022\\Community\\VC\\Tools\\MSVC\\14.40.33807\\bin\\Hostx64\\x64\\cl.exe  /nologo   /nologo /DWIN32 /D_WINDOWS /W3 /utf-8 /MP   /MDd /Zi /Ob0 /Od /RTC1 /showIncludes /FoCMakeFiles\\cmTC_d7a6a.dir\\CheckPrototypeDefinition.c.obj /FdCMakeFiles\\cmTC_d7a6a.dir\\ /FS -c C:\\Users\\meloy\\source\\repos\\TestPureCodeEquation\\TestPureCodeEquation\\vcpkg_installed\\vcpkg\\blds\\fftw3\\x64-windows-rel\\CMakeFiles\\CMakeScratch\\TryCompile-6vyewa\\CheckPrototypeDefinition.c
        C:\\Users\\meloy\\source\\repos\\TestPureCodeEquation\\TestPureCodeEquation\\vcpkg_installed\\vcpkg\\blds\\fftw3\\x64-windows-rel\\CMakeFiles\\CMakeScratch\\TryCompile-6vyewa\\CheckPrototypeDefinition.c(14): error C2084: function 'long double cosl(long double)' already has a body
        C:\\Program Files (x86)\\Windows Kits\\10\\include\\10.0.22621.0\\ucrt\\corecrt_math.h(833): note: see previous definition of 'cosl'
        ninja: build stopped: subcommand failed.
        
      exitCode: 1
  -
    kind: "try_compile-v1"
    backtrace:
      - "C:/Program Files/CMake/share/cmake-3.27/Modules/CheckPrototypeDefinition.cmake:98 (try_compile)"
      - "CMakeLists.txt:66 (check_prototype_definition)"
    checks:
      - "Checking prototype sinl for HAVE_DECL_SINL"
    directories:
      source: "C:/Users/meloy/source/repos/TestPureCodeEquation/TestPureCodeEquation/vcpkg_installed/vcpkg/blds/fftw3/x64-windows-rel/CMakeFiles/CMakeScratch/TryCompile-984442"
      binary: "C:/Users/meloy/source/repos/TestPureCodeEquation/TestPureCodeEquation/vcpkg_installed/vcpkg/blds/fftw3/x64-windows-rel/CMakeFiles/CMakeScratch/TryCompile-984442"
    cmakeVariables:
      CMAKE_C_FLAGS: " /nologo /DWIN32 /D_WINDOWS /W3 /utf-8 /MP "
      CMAKE_MSVC_DEBUG_INFORMATION_FORMAT: ""
      CMAKE_MSVC_RUNTIME_LIBRARY: "MultiThreaded$<$<CONFIG:Debug>:Debug>$<$<STREQUAL:dynamic,dynamic>:DLL>"
      VCPKG_APPLOCAL_DEPS: "OFF"
      VCPKG_CHAINLOAD_TOOLCHAIN_FILE: "C:/Program Files/Microsoft Visual Studio/2022/Community/VC/vcpkg/scripts/toolchains/windows.cmake"
      VCPKG_TARGET_ARCHITECTURE: "x64"
      VCPKG_TARGET_TRIPLET: "x64-windows"
      Z_VCPKG_ROOT_DIR: "C:/Program Files/Microsoft Visual Studio/2022/Community/VC/vcpkg"
    buildResult:
      variable: "HAVE_DECL_SINL"
      cached: true
      stdout: |
        Change Dir: 'C:/Users/meloy/source/repos/TestPureCodeEquation/TestPureCodeEquation/vcpkg_installed/vcpkg/blds/fftw3/x64-windows-rel/CMakeFiles/CMakeScratch/TryCompile-984442'
        
        Run Build Command(s): "C:/Program Files/Microsoft Visual Studio/2022/Community/Common7/IDE/CommonExtensions/Microsoft/CMake/Ninja/ninja.exe" -v cmTC_a073a
        [1/2] C:\\PROGRA~1\\MICROS~3\\2022\\Community\\VC\\Tools\\MSVC\\14.40.33807\\bin\\Hostx64\\x64\\cl.exe  /nologo   /nologo /DWIN32 /D_WINDOWS /W3 /utf-8 /MP   /MDd /Zi /Ob0 /Od /RTC1 /showIncludes /FoCMakeFiles\\cmTC_a073a.dir\\CheckPrototypeDefinition.c.obj /FdCMakeFiles\\cmTC_a073a.dir\\ /FS -c C:\\Users\\meloy\\source\\repos\\TestPureCodeEquation\\TestPureCodeEquation\\vcpkg_installed\\vcpkg\\blds\\fftw3\\x64-windows-rel\\CMakeFiles\\CMakeScratch\\TryCompile-984442\\CheckPrototypeDefinition.c
        FAILED: CMakeFiles/cmTC_a073a.dir/CheckPrototypeDefinition.c.obj 
        C:\\PROGRA~1\\MICROS~3\\2022\\Community\\VC\\Tools\\MSVC\\14.40.33807\\bin\\Hostx64\\x64\\cl.exe  /nologo   /nologo /DWIN32 /D_WINDOWS /W3 /utf-8 /MP   /MDd /Zi /Ob0 /Od /RTC1 /showIncludes /FoCMakeFiles\\cmTC_a073a.dir\\CheckPrototypeDefinition.c.obj /FdCMakeFiles\\cmTC_a073a.dir\\ /FS -c C:\\Users\\meloy\\source\\repos\\TestPureCodeEquation\\TestPureCodeEquation\\vcpkg_installed\\vcpkg\\blds\\fftw3\\x64-windows-rel\\CMakeFiles\\CMakeScratch\\TryCompile-984442\\CheckPrototypeDefinition.c
        C:\\Users\\meloy\\source\\repos\\TestPureCodeEquation\\TestPureCodeEquation\\vcpkg_installed\\vcpkg\\blds\\fftw3\\x64-windows-rel\\CMakeFiles\\CMakeScratch\\TryCompile-984442\\CheckPrototypeDefinition.c(14): error C2084: function 'long double sinl(long double)' already has a body
        C:\\Program Files (x86)\\Windows Kits\\10\\include\\10.0.22621.0\\ucrt\\corecrt_math.h(942): note: see previous definition of 'sinl'
        ninja: build stopped: subcommand failed.
        
      exitCode: 1
  -
    kind: "try_compile-v1"
    backtrace:
      - "C:/Program Files/CMake/share/cmake-3.27/Modules/CheckPrototypeDefinition.cmake:98 (try_compile)"
      - "CMakeLists.txt:67 (check_prototype_definition)"
    checks:
      - "Checking prototype memalign for HAVE_DECL_MEMALIGN"
    directories:
      source: "C:/Users/meloy/source/repos/TestPureCodeEquation/TestPureCodeEquation/vcpkg_installed/vcpkg/blds/fftw3/x64-windows-rel/CMakeFiles/CMakeScratch/TryCompile-2yks72"
      binary: "C:/Users/meloy/source/repos/TestPureCodeEquation/TestPureCodeEquation/vcpkg_installed/vcpkg/blds/fftw3/x64-windows-rel/CMakeFiles/CMakeScratch/TryCompile-2yks72"
    cmakeVariables:
      CMAKE_C_FLAGS: " /nologo /DWIN32 /D_WINDOWS /W3 /utf-8 /MP "
      CMAKE_MSVC_DEBUG_INFORMATION_FORMAT: ""
      CMAKE_MSVC_RUNTIME_LIBRARY: "MultiThreaded$<$<CONFIG:Debug>:Debug>$<$<STREQUAL:dynamic,dynamic>:DLL>"
      VCPKG_APPLOCAL_DEPS: "OFF"
      VCPKG_CHAINLOAD_TOOLCHAIN_FILE: "C:/Program Files/Microsoft Visual Studio/2022/Community/VC/vcpkg/scripts/toolchains/windows.cmake"
      VCPKG_TARGET_ARCHITECTURE: "x64"
      VCPKG_TARGET_TRIPLET: "x64-windows"
      Z_VCPKG_ROOT_DIR: "C:/Program Files/Microsoft Visual Studio/2022/Community/VC/vcpkg"
    buildResult:
      variable: "HAVE_DECL_MEMALIGN"
      cached: true
      stdout: |
        Change Dir: 'C:/Users/meloy/source/repos/TestPureCodeEquation/TestPureCodeEquation/vcpkg_installed/vcpkg/blds/fftw3/x64-windows-rel/CMakeFiles/CMakeScratch/TryCompile-2yks72'
        
        Run Build Command(s): "C:/Program Files/Microsoft Visual Studio/2022/Community/Common7/IDE/CommonExtensions/Microsoft/CMake/Ninja/ninja.exe" -v cmTC_51fcb
        [1/2] C:\\PROGRA~1\\MICROS~3\\2022\\Community\\VC\\Tools\\MSVC\\14.40.33807\\bin\\Hostx64\\x64\\cl.exe  /nologo   /nologo /DWIN32 /D_WINDOWS /W3 /utf-8 /MP   /MDd /Zi /Ob0 /Od /RTC1 /showIncludes /FoCMakeFiles\\cmTC_51fcb.dir\\CheckPrototypeDefinition.c.obj /FdCMakeFiles\\cmTC_51fcb.dir\\ /FS -c C:\\Users\\meloy\\source\\repos\\TestPureCodeEquation\\TestPureCodeEquation\\vcpkg_installed\\vcpkg\\blds\\fftw3\\x64-windows-rel\\CMakeFiles\\CMakeScratch\\TryCompile-2yks72\\CheckPrototypeDefinition.c
        FAILED: CMakeFiles/cmTC_51fcb.dir/CheckPrototypeDefinition.c.obj 
        C:\\PROGRA~1\\MICROS~3\\2022\\Community\\VC\\Tools\\MSVC\\14.40.33807\\bin\\Hostx64\\x64\\cl.exe  /nologo   /nologo /DWIN32 /D_WINDOWS /W3 /utf-8 /MP   /MDd /Zi /Ob0 /Od /RTC1 /showIncludes /FoCMakeFiles\\cmTC_51fcb.dir\\CheckPrototypeDefinition.c.obj /FdCMakeFiles\\cmTC_51fcb.dir\\ /FS -c C:\\Users\\meloy\\source\\repos\\TestPureCodeEquation\\TestPureCodeEquation\\vcpkg_installed\\vcpkg\\blds\\fftw3\\x64-windows-rel\\CMakeFiles\\CMakeScratch\\TryCompile-2yks72\\CheckPrototypeDefinition.c
        C:\\Users\\meloy\\source\\repos\\TestPureCodeEquation\\TestPureCodeEquation\\vcpkg_installed\\vcpkg\\blds\\fftw3\\x64-windows-rel\\CMakeFiles\\CMakeScratch\\TryCompile-2yks72\\CheckPrototypeDefinition.c(10): error C2065: 'memalign': undeclared identifier
        ninja: build stopped: subcommand failed.
        
      exitCode: 1
  -
    kind: "try_compile-v1"
    backtrace:
      - "C:/Program Files/CMake/share/cmake-3.27/Modules/CheckPrototypeDefinition.cmake:98 (try_compile)"
      - "CMakeLists.txt:68 (check_prototype_definition)"
    checks:
      - "Checking prototype posix_memalign for HAVE_DECL_POSIX_MEMALIGN"
    directories:
      source: "C:/Users/meloy/source/repos/TestPureCodeEquation/TestPureCodeEquation/vcpkg_installed/vcpkg/blds/fftw3/x64-windows-rel/CMakeFiles/CMakeScratch/TryCompile-mftoga"
      binary: "C:/Users/meloy/source/repos/TestPureCodeEquation/TestPureCodeEquation/vcpkg_installed/vcpkg/blds/fftw3/x64-windows-rel/CMakeFiles/CMakeScratch/TryCompile-mftoga"
    cmakeVariables:
      CMAKE_C_FLAGS: " /nologo /DWIN32 /D_WINDOWS /W3 /utf-8 /MP "
      CMAKE_MSVC_DEBUG_INFORMATION_FORMAT: ""
      CMAKE_MSVC_RUNTIME_LIBRARY: "MultiThreaded$<$<CONFIG:Debug>:Debug>$<$<STREQUAL:dynamic,dynamic>:DLL>"
      VCPKG_APPLOCAL_DEPS: "OFF"
      VCPKG_CHAINLOAD_TOOLCHAIN_FILE: "C:/Program Files/Microsoft Visual Studio/2022/Community/VC/vcpkg/scripts/toolchains/windows.cmake"
      VCPKG_TARGET_ARCHITECTURE: "x64"
      VCPKG_TARGET_TRIPLET: "x64-windows"
      Z_VCPKG_ROOT_DIR: "C:/Program Files/Microsoft Visual Studio/2022/Community/VC/vcpkg"
    buildResult:
      variable: "HAVE_DECL_POSIX_MEMALIGN"
      cached: true
      stdout: |
        Change Dir: 'C:/Users/meloy/source/repos/TestPureCodeEquation/TestPureCodeEquation/vcpkg_installed/vcpkg/blds/fftw3/x64-windows-rel/CMakeFiles/CMakeScratch/TryCompile-mftoga'
        
        Run Build Command(s): "C:/Program Files/Microsoft Visual Studio/2022/Community/Common7/IDE/CommonExtensions/Microsoft/CMake/Ninja/ninja.exe" -v cmTC_2450a
        [1/2] C:\\PROGRA~1\\MICROS~3\\2022\\Community\\VC\\Tools\\MSVC\\14.40.33807\\bin\\Hostx64\\x64\\cl.exe  /nologo   /nologo /DWIN32 /D_WINDOWS /W3 /utf-8 /MP   /MDd /Zi /Ob0 /Od /RTC1 /showIncludes /FoCMakeFiles\\cmTC_2450a.dir\\CheckPrototypeDefinition.c.obj /FdCMakeFiles\\cmTC_2450a.dir\\ /FS -c C:\\Users\\meloy\\source\\repos\\TestPureCodeEquation\\TestPureCodeEquation\\vcpkg_installed\\vcpkg\\blds\\fftw3\\x64-windows-rel\\CMakeFiles\\CMakeScratch\\TryCompile-mftoga\\CheckPrototypeDefinition.c
        FAILED: CMakeFiles/cmTC_2450a.dir/CheckPrototypeDefinition.c.obj 
        C:\\PROGRA~1\\MICROS~3\\2022\\Community\\VC\\Tools\\MSVC\\14.40.33807\\bin\\Hostx64\\x64\\cl.exe  /nologo   /nologo /DWIN32 /D_WINDOWS /W3 /utf-8 /MP   /MDd /Zi /Ob0 /Od /RTC1 /showIncludes /FoCMakeFiles\\cmTC_2450a.dir\\CheckPrototypeDefinition.c.obj /FdCMakeFiles\\cmTC_2450a.dir\\ /FS -c C:\\Users\\meloy\\source\\repos\\TestPureCodeEquation\\TestPureCodeEquation\\vcpkg_installed\\vcpkg\\blds\\fftw3\\x64-windows-rel\\CMakeFiles\\CMakeScratch\\TryCompile-mftoga\\CheckPrototypeDefinition.c
        C:\\Users\\meloy\\source\\repos\\TestPureCodeEquation\\TestPureCodeEquation\\vcpkg_installed\\vcpkg\\blds\\fftw3\\x64-windows-rel\\CMakeFiles\\CMakeScratch\\TryCompile-mftoga\\CheckPrototypeDefinition.c(10): error C2065: 'posix_memalign': undeclared identifier
        ninja: build stopped: subcommand failed.
        
      exitCode: 1
  -
    kind: "try_compile-v1"
    backtrace:
      - "C:/Program Files/CMake/share/cmake-3.27/Modules/CheckPrototypeDefinition.cmake:98 (try_compile)"
      - "CMakeLists.txt:69 (check_prototype_definition)"
    checks:
      - "Checking prototype _aligned_malloc for HAVE_DECL_ALIGNED_MALLOC"
    directories:
      source: "C:/Users/meloy/source/repos/TestPureCodeEquation/TestPureCodeEquation/vcpkg_installed/vcpkg/blds/fftw3/x64-windows-rel/CMakeFiles/CMakeScratch/TryCompile-ed73ys"
      binary: "C:/Users/meloy/source/repos/TestPureCodeEquation/TestPureCodeEquation/vcpkg_installed/vcpkg/blds/fftw3/x64-windows-rel/CMakeFiles/CMakeScratch/TryCompile-ed73ys"
    cmakeVariables:
      CMAKE_C_FLAGS: " /nologo /DWIN32 /D_WINDOWS /W3 /utf-8 /MP "
      CMAKE_MSVC_DEBUG_INFORMATION_FORMAT: ""
      CMAKE_MSVC_RUNTIME_LIBRARY: "MultiThreaded$<$<CONFIG:Debug>:Debug>$<$<STREQUAL:dynamic,dynamic>:DLL>"
      VCPKG_APPLOCAL_DEPS: "OFF"
      VCPKG_CHAINLOAD_TOOLCHAIN_FILE: "C:/Program Files/Microsoft Visual Studio/2022/Community/VC/vcpkg/scripts/toolchains/windows.cmake"
      VCPKG_TARGET_ARCHITECTURE: "x64"
      VCPKG_TARGET_TRIPLET: "x64-windows"
      Z_VCPKG_ROOT_DIR: "C:/Program Files/Microsoft Visual Studio/2022/Community/VC/vcpkg"
    buildResult:
      variable: "HAVE_DECL_ALIGNED_MALLOC"
      cached: true
      stdout: |
        Change Dir: 'C:/Users/meloy/source/repos/TestPureCodeEquation/TestPureCodeEquation/vcpkg_installed/vcpkg/blds/fftw3/x64-windows-rel/CMakeFiles/CMakeScratch/TryCompile-ed73ys'
        
        Run Build Command(s): "C:/Program Files/Microsoft Visual Studio/2022/Community/Common7/IDE/CommonExtensions/Microsoft/CMake/Ninja/ninja.exe" -v cmTC_f57e0
        [1/2] C:\\PROGRA~1\\MICROS~3\\2022\\Community\\VC\\Tools\\MSVC\\14.40.33807\\bin\\Hostx64\\x64\\cl.exe  /nologo   /nologo /DWIN32 /D_WINDOWS /W3 /utf-8 /MP   /MDd /Zi /Ob0 /Od /RTC1 /showIncludes /FoCMakeFiles\\cmTC_f57e0.dir\\CheckPrototypeDefinition.c.obj /FdCMakeFiles\\cmTC_f57e0.dir\\ /FS -c C:\\Users\\meloy\\source\\repos\\TestPureCodeEquation\\TestPureCodeEquation\\vcpkg_installed\\vcpkg\\blds\\fftw3\\x64-windows-rel\\CMakeFiles\\CMakeScratch\\TryCompile-ed73ys\\CheckPrototypeDefinition.c
        C:\\Users\\meloy\\source\\repos\\TestPureCodeEquation\\TestPureCodeEquation\\vcpkg_installed\\vcpkg\\blds\\fftw3\\x64-windows-rel\\CMakeFiles\\CMakeScratch\\TryCompile-ed73ys\\CheckPrototypeDefinition.c(14): warning C4273: '_aligned_malloc': inconsistent dll linkage
        C:\\Program Files (x86)\\Windows Kits\\10\\include\\10.0.22621.0\\ucrt\\corecrt_malloc.h(154): note: see previous definition of '_aligned_malloc'
        [2/2] cmd.exe /C "cd . && "C:\\Program Files\\CMake\\bin\\cmake.exe" -E vs_link_exe --intdir=CMakeFiles\\cmTC_f57e0.dir --rc=C:\\PROGRA~2\\WI3CF2~1\\10\\bin\\10.0.22621.0\\x64\\rc.exe --mt=C:\\PROGRA~2\\WI3CF2~1\\10\\bin\\10.0.22621.0\\x64\\mt.exe --manifests  -- C:\\PROGRA~1\\MICROS~3\\2022\\Community\\VC\\Tools\\MSVC\\14.40.33807\\bin\\Hostx64\\x64\\link.exe /nologo CMakeFiles\\cmTC_f57e0.dir\\CheckPrototypeDefinition.c.obj  /out:cmTC_f57e0.exe /implib:cmTC_f57e0.lib /pdb:cmTC_f57e0.pdb /version:0.0 /machine:x64  /debug /INCREMENTAL /subsystem:console  kernel32.lib user32.lib gdi32.lib winspool.lib shell32.lib ole32.lib oleaut32.lib uuid.lib comdlg32.lib advapi32.lib && cd ."
        
      exitCode: 0
  -
    kind: "try_compile-v1"
    backtrace:
      - "C:/Program Files/CMake/share/cmake-3.27/Modules/CheckSymbolExists.cmake:140 (try_compile)"
      - "C:/Program Files/CMake/share/cmake-3.27/Modules/CheckSymbolExists.cmake:66 (__CHECK_SYMBOL_EXISTS_IMPL)"
      - "CMakeLists.txt:72 (check_symbol_exists)"
    checks:
      - "Looking for clock_gettime"
    directories:
      source: "C:/Users/meloy/source/repos/TestPureCodeEquation/TestPureCodeEquation/vcpkg_installed/vcpkg/blds/fftw3/x64-windows-rel/CMakeFiles/CMakeScratch/TryCompile-sti7yc"
      binary: "C:/Users/meloy/source/repos/TestPureCodeEquation/TestPureCodeEquation/vcpkg_installed/vcpkg/blds/fftw3/x64-windows-rel/CMakeFiles/CMakeScratch/TryCompile-sti7yc"
    cmakeVariables:
      CMAKE_C_FLAGS: " /nologo /DWIN32 /D_WINDOWS /W3 /utf-8 /MP "
      CMAKE_MSVC_DEBUG_INFORMATION_FORMAT: ""
      CMAKE_MSVC_RUNTIME_LIBRARY: "MultiThreaded$<$<CONFIG:Debug>:Debug>$<$<STREQUAL:dynamic,dynamic>:DLL>"
      VCPKG_APPLOCAL_DEPS: "OFF"
      VCPKG_CHAINLOAD_TOOLCHAIN_FILE: "C:/Program Files/Microsoft Visual Studio/2022/Community/VC/vcpkg/scripts/toolchains/windows.cmake"
      VCPKG_TARGET_ARCHITECTURE: "x64"
      VCPKG_TARGET_TRIPLET: "x64-windows"
      Z_VCPKG_ROOT_DIR: "C:/Program Files/Microsoft Visual Studio/2022/Community/VC/vcpkg"
    buildResult:
      variable: "HAVE_CLOCK_GETTIME"
      cached: true
      stdout: |
        Change Dir: 'C:/Users/meloy/source/repos/TestPureCodeEquation/TestPureCodeEquation/vcpkg_installed/vcpkg/blds/fftw3/x64-windows-rel/CMakeFiles/CMakeScratch/TryCompile-sti7yc'
        
        Run Build Command(s): "C:/Program Files/Microsoft Visual Studio/2022/Community/Common7/IDE/CommonExtensions/Microsoft/CMake/Ninja/ninja.exe" -v cmTC_624e1
        [1/2] C:\\PROGRA~1\\MICROS~3\\2022\\Community\\VC\\Tools\\MSVC\\14.40.33807\\bin\\Hostx64\\x64\\cl.exe  /nologo   /nologo /DWIN32 /D_WINDOWS /W3 /utf-8 /MP   /MDd /Zi /Ob0 /Od /RTC1 /showIncludes /FoCMakeFiles\\cmTC_624e1.dir\\CheckSymbolExists.c.obj /FdCMakeFiles\\cmTC_624e1.dir\\ /FS -c C:\\Users\\meloy\\source\\repos\\TestPureCodeEquation\\TestPureCodeEquation\\vcpkg_installed\\vcpkg\\blds\\fftw3\\x64-windows-rel\\CMakeFiles\\CMakeScratch\\TryCompile-sti7yc\\CheckSymbolExists.c
        FAILED: CMakeFiles/cmTC_624e1.dir/CheckSymbolExists.c.obj 
        C:\\PROGRA~1\\MICROS~3\\2022\\Community\\VC\\Tools\\MSVC\\14.40.33807\\bin\\Hostx64\\x64\\cl.exe  /nologo   /nologo /DWIN32 /D_WINDOWS /W3 /utf-8 /MP   /MDd /Zi /Ob0 /Od /RTC1 /showIncludes /FoCMakeFiles\\cmTC_624e1.dir\\CheckSymbolExists.c.obj /FdCMakeFiles\\cmTC_624e1.dir\\ /FS -c C:\\Users\\meloy\\source\\repos\\TestPureCodeEquation\\TestPureCodeEquation\\vcpkg_installed\\vcpkg\\blds\\fftw3\\x64-windows-rel\\CMakeFiles\\CMakeScratch\\TryCompile-sti7yc\\CheckSymbolExists.c
        C:\\Users\\meloy\\source\\repos\\TestPureCodeEquation\\TestPureCodeEquation\\vcpkg_installed\\vcpkg\\blds\\fftw3\\x64-windows-rel\\CMakeFiles\\CMakeScratch\\TryCompile-sti7yc\\CheckSymbolExists.c(8): error C2065: 'clock_gettime': undeclared identifier
        ninja: build stopped: subcommand failed.
        
      exitCode: 1
  -
    kind: "try_compile-v1"
    backtrace:
      - "C:/Program Files/CMake/share/cmake-3.27/Modules/CheckSymbolExists.cmake:140 (try_compile)"
      - "C:/Program Files/CMake/share/cmake-3.27/Modules/CheckSymbolExists.cmake:66 (__CHECK_SYMBOL_EXISTS_IMPL)"
      - "CMakeLists.txt:73 (check_symbol_exists)"
    checks:
      - "Looking for gettimeofday"
    directories:
      source: "C:/Users/meloy/source/repos/TestPureCodeEquation/TestPureCodeEquation/vcpkg_installed/vcpkg/blds/fftw3/x64-windows-rel/CMakeFiles/CMakeScratch/TryCompile-3fl0t3"
      binary: "C:/Users/meloy/source/repos/TestPureCodeEquation/TestPureCodeEquation/vcpkg_installed/vcpkg/blds/fftw3/x64-windows-rel/CMakeFiles/CMakeScratch/TryCompile-3fl0t3"
    cmakeVariables:
      CMAKE_C_FLAGS: " /nologo /DWIN32 /D_WINDOWS /W3 /utf-8 /MP "
      CMAKE_MSVC_DEBUG_INFORMATION_FORMAT: ""
      CMAKE_MSVC_RUNTIME_LIBRARY: "MultiThreaded$<$<CONFIG:Debug>:Debug>$<$<STREQUAL:dynamic,dynamic>:DLL>"
      VCPKG_APPLOCAL_DEPS: "OFF"
      VCPKG_CHAINLOAD_TOOLCHAIN_FILE: "C:/Program Files/Microsoft Visual Studio/2022/Community/VC/vcpkg/scripts/toolchains/windows.cmake"
      VCPKG_TARGET_ARCHITECTURE: "x64"
      VCPKG_TARGET_TRIPLET: "x64-windows"
      Z_VCPKG_ROOT_DIR: "C:/Program Files/Microsoft Visual Studio/2022/Community/VC/vcpkg"
    buildResult:
      variable: "HAVE_GETTIMEOFDAY"
      cached: true
      stdout: |
        Change Dir: 'C:/Users/meloy/source/repos/TestPureCodeEquation/TestPureCodeEquation/vcpkg_installed/vcpkg/blds/fftw3/x64-windows-rel/CMakeFiles/CMakeScratch/TryCompile-3fl0t3'
        
        Run Build Command(s): "C:/Program Files/Microsoft Visual Studio/2022/Community/Common7/IDE/CommonExtensions/Microsoft/CMake/Ninja/ninja.exe" -v cmTC_43ef8
        [1/2] C:\\PROGRA~1\\MICROS~3\\2022\\Community\\VC\\Tools\\MSVC\\14.40.33807\\bin\\Hostx64\\x64\\cl.exe  /nologo   /nologo /DWIN32 /D_WINDOWS /W3 /utf-8 /MP   /MDd /Zi /Ob0 /Od /RTC1 /showIncludes /FoCMakeFiles\\cmTC_43ef8.dir\\CheckSymbolExists.c.obj /FdCMakeFiles\\cmTC_43ef8.dir\\ /FS -c C:\\Users\\meloy\\source\\repos\\TestPureCodeEquation\\TestPureCodeEquation\\vcpkg_installed\\vcpkg\\blds\\fftw3\\x64-windows-rel\\CMakeFiles\\CMakeScratch\\TryCompile-3fl0t3\\CheckSymbolExists.c
        FAILED: CMakeFiles/cmTC_43ef8.dir/CheckSymbolExists.c.obj 
        C:\\PROGRA~1\\MICROS~3\\2022\\Community\\VC\\Tools\\MSVC\\14.40.33807\\bin\\Hostx64\\x64\\cl.exe  /nologo   /nologo /DWIN32 /D_WINDOWS /W3 /utf-8 /MP   /MDd /Zi /Ob0 /Od /RTC1 /showIncludes /FoCMakeFiles\\cmTC_43ef8.dir\\CheckSymbolExists.c.obj /FdCMakeFiles\\cmTC_43ef8.dir\\ /FS -c C:\\Users\\meloy\\source\\repos\\TestPureCodeEquation\\TestPureCodeEquation\\vcpkg_installed\\vcpkg\\blds\\fftw3\\x64-windows-rel\\CMakeFiles\\CMakeScratch\\TryCompile-3fl0t3\\CheckSymbolExists.c
        C:\\Users\\meloy\\source\\repos\\TestPureCodeEquation\\TestPureCodeEquation\\vcpkg_installed\\vcpkg\\blds\\fftw3\\x64-windows-rel\\CMakeFiles\\CMakeScratch\\TryCompile-3fl0t3\\CheckSymbolExists.c(2): fatal error C1083: Cannot open include file: 'sys/time.h': No such file or directory
        ninja: build stopped: subcommand failed.
        
      exitCode: 1
  -
    kind: "try_compile-v1"
    backtrace:
      - "C:/Program Files/CMake/share/cmake-3.27/Modules/CheckSymbolExists.cmake:140 (try_compile)"
      - "C:/Program Files/CMake/share/cmake-3.27/Modules/CheckSymbolExists.cmake:66 (__CHECK_SYMBOL_EXISTS_IMPL)"
      - "CMakeLists.txt:74 (check_symbol_exists)"
    checks:
      - "Looking for getpagesize"
    directories:
      source: "C:/Users/meloy/source/repos/TestPureCodeEquation/TestPureCodeEquation/vcpkg_installed/vcpkg/blds/fftw3/x64-windows-rel/CMakeFiles/CMakeScratch/TryCompile-a3c4zv"
      binary: "C:/Users/meloy/source/repos/TestPureCodeEquation/TestPureCodeEquation/vcpkg_installed/vcpkg/blds/fftw3/x64-windows-rel/CMakeFiles/CMakeScratch/TryCompile-a3c4zv"
    cmakeVariables:
      CMAKE_C_FLAGS: " /nologo /DWIN32 /D_WINDOWS /W3 /utf-8 /MP "
      CMAKE_MSVC_DEBUG_INFORMATION_FORMAT: ""
      CMAKE_MSVC_RUNTIME_LIBRARY: "MultiThreaded$<$<CONFIG:Debug>:Debug>$<$<STREQUAL:dynamic,dynamic>:DLL>"
      VCPKG_APPLOCAL_DEPS: "OFF"
      VCPKG_CHAINLOAD_TOOLCHAIN_FILE: "C:/Program Files/Microsoft Visual Studio/2022/Community/VC/vcpkg/scripts/toolchains/windows.cmake"
      VCPKG_TARGET_ARCHITECTURE: "x64"
      VCPKG_TARGET_TRIPLET: "x64-windows"
      Z_VCPKG_ROOT_DIR: "C:/Program Files/Microsoft Visual Studio/2022/Community/VC/vcpkg"
    buildResult:
      variable: "HAVE_GETPAGESIZE"
      cached: true
      stdout: |
        Change Dir: 'C:/Users/meloy/source/repos/TestPureCodeEquation/TestPureCodeEquation/vcpkg_installed/vcpkg/blds/fftw3/x64-windows-rel/CMakeFiles/CMakeScratch/TryCompile-a3c4zv'
        
        Run Build Command(s): "C:/Program Files/Microsoft Visual Studio/2022/Community/Common7/IDE/CommonExtensions/Microsoft/CMake/Ninja/ninja.exe" -v cmTC_4dc33
        [1/2] C:\\PROGRA~1\\MICROS~3\\2022\\Community\\VC\\Tools\\MSVC\\14.40.33807\\bin\\Hostx64\\x64\\cl.exe  /nologo   /nologo /DWIN32 /D_WINDOWS /W3 /utf-8 /MP   /MDd /Zi /Ob0 /Od /RTC1 /showIncludes /FoCMakeFiles\\cmTC_4dc33.dir\\CheckSymbolExists.c.obj /FdCMakeFiles\\cmTC_4dc33.dir\\ /FS -c C:\\Users\\meloy\\source\\repos\\TestPureCodeEquation\\TestPureCodeEquation\\vcpkg_installed\\vcpkg\\blds\\fftw3\\x64-windows-rel\\CMakeFiles\\CMakeScratch\\TryCompile-a3c4zv\\CheckSymbolExists.c
        FAILED: CMakeFiles/cmTC_4dc33.dir/CheckSymbolExists.c.obj 
        C:\\PROGRA~1\\MICROS~3\\2022\\Community\\VC\\Tools\\MSVC\\14.40.33807\\bin\\Hostx64\\x64\\cl.exe  /nologo   /nologo /DWIN32 /D_WINDOWS /W3 /utf-8 /MP   /MDd /Zi /Ob0 /Od /RTC1 /showIncludes /FoCMakeFiles\\cmTC_4dc33.dir\\CheckSymbolExists.c.obj /FdCMakeFiles\\cmTC_4dc33.dir\\ /FS -c C:\\Users\\meloy\\source\\repos\\TestPureCodeEquation\\TestPureCodeEquation\\vcpkg_installed\\vcpkg\\blds\\fftw3\\x64-windows-rel\\CMakeFiles\\CMakeScratch\\TryCompile-a3c4zv\\CheckSymbolExists.c
        C:\\Users\\meloy\\source\\repos\\TestPureCodeEquation\\TestPureCodeEquation\\vcpkg_installed\\vcpkg\\blds\\fftw3\\x64-windows-rel\\CMakeFiles\\CMakeScratch\\TryCompile-a3c4zv\\CheckSymbolExists.c(2): fatal error C1083: Cannot open include file: 'unistd.h': No such file or directory
        ninja: build stopped: subcommand failed.
        
      exitCode: 1
  -
    kind: "try_compile-v1"
    backtrace:
      - "C:/Program Files/CMake/share/cmake-3.27/Modules/CheckSymbolExists.cmake:140 (try_compile)"
      - "C:/Program Files/CMake/share/cmake-3.27/Modules/CheckSymbolExists.cmake:66 (__CHECK_SYMBOL_EXISTS_IMPL)"
      - "CMakeLists.txt:75 (check_symbol_exists)"
    checks:
      - "Looking for drand48"
    directories:
      source: "C:/Users/meloy/source/repos/TestPureCodeEquation/TestPureCodeEquation/vcpkg_installed/vcpkg/blds/fftw3/x64-windows-rel/CMakeFiles/CMakeScratch/TryCompile-th4oj1"
      binary: "C:/Users/meloy/source/repos/TestPureCodeEquation/TestPureCodeEquation/vcpkg_installed/vcpkg/blds/fftw3/x64-windows-rel/CMakeFiles/CMakeScratch/TryCompile-th4oj1"
    cmakeVariables:
      CMAKE_C_FLAGS: " /nologo /DWIN32 /D_WINDOWS /W3 /utf-8 /MP "
      CMAKE_MSVC_DEBUG_INFORMATION_FORMAT: ""
      CMAKE_MSVC_RUNTIME_LIBRARY: "MultiThreaded$<$<CONFIG:Debug>:Debug>$<$<STREQUAL:dynamic,dynamic>:DLL>"
      VCPKG_APPLOCAL_DEPS: "OFF"
      VCPKG_CHAINLOAD_TOOLCHAIN_FILE: "C:/Program Files/Microsoft Visual Studio/2022/Community/VC/vcpkg/scripts/toolchains/windows.cmake"
      VCPKG_TARGET_ARCHITECTURE: "x64"
      VCPKG_TARGET_TRIPLET: "x64-windows"
      Z_VCPKG_ROOT_DIR: "C:/Program Files/Microsoft Visual Studio/2022/Community/VC/vcpkg"
    buildResult:
      variable: "HAVE_DRAND48"
      cached: true
      stdout: |
        Change Dir: 'C:/Users/meloy/source/repos/TestPureCodeEquation/TestPureCodeEquation/vcpkg_installed/vcpkg/blds/fftw3/x64-windows-rel/CMakeFiles/CMakeScratch/TryCompile-th4oj1'
        
        Run Build Command(s): "C:/Program Files/Microsoft Visual Studio/2022/Community/Common7/IDE/CommonExtensions/Microsoft/CMake/Ninja/ninja.exe" -v cmTC_c93de
        [1/2] C:\\PROGRA~1\\MICROS~3\\2022\\Community\\VC\\Tools\\MSVC\\14.40.33807\\bin\\Hostx64\\x64\\cl.exe  /nologo   /nologo /DWIN32 /D_WINDOWS /W3 /utf-8 /MP   /MDd /Zi /Ob0 /Od /RTC1 /showIncludes /FoCMakeFiles\\cmTC_c93de.dir\\CheckSymbolExists.c.obj /FdCMakeFiles\\cmTC_c93de.dir\\ /FS -c C:\\Users\\meloy\\source\\repos\\TestPureCodeEquation\\TestPureCodeEquation\\vcpkg_installed\\vcpkg\\blds\\fftw3\\x64-windows-rel\\CMakeFiles\\CMakeScratch\\TryCompile-th4oj1\\CheckSymbolExists.c
        FAILED: CMakeFiles/cmTC_c93de.dir/CheckSymbolExists.c.obj 
        C:\\PROGRA~1\\MICROS~3\\2022\\Community\\VC\\Tools\\MSVC\\14.40.33807\\bin\\Hostx64\\x64\\cl.exe  /nologo   /nologo /DWIN32 /D_WINDOWS /W3 /utf-8 /MP   /MDd /Zi /Ob0 /Od /RTC1 /showIncludes /FoCMakeFiles\\cmTC_c93de.dir\\CheckSymbolExists.c.obj /FdCMakeFiles\\cmTC_c93de.dir\\ /FS -c C:\\Users\\meloy\\source\\repos\\TestPureCodeEquation\\TestPureCodeEquation\\vcpkg_installed\\vcpkg\\blds\\fftw3\\x64-windows-rel\\CMakeFiles\\CMakeScratch\\TryCompile-th4oj1\\CheckSymbolExists.c
        C:\\Users\\meloy\\source\\repos\\TestPureCodeEquation\\TestPureCodeEquation\\vcpkg_installed\\vcpkg\\blds\\fftw3\\x64-windows-rel\\CMakeFiles\\CMakeScratch\\TryCompile-th4oj1\\CheckSymbolExists.c(8): error C2065: 'drand48': undeclared identifier
        ninja: build stopped: subcommand failed.
        
      exitCode: 1
  -
    kind: "try_compile-v1"
    backtrace:
      - "C:/Program Files/CMake/share/cmake-3.27/Modules/CheckSymbolExists.cmake:140 (try_compile)"
      - "C:/Program Files/CMake/share/cmake-3.27/Modules/CheckSymbolExists.cmake:66 (__CHECK_SYMBOL_EXISTS_IMPL)"
      - "CMakeLists.txt:76 (check_symbol_exists)"
    checks:
      - "Looking for srand48"
    directories:
      source: "C:/Users/meloy/source/repos/TestPureCodeEquation/TestPureCodeEquation/vcpkg_installed/vcpkg/blds/fftw3/x64-windows-rel/CMakeFiles/CMakeScratch/TryCompile-cc1my3"
      binary: "C:/Users/meloy/source/repos/TestPureCodeEquation/TestPureCodeEquation/vcpkg_installed/vcpkg/blds/fftw3/x64-windows-rel/CMakeFiles/CMakeScratch/TryCompile-cc1my3"
    cmakeVariables:
      CMAKE_C_FLAGS: " /nologo /DWIN32 /D_WINDOWS /W3 /utf-8 /MP "
      CMAKE_MSVC_DEBUG_INFORMATION_FORMAT: ""
      CMAKE_MSVC_RUNTIME_LIBRARY: "MultiThreaded$<$<CONFIG:Debug>:Debug>$<$<STREQUAL:dynamic,dynamic>:DLL>"
      VCPKG_APPLOCAL_DEPS: "OFF"
      VCPKG_CHAINLOAD_TOOLCHAIN_FILE: "C:/Program Files/Microsoft Visual Studio/2022/Community/VC/vcpkg/scripts/toolchains/windows.cmake"
      VCPKG_TARGET_ARCHITECTURE: "x64"
      VCPKG_TARGET_TRIPLET: "x64-windows"
      Z_VCPKG_ROOT_DIR: "C:/Program Files/Microsoft Visual Studio/2022/Community/VC/vcpkg"
    buildResult:
      variable: "HAVE_SRAND48"
      cached: true
      stdout: |
        Change Dir: 'C:/Users/meloy/source/repos/TestPureCodeEquation/TestPureCodeEquation/vcpkg_installed/vcpkg/blds/fftw3/x64-windows-rel/CMakeFiles/CMakeScratch/TryCompile-cc1my3'
        
        Run Build Command(s): "C:/Program Files/Microsoft Visual Studio/2022/Community/Common7/IDE/CommonExtensions/Microsoft/CMake/Ninja/ninja.exe" -v cmTC_18feb
        [1/2] C:\\PROGRA~1\\MICROS~3\\2022\\Community\\VC\\Tools\\MSVC\\14.40.33807\\bin\\Hostx64\\x64\\cl.exe  /nologo   /nologo /DWIN32 /D_WINDOWS /W3 /utf-8 /MP   /MDd /Zi /Ob0 /Od /RTC1 /showIncludes /FoCMakeFiles\\cmTC_18feb.dir\\CheckSymbolExists.c.obj /FdCMakeFiles\\cmTC_18feb.dir\\ /FS -c C:\\Users\\meloy\\source\\repos\\TestPureCodeEquation\\TestPureCodeEquation\\vcpkg_installed\\vcpkg\\blds\\fftw3\\x64-windows-rel\\CMakeFiles\\CMakeScratch\\TryCompile-cc1my3\\CheckSymbolExists.c
        FAILED: CMakeFiles/cmTC_18feb.dir/CheckSymbolExists.c.obj 
        C:\\PROGRA~1\\MICROS~3\\2022\\Community\\VC\\Tools\\MSVC\\14.40.33807\\bin\\Hostx64\\x64\\cl.exe  /nologo   /nologo /DWIN32 /D_WINDOWS /W3 /utf-8 /MP   /MDd /Zi /Ob0 /Od /RTC1 /showIncludes /FoCMakeFiles\\cmTC_18feb.dir\\CheckSymbolExists.c.obj /FdCMakeFiles\\cmTC_18feb.dir\\ /FS -c C:\\Users\\meloy\\source\\repos\\TestPureCodeEquation\\TestPureCodeEquation\\vcpkg_installed\\vcpkg\\blds\\fftw3\\x64-windows-rel\\CMakeFiles\\CMakeScratch\\TryCompile-cc1my3\\CheckSymbolExists.c
        C:\\Users\\meloy\\source\\repos\\TestPureCodeEquation\\TestPureCodeEquation\\vcpkg_installed\\vcpkg\\blds\\fftw3\\x64-windows-rel\\CMakeFiles\\CMakeScratch\\TryCompile-cc1my3\\CheckSymbolExists.c(8): error C2065: 'srand48': undeclared identifier
        ninja: build stopped: subcommand failed.
        
      exitCode: 1
  -
    kind: "try_compile-v1"
    backtrace:
      - "C:/Program Files/CMake/share/cmake-3.27/Modules/CheckSymbolExists.cmake:140 (try_compile)"
      - "C:/Program Files/CMake/share/cmake-3.27/Modules/CheckSymbolExists.cmake:66 (__CHECK_SYMBOL_EXISTS_IMPL)"
      - "CMakeLists.txt:77 (check_symbol_exists)"
    checks:
      - "Looking for memalign"
    directories:
      source: "C:/Users/meloy/source/repos/TestPureCodeEquation/TestPureCodeEquation/vcpkg_installed/vcpkg/blds/fftw3/x64-windows-rel/CMakeFiles/CMakeScratch/TryCompile-j4h5id"
      binary: "C:/Users/meloy/source/repos/TestPureCodeEquation/TestPureCodeEquation/vcpkg_installed/vcpkg/blds/fftw3/x64-windows-rel/CMakeFiles/CMakeScratch/TryCompile-j4h5id"
    cmakeVariables:
      CMAKE_C_FLAGS: " /nologo /DWIN32 /D_WINDOWS /W3 /utf-8 /MP "
      CMAKE_MSVC_DEBUG_INFORMATION_FORMAT: ""
      CMAKE_MSVC_RUNTIME_LIBRARY: "MultiThreaded$<$<CONFIG:Debug>:Debug>$<$<STREQUAL:dynamic,dynamic>:DLL>"
      VCPKG_APPLOCAL_DEPS: "OFF"
      VCPKG_CHAINLOAD_TOOLCHAIN_FILE: "C:/Program Files/Microsoft Visual Studio/2022/Community/VC/vcpkg/scripts/toolchains/windows.cmake"
      VCPKG_TARGET_ARCHITECTURE: "x64"
      VCPKG_TARGET_TRIPLET: "x64-windows"
      Z_VCPKG_ROOT_DIR: "C:/Program Files/Microsoft Visual Studio/2022/Community/VC/vcpkg"
    buildResult:
      variable: "HAVE_MEMALIGN"
      cached: true
      stdout: |
        Change Dir: 'C:/Users/meloy/source/repos/TestPureCodeEquation/TestPureCodeEquation/vcpkg_installed/vcpkg/blds/fftw3/x64-windows-rel/CMakeFiles/CMakeScratch/TryCompile-j4h5id'
        
        Run Build Command(s): "C:/Program Files/Microsoft Visual Studio/2022/Community/Common7/IDE/CommonExtensions/Microsoft/CMake/Ninja/ninja.exe" -v cmTC_012b9
        [1/2] C:\\PROGRA~1\\MICROS~3\\2022\\Community\\VC\\Tools\\MSVC\\14.40.33807\\bin\\Hostx64\\x64\\cl.exe  /nologo   /nologo /DWIN32 /D_WINDOWS /W3 /utf-8 /MP   /MDd /Zi /Ob0 /Od /RTC1 /showIncludes /FoCMakeFiles\\cmTC_012b9.dir\\CheckSymbolExists.c.obj /FdCMakeFiles\\cmTC_012b9.dir\\ /FS -c C:\\Users\\meloy\\source\\repos\\TestPureCodeEquation\\TestPureCodeEquation\\vcpkg_installed\\vcpkg\\blds\\fftw3\\x64-windows-rel\\CMakeFiles\\CMakeScratch\\TryCompile-j4h5id\\CheckSymbolExists.c
        FAILED: CMakeFiles/cmTC_012b9.dir/CheckSymbolExists.c.obj 
        C:\\PROGRA~1\\MICROS~3\\2022\\Community\\VC\\Tools\\MSVC\\14.40.33807\\bin\\Hostx64\\x64\\cl.exe  /nologo   /nologo /DWIN32 /D_WINDOWS /W3 /utf-8 /MP   /MDd /Zi /Ob0 /Od /RTC1 /showIncludes /FoCMakeFiles\\cmTC_012b9.dir\\CheckSymbolExists.c.obj /FdCMakeFiles\\cmTC_012b9.dir\\ /FS -c C:\\Users\\meloy\\source\\repos\\TestPureCodeEquation\\TestPureCodeEquation\\vcpkg_installed\\vcpkg\\blds\\fftw3\\x64-windows-rel\\CMakeFiles\\CMakeScratch\\TryCompile-j4h5id\\CheckSymbolExists.c
        C:\\Users\\meloy\\source\\repos\\TestPureCodeEquation\\TestPureCodeEquation\\vcpkg_installed\\vcpkg\\blds\\fftw3\\x64-windows-rel\\CMakeFiles\\CMakeScratch\\TryCompile-j4h5id\\CheckSymbolExists.c(8): error C2065: 'memalign': undeclared identifier
        ninja: build stopped: subcommand failed.
        
      exitCode: 1
  -
    kind: "try_compile-v1"
    backtrace:
      - "C:/Program Files/CMake/share/cmake-3.27/Modules/CheckSymbolExists.cmake:140 (try_compile)"
      - "C:/Program Files/CMake/share/cmake-3.27/Modules/CheckSymbolExists.cmake:66 (__CHECK_SYMBOL_EXISTS_IMPL)"
      - "CMakeLists.txt:78 (check_symbol_exists)"
    checks:
      - "Looking for posix_memalign"
    directories:
      source: "C:/Users/meloy/source/repos/TestPureCodeEquation/TestPureCodeEquation/vcpkg_installed/vcpkg/blds/fftw3/x64-windows-rel/CMakeFiles/CMakeScratch/TryCompile-yf87a7"
      binary: "C:/Users/meloy/source/repos/TestPureCodeEquation/TestPureCodeEquation/vcpkg_installed/vcpkg/blds/fftw3/x64-windows-rel/CMakeFiles/CMakeScratch/TryCompile-yf87a7"
    cmakeVariables:
      CMAKE_C_FLAGS: " /nologo /DWIN32 /D_WINDOWS /W3 /utf-8 /MP "
      CMAKE_MSVC_DEBUG_INFORMATION_FORMAT: ""
      CMAKE_MSVC_RUNTIME_LIBRARY: "MultiThreaded$<$<CONFIG:Debug>:Debug>$<$<STREQUAL:dynamic,dynamic>:DLL>"
      VCPKG_APPLOCAL_DEPS: "OFF"
      VCPKG_CHAINLOAD_TOOLCHAIN_FILE: "C:/Program Files/Microsoft Visual Studio/2022/Community/VC/vcpkg/scripts/toolchains/windows.cmake"
      VCPKG_TARGET_ARCHITECTURE: "x64"
      VCPKG_TARGET_TRIPLET: "x64-windows"
      Z_VCPKG_ROOT_DIR: "C:/Program Files/Microsoft Visual Studio/2022/Community/VC/vcpkg"
    buildResult:
      variable: "HAVE_POSIX_MEMALIGN"
      cached: true
      stdout: |
        Change Dir: 'C:/Users/meloy/source/repos/TestPureCodeEquation/TestPureCodeEquation/vcpkg_installed/vcpkg/blds/fftw3/x64-windows-rel/CMakeFiles/CMakeScratch/TryCompile-yf87a7'
        
        Run Build Command(s): "C:/Program Files/Microsoft Visual Studio/2022/Community/Common7/IDE/CommonExtensions/Microsoft/CMake/Ninja/ninja.exe" -v cmTC_76595
        [1/2] C:\\PROGRA~1\\MICROS~3\\2022\\Community\\VC\\Tools\\MSVC\\14.40.33807\\bin\\Hostx64\\x64\\cl.exe  /nologo   /nologo /DWIN32 /D_WINDOWS /W3 /utf-8 /MP   /MDd /Zi /Ob0 /Od /RTC1 /showIncludes /FoCMakeFiles\\cmTC_76595.dir\\CheckSymbolExists.c.obj /FdCMakeFiles\\cmTC_76595.dir\\ /FS -c C:\\Users\\meloy\\source\\repos\\TestPureCodeEquation\\TestPureCodeEquation\\vcpkg_installed\\vcpkg\\blds\\fftw3\\x64-windows-rel\\CMakeFiles\\CMakeScratch\\TryCompile-yf87a7\\CheckSymbolExists.c
        FAILED: CMakeFiles/cmTC_76595.dir/CheckSymbolExists.c.obj 
        C:\\PROGRA~1\\MICROS~3\\2022\\Community\\VC\\Tools\\MSVC\\14.40.33807\\bin\\Hostx64\\x64\\cl.exe  /nologo   /nologo /DWIN32 /D_WINDOWS /W3 /utf-8 /MP   /MDd /Zi /Ob0 /Od /RTC1 /showIncludes /FoCMakeFiles\\cmTC_76595.dir\\CheckSymbolExists.c.obj /FdCMakeFiles\\cmTC_76595.dir\\ /FS -c C:\\Users\\meloy\\source\\repos\\TestPureCodeEquation\\TestPureCodeEquation\\vcpkg_installed\\vcpkg\\blds\\fftw3\\x64-windows-rel\\CMakeFiles\\CMakeScratch\\TryCompile-yf87a7\\CheckSymbolExists.c
        C:\\Users\\meloy\\source\\repos\\TestPureCodeEquation\\TestPureCodeEquation\\vcpkg_installed\\vcpkg\\blds\\fftw3\\x64-windows-rel\\CMakeFiles\\CMakeScratch\\TryCompile-yf87a7\\CheckSymbolExists.c(8): error C2065: 'posix_memalign': undeclared identifier
        ninja: build stopped: subcommand failed.
        
      exitCode: 1
  -
    kind: "try_compile-v1"
    backtrace:
      - "C:/Program Files/CMake/share/cmake-3.27/Modules/CheckSymbolExists.cmake:140 (try_compile)"
      - "C:/Program Files/CMake/share/cmake-3.27/Modules/CheckSymbolExists.cmake:66 (__CHECK_SYMBOL_EXISTS_IMPL)"
      - "CMakeLists.txt:79 (check_symbol_exists)"
    checks:
      - "Looking for _aligned_malloc"
    directories:
      source: "C:/Users/meloy/source/repos/TestPureCodeEquation/TestPureCodeEquation/vcpkg_installed/vcpkg/blds/fftw3/x64-windows-rel/CMakeFiles/CMakeScratch/TryCompile-lbp7oy"
      binary: "C:/Users/meloy/source/repos/TestPureCodeEquation/TestPureCodeEquation/vcpkg_installed/vcpkg/blds/fftw3/x64-windows-rel/CMakeFiles/CMakeScratch/TryCompile-lbp7oy"
    cmakeVariables:
      CMAKE_C_FLAGS: " /nologo /DWIN32 /D_WINDOWS /W3 /utf-8 /MP "
      CMAKE_MSVC_DEBUG_INFORMATION_FORMAT: ""
      CMAKE_MSVC_RUNTIME_LIBRARY: "MultiThreaded$<$<CONFIG:Debug>:Debug>$<$<STREQUAL:dynamic,dynamic>:DLL>"
      VCPKG_APPLOCAL_DEPS: "OFF"
      VCPKG_CHAINLOAD_TOOLCHAIN_FILE: "C:/Program Files/Microsoft Visual Studio/2022/Community/VC/vcpkg/scripts/toolchains/windows.cmake"
      VCPKG_TARGET_ARCHITECTURE: "x64"
      VCPKG_TARGET_TRIPLET: "x64-windows"
      Z_VCPKG_ROOT_DIR: "C:/Program Files/Microsoft Visual Studio/2022/Community/VC/vcpkg"
    buildResult:
      variable: "HAVE_ALIGNED_MALLOC"
      cached: true
      stdout: |
        Change Dir: 'C:/Users/meloy/source/repos/TestPureCodeEquation/TestPureCodeEquation/vcpkg_installed/vcpkg/blds/fftw3/x64-windows-rel/CMakeFiles/CMakeScratch/TryCompile-lbp7oy'
        
        Run Build Command(s): "C:/Program Files/Microsoft Visual Studio/2022/Community/Common7/IDE/CommonExtensions/Microsoft/CMake/Ninja/ninja.exe" -v cmTC_41d2b
        [1/2] C:\\PROGRA~1\\MICROS~3\\2022\\Community\\VC\\Tools\\MSVC\\14.40.33807\\bin\\Hostx64\\x64\\cl.exe  /nologo   /nologo /DWIN32 /D_WINDOWS /W3 /utf-8 /MP   /MDd /Zi /Ob0 /Od /RTC1 /showIncludes /FoCMakeFiles\\cmTC_41d2b.dir\\CheckSymbolExists.c.obj /FdCMakeFiles\\cmTC_41d2b.dir\\ /FS -c C:\\Users\\meloy\\source\\repos\\TestPureCodeEquation\\TestPureCodeEquation\\vcpkg_installed\\vcpkg\\blds\\fftw3\\x64-windows-rel\\CMakeFiles\\CMakeScratch\\TryCompile-lbp7oy\\CheckSymbolExists.c
        [2/2] cmd.exe /C "cd . && "C:\\Program Files\\CMake\\bin\\cmake.exe" -E vs_link_exe --intdir=CMakeFiles\\cmTC_41d2b.dir --rc=C:\\PROGRA~2\\WI3CF2~1\\10\\bin\\10.0.22621.0\\x64\\rc.exe --mt=C:\\PROGRA~2\\WI3CF2~1\\10\\bin\\10.0.22621.0\\x64\\mt.exe --manifests  -- C:\\PROGRA~1\\MICROS~3\\2022\\Community\\VC\\Tools\\MSVC\\14.40.33807\\bin\\Hostx64\\x64\\link.exe /nologo CMakeFiles\\cmTC_41d2b.dir\\CheckSymbolExists.c.obj  /out:cmTC_41d2b.exe /implib:cmTC_41d2b.lib /pdb:cmTC_41d2b.pdb /version:0.0 /machine:x64  /debug /INCREMENTAL /subsystem:console  kernel32.lib user32.lib gdi32.lib winspool.lib shell32.lib ole32.lib oleaut32.lib uuid.lib comdlg32.lib advapi32.lib && cd ."
        
      exitCode: 0
  -
    kind: "try_compile-v1"
    backtrace:
      - "C:/Program Files/CMake/share/cmake-3.27/Modules/CheckSymbolExists.cmake:140 (try_compile)"
      - "C:/Program Files/CMake/share/cmake-3.27/Modules/CheckSymbolExists.cmake:66 (__CHECK_SYMBOL_EXISTS_IMPL)"
      - "CMakeLists.txt:80 (check_symbol_exists)"
    checks:
      - "Looking for mach_absolute_time"
    directories:
      source: "C:/Users/meloy/source/repos/TestPureCodeEquation/TestPureCodeEquation/vcpkg_installed/vcpkg/blds/fftw3/x64-windows-rel/CMakeFiles/CMakeScratch/TryCompile-wgqj4a"
      binary: "C:/Users/meloy/source/repos/TestPureCodeEquation/TestPureCodeEquation/vcpkg_installed/vcpkg/blds/fftw3/x64-windows-rel/CMakeFiles/CMakeScratch/TryCompile-wgqj4a"
    cmakeVariables:
      CMAKE_C_FLAGS: " /nologo /DWIN32 /D_WINDOWS /W3 /utf-8 /MP "
      CMAKE_MSVC_DEBUG_INFORMATION_FORMAT: ""
      CMAKE_MSVC_RUNTIME_LIBRARY: "MultiThreaded$<$<CONFIG:Debug>:Debug>$<$<STREQUAL:dynamic,dynamic>:DLL>"
      VCPKG_APPLOCAL_DEPS: "OFF"
      VCPKG_CHAINLOAD_TOOLCHAIN_FILE: "C:/Program Files/Microsoft Visual Studio/2022/Community/VC/vcpkg/scripts/toolchains/windows.cmake"
      VCPKG_TARGET_ARCHITECTURE: "x64"
      VCPKG_TARGET_TRIPLET: "x64-windows"
      Z_VCPKG_ROOT_DIR: "C:/Program Files/Microsoft Visual Studio/2022/Community/VC/vcpkg"
    buildResult:
      variable: "HAVE_MACH_ABSOLUTE_TIME"
      cached: true
      stdout: |
        Change Dir: 'C:/Users/meloy/source/repos/TestPureCodeEquation/TestPureCodeEquation/vcpkg_installed/vcpkg/blds/fftw3/x64-windows-rel/CMakeFiles/CMakeScratch/TryCompile-wgqj4a'
        
        Run Build Command(s): "C:/Program Files/Microsoft Visual Studio/2022/Community/Common7/IDE/CommonExtensions/Microsoft/CMake/Ninja/ninja.exe" -v cmTC_46c07
        [1/2] C:\\PROGRA~1\\MICROS~3\\2022\\Community\\VC\\Tools\\MSVC\\14.40.33807\\bin\\Hostx64\\x64\\cl.exe  /nologo   /nologo /DWIN32 /D_WINDOWS /W3 /utf-8 /MP   /MDd /Zi /Ob0 /Od /RTC1 /showIncludes /FoCMakeFiles\\cmTC_46c07.dir\\CheckSymbolExists.c.obj /FdCMakeFiles\\cmTC_46c07.dir\\ /FS -c C:\\Users\\meloy\\source\\repos\\TestPureCodeEquation\\TestPureCodeEquation\\vcpkg_installed\\vcpkg\\blds\\fftw3\\x64-windows-rel\\CMakeFiles\\CMakeScratch\\TryCompile-wgqj4a\\CheckSymbolExists.c
        FAILED: CMakeFiles/cmTC_46c07.dir/CheckSymbolExists.c.obj 
        C:\\PROGRA~1\\MICROS~3\\2022\\Community\\VC\\Tools\\MSVC\\14.40.33807\\bin\\Hostx64\\x64\\cl.exe  /nologo   /nologo /DWIN32 /D_WINDOWS /W3 /utf-8 /MP   /MDd /Zi /Ob0 /Od /RTC1 /showIncludes /FoCMakeFiles\\cmTC_46c07.dir\\CheckSymbolExists.c.obj /FdCMakeFiles\\cmTC_46c07.dir\\ /FS -c C:\\Users\\meloy\\source\\repos\\TestPureCodeEquation\\TestPureCodeEquation\\vcpkg_installed\\vcpkg\\blds\\fftw3\\x64-windows-rel\\CMakeFiles\\CMakeScratch\\TryCompile-wgqj4a\\CheckSymbolExists.c
        C:\\Users\\meloy\\source\\repos\\TestPureCodeEquation\\TestPureCodeEquation\\vcpkg_installed\\vcpkg\\blds\\fftw3\\x64-windows-rel\\CMakeFiles\\CMakeScratch\\TryCompile-wgqj4a\\CheckSymbolExists.c(2): fatal error C1083: Cannot open include file: 'mach/mach_time.h': No such file or directory
        ninja: build stopped: subcommand failed.
        
      exitCode: 1
  -
    kind: "try_compile-v1"
    backtrace:
      - "C:/Program Files/CMake/share/cmake-3.27/Modules/CheckSymbolExists.cmake:140 (try_compile)"
      - "C:/Program Files/CMake/share/cmake-3.27/Modules/CheckSymbolExists.cmake:66 (__CHECK_SYMBOL_EXISTS_IMPL)"
      - "CMakeLists.txt:81 (check_symbol_exists)"
    checks:
      - "Looking for alloca"
    directories:
      source: "C:/Users/meloy/source/repos/TestPureCodeEquation/TestPureCodeEquation/vcpkg_installed/vcpkg/blds/fftw3/x64-windows-rel/CMakeFiles/CMakeScratch/TryCompile-2iqcfx"
      binary: "C:/Users/meloy/source/repos/TestPureCodeEquation/TestPureCodeEquation/vcpkg_installed/vcpkg/blds/fftw3/x64-windows-rel/CMakeFiles/CMakeScratch/TryCompile-2iqcfx"
    cmakeVariables:
      CMAKE_C_FLAGS: " /nologo /DWIN32 /D_WINDOWS /W3 /utf-8 /MP "
      CMAKE_MSVC_DEBUG_INFORMATION_FORMAT: ""
      CMAKE_MSVC_RUNTIME_LIBRARY: "MultiThreaded$<$<CONFIG:Debug>:Debug>$<$<STREQUAL:dynamic,dynamic>:DLL>"
      VCPKG_APPLOCAL_DEPS: "OFF"
      VCPKG_CHAINLOAD_TOOLCHAIN_FILE: "C:/Program Files/Microsoft Visual Studio/2022/Community/VC/vcpkg/scripts/toolchains/windows.cmake"
      VCPKG_TARGET_ARCHITECTURE: "x64"
      VCPKG_TARGET_TRIPLET: "x64-windows"
      Z_VCPKG_ROOT_DIR: "C:/Program Files/Microsoft Visual Studio/2022/Community/VC/vcpkg"
    buildResult:
      variable: "HAVE_ALLOCA"
      cached: true
      stdout: |
        Change Dir: 'C:/Users/meloy/source/repos/TestPureCodeEquation/TestPureCodeEquation/vcpkg_installed/vcpkg/blds/fftw3/x64-windows-rel/CMakeFiles/CMakeScratch/TryCompile-2iqcfx'
        
        Run Build Command(s): "C:/Program Files/Microsoft Visual Studio/2022/Community/Common7/IDE/CommonExtensions/Microsoft/CMake/Ninja/ninja.exe" -v cmTC_3615b
        [1/2] C:\\PROGRA~1\\MICROS~3\\2022\\Community\\VC\\Tools\\MSVC\\14.40.33807\\bin\\Hostx64\\x64\\cl.exe  /nologo   /nologo /DWIN32 /D_WINDOWS /W3 /utf-8 /MP   /MDd /Zi /Ob0 /Od /RTC1 /showIncludes /FoCMakeFiles\\cmTC_3615b.dir\\CheckSymbolExists.c.obj /FdCMakeFiles\\cmTC_3615b.dir\\ /FS -c C:\\Users\\meloy\\source\\repos\\TestPureCodeEquation\\TestPureCodeEquation\\vcpkg_installed\\vcpkg\\blds\\fftw3\\x64-windows-rel\\CMakeFiles\\CMakeScratch\\TryCompile-2iqcfx\\CheckSymbolExists.c
        FAILED: CMakeFiles/cmTC_3615b.dir/CheckSymbolExists.c.obj 
        C:\\PROGRA~1\\MICROS~3\\2022\\Community\\VC\\Tools\\MSVC\\14.40.33807\\bin\\Hostx64\\x64\\cl.exe  /nologo   /nologo /DWIN32 /D_WINDOWS /W3 /utf-8 /MP   /MDd /Zi /Ob0 /Od /RTC1 /showIncludes /FoCMakeFiles\\cmTC_3615b.dir\\CheckSymbolExists.c.obj /FdCMakeFiles\\cmTC_3615b.dir\\ /FS -c C:\\Users\\meloy\\source\\repos\\TestPureCodeEquation\\TestPureCodeEquation\\vcpkg_installed\\vcpkg\\blds\\fftw3\\x64-windows-rel\\CMakeFiles\\CMakeScratch\\TryCompile-2iqcfx\\CheckSymbolExists.c
        C:\\Users\\meloy\\source\\repos\\TestPureCodeEquation\\TestPureCodeEquation\\vcpkg_installed\\vcpkg\\blds\\fftw3\\x64-windows-rel\\CMakeFiles\\CMakeScratch\\TryCompile-2iqcfx\\CheckSymbolExists.c(2): fatal error C1083: Cannot open include file: 'alloca.h': No such file or directory
        ninja: build stopped: subcommand failed.
        
      exitCode: 1
  -
    kind: "try_compile-v1"
    backtrace:
      - "C:/Program Files/CMake/share/cmake-3.27/Modules/CheckSymbolExists.cmake:140 (try_compile)"
      - "C:/Program Files/CMake/share/cmake-3.27/Modules/CheckSymbolExists.cmake:66 (__CHECK_SYMBOL_EXISTS_IMPL)"
      - "CMakeLists.txt:84 (check_symbol_exists)"
    checks:
      - "Looking for alloca"
    directories:
      source: "C:/Users/meloy/source/repos/TestPureCodeEquation/TestPureCodeEquation/vcpkg_installed/vcpkg/blds/fftw3/x64-windows-rel/CMakeFiles/CMakeScratch/TryCompile-bab2a8"
      binary: "C:/Users/meloy/source/repos/TestPureCodeEquation/TestPureCodeEquation/vcpkg_installed/vcpkg/blds/fftw3/x64-windows-rel/CMakeFiles/CMakeScratch/TryCompile-bab2a8"
    cmakeVariables:
      CMAKE_C_FLAGS: " /nologo /DWIN32 /D_WINDOWS /W3 /utf-8 /MP "
      CMAKE_MSVC_DEBUG_INFORMATION_FORMAT: ""
      CMAKE_MSVC_RUNTIME_LIBRARY: "MultiThreaded$<$<CONFIG:Debug>:Debug>$<$<STREQUAL:dynamic,dynamic>:DLL>"
      VCPKG_APPLOCAL_DEPS: "OFF"
      VCPKG_CHAINLOAD_TOOLCHAIN_FILE: "C:/Program Files/Microsoft Visual Studio/2022/Community/VC/vcpkg/scripts/toolchains/windows.cmake"
      VCPKG_TARGET_ARCHITECTURE: "x64"
      VCPKG_TARGET_TRIPLET: "x64-windows"
      Z_VCPKG_ROOT_DIR: "C:/Program Files/Microsoft Visual Studio/2022/Community/VC/vcpkg"
    buildResult:
      variable: "HAVE_ALLOCA"
      cached: true
      stdout: |
        Change Dir: 'C:/Users/meloy/source/repos/TestPureCodeEquation/TestPureCodeEquation/vcpkg_installed/vcpkg/blds/fftw3/x64-windows-rel/CMakeFiles/CMakeScratch/TryCompile-bab2a8'
        
        Run Build Command(s): "C:/Program Files/Microsoft Visual Studio/2022/Community/Common7/IDE/CommonExtensions/Microsoft/CMake/Ninja/ninja.exe" -v cmTC_0e522
        [1/2] C:\\PROGRA~1\\MICROS~3\\2022\\Community\\VC\\Tools\\MSVC\\14.40.33807\\bin\\Hostx64\\x64\\cl.exe  /nologo   /nologo /DWIN32 /D_WINDOWS /W3 /utf-8 /MP   /MDd /Zi /Ob0 /Od /RTC1 /showIncludes /FoCMakeFiles\\cmTC_0e522.dir\\CheckSymbolExists.c.obj /FdCMakeFiles\\cmTC_0e522.dir\\ /FS -c C:\\Users\\meloy\\source\\repos\\TestPureCodeEquation\\TestPureCodeEquation\\vcpkg_installed\\vcpkg\\blds\\fftw3\\x64-windows-rel\\CMakeFiles\\CMakeScratch\\TryCompile-bab2a8\\CheckSymbolExists.c
        [2/2] cmd.exe /C "cd . && "C:\\Program Files\\CMake\\bin\\cmake.exe" -E vs_link_exe --intdir=CMakeFiles\\cmTC_0e522.dir --rc=C:\\PROGRA~2\\WI3CF2~1\\10\\bin\\10.0.22621.0\\x64\\rc.exe --mt=C:\\PROGRA~2\\WI3CF2~1\\10\\bin\\10.0.22621.0\\x64\\mt.exe --manifests  -- C:\\PROGRA~1\\MICROS~3\\2022\\Community\\VC\\Tools\\MSVC\\14.40.33807\\bin\\Hostx64\\x64\\link.exe /nologo CMakeFiles\\cmTC_0e522.dir\\CheckSymbolExists.c.obj  /out:cmTC_0e522.exe /implib:cmTC_0e522.lib /pdb:cmTC_0e522.pdb /version:0.0 /machine:x64  /debug /INCREMENTAL /subsystem:console  kernel32.lib user32.lib gdi32.lib winspool.lib shell32.lib ole32.lib oleaut32.lib uuid.lib comdlg32.lib advapi32.lib && cd ."
        
      exitCode: 0
  -
    kind: "try_compile-v1"
    backtrace:
      - "C:/Program Files/CMake/share/cmake-3.27/Modules/CheckSymbolExists.cmake:140 (try_compile)"
      - "C:/Program Files/CMake/share/cmake-3.27/Modules/CheckSymbolExists.cmake:66 (__CHECK_SYMBOL_EXISTS_IMPL)"
      - "CMakeLists.txt:86 (check_symbol_exists)"
    checks:
      - "Looking for isnan"
    directories:
      source: "C:/Users/meloy/source/repos/TestPureCodeEquation/TestPureCodeEquation/vcpkg_installed/vcpkg/blds/fftw3/x64-windows-rel/CMakeFiles/CMakeScratch/TryCompile-jtnbk1"
      binary: "C:/Users/meloy/source/repos/TestPureCodeEquation/TestPureCodeEquation/vcpkg_installed/vcpkg/blds/fftw3/x64-windows-rel/CMakeFiles/CMakeScratch/TryCompile-jtnbk1"
    cmakeVariables:
      CMAKE_C_FLAGS: " /nologo /DWIN32 /D_WINDOWS /W3 /utf-8 /MP "
      CMAKE_MSVC_DEBUG_INFORMATION_FORMAT: ""
      CMAKE_MSVC_RUNTIME_LIBRARY: "MultiThreaded$<$<CONFIG:Debug>:Debug>$<$<STREQUAL:dynamic,dynamic>:DLL>"
      VCPKG_APPLOCAL_DEPS: "OFF"
      VCPKG_CHAINLOAD_TOOLCHAIN_FILE: "C:/Program Files/Microsoft Visual Studio/2022/Community/VC/vcpkg/scripts/toolchains/windows.cmake"
      VCPKG_TARGET_ARCHITECTURE: "x64"
      VCPKG_TARGET_TRIPLET: "x64-windows"
      Z_VCPKG_ROOT_DIR: "C:/Program Files/Microsoft Visual Studio/2022/Community/VC/vcpkg"
    buildResult:
      variable: "HAVE_ISNAN"
      cached: true
      stdout: |
        Change Dir: 'C:/Users/meloy/source/repos/TestPureCodeEquation/TestPureCodeEquation/vcpkg_installed/vcpkg/blds/fftw3/x64-windows-rel/CMakeFiles/CMakeScratch/TryCompile-jtnbk1'
        
        Run Build Command(s): "C:/Program Files/Microsoft Visual Studio/2022/Community/Common7/IDE/CommonExtensions/Microsoft/CMake/Ninja/ninja.exe" -v cmTC_5eb36
        [1/2] C:\\PROGRA~1\\MICROS~3\\2022\\Community\\VC\\Tools\\MSVC\\14.40.33807\\bin\\Hostx64\\x64\\cl.exe  /nologo   /nologo /DWIN32 /D_WINDOWS /W3 /utf-8 /MP   /MDd /Zi /Ob0 /Od /RTC1 /showIncludes /FoCMakeFiles\\cmTC_5eb36.dir\\CheckSymbolExists.c.obj /FdCMakeFiles\\cmTC_5eb36.dir\\ /FS -c C:\\Users\\meloy\\source\\repos\\TestPureCodeEquation\\TestPureCodeEquation\\vcpkg_installed\\vcpkg\\blds\\fftw3\\x64-windows-rel\\CMakeFiles\\CMakeScratch\\TryCompile-jtnbk1\\CheckSymbolExists.c
        [2/2] cmd.exe /C "cd . && "C:\\Program Files\\CMake\\bin\\cmake.exe" -E vs_link_exe --intdir=CMakeFiles\\cmTC_5eb36.dir --rc=C:\\PROGRA~2\\WI3CF2~1\\10\\bin\\10.0.22621.0\\x64\\rc.exe --mt=C:\\PROGRA~2\\WI3CF2~1\\10\\bin\\10.0.22621.0\\x64\\mt.exe --manifests  -- C:\\PROGRA~1\\MICROS~3\\2022\\Community\\VC\\Tools\\MSVC\\14.40.33807\\bin\\Hostx64\\x64\\link.exe /nologo CMakeFiles\\cmTC_5eb36.dir\\CheckSymbolExists.c.obj  /out:cmTC_5eb36.exe /implib:cmTC_5eb36.lib /pdb:cmTC_5eb36.pdb /version:0.0 /machine:x64  /debug /INCREMENTAL /subsystem:console  kernel32.lib user32.lib gdi32.lib winspool.lib shell32.lib ole32.lib oleaut32.lib uuid.lib comdlg32.lib advapi32.lib && cd ."
        
      exitCode: 0
  -
    kind: "try_compile-v1"
    backtrace:
      - "C:/Program Files/CMake/share/cmake-3.27/Modules/CheckSymbolExists.cmake:140 (try_compile)"
      - "C:/Program Files/CMake/share/cmake-3.27/Modules/CheckSymbolExists.cmake:66 (__CHECK_SYMBOL_EXISTS_IMPL)"
      - "CMakeLists.txt:87 (check_symbol_exists)"
    checks:
      - "Looking for snprintf"
    directories:
      source: "C:/Users/meloy/source/repos/TestPureCodeEquation/TestPureCodeEquation/vcpkg_installed/vcpkg/blds/fftw3/x64-windows-rel/CMakeFiles/CMakeScratch/TryCompile-c59q8y"
      binary: "C:/Users/meloy/source/repos/TestPureCodeEquation/TestPureCodeEquation/vcpkg_installed/vcpkg/blds/fftw3/x64-windows-rel/CMakeFiles/CMakeScratch/TryCompile-c59q8y"
    cmakeVariables:
      CMAKE_C_FLAGS: " /nologo /DWIN32 /D_WINDOWS /W3 /utf-8 /MP "
      CMAKE_MSVC_DEBUG_INFORMATION_FORMAT: ""
      CMAKE_MSVC_RUNTIME_LIBRARY: "MultiThreaded$<$<CONFIG:Debug>:Debug>$<$<STREQUAL:dynamic,dynamic>:DLL>"
      VCPKG_APPLOCAL_DEPS: "OFF"
      VCPKG_CHAINLOAD_TOOLCHAIN_FILE: "C:/Program Files/Microsoft Visual Studio/2022/Community/VC/vcpkg/scripts/toolchains/windows.cmake"
      VCPKG_TARGET_ARCHITECTURE: "x64"
      VCPKG_TARGET_TRIPLET: "x64-windows"
      Z_VCPKG_ROOT_DIR: "C:/Program Files/Microsoft Visual Studio/2022/Community/VC/vcpkg"
    buildResult:
      variable: "HAVE_SNPRINTF"
      cached: true
      stdout: |
        Change Dir: 'C:/Users/meloy/source/repos/TestPureCodeEquation/TestPureCodeEquation/vcpkg_installed/vcpkg/blds/fftw3/x64-windows-rel/CMakeFiles/CMakeScratch/TryCompile-c59q8y'
        
        Run Build Command(s): "C:/Program Files/Microsoft Visual Studio/2022/Community/Common7/IDE/CommonExtensions/Microsoft/CMake/Ninja/ninja.exe" -v cmTC_987bc
        [1/2] C:\\PROGRA~1\\MICROS~3\\2022\\Community\\VC\\Tools\\MSVC\\14.40.33807\\bin\\Hostx64\\x64\\cl.exe  /nologo   /nologo /DWIN32 /D_WINDOWS /W3 /utf-8 /MP   /MDd /Zi /Ob0 /Od /RTC1 /showIncludes /FoCMakeFiles\\cmTC_987bc.dir\\CheckSymbolExists.c.obj /FdCMakeFiles\\cmTC_987bc.dir\\ /FS -c C:\\Users\\meloy\\source\\repos\\TestPureCodeEquation\\TestPureCodeEquation\\vcpkg_installed\\vcpkg\\blds\\fftw3\\x64-windows-rel\\CMakeFiles\\CMakeScratch\\TryCompile-c59q8y\\CheckSymbolExists.c
        [2/2] cmd.exe /C "cd . && "C:\\Program Files\\CMake\\bin\\cmake.exe" -E vs_link_exe --intdir=CMakeFiles\\cmTC_987bc.dir --rc=C:\\PROGRA~2\\WI3CF2~1\\10\\bin\\10.0.22621.0\\x64\\rc.exe --mt=C:\\PROGRA~2\\WI3CF2~1\\10\\bin\\10.0.22621.0\\x64\\mt.exe --manifests  -- C:\\PROGRA~1\\MICROS~3\\2022\\Community\\VC\\Tools\\MSVC\\14.40.33807\\bin\\Hostx64\\x64\\link.exe /nologo CMakeFiles\\cmTC_987bc.dir\\CheckSymbolExists.c.obj  /out:cmTC_987bc.exe /implib:cmTC_987bc.lib /pdb:cmTC_987bc.pdb /version:0.0 /machine:x64  /debug /INCREMENTAL /subsystem:console  kernel32.lib user32.lib gdi32.lib winspool.lib shell32.lib ole32.lib oleaut32.lib uuid.lib comdlg32.lib advapi32.lib && cd ."
        
      exitCode: 0
  -
    kind: "try_compile-v1"
    backtrace:
      - "C:/Program Files/CMake/share/cmake-3.27/Modules/CheckSymbolExists.cmake:140 (try_compile)"
      - "C:/Program Files/CMake/share/cmake-3.27/Modules/CheckSymbolExists.cmake:66 (__CHECK_SYMBOL_EXISTS_IMPL)"
      - "CMakeLists.txt:88 (check_symbol_exists)"
    checks:
      - "Looking for strchr"
    directories:
      source: "C:/Users/meloy/source/repos/TestPureCodeEquation/TestPureCodeEquation/vcpkg_installed/vcpkg/blds/fftw3/x64-windows-rel/CMakeFiles/CMakeScratch/TryCompile-r9tmcn"
      binary: "C:/Users/meloy/source/repos/TestPureCodeEquation/TestPureCodeEquation/vcpkg_installed/vcpkg/blds/fftw3/x64-windows-rel/CMakeFiles/CMakeScratch/TryCompile-r9tmcn"
    cmakeVariables:
      CMAKE_C_FLAGS: " /nologo /DWIN32 /D_WINDOWS /W3 /utf-8 /MP "
      CMAKE_MSVC_DEBUG_INFORMATION_FORMAT: ""
      CMAKE_MSVC_RUNTIME_LIBRARY: "MultiThreaded$<$<CONFIG:Debug>:Debug>$<$<STREQUAL:dynamic,dynamic>:DLL>"
      VCPKG_APPLOCAL_DEPS: "OFF"
      VCPKG_CHAINLOAD_TOOLCHAIN_FILE: "C:/Program Files/Microsoft Visual Studio/2022/Community/VC/vcpkg/scripts/toolchains/windows.cmake"
      VCPKG_TARGET_ARCHITECTURE: "x64"
      VCPKG_TARGET_TRIPLET: "x64-windows"
      Z_VCPKG_ROOT_DIR: "C:/Program Files/Microsoft Visual Studio/2022/Community/VC/vcpkg"
    buildResult:
      variable: "HAVE_STRCHR"
      cached: true
      stdout: |
        Change Dir: 'C:/Users/meloy/source/repos/TestPureCodeEquation/TestPureCodeEquation/vcpkg_installed/vcpkg/blds/fftw3/x64-windows-rel/CMakeFiles/CMakeScratch/TryCompile-r9tmcn'
        
        Run Build Command(s): "C:/Program Files/Microsoft Visual Studio/2022/Community/Common7/IDE/CommonExtensions/Microsoft/CMake/Ninja/ninja.exe" -v cmTC_d3a21
        [1/2] C:\\PROGRA~1\\MICROS~3\\2022\\Community\\VC\\Tools\\MSVC\\14.40.33807\\bin\\Hostx64\\x64\\cl.exe  /nologo   /nologo /DWIN32 /D_WINDOWS /W3 /utf-8 /MP   /MDd /Zi /Ob0 /Od /RTC1 /showIncludes /FoCMakeFiles\\cmTC_d3a21.dir\\CheckSymbolExists.c.obj /FdCMakeFiles\\cmTC_d3a21.dir\\ /FS -c C:\\Users\\meloy\\source\\repos\\TestPureCodeEquation\\TestPureCodeEquation\\vcpkg_installed\\vcpkg\\blds\\fftw3\\x64-windows-rel\\CMakeFiles\\CMakeScratch\\TryCompile-r9tmcn\\CheckSymbolExists.c
        [2/2] cmd.exe /C "cd . && "C:\\Program Files\\CMake\\bin\\cmake.exe" -E vs_link_exe --intdir=CMakeFiles\\cmTC_d3a21.dir --rc=C:\\PROGRA~2\\WI3CF2~1\\10\\bin\\10.0.22621.0\\x64\\rc.exe --mt=C:\\PROGRA~2\\WI3CF2~1\\10\\bin\\10.0.22621.0\\x64\\mt.exe --manifests  -- C:\\PROGRA~1\\MICROS~3\\2022\\Community\\VC\\Tools\\MSVC\\14.40.33807\\bin\\Hostx64\\x64\\link.exe /nologo CMakeFiles\\cmTC_d3a21.dir\\CheckSymbolExists.c.obj  /out:cmTC_d3a21.exe /implib:cmTC_d3a21.lib /pdb:cmTC_d3a21.pdb /version:0.0 /machine:x64  /debug /INCREMENTAL /subsystem:console  kernel32.lib user32.lib gdi32.lib winspool.lib shell32.lib ole32.lib oleaut32.lib uuid.lib comdlg32.lib advapi32.lib && cd ."
        
      exitCode: 0
  -
    kind: "try_compile-v1"
    backtrace:
      - "C:/Program Files/CMake/share/cmake-3.27/Modules/CheckSymbolExists.cmake:140 (try_compile)"
      - "C:/Program Files/CMake/share/cmake-3.27/Modules/CheckSymbolExists.cmake:66 (__CHECK_SYMBOL_EXISTS_IMPL)"
      - "CMakeLists.txt:89 (check_symbol_exists)"
    checks:
      - "Looking for sysctl"
    directories:
      source: "C:/Users/meloy/source/repos/TestPureCodeEquation/TestPureCodeEquation/vcpkg_installed/vcpkg/blds/fftw3/x64-windows-rel/CMakeFiles/CMakeScratch/TryCompile-ev36ul"
      binary: "C:/Users/meloy/source/repos/TestPureCodeEquation/TestPureCodeEquation/vcpkg_installed/vcpkg/blds/fftw3/x64-windows-rel/CMakeFiles/CMakeScratch/TryCompile-ev36ul"
    cmakeVariables:
      CMAKE_C_FLAGS: " /nologo /DWIN32 /D_WINDOWS /W3 /utf-8 /MP "
      CMAKE_MSVC_DEBUG_INFORMATION_FORMAT: ""
      CMAKE_MSVC_RUNTIME_LIBRARY: "MultiThreaded$<$<CONFIG:Debug>:Debug>$<$<STREQUAL:dynamic,dynamic>:DLL>"
      VCPKG_APPLOCAL_DEPS: "OFF"
      VCPKG_CHAINLOAD_TOOLCHAIN_FILE: "C:/Program Files/Microsoft Visual Studio/2022/Community/VC/vcpkg/scripts/toolchains/windows.cmake"
      VCPKG_TARGET_ARCHITECTURE: "x64"
      VCPKG_TARGET_TRIPLET: "x64-windows"
      Z_VCPKG_ROOT_DIR: "C:/Program Files/Microsoft Visual Studio/2022/Community/VC/vcpkg"
    buildResult:
      variable: "HAVE_SYSCTL"
      cached: true
      stdout: |
        Change Dir: 'C:/Users/meloy/source/repos/TestPureCodeEquation/TestPureCodeEquation/vcpkg_installed/vcpkg/blds/fftw3/x64-windows-rel/CMakeFiles/CMakeScratch/TryCompile-ev36ul'
        
        Run Build Command(s): "C:/Program Files/Microsoft Visual Studio/2022/Community/Common7/IDE/CommonExtensions/Microsoft/CMake/Ninja/ninja.exe" -v cmTC_d2a34
        [1/2] C:\\PROGRA~1\\MICROS~3\\2022\\Community\\VC\\Tools\\MSVC\\14.40.33807\\bin\\Hostx64\\x64\\cl.exe  /nologo   /nologo /DWIN32 /D_WINDOWS /W3 /utf-8 /MP   /MDd /Zi /Ob0 /Od /RTC1 /showIncludes /FoCMakeFiles\\cmTC_d2a34.dir\\CheckSymbolExists.c.obj /FdCMakeFiles\\cmTC_d2a34.dir\\ /FS -c C:\\Users\\meloy\\source\\repos\\TestPureCodeEquation\\TestPureCodeEquation\\vcpkg_installed\\vcpkg\\blds\\fftw3\\x64-windows-rel\\CMakeFiles\\CMakeScratch\\TryCompile-ev36ul\\CheckSymbolExists.c
        FAILED: CMakeFiles/cmTC_d2a34.dir/CheckSymbolExists.c.obj 
        C:\\PROGRA~1\\MICROS~3\\2022\\Community\\VC\\Tools\\MSVC\\14.40.33807\\bin\\Hostx64\\x64\\cl.exe  /nologo   /nologo /DWIN32 /D_WINDOWS /W3 /utf-8 /MP   /MDd /Zi /Ob0 /Od /RTC1 /showIncludes /FoCMakeFiles\\cmTC_d2a34.dir\\CheckSymbolExists.c.obj /FdCMakeFiles\\cmTC_d2a34.dir\\ /FS -c C:\\Users\\meloy\\source\\repos\\TestPureCodeEquation\\TestPureCodeEquation\\vcpkg_installed\\vcpkg\\blds\\fftw3\\x64-windows-rel\\CMakeFiles\\CMakeScratch\\TryCompile-ev36ul\\CheckSymbolExists.c
        C:\\Users\\meloy\\source\\repos\\TestPureCodeEquation\\TestPureCodeEquation\\vcpkg_installed\\vcpkg\\blds\\fftw3\\x64-windows-rel\\CMakeFiles\\CMakeScratch\\TryCompile-ev36ul\\CheckSymbolExists.c(2): fatal error C1083: Cannot open include file: 'unistd.h': No such file or directory
        ninja: build stopped: subcommand failed.
        
      exitCode: 1
  -
    kind: "try_compile-v1"
    backtrace:
      - "C:/Program Files/CMake/share/cmake-3.27/Modules/CheckSymbolExists.cmake:140 (try_compile)"
      - "C:/Program Files/CMake/share/cmake-3.27/Modules/CheckSymbolExists.cmake:66 (__CHECK_SYMBOL_EXISTS_IMPL)"
      - "CMakeLists.txt:94 (check_symbol_exists)"
    checks:
      - "Looking for cosl"
    directories:
      source: "C:/Users/meloy/source/repos/TestPureCodeEquation/TestPureCodeEquation/vcpkg_installed/vcpkg/blds/fftw3/x64-windows-rel/CMakeFiles/CMakeScratch/TryCompile-9ema5i"
      binary: "C:/Users/meloy/source/repos/TestPureCodeEquation/TestPureCodeEquation/vcpkg_installed/vcpkg/blds/fftw3/x64-windows-rel/CMakeFiles/CMakeScratch/TryCompile-9ema5i"
    cmakeVariables:
      CMAKE_C_FLAGS: " /nologo /DWIN32 /D_WINDOWS /W3 /utf-8 /MP "
      CMAKE_MSVC_DEBUG_INFORMATION_FORMAT: ""
      CMAKE_MSVC_RUNTIME_LIBRARY: "MultiThreaded$<$<CONFIG:Debug>:Debug>$<$<STREQUAL:dynamic,dynamic>:DLL>"
      VCPKG_APPLOCAL_DEPS: "OFF"
      VCPKG_CHAINLOAD_TOOLCHAIN_FILE: "C:/Program Files/Microsoft Visual Studio/2022/Community/VC/vcpkg/scripts/toolchains/windows.cmake"
      VCPKG_TARGET_ARCHITECTURE: "x64"
      VCPKG_TARGET_TRIPLET: "x64-windows"
      Z_VCPKG_ROOT_DIR: "C:/Program Files/Microsoft Visual Studio/2022/Community/VC/vcpkg"
    buildResult:
      variable: "HAVE_COSL"
      cached: true
      stdout: |
        Change Dir: 'C:/Users/meloy/source/repos/TestPureCodeEquation/TestPureCodeEquation/vcpkg_installed/vcpkg/blds/fftw3/x64-windows-rel/CMakeFiles/CMakeScratch/TryCompile-9ema5i'
        
        Run Build Command(s): "C:/Program Files/Microsoft Visual Studio/2022/Community/Common7/IDE/CommonExtensions/Microsoft/CMake/Ninja/ninja.exe" -v cmTC_69e22
        [1/2] C:\\PROGRA~1\\MICROS~3\\2022\\Community\\VC\\Tools\\MSVC\\14.40.33807\\bin\\Hostx64\\x64\\cl.exe  /nologo   /nologo /DWIN32 /D_WINDOWS /W3 /utf-8 /MP   /MDd /Zi /Ob0 /Od /RTC1 /showIncludes /FoCMakeFiles\\cmTC_69e22.dir\\CheckSymbolExists.c.obj /FdCMakeFiles\\cmTC_69e22.dir\\ /FS -c C:\\Users\\meloy\\source\\repos\\TestPureCodeEquation\\TestPureCodeEquation\\vcpkg_installed\\vcpkg\\blds\\fftw3\\x64-windows-rel\\CMakeFiles\\CMakeScratch\\TryCompile-9ema5i\\CheckSymbolExists.c
        [2/2] cmd.exe /C "cd . && "C:\\Program Files\\CMake\\bin\\cmake.exe" -E vs_link_exe --intdir=CMakeFiles\\cmTC_69e22.dir --rc=C:\\PROGRA~2\\WI3CF2~1\\10\\bin\\10.0.22621.0\\x64\\rc.exe --mt=C:\\PROGRA~2\\WI3CF2~1\\10\\bin\\10.0.22621.0\\x64\\mt.exe --manifests  -- C:\\PROGRA~1\\MICROS~3\\2022\\Community\\VC\\Tools\\MSVC\\14.40.33807\\bin\\Hostx64\\x64\\link.exe /nologo CMakeFiles\\cmTC_69e22.dir\\CheckSymbolExists.c.obj  /out:cmTC_69e22.exe /implib:cmTC_69e22.lib /pdb:cmTC_69e22.pdb /version:0.0 /machine:x64  /debug /INCREMENTAL /subsystem:console  kernel32.lib user32.lib gdi32.lib winspool.lib shell32.lib ole32.lib oleaut32.lib uuid.lib comdlg32.lib advapi32.lib && cd ."
        
      exitCode: 0
  -
    kind: "try_compile-v1"
    backtrace:
      - "C:/Program Files/CMake/share/cmake-3.27/Modules/CheckSymbolExists.cmake:140 (try_compile)"
      - "C:/Program Files/CMake/share/cmake-3.27/Modules/CheckSymbolExists.cmake:66 (__CHECK_SYMBOL_EXISTS_IMPL)"
      - "CMakeLists.txt:95 (check_symbol_exists)"
    checks:
      - "Looking for sinl"
    directories:
      source: "C:/Users/meloy/source/repos/TestPureCodeEquation/TestPureCodeEquation/vcpkg_installed/vcpkg/blds/fftw3/x64-windows-rel/CMakeFiles/CMakeScratch/TryCompile-q7xoo2"
      binary: "C:/Users/meloy/source/repos/TestPureCodeEquation/TestPureCodeEquation/vcpkg_installed/vcpkg/blds/fftw3/x64-windows-rel/CMakeFiles/CMakeScratch/TryCompile-q7xoo2"
    cmakeVariables:
      CMAKE_C_FLAGS: " /nologo /DWIN32 /D_WINDOWS /W3 /utf-8 /MP "
      CMAKE_MSVC_DEBUG_INFORMATION_FORMAT: ""
      CMAKE_MSVC_RUNTIME_LIBRARY: "MultiThreaded$<$<CONFIG:Debug>:Debug>$<$<STREQUAL:dynamic,dynamic>:DLL>"
      VCPKG_APPLOCAL_DEPS: "OFF"
      VCPKG_CHAINLOAD_TOOLCHAIN_FILE: "C:/Program Files/Microsoft Visual Studio/2022/Community/VC/vcpkg/scripts/toolchains/windows.cmake"
      VCPKG_TARGET_ARCHITECTURE: "x64"
      VCPKG_TARGET_TRIPLET: "x64-windows"
      Z_VCPKG_ROOT_DIR: "C:/Program Files/Microsoft Visual Studio/2022/Community/VC/vcpkg"
    buildResult:
      variable: "HAVE_SINL"
      cached: true
      stdout: |
        Change Dir: 'C:/Users/meloy/source/repos/TestPureCodeEquation/TestPureCodeEquation/vcpkg_installed/vcpkg/blds/fftw3/x64-windows-rel/CMakeFiles/CMakeScratch/TryCompile-q7xoo2'
        
        Run Build Command(s): "C:/Program Files/Microsoft Visual Studio/2022/Community/Common7/IDE/CommonExtensions/Microsoft/CMake/Ninja/ninja.exe" -v cmTC_445b1
        [1/2] C:\\PROGRA~1\\MICROS~3\\2022\\Community\\VC\\Tools\\MSVC\\14.40.33807\\bin\\Hostx64\\x64\\cl.exe  /nologo   /nologo /DWIN32 /D_WINDOWS /W3 /utf-8 /MP   /MDd /Zi /Ob0 /Od /RTC1 /showIncludes /FoCMakeFiles\\cmTC_445b1.dir\\CheckSymbolExists.c.obj /FdCMakeFiles\\cmTC_445b1.dir\\ /FS -c C:\\Users\\meloy\\source\\repos\\TestPureCodeEquation\\TestPureCodeEquation\\vcpkg_installed\\vcpkg\\blds\\fftw3\\x64-windows-rel\\CMakeFiles\\CMakeScratch\\TryCompile-q7xoo2\\CheckSymbolExists.c
        [2/2] cmd.exe /C "cd . && "C:\\Program Files\\CMake\\bin\\cmake.exe" -E vs_link_exe --intdir=CMakeFiles\\cmTC_445b1.dir --rc=C:\\PROGRA~2\\WI3CF2~1\\10\\bin\\10.0.22621.0\\x64\\rc.exe --mt=C:\\PROGRA~2\\WI3CF2~1\\10\\bin\\10.0.22621.0\\x64\\mt.exe --manifests  -- C:\\PROGRA~1\\MICROS~3\\2022\\Community\\VC\\Tools\\MSVC\\14.40.33807\\bin\\Hostx64\\x64\\link.exe /nologo CMakeFiles\\cmTC_445b1.dir\\CheckSymbolExists.c.obj  /out:cmTC_445b1.exe /implib:cmTC_445b1.lib /pdb:cmTC_445b1.pdb /version:0.0 /machine:x64  /debug /INCREMENTAL /subsystem:console  kernel32.lib user32.lib gdi32.lib winspool.lib shell32.lib ole32.lib oleaut32.lib uuid.lib comdlg32.lib advapi32.lib && cd ."
        
      exitCode: 0
  -
    kind: "try_compile-v1"
    backtrace:
      - "C:/Program Files/CMake/share/cmake-3.27/Modules/CheckTypeSize.cmake:146 (try_compile)"
      - "C:/Program Files/CMake/share/cmake-3.27/Modules/CheckTypeSize.cmake:271 (__check_type_size_impl)"
      - "CMakeLists.txt:98 (check_type_size)"
    checks:
      - "Check size of float"
    directories:
      source: "C:/Users/meloy/source/repos/TestPureCodeEquation/TestPureCodeEquation/vcpkg_installed/vcpkg/blds/fftw3/x64-windows-rel/CMakeFiles/CMakeScratch/TryCompile-b6lwqy"
      binary: "C:/Users/meloy/source/repos/TestPureCodeEquation/TestPureCodeEquation/vcpkg_installed/vcpkg/blds/fftw3/x64-windows-rel/CMakeFiles/CMakeScratch/TryCompile-b6lwqy"
    cmakeVariables:
      CMAKE_C_FLAGS: " /nologo /DWIN32 /D_WINDOWS /W3 /utf-8 /MP "
      CMAKE_MSVC_DEBUG_INFORMATION_FORMAT: ""
      CMAKE_MSVC_RUNTIME_LIBRARY: "MultiThreaded$<$<CONFIG:Debug>:Debug>$<$<STREQUAL:dynamic,dynamic>:DLL>"
      VCPKG_APPLOCAL_DEPS: "OFF"
      VCPKG_CHAINLOAD_TOOLCHAIN_FILE: "C:/Program Files/Microsoft Visual Studio/2022/Community/VC/vcpkg/scripts/toolchains/windows.cmake"
      VCPKG_TARGET_ARCHITECTURE: "x64"
      VCPKG_TARGET_TRIPLET: "x64-windows"
      Z_VCPKG_ROOT_DIR: "C:/Program Files/Microsoft Visual Studio/2022/Community/VC/vcpkg"
    buildResult:
      variable: "HAVE_SIZEOF_FLOAT"
      cached: true
      stdout: |
        Change Dir: 'C:/Users/meloy/source/repos/TestPureCodeEquation/TestPureCodeEquation/vcpkg_installed/vcpkg/blds/fftw3/x64-windows-rel/CMakeFiles/CMakeScratch/TryCompile-b6lwqy'
        
        Run Build Command(s): "C:/Program Files/Microsoft Visual Studio/2022/Community/Common7/IDE/CommonExtensions/Microsoft/CMake/Ninja/ninja.exe" -v cmTC_472b4
        [1/2] C:\\PROGRA~1\\MICROS~3\\2022\\Community\\VC\\Tools\\MSVC\\14.40.33807\\bin\\Hostx64\\x64\\cl.exe  /nologo   /nologo /DWIN32 /D_WINDOWS /W3 /utf-8 /MP   /MDd /Zi /Ob0 /Od /RTC1 /showIncludes /FoCMakeFiles\\cmTC_472b4.dir\\SIZEOF_FLOAT.c.obj /FdCMakeFiles\\cmTC_472b4.dir\\ /FS -c C:\\Users\\meloy\\source\\repos\\TestPureCodeEquation\\TestPureCodeEquation\\vcpkg_installed\\vcpkg\\blds\\fftw3\\x64-windows-rel\\CMakeFiles\\CMakeScratch\\TryCompile-b6lwqy\\SIZEOF_FLOAT.c
        [2/2] cmd.exe /C "cd . && "C:\\Program Files\\CMake\\bin\\cmake.exe" -E vs_link_exe --intdir=CMakeFiles\\cmTC_472b4.dir --rc=C:\\PROGRA~2\\WI3CF2~1\\10\\bin\\10.0.22621.0\\x64\\rc.exe --mt=C:\\PROGRA~2\\WI3CF2~1\\10\\bin\\10.0.22621.0\\x64\\mt.exe --manifests  -- C:\\PROGRA~1\\MICROS~3\\2022\\Community\\VC\\Tools\\MSVC\\14.40.33807\\bin\\Hostx64\\x64\\link.exe /nologo CMakeFiles\\cmTC_472b4.dir\\SIZEOF_FLOAT.c.obj  /out:cmTC_472b4.exe /implib:cmTC_472b4.lib /pdb:cmTC_472b4.pdb /version:0.0 /machine:x64  /debug /INCREMENTAL /subsystem:console  kernel32.lib user32.lib gdi32.lib winspool.lib shell32.lib ole32.lib oleaut32.lib uuid.lib comdlg32.lib advapi32.lib && cd ."
        
      exitCode: 0
  -
    kind: "try_compile-v1"
    backtrace:
      - "C:/Program Files/CMake/share/cmake-3.27/Modules/CheckTypeSize.cmake:146 (try_compile)"
      - "C:/Program Files/CMake/share/cmake-3.27/Modules/CheckTypeSize.cmake:271 (__check_type_size_impl)"
      - "CMakeLists.txt:99 (check_type_size)"
    checks:
      - "Check size of double"
    directories:
      source: "C:/Users/meloy/source/repos/TestPureCodeEquation/TestPureCodeEquation/vcpkg_installed/vcpkg/blds/fftw3/x64-windows-rel/CMakeFiles/CMakeScratch/TryCompile-b1xovj"
      binary: "C:/Users/meloy/source/repos/TestPureCodeEquation/TestPureCodeEquation/vcpkg_installed/vcpkg/blds/fftw3/x64-windows-rel/CMakeFiles/CMakeScratch/TryCompile-b1xovj"
    cmakeVariables:
      CMAKE_C_FLAGS: " /nologo /DWIN32 /D_WINDOWS /W3 /utf-8 /MP "
      CMAKE_MSVC_DEBUG_INFORMATION_FORMAT: ""
      CMAKE_MSVC_RUNTIME_LIBRARY: "MultiThreaded$<$<CONFIG:Debug>:Debug>$<$<STREQUAL:dynamic,dynamic>:DLL>"
      VCPKG_APPLOCAL_DEPS: "OFF"
      VCPKG_CHAINLOAD_TOOLCHAIN_FILE: "C:/Program Files/Microsoft Visual Studio/2022/Community/VC/vcpkg/scripts/toolchains/windows.cmake"
      VCPKG_TARGET_ARCHITECTURE: "x64"
      VCPKG_TARGET_TRIPLET: "x64-windows"
      Z_VCPKG_ROOT_DIR: "C:/Program Files/Microsoft Visual Studio/2022/Community/VC/vcpkg"
    buildResult:
      variable: "HAVE_SIZEOF_DOUBLE"
      cached: true
      stdout: |
        Change Dir: 'C:/Users/meloy/source/repos/TestPureCodeEquation/TestPureCodeEquation/vcpkg_installed/vcpkg/blds/fftw3/x64-windows-rel/CMakeFiles/CMakeScratch/TryCompile-b1xovj'
        
        Run Build Command(s): "C:/Program Files/Microsoft Visual Studio/2022/Community/Common7/IDE/CommonExtensions/Microsoft/CMake/Ninja/ninja.exe" -v cmTC_2d796
        [1/2] C:\\PROGRA~1\\MICROS~3\\2022\\Community\\VC\\Tools\\MSVC\\14.40.33807\\bin\\Hostx64\\x64\\cl.exe  /nologo   /nologo /DWIN32 /D_WINDOWS /W3 /utf-8 /MP   /MDd /Zi /Ob0 /Od /RTC1 /showIncludes /FoCMakeFiles\\cmTC_2d796.dir\\SIZEOF_DOUBLE.c.obj /FdCMakeFiles\\cmTC_2d796.dir\\ /FS -c C:\\Users\\meloy\\source\\repos\\TestPureCodeEquation\\TestPureCodeEquation\\vcpkg_installed\\vcpkg\\blds\\fftw3\\x64-windows-rel\\CMakeFiles\\CMakeScratch\\TryCompile-b1xovj\\SIZEOF_DOUBLE.c
        [2/2] cmd.exe /C "cd . && "C:\\Program Files\\CMake\\bin\\cmake.exe" -E vs_link_exe --intdir=CMakeFiles\\cmTC_2d796.dir --rc=C:\\PROGRA~2\\WI3CF2~1\\10\\bin\\10.0.22621.0\\x64\\rc.exe --mt=C:\\PROGRA~2\\WI3CF2~1\\10\\bin\\10.0.22621.0\\x64\\mt.exe --manifests  -- C:\\PROGRA~1\\MICROS~3\\2022\\Community\\VC\\Tools\\MSVC\\14.40.33807\\bin\\Hostx64\\x64\\link.exe /nologo CMakeFiles\\cmTC_2d796.dir\\SIZEOF_DOUBLE.c.obj  /out:cmTC_2d796.exe /implib:cmTC_2d796.lib /pdb:cmTC_2d796.pdb /version:0.0 /machine:x64  /debug /INCREMENTAL /subsystem:console  kernel32.lib user32.lib gdi32.lib winspool.lib shell32.lib ole32.lib oleaut32.lib uuid.lib comdlg32.lib advapi32.lib && cd ."
        
      exitCode: 0
  -
    kind: "try_compile-v1"
    backtrace:
      - "C:/Program Files/CMake/share/cmake-3.27/Modules/CheckTypeSize.cmake:146 (try_compile)"
      - "C:/Program Files/CMake/share/cmake-3.27/Modules/CheckTypeSize.cmake:271 (__check_type_size_impl)"
      - "CMakeLists.txt:100 (check_type_size)"
    checks:
      - "Check size of int"
    directories:
      source: "C:/Users/meloy/source/repos/TestPureCodeEquation/TestPureCodeEquation/vcpkg_installed/vcpkg/blds/fftw3/x64-windows-rel/CMakeFiles/CMakeScratch/TryCompile-d8768n"
      binary: "C:/Users/meloy/source/repos/TestPureCodeEquation/TestPureCodeEquation/vcpkg_installed/vcpkg/blds/fftw3/x64-windows-rel/CMakeFiles/CMakeScratch/TryCompile-d8768n"
    cmakeVariables:
      CMAKE_C_FLAGS: " /nologo /DWIN32 /D_WINDOWS /W3 /utf-8 /MP "
      CMAKE_MSVC_DEBUG_INFORMATION_FORMAT: ""
      CMAKE_MSVC_RUNTIME_LIBRARY: "MultiThreaded$<$<CONFIG:Debug>:Debug>$<$<STREQUAL:dynamic,dynamic>:DLL>"
      VCPKG_APPLOCAL_DEPS: "OFF"
      VCPKG_CHAINLOAD_TOOLCHAIN_FILE: "C:/Program Files/Microsoft Visual Studio/2022/Community/VC/vcpkg/scripts/toolchains/windows.cmake"
      VCPKG_TARGET_ARCHITECTURE: "x64"
      VCPKG_TARGET_TRIPLET: "x64-windows"
      Z_VCPKG_ROOT_DIR: "C:/Program Files/Microsoft Visual Studio/2022/Community/VC/vcpkg"
    buildResult:
      variable: "HAVE_SIZEOF_INT"
      cached: true
      stdout: |
        Change Dir: 'C:/Users/meloy/source/repos/TestPureCodeEquation/TestPureCodeEquation/vcpkg_installed/vcpkg/blds/fftw3/x64-windows-rel/CMakeFiles/CMakeScratch/TryCompile-d8768n'
        
        Run Build Command(s): "C:/Program Files/Microsoft Visual Studio/2022/Community/Common7/IDE/CommonExtensions/Microsoft/CMake/Ninja/ninja.exe" -v cmTC_fe55a
        [1/2] C:\\PROGRA~1\\MICROS~3\\2022\\Community\\VC\\Tools\\MSVC\\14.40.33807\\bin\\Hostx64\\x64\\cl.exe  /nologo   /nologo /DWIN32 /D_WINDOWS /W3 /utf-8 /MP   /MDd /Zi /Ob0 /Od /RTC1 /showIncludes /FoCMakeFiles\\cmTC_fe55a.dir\\SIZEOF_INT.c.obj /FdCMakeFiles\\cmTC_fe55a.dir\\ /FS -c C:\\Users\\meloy\\source\\repos\\TestPureCodeEquation\\TestPureCodeEquation\\vcpkg_installed\\vcpkg\\blds\\fftw3\\x64-windows-rel\\CMakeFiles\\CMakeScratch\\TryCompile-d8768n\\SIZEOF_INT.c
        [2/2] cmd.exe /C "cd . && "C:\\Program Files\\CMake\\bin\\cmake.exe" -E vs_link_exe --intdir=CMakeFiles\\cmTC_fe55a.dir --rc=C:\\PROGRA~2\\WI3CF2~1\\10\\bin\\10.0.22621.0\\x64\\rc.exe --mt=C:\\PROGRA~2\\WI3CF2~1\\10\\bin\\10.0.22621.0\\x64\\mt.exe --manifests  -- C:\\PROGRA~1\\MICROS~3\\2022\\Community\\VC\\Tools\\MSVC\\14.40.33807\\bin\\Hostx64\\x64\\link.exe /nologo CMakeFiles\\cmTC_fe55a.dir\\SIZEOF_INT.c.obj  /out:cmTC_fe55a.exe /implib:cmTC_fe55a.lib /pdb:cmTC_fe55a.pdb /version:0.0 /machine:x64  /debug /INCREMENTAL /subsystem:console  kernel32.lib user32.lib gdi32.lib winspool.lib shell32.lib ole32.lib oleaut32.lib uuid.lib comdlg32.lib advapi32.lib && cd ."
        
      exitCode: 0
  -
    kind: "try_compile-v1"
    backtrace:
      - "C:/Program Files/CMake/share/cmake-3.27/Modules/CheckTypeSize.cmake:146 (try_compile)"
      - "C:/Program Files/CMake/share/cmake-3.27/Modules/CheckTypeSize.cmake:271 (__check_type_size_impl)"
      - "CMakeLists.txt:101 (check_type_size)"
    checks:
      - "Check size of long"
    directories:
      source: "C:/Users/meloy/source/repos/TestPureCodeEquation/TestPureCodeEquation/vcpkg_installed/vcpkg/blds/fftw3/x64-windows-rel/CMakeFiles/CMakeScratch/TryCompile-qrlxi2"
      binary: "C:/Users/meloy/source/repos/TestPureCodeEquation/TestPureCodeEquation/vcpkg_installed/vcpkg/blds/fftw3/x64-windows-rel/CMakeFiles/CMakeScratch/TryCompile-qrlxi2"
    cmakeVariables:
      CMAKE_C_FLAGS: " /nologo /DWIN32 /D_WINDOWS /W3 /utf-8 /MP "
      CMAKE_MSVC_DEBUG_INFORMATION_FORMAT: ""
      CMAKE_MSVC_RUNTIME_LIBRARY: "MultiThreaded$<$<CONFIG:Debug>:Debug>$<$<STREQUAL:dynamic,dynamic>:DLL>"
      VCPKG_APPLOCAL_DEPS: "OFF"
      VCPKG_CHAINLOAD_TOOLCHAIN_FILE: "C:/Program Files/Microsoft Visual Studio/2022/Community/VC/vcpkg/scripts/toolchains/windows.cmake"
      VCPKG_TARGET_ARCHITECTURE: "x64"
      VCPKG_TARGET_TRIPLET: "x64-windows"
      Z_VCPKG_ROOT_DIR: "C:/Program Files/Microsoft Visual Studio/2022/Community/VC/vcpkg"
    buildResult:
      variable: "HAVE_SIZEOF_LONG"
      cached: true
      stdout: |
        Change Dir: 'C:/Users/meloy/source/repos/TestPureCodeEquation/TestPureCodeEquation/vcpkg_installed/vcpkg/blds/fftw3/x64-windows-rel/CMakeFiles/CMakeScratch/TryCompile-qrlxi2'
        
        Run Build Command(s): "C:/Program Files/Microsoft Visual Studio/2022/Community/Common7/IDE/CommonExtensions/Microsoft/CMake/Ninja/ninja.exe" -v cmTC_13342
        [1/2] C:\\PROGRA~1\\MICROS~3\\2022\\Community\\VC\\Tools\\MSVC\\14.40.33807\\bin\\Hostx64\\x64\\cl.exe  /nologo   /nologo /DWIN32 /D_WINDOWS /W3 /utf-8 /MP   /MDd /Zi /Ob0 /Od /RTC1 /showIncludes /FoCMakeFiles\\cmTC_13342.dir\\SIZEOF_LONG.c.obj /FdCMakeFiles\\cmTC_13342.dir\\ /FS -c C:\\Users\\meloy\\source\\repos\\TestPureCodeEquation\\TestPureCodeEquation\\vcpkg_installed\\vcpkg\\blds\\fftw3\\x64-windows-rel\\CMakeFiles\\CMakeScratch\\TryCompile-qrlxi2\\SIZEOF_LONG.c
        [2/2] cmd.exe /C "cd . && "C:\\Program Files\\CMake\\bin\\cmake.exe" -E vs_link_exe --intdir=CMakeFiles\\cmTC_13342.dir --rc=C:\\PROGRA~2\\WI3CF2~1\\10\\bin\\10.0.22621.0\\x64\\rc.exe --mt=C:\\PROGRA~2\\WI3CF2~1\\10\\bin\\10.0.22621.0\\x64\\mt.exe --manifests  -- C:\\PROGRA~1\\MICROS~3\\2022\\Community\\VC\\Tools\\MSVC\\14.40.33807\\bin\\Hostx64\\x64\\link.exe /nologo CMakeFiles\\cmTC_13342.dir\\SIZEOF_LONG.c.obj  /out:cmTC_13342.exe /implib:cmTC_13342.lib /pdb:cmTC_13342.pdb /version:0.0 /machine:x64  /debug /INCREMENTAL /subsystem:console  kernel32.lib user32.lib gdi32.lib winspool.lib shell32.lib ole32.lib oleaut32.lib uuid.lib comdlg32.lib advapi32.lib && cd ."
        
      exitCode: 0
  -
    kind: "try_compile-v1"
    backtrace:
      - "C:/Program Files/CMake/share/cmake-3.27/Modules/CheckTypeSize.cmake:146 (try_compile)"
      - "C:/Program Files/CMake/share/cmake-3.27/Modules/CheckTypeSize.cmake:271 (__check_type_size_impl)"
      - "CMakeLists.txt:102 (check_type_size)"
    checks:
      - "Check size of long long"
    directories:
      source: "C:/Users/meloy/source/repos/TestPureCodeEquation/TestPureCodeEquation/vcpkg_installed/vcpkg/blds/fftw3/x64-windows-rel/CMakeFiles/CMakeScratch/TryCompile-ev9bs3"
      binary: "C:/Users/meloy/source/repos/TestPureCodeEquation/TestPureCodeEquation/vcpkg_installed/vcpkg/blds/fftw3/x64-windows-rel/CMakeFiles/CMakeScratch/TryCompile-ev9bs3"
    cmakeVariables:
      CMAKE_C_FLAGS: " /nologo /DWIN32 /D_WINDOWS /W3 /utf-8 /MP "
      CMAKE_MSVC_DEBUG_INFORMATION_FORMAT: ""
      CMAKE_MSVC_RUNTIME_LIBRARY: "MultiThreaded$<$<CONFIG:Debug>:Debug>$<$<STREQUAL:dynamic,dynamic>:DLL>"
      VCPKG_APPLOCAL_DEPS: "OFF"
      VCPKG_CHAINLOAD_TOOLCHAIN_FILE: "C:/Program Files/Microsoft Visual Studio/2022/Community/VC/vcpkg/scripts/toolchains/windows.cmake"
      VCPKG_TARGET_ARCHITECTURE: "x64"
      VCPKG_TARGET_TRIPLET: "x64-windows"
      Z_VCPKG_ROOT_DIR: "C:/Program Files/Microsoft Visual Studio/2022/Community/VC/vcpkg"
    buildResult:
      variable: "HAVE_SIZEOF_LONG_LONG"
      cached: true
      stdout: |
        Change Dir: 'C:/Users/meloy/source/repos/TestPureCodeEquation/TestPureCodeEquation/vcpkg_installed/vcpkg/blds/fftw3/x64-windows-rel/CMakeFiles/CMakeScratch/TryCompile-ev9bs3'
        
        Run Build Command(s): "C:/Program Files/Microsoft Visual Studio/2022/Community/Common7/IDE/CommonExtensions/Microsoft/CMake/Ninja/ninja.exe" -v cmTC_5c6ac
        [1/2] C:\\PROGRA~1\\MICROS~3\\2022\\Community\\VC\\Tools\\MSVC\\14.40.33807\\bin\\Hostx64\\x64\\cl.exe  /nologo   /nologo /DWIN32 /D_WINDOWS /W3 /utf-8 /MP   /MDd /Zi /Ob0 /Od /RTC1 /showIncludes /FoCMakeFiles\\cmTC_5c6ac.dir\\SIZEOF_LONG_LONG.c.obj /FdCMakeFiles\\cmTC_5c6ac.dir\\ /FS -c C:\\Users\\meloy\\source\\repos\\TestPureCodeEquation\\TestPureCodeEquation\\vcpkg_installed\\vcpkg\\blds\\fftw3\\x64-windows-rel\\CMakeFiles\\CMakeScratch\\TryCompile-ev9bs3\\SIZEOF_LONG_LONG.c
        [2/2] cmd.exe /C "cd . && "C:\\Program Files\\CMake\\bin\\cmake.exe" -E vs_link_exe --intdir=CMakeFiles\\cmTC_5c6ac.dir --rc=C:\\PROGRA~2\\WI3CF2~1\\10\\bin\\10.0.22621.0\\x64\\rc.exe --mt=C:\\PROGRA~2\\WI3CF2~1\\10\\bin\\10.0.22621.0\\x64\\mt.exe --manifests  -- C:\\PROGRA~1\\MICROS~3\\2022\\Community\\VC\\Tools\\MSVC\\14.40.33807\\bin\\Hostx64\\x64\\link.exe /nologo CMakeFiles\\cmTC_5c6ac.dir\\SIZEOF_LONG_LONG.c.obj  /out:cmTC_5c6ac.exe /implib:cmTC_5c6ac.lib /pdb:cmTC_5c6ac.pdb /version:0.0 /machine:x64  /debug /INCREMENTAL /subsystem:console  kernel32.lib user32.lib gdi32.lib winspool.lib shell32.lib ole32.lib oleaut32.lib uuid.lib comdlg32.lib advapi32.lib && cd ."
        
      exitCode: 0
  -
    kind: "try_compile-v1"
    backtrace:
      - "C:/Program Files/CMake/share/cmake-3.27/Modules/CheckTypeSize.cmake:146 (try_compile)"
      - "C:/Program Files/CMake/share/cmake-3.27/Modules/CheckTypeSize.cmake:271 (__check_type_size_impl)"
      - "CMakeLists.txt:103 (check_type_size)"
    checks:
      - "Check size of unsigned int"
    directories:
      source: "C:/Users/meloy/source/repos/TestPureCodeEquation/TestPureCodeEquation/vcpkg_installed/vcpkg/blds/fftw3/x64-windows-rel/CMakeFiles/CMakeScratch/TryCompile-96jkp7"
      binary: "C:/Users/meloy/source/repos/TestPureCodeEquation/TestPureCodeEquation/vcpkg_installed/vcpkg/blds/fftw3/x64-windows-rel/CMakeFiles/CMakeScratch/TryCompile-96jkp7"
    cmakeVariables:
      CMAKE_C_FLAGS: " /nologo /DWIN32 /D_WINDOWS /W3 /utf-8 /MP "
      CMAKE_MSVC_DEBUG_INFORMATION_FORMAT: ""
      CMAKE_MSVC_RUNTIME_LIBRARY: "MultiThreaded$<$<CONFIG:Debug>:Debug>$<$<STREQUAL:dynamic,dynamic>:DLL>"
      VCPKG_APPLOCAL_DEPS: "OFF"
      VCPKG_CHAINLOAD_TOOLCHAIN_FILE: "C:/Program Files/Microsoft Visual Studio/2022/Community/VC/vcpkg/scripts/toolchains/windows.cmake"
      VCPKG_TARGET_ARCHITECTURE: "x64"
      VCPKG_TARGET_TRIPLET: "x64-windows"
      Z_VCPKG_ROOT_DIR: "C:/Program Files/Microsoft Visual Studio/2022/Community/VC/vcpkg"
    buildResult:
      variable: "HAVE_SIZEOF_UNSIGNED_INT"
      cached: true
      stdout: |
        Change Dir: 'C:/Users/meloy/source/repos/TestPureCodeEquation/TestPureCodeEquation/vcpkg_installed/vcpkg/blds/fftw3/x64-windows-rel/CMakeFiles/CMakeScratch/TryCompile-96jkp7'
        
        Run Build Command(s): "C:/Program Files/Microsoft Visual Studio/2022/Community/Common7/IDE/CommonExtensions/Microsoft/CMake/Ninja/ninja.exe" -v cmTC_6a007
        [1/2] C:\\PROGRA~1\\MICROS~3\\2022\\Community\\VC\\Tools\\MSVC\\14.40.33807\\bin\\Hostx64\\x64\\cl.exe  /nologo   /nologo /DWIN32 /D_WINDOWS /W3 /utf-8 /MP   /MDd /Zi /Ob0 /Od /RTC1 /showIncludes /FoCMakeFiles\\cmTC_6a007.dir\\SIZEOF_UNSIGNED_INT.c.obj /FdCMakeFiles\\cmTC_6a007.dir\\ /FS -c C:\\Users\\meloy\\source\\repos\\TestPureCodeEquation\\TestPureCodeEquation\\vcpkg_installed\\vcpkg\\blds\\fftw3\\x64-windows-rel\\CMakeFiles\\CMakeScratch\\TryCompile-96jkp7\\SIZEOF_UNSIGNED_INT.c
        [2/2] cmd.exe /C "cd . && "C:\\Program Files\\CMake\\bin\\cmake.exe" -E vs_link_exe --intdir=CMakeFiles\\cmTC_6a007.dir --rc=C:\\PROGRA~2\\WI3CF2~1\\10\\bin\\10.0.22621.0\\x64\\rc.exe --mt=C:\\PROGRA~2\\WI3CF2~1\\10\\bin\\10.0.22621.0\\x64\\mt.exe --manifests  -- C:\\PROGRA~1\\MICROS~3\\2022\\Community\\VC\\Tools\\MSVC\\14.40.33807\\bin\\Hostx64\\x64\\link.exe /nologo CMakeFiles\\cmTC_6a007.dir\\SIZEOF_UNSIGNED_INT.c.obj  /out:cmTC_6a007.exe /implib:cmTC_6a007.lib /pdb:cmTC_6a007.pdb /version:0.0 /machine:x64  /debug /INCREMENTAL /subsystem:console  kernel32.lib user32.lib gdi32.lib winspool.lib shell32.lib ole32.lib oleaut32.lib uuid.lib comdlg32.lib advapi32.lib && cd ."
        
      exitCode: 0
  -
    kind: "try_compile-v1"
    backtrace:
      - "C:/Program Files/CMake/share/cmake-3.27/Modules/CheckTypeSize.cmake:146 (try_compile)"
      - "C:/Program Files/CMake/share/cmake-3.27/Modules/CheckTypeSize.cmake:271 (__check_type_size_impl)"
      - "CMakeLists.txt:104 (check_type_size)"
    checks:
      - "Check size of unsigned long"
    directories:
      source: "C:/Users/meloy/source/repos/TestPureCodeEquation/TestPureCodeEquation/vcpkg_installed/vcpkg/blds/fftw3/x64-windows-rel/CMakeFiles/CMakeScratch/TryCompile-wn1axp"
      binary: "C:/Users/meloy/source/repos/TestPureCodeEquation/TestPureCodeEquation/vcpkg_installed/vcpkg/blds/fftw3/x64-windows-rel/CMakeFiles/CMakeScratch/TryCompile-wn1axp"
    cmakeVariables:
      CMAKE_C_FLAGS: " /nologo /DWIN32 /D_WINDOWS /W3 /utf-8 /MP "
      CMAKE_MSVC_DEBUG_INFORMATION_FORMAT: ""
      CMAKE_MSVC_RUNTIME_LIBRARY: "MultiThreaded$<$<CONFIG:Debug>:Debug>$<$<STREQUAL:dynamic,dynamic>:DLL>"
      VCPKG_APPLOCAL_DEPS: "OFF"
      VCPKG_CHAINLOAD_TOOLCHAIN_FILE: "C:/Program Files/Microsoft Visual Studio/2022/Community/VC/vcpkg/scripts/toolchains/windows.cmake"
      VCPKG_TARGET_ARCHITECTURE: "x64"
      VCPKG_TARGET_TRIPLET: "x64-windows"
      Z_VCPKG_ROOT_DIR: "C:/Program Files/Microsoft Visual Studio/2022/Community/VC/vcpkg"
    buildResult:
      variable: "HAVE_SIZEOF_UNSIGNED_LONG"
      cached: true
      stdout: |
        Change Dir: 'C:/Users/meloy/source/repos/TestPureCodeEquation/TestPureCodeEquation/vcpkg_installed/vcpkg/blds/fftw3/x64-windows-rel/CMakeFiles/CMakeScratch/TryCompile-wn1axp'
        
        Run Build Command(s): "C:/Program Files/Microsoft Visual Studio/2022/Community/Common7/IDE/CommonExtensions/Microsoft/CMake/Ninja/ninja.exe" -v cmTC_f4aec
        [1/2] C:\\PROGRA~1\\MICROS~3\\2022\\Community\\VC\\Tools\\MSVC\\14.40.33807\\bin\\Hostx64\\x64\\cl.exe  /nologo   /nologo /DWIN32 /D_WINDOWS /W3 /utf-8 /MP   /MDd /Zi /Ob0 /Od /RTC1 /showIncludes /FoCMakeFiles\\cmTC_f4aec.dir\\SIZEOF_UNSIGNED_LONG.c.obj /FdCMakeFiles\\cmTC_f4aec.dir\\ /FS -c C:\\Users\\meloy\\source\\repos\\TestPureCodeEquation\\TestPureCodeEquation\\vcpkg_installed\\vcpkg\\blds\\fftw3\\x64-windows-rel\\CMakeFiles\\CMakeScratch\\TryCompile-wn1axp\\SIZEOF_UNSIGNED_LONG.c
        [2/2] cmd.exe /C "cd . && "C:\\Program Files\\CMake\\bin\\cmake.exe" -E vs_link_exe --intdir=CMakeFiles\\cmTC_f4aec.dir --rc=C:\\PROGRA~2\\WI3CF2~1\\10\\bin\\10.0.22621.0\\x64\\rc.exe --mt=C:\\PROGRA~2\\WI3CF2~1\\10\\bin\\10.0.22621.0\\x64\\mt.exe --manifests  -- C:\\PROGRA~1\\MICROS~3\\2022\\Community\\VC\\Tools\\MSVC\\14.40.33807\\bin\\Hostx64\\x64\\link.exe /nologo CMakeFiles\\cmTC_f4aec.dir\\SIZEOF_UNSIGNED_LONG.c.obj  /out:cmTC_f4aec.exe /implib:cmTC_f4aec.lib /pdb:cmTC_f4aec.pdb /version:0.0 /machine:x64  /debug /INCREMENTAL /subsystem:console  kernel32.lib user32.lib gdi32.lib winspool.lib shell32.lib ole32.lib oleaut32.lib uuid.lib comdlg32.lib advapi32.lib && cd ."
        
      exitCode: 0
  -
    kind: "try_compile-v1"
    backtrace:
      - "C:/Program Files/CMake/share/cmake-3.27/Modules/CheckTypeSize.cmake:146 (try_compile)"
      - "C:/Program Files/CMake/share/cmake-3.27/Modules/CheckTypeSize.cmake:271 (__check_type_size_impl)"
      - "CMakeLists.txt:105 (check_type_size)"
    checks:
      - "Check size of unsigned long long"
    directories:
      source: "C:/Users/meloy/source/repos/TestPureCodeEquation/TestPureCodeEquation/vcpkg_installed/vcpkg/blds/fftw3/x64-windows-rel/CMakeFiles/CMakeScratch/TryCompile-mdvpai"
      binary: "C:/Users/meloy/source/repos/TestPureCodeEquation/TestPureCodeEquation/vcpkg_installed/vcpkg/blds/fftw3/x64-windows-rel/CMakeFiles/CMakeScratch/TryCompile-mdvpai"
    cmakeVariables:
      CMAKE_C_FLAGS: " /nologo /DWIN32 /D_WINDOWS /W3 /utf-8 /MP "
      CMAKE_MSVC_DEBUG_INFORMATION_FORMAT: ""
      CMAKE_MSVC_RUNTIME_LIBRARY: "MultiThreaded$<$<CONFIG:Debug>:Debug>$<$<STREQUAL:dynamic,dynamic>:DLL>"
      VCPKG_APPLOCAL_DEPS: "OFF"
      VCPKG_CHAINLOAD_TOOLCHAIN_FILE: "C:/Program Files/Microsoft Visual Studio/2022/Community/VC/vcpkg/scripts/toolchains/windows.cmake"
      VCPKG_TARGET_ARCHITECTURE: "x64"
      VCPKG_TARGET_TRIPLET: "x64-windows"
      Z_VCPKG_ROOT_DIR: "C:/Program Files/Microsoft Visual Studio/2022/Community/VC/vcpkg"
    buildResult:
      variable: "HAVE_SIZEOF_UNSIGNED_LONG_LONG"
      cached: true
      stdout: |
        Change Dir: 'C:/Users/meloy/source/repos/TestPureCodeEquation/TestPureCodeEquation/vcpkg_installed/vcpkg/blds/fftw3/x64-windows-rel/CMakeFiles/CMakeScratch/TryCompile-mdvpai'
        
        Run Build Command(s): "C:/Program Files/Microsoft Visual Studio/2022/Community/Common7/IDE/CommonExtensions/Microsoft/CMake/Ninja/ninja.exe" -v cmTC_72c2e
        [1/2] C:\\PROGRA~1\\MICROS~3\\2022\\Community\\VC\\Tools\\MSVC\\14.40.33807\\bin\\Hostx64\\x64\\cl.exe  /nologo   /nologo /DWIN32 /D_WINDOWS /W3 /utf-8 /MP   /MDd /Zi /Ob0 /Od /RTC1 /showIncludes /FoCMakeFiles\\cmTC_72c2e.dir\\SIZEOF_UNSIGNED_LONG_LONG.c.obj /FdCMakeFiles\\cmTC_72c2e.dir\\ /FS -c C:\\Users\\meloy\\source\\repos\\TestPureCodeEquation\\TestPureCodeEquation\\vcpkg_installed\\vcpkg\\blds\\fftw3\\x64-windows-rel\\CMakeFiles\\CMakeScratch\\TryCompile-mdvpai\\SIZEOF_UNSIGNED_LONG_LONG.c
        [2/2] cmd.exe /C "cd . && "C:\\Program Files\\CMake\\bin\\cmake.exe" -E vs_link_exe --intdir=CMakeFiles\\cmTC_72c2e.dir --rc=C:\\PROGRA~2\\WI3CF2~1\\10\\bin\\10.0.22621.0\\x64\\rc.exe --mt=C:\\PROGRA~2\\WI3CF2~1\\10\\bin\\10.0.22621.0\\x64\\mt.exe --manifests  -- C:\\PROGRA~1\\MICROS~3\\2022\\Community\\VC\\Tools\\MSVC\\14.40.33807\\bin\\Hostx64\\x64\\link.exe /nologo CMakeFiles\\cmTC_72c2e.dir\\SIZEOF_UNSIGNED_LONG_LONG.c.obj  /out:cmTC_72c2e.exe /implib:cmTC_72c2e.lib /pdb:cmTC_72c2e.pdb /version:0.0 /machine:x64  /debug /INCREMENTAL /subsystem:console  kernel32.lib user32.lib gdi32.lib winspool.lib shell32.lib ole32.lib oleaut32.lib uuid.lib comdlg32.lib advapi32.lib && cd ."
        
      exitCode: 0
  -
    kind: "try_compile-v1"
    backtrace:
      - "C:/Program Files/CMake/share/cmake-3.27/Modules/CheckTypeSize.cmake:146 (try_compile)"
      - "C:/Program Files/CMake/share/cmake-3.27/Modules/CheckTypeSize.cmake:271 (__check_type_size_impl)"
      - "CMakeLists.txt:106 (check_type_size)"
    checks:
      - "Check size of size_t"
    directories:
      source: "C:/Users/meloy/source/repos/TestPureCodeEquation/TestPureCodeEquation/vcpkg_installed/vcpkg/blds/fftw3/x64-windows-rel/CMakeFiles/CMakeScratch/TryCompile-njhj5l"
      binary: "C:/Users/meloy/source/repos/TestPureCodeEquation/TestPureCodeEquation/vcpkg_installed/vcpkg/blds/fftw3/x64-windows-rel/CMakeFiles/CMakeScratch/TryCompile-njhj5l"
    cmakeVariables:
      CMAKE_C_FLAGS: " /nologo /DWIN32 /D_WINDOWS /W3 /utf-8 /MP "
      CMAKE_MSVC_DEBUG_INFORMATION_FORMAT: ""
      CMAKE_MSVC_RUNTIME_LIBRARY: "MultiThreaded$<$<CONFIG:Debug>:Debug>$<$<STREQUAL:dynamic,dynamic>:DLL>"
      VCPKG_APPLOCAL_DEPS: "OFF"
      VCPKG_CHAINLOAD_TOOLCHAIN_FILE: "C:/Program Files/Microsoft Visual Studio/2022/Community/VC/vcpkg/scripts/toolchains/windows.cmake"
      VCPKG_TARGET_ARCHITECTURE: "x64"
      VCPKG_TARGET_TRIPLET: "x64-windows"
      Z_VCPKG_ROOT_DIR: "C:/Program Files/Microsoft Visual Studio/2022/Community/VC/vcpkg"
    buildResult:
      variable: "HAVE_SIZEOF_SIZE_T"
      cached: true
      stdout: |
        Change Dir: 'C:/Users/meloy/source/repos/TestPureCodeEquation/TestPureCodeEquation/vcpkg_installed/vcpkg/blds/fftw3/x64-windows-rel/CMakeFiles/CMakeScratch/TryCompile-njhj5l'
        
        Run Build Command(s): "C:/Program Files/Microsoft Visual Studio/2022/Community/Common7/IDE/CommonExtensions/Microsoft/CMake/Ninja/ninja.exe" -v cmTC_f4f51
        [1/2] C:\\PROGRA~1\\MICROS~3\\2022\\Community\\VC\\Tools\\MSVC\\14.40.33807\\bin\\Hostx64\\x64\\cl.exe  /nologo   /nologo /DWIN32 /D_WINDOWS /W3 /utf-8 /MP   /MDd /Zi /Ob0 /Od /RTC1 /showIncludes /FoCMakeFiles\\cmTC_f4f51.dir\\SIZEOF_SIZE_T.c.obj /FdCMakeFiles\\cmTC_f4f51.dir\\ /FS -c C:\\Users\\meloy\\source\\repos\\TestPureCodeEquation\\TestPureCodeEquation\\vcpkg_installed\\vcpkg\\blds\\fftw3\\x64-windows-rel\\CMakeFiles\\CMakeScratch\\TryCompile-njhj5l\\SIZEOF_SIZE_T.c
        [2/2] cmd.exe /C "cd . && "C:\\Program Files\\CMake\\bin\\cmake.exe" -E vs_link_exe --intdir=CMakeFiles\\cmTC_f4f51.dir --rc=C:\\PROGRA~2\\WI3CF2~1\\10\\bin\\10.0.22621.0\\x64\\rc.exe --mt=C:\\PROGRA~2\\WI3CF2~1\\10\\bin\\10.0.22621.0\\x64\\mt.exe --manifests  -- C:\\PROGRA~1\\MICROS~3\\2022\\Community\\VC\\Tools\\MSVC\\14.40.33807\\bin\\Hostx64\\x64\\link.exe /nologo CMakeFiles\\cmTC_f4f51.dir\\SIZEOF_SIZE_T.c.obj  /out:cmTC_f4f51.exe /implib:cmTC_f4f51.lib /pdb:cmTC_f4f51.pdb /version:0.0 /machine:x64  /debug /INCREMENTAL /subsystem:console  kernel32.lib user32.lib gdi32.lib winspool.lib shell32.lib ole32.lib oleaut32.lib uuid.lib comdlg32.lib advapi32.lib && cd ."
        
      exitCode: 0
  -
    kind: "try_compile-v1"
    backtrace:
      - "C:/Program Files/CMake/share/cmake-3.27/Modules/CheckTypeSize.cmake:146 (try_compile)"
      - "C:/Program Files/CMake/share/cmake-3.27/Modules/CheckTypeSize.cmake:271 (__check_type_size_impl)"
      - "CMakeLists.txt:107 (check_type_size)"
    checks:
      - "Check size of ptrdiff_t"
    directories:
      source: "C:/Users/meloy/source/repos/TestPureCodeEquation/TestPureCodeEquation/vcpkg_installed/vcpkg/blds/fftw3/x64-windows-rel/CMakeFiles/CMakeScratch/TryCompile-w769s8"
      binary: "C:/Users/meloy/source/repos/TestPureCodeEquation/TestPureCodeEquation/vcpkg_installed/vcpkg/blds/fftw3/x64-windows-rel/CMakeFiles/CMakeScratch/TryCompile-w769s8"
    cmakeVariables:
      CMAKE_C_FLAGS: " /nologo /DWIN32 /D_WINDOWS /W3 /utf-8 /MP "
      CMAKE_MSVC_DEBUG_INFORMATION_FORMAT: ""
      CMAKE_MSVC_RUNTIME_LIBRARY: "MultiThreaded$<$<CONFIG:Debug>:Debug>$<$<STREQUAL:dynamic,dynamic>:DLL>"
      VCPKG_APPLOCAL_DEPS: "OFF"
      VCPKG_CHAINLOAD_TOOLCHAIN_FILE: "C:/Program Files/Microsoft Visual Studio/2022/Community/VC/vcpkg/scripts/toolchains/windows.cmake"
      VCPKG_TARGET_ARCHITECTURE: "x64"
      VCPKG_TARGET_TRIPLET: "x64-windows"
      Z_VCPKG_ROOT_DIR: "C:/Program Files/Microsoft Visual Studio/2022/Community/VC/vcpkg"
    buildResult:
      variable: "HAVE_SIZEOF_PTRDIFF_T"
      cached: true
      stdout: |
        Change Dir: 'C:/Users/meloy/source/repos/TestPureCodeEquation/TestPureCodeEquation/vcpkg_installed/vcpkg/blds/fftw3/x64-windows-rel/CMakeFiles/CMakeScratch/TryCompile-w769s8'
        
        Run Build Command(s): "C:/Program Files/Microsoft Visual Studio/2022/Community/Common7/IDE/CommonExtensions/Microsoft/CMake/Ninja/ninja.exe" -v cmTC_67309
        [1/2] C:\\PROGRA~1\\MICROS~3\\2022\\Community\\VC\\Tools\\MSVC\\14.40.33807\\bin\\Hostx64\\x64\\cl.exe  /nologo   /nologo /DWIN32 /D_WINDOWS /W3 /utf-8 /MP   /MDd /Zi /Ob0 /Od /RTC1 /showIncludes /FoCMakeFiles\\cmTC_67309.dir\\SIZEOF_PTRDIFF_T.c.obj /FdCMakeFiles\\cmTC_67309.dir\\ /FS -c C:\\Users\\meloy\\source\\repos\\TestPureCodeEquation\\TestPureCodeEquation\\vcpkg_installed\\vcpkg\\blds\\fftw3\\x64-windows-rel\\CMakeFiles\\CMakeScratch\\TryCompile-w769s8\\SIZEOF_PTRDIFF_T.c
        [2/2] cmd.exe /C "cd . && "C:\\Program Files\\CMake\\bin\\cmake.exe" -E vs_link_exe --intdir=CMakeFiles\\cmTC_67309.dir --rc=C:\\PROGRA~2\\WI3CF2~1\\10\\bin\\10.0.22621.0\\x64\\rc.exe --mt=C:\\PROGRA~2\\WI3CF2~1\\10\\bin\\10.0.22621.0\\x64\\mt.exe --manifests  -- C:\\PROGRA~1\\MICROS~3\\2022\\Community\\VC\\Tools\\MSVC\\14.40.33807\\bin\\Hostx64\\x64\\link.exe /nologo CMakeFiles\\cmTC_67309.dir\\SIZEOF_PTRDIFF_T.c.obj  /out:cmTC_67309.exe /implib:cmTC_67309.lib /pdb:cmTC_67309.pdb /version:0.0 /machine:x64  /debug /INCREMENTAL /subsystem:console  kernel32.lib user32.lib gdi32.lib winspool.lib shell32.lib ole32.lib oleaut32.lib uuid.lib comdlg32.lib advapi32.lib && cd ."
        
      exitCode: 0
...
