
---
events:
  -
    kind: "message-v1"
    backtrace:
      - "C:/Program Files/CMake/share/cmake-3.27/Modules/CMakeDetermineSystem.cmake:206 (message)"
      - "CMakeLists.txt:7 (project)"
    message: |
      The target system is: Windows - 10.0.22631 - AMD64
      The host system is: Windows - 10.0.22631 - AMD64
  -
    kind: "message-v1"
    backtrace:
      - "C:/Program Files/CMake/share/cmake-3.27/Modules/CMakeDetermineCompilerId.cmake:17 (message)"
      - "C:/Program Files/CMake/share/cmake-3.27/Modules/CMakeDetermineCompilerId.cmake:64 (__determine_compiler_id_test)"
      - "C:/Program Files/CMake/share/cmake-3.27/Modules/CMakeDetermineCCompiler.cmake:123 (CMAKE_DETERMINE_COMPILER_ID)"
      - "CMakeLists.txt:7 (project)"
    message: |
      Compiling the C compiler identification source file "CMakeCCompilerId.c" succeeded.
      Compiler: C:/Program Files/Microsoft Visual Studio/2022/Community/VC/Tools/MSVC/14.40.33807/bin/Hostx64/x64/cl.exe 
      Build flags: /nologo;/DWIN32;/D_WINDOWS;/W3;/utf-8;/MP
      Id flags:  
      
      The output was:
      0
      CMakeCCompilerId.c
      
      
      Compilation of the C compiler identification source "CMakeCCompilerId.c" produced "CMakeCCompilerId.exe"
      
      Compilation of the C compiler identification source "CMakeCCompilerId.c" produced "CMakeCCompilerId.obj"
      
      The C compiler identification is MSVC, found in:
        C:/Users/meloy/source/repos/TestPureCodeEquation/TestPureCodeEquation/vcpkg_installed/vcpkg/blds/fftw3/x64-windows-dbg/CMakeFiles/3.27.5/CompilerIdC/CMakeCCompilerId.exe
      
  -
    kind: "message-v1"
    backtrace:
      - "C:/Program Files/CMake/share/cmake-3.27/Modules/CMakeDetermineCompilerId.cmake:1155 (message)"
      - "C:/Program Files/CMake/share/cmake-3.27/Modules/CMakeDetermineCompilerId.cmake:221 (CMAKE_DETERMINE_MSVC_SHOWINCLUDES_PREFIX)"
      - "C:/Program Files/CMake/share/cmake-3.27/Modules/CMakeDetermineCCompiler.cmake:123 (CMAKE_DETERMINE_COMPILER_ID)"
      - "CMakeLists.txt:7 (project)"
    message: |
      Detecting C compiler /showIncludes prefix:
        main.c
        Note: including file: C:\\Users\\meloy\\source\\repos\\TestPureCodeEquation\\TestPureCodeEquation\\vcpkg_installed\\vcpkg\\blds\\fftw3\\x64-windows-dbg\\CMakeFiles\\ShowIncludes\\foo.h
        
      Found prefix "Note: including file: "
  -
    kind: "message-v1"
    backtrace:
      - "C:/Program Files/CMake/share/cmake-3.27/Modules/CMakeDetermineCompilerId.cmake:17 (message)"
      - "C:/Program Files/CMake/share/cmake-3.27/Modules/CMakeDetermineCompilerId.cmake:64 (__determine_compiler_id_test)"
      - "C:/Program Files/CMake/share/cmake-3.27/Modules/CMakeDetermineCXXCompiler.cmake:126 (CMAKE_DETERMINE_COMPILER_ID)"
      - "CMakeLists.txt:7 (project)"
    message: |
      Compiling the CXX compiler identification source file "CMakeCXXCompilerId.cpp" succeeded.
      Compiler: C:/Program Files/Microsoft Visual Studio/2022/Community/VC/Tools/MSVC/14.40.33807/bin/Hostx64/x64/cl.exe 
      Build flags: /nologo;/DWIN32;/D_WINDOWS;/W3;/utf-8;/GR;/EHsc;/MP
      Id flags:  
      
      The output was:
      0
      CMakeCXXCompilerId.cpp
      
      
      Compilation of the CXX compiler identification source "CMakeCXXCompilerId.cpp" produced "CMakeCXXCompilerId.exe"
      
      Compilation of the CXX compiler identification source "CMakeCXXCompilerId.cpp" produced "CMakeCXXCompilerId.obj"
      
      The CXX compiler identification is MSVC, found in:
        C:/Users/meloy/source/repos/TestPureCodeEquation/TestPureCodeEquation/vcpkg_installed/vcpkg/blds/fftw3/x64-windows-dbg/CMakeFiles/3.27.5/CompilerIdCXX/CMakeCXXCompilerId.exe
      
  -
    kind: "message-v1"
    backtrace:
      - "C:/Program Files/CMake/share/cmake-3.27/Modules/CMakeDetermineCompilerId.cmake:1155 (message)"
      - "C:/Program Files/CMake/share/cmake-3.27/Modules/CMakeDetermineCompilerId.cmake:221 (CMAKE_DETERMINE_MSVC_SHOWINCLUDES_PREFIX)"
      - "C:/Program Files/CMake/share/cmake-3.27/Modules/CMakeDetermineCXXCompiler.cmake:126 (CMAKE_DETERMINE_COMPILER_ID)"
      - "CMakeLists.txt:7 (project)"
    message: |
      Detecting CXX compiler /showIncludes prefix:
        main.c
        Note: including file: C:\\Users\\meloy\\source\\repos\\TestPureCodeEquation\\TestPureCodeEquation\\vcpkg_installed\\vcpkg\\blds\\fftw3\\x64-windows-dbg\\CMakeFiles\\ShowIncludes\\foo.h
        
      Found prefix "Note: including file: "
  -
    kind: "try_compile-v1"
    backtrace:
      - "C:/Program Files/CMake/share/cmake-3.27/Modules/CMakeDetermineCompilerABI.cmake:57 (try_compile)"
      - "C:/Program Files/CMake/share/cmake-3.27/Modules/CMakeTestCCompiler.cmake:26 (CMAKE_DETERMINE_COMPILER_ABI)"
      - "CMakeLists.txt:7 (project)"
    checks:
      - "Detecting C compiler ABI info"
    directories:
      source: "C:/Users/meloy/source/repos/TestPureCodeEquation/TestPureCodeEquation/vcpkg_installed/vcpkg/blds/fftw3/x64-windows-dbg/CMakeFiles/CMakeScratch/TryCompile-h1mw94"
      binary: "C:/Users/meloy/source/repos/TestPureCodeEquation/TestPureCodeEquation/vcpkg_installed/vcpkg/blds/fftw3/x64-windows-dbg/CMakeFiles/CMakeScratch/TryCompile-h1mw94"
    cmakeVariables:
      CMAKE_C_FLAGS: " /nologo /DWIN32 /D_WINDOWS /W3 /utf-8 /MP "
      CMAKE_MSVC_DEBUG_INFORMATION_FORMAT: ""
      CMAKE_MSVC_RUNTIME_LIBRARY: "MultiThreaded$<$<CONFIG:Debug>:Debug>$<$<STREQUAL:dynamic,dynamic>:DLL>"
      VCPKG_APPLOCAL_DEPS: "OFF"
      VCPKG_CHAINLOAD_TOOLCHAIN_FILE: "C:/Program Files/Microsoft Visual Studio/2022/Community/VC/vcpkg/scripts/toolchains/windows.cmake"
      VCPKG_TARGET_ARCHITECTURE: "x64"
      VCPKG_TARGET_TRIPLET: "x64-windows"
      Z_VCPKG_ROOT_DIR: "C:/Program Files/Microsoft Visual Studio/2022/Community/VC/vcpkg"
    buildResult:
      variable: "CMAKE_C_ABI_COMPILED"
      cached: true
      stdout: |
        Change Dir: 'C:/Users/meloy/source/repos/TestPureCodeEquation/TestPureCodeEquation/vcpkg_installed/vcpkg/blds/fftw3/x64-windows-dbg/CMakeFiles/CMakeScratch/TryCompile-h1mw94'
        
        Run Build Command(s): "C:/Program Files/Microsoft Visual Studio/2022/Community/Common7/IDE/CommonExtensions/Microsoft/CMake/Ninja/ninja.exe" -v cmTC_c790c
        [1/2] C:\\PROGRA~1\\MICROS~3\\2022\\Community\\VC\\Tools\\MSVC\\14.40.33807\\bin\\Hostx64\\x64\\cl.exe  /nologo   /nologo /DWIN32 /D_WINDOWS /W3 /utf-8 /MP   /MDd /Zi /Ob0 /Od /RTC1 /showIncludes /FoCMakeFiles\\cmTC_c790c.dir\\CMakeCCompilerABI.c.obj /FdCMakeFiles\\cmTC_c790c.dir\\ /FS -c "C:\\Program Files\\CMake\\share\\cmake-3.27\\Modules\\CMakeCCompilerABI.c"
        [2/2] cmd.exe /C "cd . && "C:\\Program Files\\CMake\\bin\\cmake.exe" -E vs_link_exe --intdir=CMakeFiles\\cmTC_c790c.dir --rc=C:\\PROGRA~2\\WI3CF2~1\\10\\bin\\10.0.22621.0\\x64\\rc.exe --mt=C:\\PROGRA~2\\WI3CF2~1\\10\\bin\\10.0.22621.0\\x64\\mt.exe --manifests  -- C:\\PROGRA~1\\MICROS~3\\2022\\Community\\VC\\Tools\\MSVC\\14.40.33807\\bin\\Hostx64\\x64\\link.exe /nologo CMakeFiles\\cmTC_c790c.dir\\CMakeCCompilerABI.c.obj  /out:cmTC_c790c.exe /implib:cmTC_c790c.lib /pdb:cmTC_c790c.pdb /version:0.0 /machine:x64  /debug /INCREMENTAL /subsystem:console  kernel32.lib user32.lib gdi32.lib winspool.lib shell32.lib ole32.lib oleaut32.lib uuid.lib comdlg32.lib advapi32.lib && cd ."
        
      exitCode: 0
  -
    kind: "try_compile-v1"
    backtrace:
      - "C:/Program Files/CMake/share/cmake-3.27/Modules/CMakeDetermineCompilerABI.cmake:57 (try_compile)"
      - "C:/Program Files/CMake/share/cmake-3.27/Modules/CMakeTestCXXCompiler.cmake:26 (CMAKE_DETERMINE_COMPILER_ABI)"
      - "CMakeLists.txt:7 (project)"
    checks:
      - "Detecting CXX compiler ABI info"
    directories:
      source: "C:/Users/meloy/source/repos/TestPureCodeEquation/TestPureCodeEquation/vcpkg_installed/vcpkg/blds/fftw3/x64-windows-dbg/CMakeFiles/CMakeScratch/TryCompile-2m3tij"
      binary: "C:/Users/meloy/source/repos/TestPureCodeEquation/TestPureCodeEquation/vcpkg_installed/vcpkg/blds/fftw3/x64-windows-dbg/CMakeFiles/CMakeScratch/TryCompile-2m3tij"
    cmakeVariables:
      CMAKE_CXX_FLAGS: " /nologo /DWIN32 /D_WINDOWS /W3 /utf-8 /GR /EHsc /MP "
      CMAKE_MSVC_DEBUG_INFORMATION_FORMAT: ""
      CMAKE_MSVC_RUNTIME_LIBRARY: "MultiThreaded$<$<CONFIG:Debug>:Debug>$<$<STREQUAL:dynamic,dynamic>:DLL>"
      VCPKG_APPLOCAL_DEPS: "OFF"
      VCPKG_CHAINLOAD_TOOLCHAIN_FILE: "C:/Program Files/Microsoft Visual Studio/2022/Community/VC/vcpkg/scripts/toolchains/windows.cmake"
      VCPKG_TARGET_ARCHITECTURE: "x64"
      VCPKG_TARGET_TRIPLET: "x64-windows"
      Z_VCPKG_ROOT_DIR: "C:/Program Files/Microsoft Visual Studio/2022/Community/VC/vcpkg"
    buildResult:
      variable: "CMAKE_CXX_ABI_COMPILED"
      cached: true
      stdout: |
        Change Dir: 'C:/Users/meloy/source/repos/TestPureCodeEquation/TestPureCodeEquation/vcpkg_installed/vcpkg/blds/fftw3/x64-windows-dbg/CMakeFiles/CMakeScratch/TryCompile-2m3tij'
        
        Run Build Command(s): "C:/Program Files/Microsoft Visual Studio/2022/Community/Common7/IDE/CommonExtensions/Microsoft/CMake/Ninja/ninja.exe" -v cmTC_fa43f
        [1/2] C:\\PROGRA~1\\MICROS~3\\2022\\Community\\VC\\Tools\\MSVC\\14.40.33807\\bin\\Hostx64\\x64\\cl.exe  /nologo /TP   /nologo /DWIN32 /D_WINDOWS /W3 /utf-8 /GR /EHsc /MP   /MDd /Zi /Ob0 /Od /RTC1 /showIncludes /FoCMakeFiles\\cmTC_fa43f.dir\\CMakeCXXCompilerABI.cpp.obj /FdCMakeFiles\\cmTC_fa43f.dir\\ /FS -c "C:\\Program Files\\CMake\\share\\cmake-3.27\\Modules\\CMakeCXXCompilerABI.cpp"
        [2/2] cmd.exe /C "cd . && "C:\\Program Files\\CMake\\bin\\cmake.exe" -E vs_link_exe --intdir=CMakeFiles\\cmTC_fa43f.dir --rc=C:\\PROGRA~2\\WI3CF2~1\\10\\bin\\10.0.22621.0\\x64\\rc.exe --mt=C:\\PROGRA~2\\WI3CF2~1\\10\\bin\\10.0.22621.0\\x64\\mt.exe --manifests  -- C:\\PROGRA~1\\MICROS~3\\2022\\Community\\VC\\Tools\\MSVC\\14.40.33807\\bin\\Hostx64\\x64\\link.exe /nologo CMakeFiles\\cmTC_fa43f.dir\\CMakeCXXCompilerABI.cpp.obj  /out:cmTC_fa43f.exe /implib:cmTC_fa43f.lib /pdb:cmTC_fa43f.pdb /version:0.0 /machine:x64  /debug /INCREMENTAL /subsystem:console  kernel32.lib user32.lib gdi32.lib winspool.lib shell32.lib ole32.lib oleaut32.lib uuid.lib comdlg32.lib advapi32.lib && cd ."
        
      exitCode: 0
  -
    kind: "try_compile-v1"
    backtrace:
      - "C:/Program Files/CMake/share/cmake-3.27/Modules/CheckIncludeFile.cmake:90 (try_compile)"
      - "CMakeLists.txt:35 (check_include_file)"
    checks:
      - "Looking for alloca.h"
    directories:
      source: "C:/Users/meloy/source/repos/TestPureCodeEquation/TestPureCodeEquation/vcpkg_installed/vcpkg/blds/fftw3/x64-windows-dbg/CMakeFiles/CMakeScratch/TryCompile-gxo2ww"
      binary: "C:/Users/meloy/source/repos/TestPureCodeEquation/TestPureCodeEquation/vcpkg_installed/vcpkg/blds/fftw3/x64-windows-dbg/CMakeFiles/CMakeScratch/TryCompile-gxo2ww"
    cmakeVariables:
      CMAKE_C_FLAGS: " /nologo /DWIN32 /D_WINDOWS /W3 /utf-8 /MP "
      CMAKE_MSVC_DEBUG_INFORMATION_FORMAT: ""
      CMAKE_MSVC_RUNTIME_LIBRARY: "MultiThreaded$<$<CONFIG:Debug>:Debug>$<$<STREQUAL:dynamic,dynamic>:DLL>"
      VCPKG_APPLOCAL_DEPS: "OFF"
      VCPKG_CHAINLOAD_TOOLCHAIN_FILE: "C:/Program Files/Microsoft Visual Studio/2022/Community/VC/vcpkg/scripts/toolchains/windows.cmake"
      VCPKG_TARGET_ARCHITECTURE: "x64"
      VCPKG_TARGET_TRIPLET: "x64-windows"
      Z_VCPKG_ROOT_DIR: "C:/Program Files/Microsoft Visual Studio/2022/Community/VC/vcpkg"
    buildResult:
      variable: "HAVE_ALLOCA_H"
      cached: true
      stdout: |
        Change Dir: 'C:/Users/meloy/source/repos/TestPureCodeEquation/TestPureCodeEquation/vcpkg_installed/vcpkg/blds/fftw3/x64-windows-dbg/CMakeFiles/CMakeScratch/TryCompile-gxo2ww'
        
        Run Build Command(s): "C:/Program Files/Microsoft Visual Studio/2022/Community/Common7/IDE/CommonExtensions/Microsoft/CMake/Ninja/ninja.exe" -v cmTC_0a7c2
        [1/2] C:\\PROGRA~1\\MICROS~3\\2022\\Community\\VC\\Tools\\MSVC\\14.40.33807\\bin\\Hostx64\\x64\\cl.exe  /nologo   /nologo /DWIN32 /D_WINDOWS /W3 /utf-8 /MP   /MDd /Zi /Ob0 /Od /RTC1 /showIncludes /FoCMakeFiles\\cmTC_0a7c2.dir\\CheckIncludeFile.c.obj /FdCMakeFiles\\cmTC_0a7c2.dir\\ /FS -c C:\\Users\\meloy\\source\\repos\\TestPureCodeEquation\\TestPureCodeEquation\\vcpkg_installed\\vcpkg\\blds\\fftw3\\x64-windows-dbg\\CMakeFiles\\CMakeScratch\\TryCompile-gxo2ww\\CheckIncludeFile.c
        FAILED: CMakeFiles/cmTC_0a7c2.dir/CheckIncludeFile.c.obj 
        C:\\PROGRA~1\\MICROS~3\\2022\\Community\\VC\\Tools\\MSVC\\14.40.33807\\bin\\Hostx64\\x64\\cl.exe  /nologo   /nologo /DWIN32 /D_WINDOWS /W3 /utf-8 /MP   /MDd /Zi /Ob0 /Od /RTC1 /showIncludes /FoCMakeFiles\\cmTC_0a7c2.dir\\CheckIncludeFile.c.obj /FdCMakeFiles\\cmTC_0a7c2.dir\\ /FS -c C:\\Users\\meloy\\source\\repos\\TestPureCodeEquation\\TestPureCodeEquation\\vcpkg_installed\\vcpkg\\blds\\fftw3\\x64-windows-dbg\\CMakeFiles\\CMakeScratch\\TryCompile-gxo2ww\\CheckIncludeFile.c
        C:\\Users\\meloy\\source\\repos\\TestPureCodeEquation\\TestPureCodeEquation\\vcpkg_installed\\vcpkg\\blds\\fftw3\\x64-windows-dbg\\CMakeFiles\\CMakeScratch\\TryCompile-gxo2ww\\CheckIncludeFile.c(1): fatal error C1083: Cannot open include file: 'alloca.h': No such file or directory
        ninja: build stopped: subcommand failed.
        
      exitCode: 1
  -
    kind: "try_compile-v1"
    backtrace:
      - "C:/Program Files/CMake/share/cmake-3.27/Modules/CheckIncludeFile.cmake:90 (try_compile)"
      - "CMakeLists.txt:36 (check_include_file)"
    checks:
      - "Looking for altivec.h"
    directories:
      source: "C:/Users/meloy/source/repos/TestPureCodeEquation/TestPureCodeEquation/vcpkg_installed/vcpkg/blds/fftw3/x64-windows-dbg/CMakeFiles/CMakeScratch/TryCompile-qyqns5"
      binary: "C:/Users/meloy/source/repos/TestPureCodeEquation/TestPureCodeEquation/vcpkg_installed/vcpkg/blds/fftw3/x64-windows-dbg/CMakeFiles/CMakeScratch/TryCompile-qyqns5"
    cmakeVariables:
      CMAKE_C_FLAGS: " /nologo /DWIN32 /D_WINDOWS /W3 /utf-8 /MP "
      CMAKE_MSVC_DEBUG_INFORMATION_FORMAT: ""
      CMAKE_MSVC_RUNTIME_LIBRARY: "MultiThreaded$<$<CONFIG:Debug>:Debug>$<$<STREQUAL:dynamic,dynamic>:DLL>"
      VCPKG_APPLOCAL_DEPS: "OFF"
      VCPKG_CHAINLOAD_TOOLCHAIN_FILE: "C:/Program Files/Microsoft Visual Studio/2022/Community/VC/vcpkg/scripts/toolchains/windows.cmake"
      VCPKG_TARGET_ARCHITECTURE: "x64"
      VCPKG_TARGET_TRIPLET: "x64-windows"
      Z_VCPKG_ROOT_DIR: "C:/Program Files/Microsoft Visual Studio/2022/Community/VC/vcpkg"
    buildResult:
      variable: "HAVE_ALTIVEC_H"
      cached: true
      stdout: |
        Change Dir: 'C:/Users/meloy/source/repos/TestPureCodeEquation/TestPureCodeEquation/vcpkg_installed/vcpkg/blds/fftw3/x64-windows-dbg/CMakeFiles/CMakeScratch/TryCompile-qyqns5'
        
        Run Build Command(s): "C:/Program Files/Microsoft Visual Studio/2022/Community/Common7/IDE/CommonExtensions/Microsoft/CMake/Ninja/ninja.exe" -v cmTC_b2387
        [1/2] C:\\PROGRA~1\\MICROS~3\\2022\\Community\\VC\\Tools\\MSVC\\14.40.33807\\bin\\Hostx64\\x64\\cl.exe  /nologo   /nologo /DWIN32 /D_WINDOWS /W3 /utf-8 /MP   /MDd /Zi /Ob0 /Od /RTC1 /showIncludes /FoCMakeFiles\\cmTC_b2387.dir\\CheckIncludeFile.c.obj /FdCMakeFiles\\cmTC_b2387.dir\\ /FS -c C:\\Users\\meloy\\source\\repos\\TestPureCodeEquation\\TestPureCodeEquation\\vcpkg_installed\\vcpkg\\blds\\fftw3\\x64-windows-dbg\\CMakeFiles\\CMakeScratch\\TryCompile-qyqns5\\CheckIncludeFile.c
        FAILED: CMakeFiles/cmTC_b2387.dir/CheckIncludeFile.c.obj 
        C:\\PROGRA~1\\MICROS~3\\2022\\Community\\VC\\Tools\\MSVC\\14.40.33807\\bin\\Hostx64\\x64\\cl.exe  /nologo   /nologo /DWIN32 /D_WINDOWS /W3 /utf-8 /MP   /MDd /Zi /Ob0 /Od /RTC1 /showIncludes /FoCMakeFiles\\cmTC_b2387.dir\\CheckIncludeFile.c.obj /FdCMakeFiles\\cmTC_b2387.dir\\ /FS -c C:\\Users\\meloy\\source\\repos\\TestPureCodeEquation\\TestPureCodeEquation\\vcpkg_installed\\vcpkg\\blds\\fftw3\\x64-windows-dbg\\CMakeFiles\\CMakeScratch\\TryCompile-qyqns5\\CheckIncludeFile.c
        C:\\Users\\meloy\\source\\repos\\TestPureCodeEquation\\TestPureCodeEquation\\vcpkg_installed\\vcpkg\\blds\\fftw3\\x64-windows-dbg\\CMakeFiles\\CMakeScratch\\TryCompile-qyqns5\\CheckIncludeFile.c(1): fatal error C1083: Cannot open include file: 'altivec.h': No such file or directory
        ninja: build stopped: subcommand failed.
        
      exitCode: 1
  -
    kind: "try_compile-v1"
    backtrace:
      - "C:/Program Files/CMake/share/cmake-3.27/Modules/CheckIncludeFile.cmake:90 (try_compile)"
      - "CMakeLists.txt:37 (check_include_file)"
    checks:
      - "Looking for c_asm.h"
    directories:
      source: "C:/Users/meloy/source/repos/TestPureCodeEquation/TestPureCodeEquation/vcpkg_installed/vcpkg/blds/fftw3/x64-windows-dbg/CMakeFiles/CMakeScratch/TryCompile-1vcsif"
      binary: "C:/Users/meloy/source/repos/TestPureCodeEquation/TestPureCodeEquation/vcpkg_installed/vcpkg/blds/fftw3/x64-windows-dbg/CMakeFiles/CMakeScratch/TryCompile-1vcsif"
    cmakeVariables:
      CMAKE_C_FLAGS: " /nologo /DWIN32 /D_WINDOWS /W3 /utf-8 /MP "
      CMAKE_MSVC_DEBUG_INFORMATION_FORMAT: ""
      CMAKE_MSVC_RUNTIME_LIBRARY: "MultiThreaded$<$<CONFIG:Debug>:Debug>$<$<STREQUAL:dynamic,dynamic>:DLL>"
      VCPKG_APPLOCAL_DEPS: "OFF"
      VCPKG_CHAINLOAD_TOOLCHAIN_FILE: "C:/Program Files/Microsoft Visual Studio/2022/Community/VC/vcpkg/scripts/toolchains/windows.cmake"
      VCPKG_TARGET_ARCHITECTURE: "x64"
      VCPKG_TARGET_TRIPLET: "x64-windows"
      Z_VCPKG_ROOT_DIR: "C:/Program Files/Microsoft Visual Studio/2022/Community/VC/vcpkg"
    buildResult:
      variable: "HAVE_C_ASM_H"
      cached: true
      stdout: |
        Change Dir: 'C:/Users/meloy/source/repos/TestPureCodeEquation/TestPureCodeEquation/vcpkg_installed/vcpkg/blds/fftw3/x64-windows-dbg/CMakeFiles/CMakeScratch/TryCompile-1vcsif'
        
        Run Build Command(s): "C:/Program Files/Microsoft Visual Studio/2022/Community/Common7/IDE/CommonExtensions/Microsoft/CMake/Ninja/ninja.exe" -v cmTC_b0a7f
        [1/2] C:\\PROGRA~1\\MICROS~3\\2022\\Community\\VC\\Tools\\MSVC\\14.40.33807\\bin\\Hostx64\\x64\\cl.exe  /nologo   /nologo /DWIN32 /D_WINDOWS /W3 /utf-8 /MP   /MDd /Zi /Ob0 /Od /RTC1 /showIncludes /FoCMakeFiles\\cmTC_b0a7f.dir\\CheckIncludeFile.c.obj /FdCMakeFiles\\cmTC_b0a7f.dir\\ /FS -c C:\\Users\\meloy\\source\\repos\\TestPureCodeEquation\\TestPureCodeEquation\\vcpkg_installed\\vcpkg\\blds\\fftw3\\x64-windows-dbg\\CMakeFiles\\CMakeScratch\\TryCompile-1vcsif\\CheckIncludeFile.c
        FAILED: CMakeFiles/cmTC_b0a7f.dir/CheckIncludeFile.c.obj 
        C:\\PROGRA~1\\MICROS~3\\2022\\Community\\VC\\Tools\\MSVC\\14.40.33807\\bin\\Hostx64\\x64\\cl.exe  /nologo   /nologo /DWIN32 /D_WINDOWS /W3 /utf-8 /MP   /MDd /Zi /Ob0 /Od /RTC1 /showIncludes /FoCMakeFiles\\cmTC_b0a7f.dir\\CheckIncludeFile.c.obj /FdCMakeFiles\\cmTC_b0a7f.dir\\ /FS -c C:\\Users\\meloy\\source\\repos\\TestPureCodeEquation\\TestPureCodeEquation\\vcpkg_installed\\vcpkg\\blds\\fftw3\\x64-windows-dbg\\CMakeFiles\\CMakeScratch\\TryCompile-1vcsif\\CheckIncludeFile.c
        C:\\Users\\meloy\\source\\repos\\TestPureCodeEquation\\TestPureCodeEquation\\vcpkg_installed\\vcpkg\\blds\\fftw3\\x64-windows-dbg\\CMakeFiles\\CMakeScratch\\TryCompile-1vcsif\\CheckIncludeFile.c(1): fatal error C1083: Cannot open include file: 'c_asm.h': No such file or directory
        ninja: build stopped: subcommand failed.
        
      exitCode: 1
  -
    kind: "try_compile-v1"
    backtrace:
      - "C:/Program Files/CMake/share/cmake-3.27/Modules/CheckIncludeFile.cmake:90 (try_compile)"
      - "CMakeLists.txt:38 (check_include_file)"
    checks:
      - "Looking for dlfcn.h"
    directories:
      source: "C:/Users/meloy/source/repos/TestPureCodeEquation/TestPureCodeEquation/vcpkg_installed/vcpkg/blds/fftw3/x64-windows-dbg/CMakeFiles/CMakeScratch/TryCompile-xw7bm0"
      binary: "C:/Users/meloy/source/repos/TestPureCodeEquation/TestPureCodeEquation/vcpkg_installed/vcpkg/blds/fftw3/x64-windows-dbg/CMakeFiles/CMakeScratch/TryCompile-xw7bm0"
    cmakeVariables:
      CMAKE_C_FLAGS: " /nologo /DWIN32 /D_WINDOWS /W3 /utf-8 /MP "
      CMAKE_MSVC_DEBUG_INFORMATION_FORMAT: ""
      CMAKE_MSVC_RUNTIME_LIBRARY: "MultiThreaded$<$<CONFIG:Debug>:Debug>$<$<STREQUAL:dynamic,dynamic>:DLL>"
      VCPKG_APPLOCAL_DEPS: "OFF"
      VCPKG_CHAINLOAD_TOOLCHAIN_FILE: "C:/Program Files/Microsoft Visual Studio/2022/Community/VC/vcpkg/scripts/toolchains/windows.cmake"
      VCPKG_TARGET_ARCHITECTURE: "x64"
      VCPKG_TARGET_TRIPLET: "x64-windows"
      Z_VCPKG_ROOT_DIR: "C:/Program Files/Microsoft Visual Studio/2022/Community/VC/vcpkg"
    buildResult:
      variable: "HAVE_DLFCN_H"
      cached: true
      stdout: |
        Change Dir: 'C:/Users/meloy/source/repos/TestPureCodeEquation/TestPureCodeEquation/vcpkg_installed/vcpkg/blds/fftw3/x64-windows-dbg/CMakeFiles/CMakeScratch/TryCompile-xw7bm0'
        
        Run Build Command(s): "C:/Program Files/Microsoft Visual Studio/2022/Community/Common7/IDE/CommonExtensions/Microsoft/CMake/Ninja/ninja.exe" -v cmTC_451c3
        [1/2] C:\\PROGRA~1\\MICROS~3\\2022\\Community\\VC\\Tools\\MSVC\\14.40.33807\\bin\\Hostx64\\x64\\cl.exe  /nologo   /nologo /DWIN32 /D_WINDOWS /W3 /utf-8 /MP   /MDd /Zi /Ob0 /Od /RTC1 /showIncludes /FoCMakeFiles\\cmTC_451c3.dir\\CheckIncludeFile.c.obj /FdCMakeFiles\\cmTC_451c3.dir\\ /FS -c C:\\Users\\meloy\\source\\repos\\TestPureCodeEquation\\TestPureCodeEquation\\vcpkg_installed\\vcpkg\\blds\\fftw3\\x64-windows-dbg\\CMakeFiles\\CMakeScratch\\TryCompile-xw7bm0\\CheckIncludeFile.c
        FAILED: CMakeFiles/cmTC_451c3.dir/CheckIncludeFile.c.obj 
        C:\\PROGRA~1\\MICROS~3\\2022\\Community\\VC\\Tools\\MSVC\\14.40.33807\\bin\\Hostx64\\x64\\cl.exe  /nologo   /nologo /DWIN32 /D_WINDOWS /W3 /utf-8 /MP   /MDd /Zi /Ob0 /Od /RTC1 /showIncludes /FoCMakeFiles\\cmTC_451c3.dir\\CheckIncludeFile.c.obj /FdCMakeFiles\\cmTC_451c3.dir\\ /FS -c C:\\Users\\meloy\\source\\repos\\TestPureCodeEquation\\TestPureCodeEquation\\vcpkg_installed\\vcpkg\\blds\\fftw3\\x64-windows-dbg\\CMakeFiles\\CMakeScratch\\TryCompile-xw7bm0\\CheckIncludeFile.c
        C:\\Users\\meloy\\source\\repos\\TestPureCodeEquation\\TestPureCodeEquation\\vcpkg_installed\\vcpkg\\blds\\fftw3\\x64-windows-dbg\\CMakeFiles\\CMakeScratch\\TryCompile-xw7bm0\\CheckIncludeFile.c(1): fatal error C1083: Cannot open include file: 'dlfcn.h': No such file or directory
        ninja: build stopped: subcommand failed.
        
      exitCode: 1
  -
    kind: "try_compile-v1"
    backtrace:
      - "C:/Program Files/CMake/share/cmake-3.27/Modules/CheckIncludeFile.cmake:90 (try_compile)"
      - "CMakeLists.txt:39 (check_include_file)"
    checks:
      - "Looking for intrinsics.h"
    directories:
      source: "C:/Users/meloy/source/repos/TestPureCodeEquation/TestPureCodeEquation/vcpkg_installed/vcpkg/blds/fftw3/x64-windows-dbg/CMakeFiles/CMakeScratch/TryCompile-e5bxbw"
      binary: "C:/Users/meloy/source/repos/TestPureCodeEquation/TestPureCodeEquation/vcpkg_installed/vcpkg/blds/fftw3/x64-windows-dbg/CMakeFiles/CMakeScratch/TryCompile-e5bxbw"
    cmakeVariables:
      CMAKE_C_FLAGS: " /nologo /DWIN32 /D_WINDOWS /W3 /utf-8 /MP "
      CMAKE_MSVC_DEBUG_INFORMATION_FORMAT: ""
      CMAKE_MSVC_RUNTIME_LIBRARY: "MultiThreaded$<$<CONFIG:Debug>:Debug>$<$<STREQUAL:dynamic,dynamic>:DLL>"
      VCPKG_APPLOCAL_DEPS: "OFF"
      VCPKG_CHAINLOAD_TOOLCHAIN_FILE: "C:/Program Files/Microsoft Visual Studio/2022/Community/VC/vcpkg/scripts/toolchains/windows.cmake"
      VCPKG_TARGET_ARCHITECTURE: "x64"
      VCPKG_TARGET_TRIPLET: "x64-windows"
      Z_VCPKG_ROOT_DIR: "C:/Program Files/Microsoft Visual Studio/2022/Community/VC/vcpkg"
    buildResult:
      variable: "HAVE_INTRINSICS_H"
      cached: true
      stdout: |
        Change Dir: 'C:/Users/meloy/source/repos/TestPureCodeEquation/TestPureCodeEquation/vcpkg_installed/vcpkg/blds/fftw3/x64-windows-dbg/CMakeFiles/CMakeScratch/TryCompile-e5bxbw'
        
        Run Build Command(s): "C:/Program Files/Microsoft Visual Studio/2022/Community/Common7/IDE/CommonExtensions/Microsoft/CMake/Ninja/ninja.exe" -v cmTC_e6205
        [1/2] C:\\PROGRA~1\\MICROS~3\\2022\\Community\\VC\\Tools\\MSVC\\14.40.33807\\bin\\Hostx64\\x64\\cl.exe  /nologo   /nologo /DWIN32 /D_WINDOWS /W3 /utf-8 /MP   /MDd /Zi /Ob0 /Od /RTC1 /showIncludes /FoCMakeFiles\\cmTC_e6205.dir\\CheckIncludeFile.c.obj /FdCMakeFiles\\cmTC_e6205.dir\\ /FS -c C:\\Users\\meloy\\source\\repos\\TestPureCodeEquation\\TestPureCodeEquation\\vcpkg_installed\\vcpkg\\blds\\fftw3\\x64-windows-dbg\\CMakeFiles\\CMakeScratch\\TryCompile-e5bxbw\\CheckIncludeFile.c
        FAILED: CMakeFiles/cmTC_e6205.dir/CheckIncludeFile.c.obj 
        C:\\PROGRA~1\\MICROS~3\\2022\\Community\\VC\\Tools\\MSVC\\14.40.33807\\bin\\Hostx64\\x64\\cl.exe  /nologo   /nologo /DWIN32 /D_WINDOWS /W3 /utf-8 /MP   /MDd /Zi /Ob0 /Od /RTC1 /showIncludes /FoCMakeFiles\\cmTC_e6205.dir\\CheckIncludeFile.c.obj /FdCMakeFiles\\cmTC_e6205.dir\\ /FS -c C:\\Users\\meloy\\source\\repos\\TestPureCodeEquation\\TestPureCodeEquation\\vcpkg_installed\\vcpkg\\blds\\fftw3\\x64-windows-dbg\\CMakeFiles\\CMakeScratch\\TryCompile-e5bxbw\\CheckIncludeFile.c
        C:\\Users\\meloy\\source\\repos\\TestPureCodeEquation\\TestPureCodeEquation\\vcpkg_installed\\vcpkg\\blds\\fftw3\\x64-windows-dbg\\CMakeFiles\\CMakeScratch\\TryCompile-e5bxbw\\CheckIncludeFile.c(1): fatal error C1083: Cannot open include file: 'intrinsics.h': No such file or directory
        ninja: build stopped: subcommand failed.
        
      exitCode: 1
  -
    kind: "try_compile-v1"
    backtrace:
      - "C:/Program Files/CMake/share/cmake-3.27/Modules/CheckIncludeFile.cmake:90 (try_compile)"
      - "CMakeLists.txt:40 (check_include_file)"
    checks:
      - "Looking for inttypes.h"
    directories:
      source: "C:/Users/meloy/source/repos/TestPureCodeEquation/TestPureCodeEquation/vcpkg_installed/vcpkg/blds/fftw3/x64-windows-dbg/CMakeFiles/CMakeScratch/TryCompile-q6ny40"
      binary: "C:/Users/meloy/source/repos/TestPureCodeEquation/TestPureCodeEquation/vcpkg_installed/vcpkg/blds/fftw3/x64-windows-dbg/CMakeFiles/CMakeScratch/TryCompile-q6ny40"
    cmakeVariables:
      CMAKE_C_FLAGS: " /nologo /DWIN32 /D_WINDOWS /W3 /utf-8 /MP "
      CMAKE_MSVC_DEBUG_INFORMATION_FORMAT: ""
      CMAKE_MSVC_RUNTIME_LIBRARY: "MultiThreaded$<$<CONFIG:Debug>:Debug>$<$<STREQUAL:dynamic,dynamic>:DLL>"
      VCPKG_APPLOCAL_DEPS: "OFF"
      VCPKG_CHAINLOAD_TOOLCHAIN_FILE: "C:/Program Files/Microsoft Visual Studio/2022/Community/VC/vcpkg/scripts/toolchains/windows.cmake"
      VCPKG_TARGET_ARCHITECTURE: "x64"
      VCPKG_TARGET_TRIPLET: "x64-windows"
      Z_VCPKG_ROOT_DIR: "C:/Program Files/Microsoft Visual Studio/2022/Community/VC/vcpkg"
    buildResult:
      variable: "HAVE_INTTYPES_H"
      cached: true
      stdout: |
        Change Dir: 'C:/Users/meloy/source/repos/TestPureCodeEquation/TestPureCodeEquation/vcpkg_installed/vcpkg/blds/fftw3/x64-windows-dbg/CMakeFiles/CMakeScratch/TryCompile-q6ny40'
        
        Run Build Command(s): "C:/Program Files/Microsoft Visual Studio/2022/Community/Common7/IDE/CommonExtensions/Microsoft/CMake/Ninja/ninja.exe" -v cmTC_a886e
        [1/2] C:\\PROGRA~1\\MICROS~3\\2022\\Community\\VC\\Tools\\MSVC\\14.40.33807\\bin\\Hostx64\\x64\\cl.exe  /nologo   /nologo /DWIN32 /D_WINDOWS /W3 /utf-8 /MP   /MDd /Zi /Ob0 /Od /RTC1 /showIncludes /FoCMakeFiles\\cmTC_a886e.dir\\CheckIncludeFile.c.obj /FdCMakeFiles\\cmTC_a886e.dir\\ /FS -c C:\\Users\\meloy\\source\\repos\\TestPureCodeEquation\\TestPureCodeEquation\\vcpkg_installed\\vcpkg\\blds\\fftw3\\x64-windows-dbg\\CMakeFiles\\CMakeScratch\\TryCompile-q6ny40\\CheckIncludeFile.c
        [2/2] cmd.exe /C "cd . && "C:\\Program Files\\CMake\\bin\\cmake.exe" -E vs_link_exe --intdir=CMakeFiles\\cmTC_a886e.dir --rc=C:\\PROGRA~2\\WI3CF2~1\\10\\bin\\10.0.22621.0\\x64\\rc.exe --mt=C:\\PROGRA~2\\WI3CF2~1\\10\\bin\\10.0.22621.0\\x64\\mt.exe --manifests  -- C:\\PROGRA~1\\MICROS~3\\2022\\Community\\VC\\Tools\\MSVC\\14.40.33807\\bin\\Hostx64\\x64\\link.exe /nologo CMakeFiles\\cmTC_a886e.dir\\CheckIncludeFile.c.obj  /out:cmTC_a886e.exe /implib:cmTC_a886e.lib /pdb:cmTC_a886e.pdb /version:0.0 /machine:x64  /debug /INCREMENTAL /subsystem:console  kernel32.lib user32.lib gdi32.lib winspool.lib shell32.lib ole32.lib oleaut32.lib uuid.lib comdlg32.lib advapi32.lib && cd ."
        
      exitCode: 0
  -
    kind: "try_compile-v1"
    backtrace:
      - "C:/Program Files/CMake/share/cmake-3.27/Modules/CheckIncludeFile.cmake:90 (try_compile)"
      - "CMakeLists.txt:41 (check_include_file)"
    checks:
      - "Looking for libintl.h"
    directories:
      source: "C:/Users/meloy/source/repos/TestPureCodeEquation/TestPureCodeEquation/vcpkg_installed/vcpkg/blds/fftw3/x64-windows-dbg/CMakeFiles/CMakeScratch/TryCompile-vuph2z"
      binary: "C:/Users/meloy/source/repos/TestPureCodeEquation/TestPureCodeEquation/vcpkg_installed/vcpkg/blds/fftw3/x64-windows-dbg/CMakeFiles/CMakeScratch/TryCompile-vuph2z"
    cmakeVariables:
      CMAKE_C_FLAGS: " /nologo /DWIN32 /D_WINDOWS /W3 /utf-8 /MP "
      CMAKE_MSVC_DEBUG_INFORMATION_FORMAT: ""
      CMAKE_MSVC_RUNTIME_LIBRARY: "MultiThreaded$<$<CONFIG:Debug>:Debug>$<$<STREQUAL:dynamic,dynamic>:DLL>"
      VCPKG_APPLOCAL_DEPS: "OFF"
      VCPKG_CHAINLOAD_TOOLCHAIN_FILE: "C:/Program Files/Microsoft Visual Studio/2022/Community/VC/vcpkg/scripts/toolchains/windows.cmake"
      VCPKG_TARGET_ARCHITECTURE: "x64"
      VCPKG_TARGET_TRIPLET: "x64-windows"
      Z_VCPKG_ROOT_DIR: "C:/Program Files/Microsoft Visual Studio/2022/Community/VC/vcpkg"
    buildResult:
      variable: "HAVE_LIBINTL_H"
      cached: true
      stdout: |
        Change Dir: 'C:/Users/meloy/source/repos/TestPureCodeEquation/TestPureCodeEquation/vcpkg_installed/vcpkg/blds/fftw3/x64-windows-dbg/CMakeFiles/CMakeScratch/TryCompile-vuph2z'
        
        Run Build Command(s): "C:/Program Files/Microsoft Visual Studio/2022/Community/Common7/IDE/CommonExtensions/Microsoft/CMake/Ninja/ninja.exe" -v cmTC_74cc8
        [1/2] C:\\PROGRA~1\\MICROS~3\\2022\\Community\\VC\\Tools\\MSVC\\14.40.33807\\bin\\Hostx64\\x64\\cl.exe  /nologo   /nologo /DWIN32 /D_WINDOWS /W3 /utf-8 /MP   /MDd /Zi /Ob0 /Od /RTC1 /showIncludes /FoCMakeFiles\\cmTC_74cc8.dir\\CheckIncludeFile.c.obj /FdCMakeFiles\\cmTC_74cc8.dir\\ /FS -c C:\\Users\\meloy\\source\\repos\\TestPureCodeEquation\\TestPureCodeEquation\\vcpkg_installed\\vcpkg\\blds\\fftw3\\x64-windows-dbg\\CMakeFiles\\CMakeScratch\\TryCompile-vuph2z\\CheckIncludeFile.c
        FAILED: CMakeFiles/cmTC_74cc8.dir/CheckIncludeFile.c.obj 
        C:\\PROGRA~1\\MICROS~3\\2022\\Community\\VC\\Tools\\MSVC\\14.40.33807\\bin\\Hostx64\\x64\\cl.exe  /nologo   /nologo /DWIN32 /D_WINDOWS /W3 /utf-8 /MP   /MDd /Zi /Ob0 /Od /RTC1 /showIncludes /FoCMakeFiles\\cmTC_74cc8.dir\\CheckIncludeFile.c.obj /FdCMakeFiles\\cmTC_74cc8.dir\\ /FS -c C:\\Users\\meloy\\source\\repos\\TestPureCodeEquation\\TestPureCodeEquation\\vcpkg_installed\\vcpkg\\blds\\fftw3\\x64-windows-dbg\\CMakeFiles\\CMakeScratch\\TryCompile-vuph2z\\CheckIncludeFile.c
        C:\\Users\\meloy\\source\\repos\\TestPureCodeEquation\\TestPureCodeEquation\\vcpkg_installed\\vcpkg\\blds\\fftw3\\x64-windows-dbg\\CMakeFiles\\CMakeScratch\\TryCompile-vuph2z\\CheckIncludeFile.c(1): fatal error C1083: Cannot open include file: 'libintl.h': No such file or directory
        ninja: build stopped: subcommand failed.
        
      exitCode: 1
  -
    kind: "try_compile-v1"
    backtrace:
      - "C:/Program Files/CMake/share/cmake-3.27/Modules/CheckIncludeFile.cmake:90 (try_compile)"
      - "CMakeLists.txt:42 (check_include_file)"
    checks:
      - "Looking for limits.h"
    directories:
      source: "C:/Users/meloy/source/repos/TestPureCodeEquation/TestPureCodeEquation/vcpkg_installed/vcpkg/blds/fftw3/x64-windows-dbg/CMakeFiles/CMakeScratch/TryCompile-7lcc07"
      binary: "C:/Users/meloy/source/repos/TestPureCodeEquation/TestPureCodeEquation/vcpkg_installed/vcpkg/blds/fftw3/x64-windows-dbg/CMakeFiles/CMakeScratch/TryCompile-7lcc07"
    cmakeVariables:
      CMAKE_C_FLAGS: " /nologo /DWIN32 /D_WINDOWS /W3 /utf-8 /MP "
      CMAKE_MSVC_DEBUG_INFORMATION_FORMAT: ""
      CMAKE_MSVC_RUNTIME_LIBRARY: "MultiThreaded$<$<CONFIG:Debug>:Debug>$<$<STREQUAL:dynamic,dynamic>:DLL>"
      VCPKG_APPLOCAL_DEPS: "OFF"
      VCPKG_CHAINLOAD_TOOLCHAIN_FILE: "C:/Program Files/Microsoft Visual Studio/2022/Community/VC/vcpkg/scripts/toolchains/windows.cmake"
      VCPKG_TARGET_ARCHITECTURE: "x64"
      VCPKG_TARGET_TRIPLET: "x64-windows"
      Z_VCPKG_ROOT_DIR: "C:/Program Files/Microsoft Visual Studio/2022/Community/VC/vcpkg"
    buildResult:
      variable: "HAVE_LIMITS_H"
      cached: true
      stdout: |
        Change Dir: 'C:/Users/meloy/source/repos/TestPureCodeEquation/TestPureCodeEquation/vcpkg_installed/vcpkg/blds/fftw3/x64-windows-dbg/CMakeFiles/CMakeScratch/TryCompile-7lcc07'
        
        Run Build Command(s): "C:/Program Files/Microsoft Visual Studio/2022/Community/Common7/IDE/CommonExtensions/Microsoft/CMake/Ninja/ninja.exe" -v cmTC_dbc61
        [1/2] C:\\PROGRA~1\\MICROS~3\\2022\\Community\\VC\\Tools\\MSVC\\14.40.33807\\bin\\Hostx64\\x64\\cl.exe  /nologo   /nologo /DWIN32 /D_WINDOWS /W3 /utf-8 /MP   /MDd /Zi /Ob0 /Od /RTC1 /showIncludes /FoCMakeFiles\\cmTC_dbc61.dir\\CheckIncludeFile.c.obj /FdCMakeFiles\\cmTC_dbc61.dir\\ /FS -c C:\\Users\\meloy\\source\\repos\\TestPureCodeEquation\\TestPureCodeEquation\\vcpkg_installed\\vcpkg\\blds\\fftw3\\x64-windows-dbg\\CMakeFiles\\CMakeScratch\\TryCompile-7lcc07\\CheckIncludeFile.c
        [2/2] cmd.exe /C "cd . && "C:\\Program Files\\CMake\\bin\\cmake.exe" -E vs_link_exe --intdir=CMakeFiles\\cmTC_dbc61.dir --rc=C:\\PROGRA~2\\WI3CF2~1\\10\\bin\\10.0.22621.0\\x64\\rc.exe --mt=C:\\PROGRA~2\\WI3CF2~1\\10\\bin\\10.0.22621.0\\x64\\mt.exe --manifests  -- C:\\PROGRA~1\\MICROS~3\\2022\\Community\\VC\\Tools\\MSVC\\14.40.33807\\bin\\Hostx64\\x64\\link.exe /nologo CMakeFiles\\cmTC_dbc61.dir\\CheckIncludeFile.c.obj  /out:cmTC_dbc61.exe /implib:cmTC_dbc61.lib /pdb:cmTC_dbc61.pdb /version:0.0 /machine:x64  /debug /INCREMENTAL /subsystem:console  kernel32.lib user32.lib gdi32.lib winspool.lib shell32.lib ole32.lib oleaut32.lib uuid.lib comdlg32.lib advapi32.lib && cd ."
        
      exitCode: 0
  -
    kind: "try_compile-v1"
    backtrace:
      - "C:/Program Files/CMake/share/cmake-3.27/Modules/CheckIncludeFile.cmake:90 (try_compile)"
      - "CMakeLists.txt:43 (check_include_file)"
    checks:
      - "Looking for mach/mach_time.h"
    directories:
      source: "C:/Users/meloy/source/repos/TestPureCodeEquation/TestPureCodeEquation/vcpkg_installed/vcpkg/blds/fftw3/x64-windows-dbg/CMakeFiles/CMakeScratch/TryCompile-86qua6"
      binary: "C:/Users/meloy/source/repos/TestPureCodeEquation/TestPureCodeEquation/vcpkg_installed/vcpkg/blds/fftw3/x64-windows-dbg/CMakeFiles/CMakeScratch/TryCompile-86qua6"
    cmakeVariables:
      CMAKE_C_FLAGS: " /nologo /DWIN32 /D_WINDOWS /W3 /utf-8 /MP "
      CMAKE_MSVC_DEBUG_INFORMATION_FORMAT: ""
      CMAKE_MSVC_RUNTIME_LIBRARY: "MultiThreaded$<$<CONFIG:Debug>:Debug>$<$<STREQUAL:dynamic,dynamic>:DLL>"
      VCPKG_APPLOCAL_DEPS: "OFF"
      VCPKG_CHAINLOAD_TOOLCHAIN_FILE: "C:/Program Files/Microsoft Visual Studio/2022/Community/VC/vcpkg/scripts/toolchains/windows.cmake"
      VCPKG_TARGET_ARCHITECTURE: "x64"
      VCPKG_TARGET_TRIPLET: "x64-windows"
      Z_VCPKG_ROOT_DIR: "C:/Program Files/Microsoft Visual Studio/2022/Community/VC/vcpkg"
    buildResult:
      variable: "HAVE_MACH_MACH_TIME_H"
      cached: true
      stdout: |
        Change Dir: 'C:/Users/meloy/source/repos/TestPureCodeEquation/TestPureCodeEquation/vcpkg_installed/vcpkg/blds/fftw3/x64-windows-dbg/CMakeFiles/CMakeScratch/TryCompile-86qua6'
        
        Run Build Command(s): "C:/Program Files/Microsoft Visual Studio/2022/Community/Common7/IDE/CommonExtensions/Microsoft/CMake/Ninja/ninja.exe" -v cmTC_fd016
        [1/2] C:\\PROGRA~1\\MICROS~3\\2022\\Community\\VC\\Tools\\MSVC\\14.40.33807\\bin\\Hostx64\\x64\\cl.exe  /nologo   /nologo /DWIN32 /D_WINDOWS /W3 /utf-8 /MP   /MDd /Zi /Ob0 /Od /RTC1 /showIncludes /FoCMakeFiles\\cmTC_fd016.dir\\CheckIncludeFile.c.obj /FdCMakeFiles\\cmTC_fd016.dir\\ /FS -c C:\\Users\\meloy\\source\\repos\\TestPureCodeEquation\\TestPureCodeEquation\\vcpkg_installed\\vcpkg\\blds\\fftw3\\x64-windows-dbg\\CMakeFiles\\CMakeScratch\\TryCompile-86qua6\\CheckIncludeFile.c
        FAILED: CMakeFiles/cmTC_fd016.dir/CheckIncludeFile.c.obj 
        C:\\PROGRA~1\\MICROS~3\\2022\\Community\\VC\\Tools\\MSVC\\14.40.33807\\bin\\Hostx64\\x64\\cl.exe  /nologo   /nologo /DWIN32 /D_WINDOWS /W3 /utf-8 /MP   /MDd /Zi /Ob0 /Od /RTC1 /showIncludes /FoCMakeFiles\\cmTC_fd016.dir\\CheckIncludeFile.c.obj /FdCMakeFiles\\cmTC_fd016.dir\\ /FS -c C:\\Users\\meloy\\source\\repos\\TestPureCodeEquation\\TestPureCodeEquation\\vcpkg_installed\\vcpkg\\blds\\fftw3\\x64-windows-dbg\\CMakeFiles\\CMakeScratch\\TryCompile-86qua6\\CheckIncludeFile.c
        C:\\Users\\meloy\\source\\repos\\TestPureCodeEquation\\TestPureCodeEquation\\vcpkg_installed\\vcpkg\\blds\\fftw3\\x64-windows-dbg\\CMakeFiles\\CMakeScratch\\TryCompile-86qua6\\CheckIncludeFile.c(1): fatal error C1083: Cannot open include file: 'mach/mach_time.h': No such file or directory
        ninja: build stopped: subcommand failed.
        
      exitCode: 1
  -
    kind: "try_compile-v1"
    backtrace:
      - "C:/Program Files/CMake/share/cmake-3.27/Modules/CheckIncludeFile.cmake:90 (try_compile)"
      - "CMakeLists.txt:44 (check_include_file)"
    checks:
      - "Looking for malloc.h"
    directories:
      source: "C:/Users/meloy/source/repos/TestPureCodeEquation/TestPureCodeEquation/vcpkg_installed/vcpkg/blds/fftw3/x64-windows-dbg/CMakeFiles/CMakeScratch/TryCompile-r6u0ib"
      binary: "C:/Users/meloy/source/repos/TestPureCodeEquation/TestPureCodeEquation/vcpkg_installed/vcpkg/blds/fftw3/x64-windows-dbg/CMakeFiles/CMakeScratch/TryCompile-r6u0ib"
    cmakeVariables:
      CMAKE_C_FLAGS: " /nologo /DWIN32 /D_WINDOWS /W3 /utf-8 /MP "
      CMAKE_MSVC_DEBUG_INFORMATION_FORMAT: ""
      CMAKE_MSVC_RUNTIME_LIBRARY: "MultiThreaded$<$<CONFIG:Debug>:Debug>$<$<STREQUAL:dynamic,dynamic>:DLL>"
      VCPKG_APPLOCAL_DEPS: "OFF"
      VCPKG_CHAINLOAD_TOOLCHAIN_FILE: "C:/Program Files/Microsoft Visual Studio/2022/Community/VC/vcpkg/scripts/toolchains/windows.cmake"
      VCPKG_TARGET_ARCHITECTURE: "x64"
      VCPKG_TARGET_TRIPLET: "x64-windows"
      Z_VCPKG_ROOT_DIR: "C:/Program Files/Microsoft Visual Studio/2022/Community/VC/vcpkg"
    buildResult:
      variable: "HAVE_MALLOC_H"
      cached: true
      stdout: |
        Change Dir: 'C:/Users/meloy/source/repos/TestPureCodeEquation/TestPureCodeEquation/vcpkg_installed/vcpkg/blds/fftw3/x64-windows-dbg/CMakeFiles/CMakeScratch/TryCompile-r6u0ib'
        
        Run Build Command(s): "C:/Program Files/Microsoft Visual Studio/2022/Community/Common7/IDE/CommonExtensions/Microsoft/CMake/Ninja/ninja.exe" -v cmTC_874df
        [1/2] C:\\PROGRA~1\\MICROS~3\\2022\\Community\\VC\\Tools\\MSVC\\14.40.33807\\bin\\Hostx64\\x64\\cl.exe  /nologo   /nologo /DWIN32 /D_WINDOWS /W3 /utf-8 /MP   /MDd /Zi /Ob0 /Od /RTC1 /showIncludes /FoCMakeFiles\\cmTC_874df.dir\\CheckIncludeFile.c.obj /FdCMakeFiles\\cmTC_874df.dir\\ /FS -c C:\\Users\\meloy\\source\\repos\\TestPureCodeEquation\\TestPureCodeEquation\\vcpkg_installed\\vcpkg\\blds\\fftw3\\x64-windows-dbg\\CMakeFiles\\CMakeScratch\\TryCompile-r6u0ib\\CheckIncludeFile.c
        [2/2] cmd.exe /C "cd . && "C:\\Program Files\\CMake\\bin\\cmake.exe" -E vs_link_exe --intdir=CMakeFiles\\cmTC_874df.dir --rc=C:\\PROGRA~2\\WI3CF2~1\\10\\bin\\10.0.22621.0\\x64\\rc.exe --mt=C:\\PROGRA~2\\WI3CF2~1\\10\\bin\\10.0.22621.0\\x64\\mt.exe --manifests  -- C:\\PROGRA~1\\MICROS~3\\2022\\Community\\VC\\Tools\\MSVC\\14.40.33807\\bin\\Hostx64\\x64\\link.exe /nologo CMakeFiles\\cmTC_874df.dir\\CheckIncludeFile.c.obj  /out:cmTC_874df.exe /implib:cmTC_874df.lib /pdb:cmTC_874df.pdb /version:0.0 /machine:x64  /debug /INCREMENTAL /subsystem:console  kernel32.lib user32.lib gdi32.lib winspool.lib shell32.lib ole32.lib oleaut32.lib uuid.lib comdlg32.lib advapi32.lib && cd ."
        
      exitCode: 0
  -
    kind: "try_compile-v1"
    backtrace:
      - "C:/Program Files/CMake/share/cmake-3.27/Modules/CheckIncludeFile.cmake:90 (try_compile)"
      - "CMakeLists.txt:45 (check_include_file)"
    checks:
      - "Looking for memory.h"
    directories:
      source: "C:/Users/meloy/source/repos/TestPureCodeEquation/TestPureCodeEquation/vcpkg_installed/vcpkg/blds/fftw3/x64-windows-dbg/CMakeFiles/CMakeScratch/TryCompile-wr45w4"
      binary: "C:/Users/meloy/source/repos/TestPureCodeEquation/TestPureCodeEquation/vcpkg_installed/vcpkg/blds/fftw3/x64-windows-dbg/CMakeFiles/CMakeScratch/TryCompile-wr45w4"
    cmakeVariables:
      CMAKE_C_FLAGS: " /nologo /DWIN32 /D_WINDOWS /W3 /utf-8 /MP "
      CMAKE_MSVC_DEBUG_INFORMATION_FORMAT: ""
      CMAKE_MSVC_RUNTIME_LIBRARY: "MultiThreaded$<$<CONFIG:Debug>:Debug>$<$<STREQUAL:dynamic,dynamic>:DLL>"
      VCPKG_APPLOCAL_DEPS: "OFF"
      VCPKG_CHAINLOAD_TOOLCHAIN_FILE: "C:/Program Files/Microsoft Visual Studio/2022/Community/VC/vcpkg/scripts/toolchains/windows.cmake"
      VCPKG_TARGET_ARCHITECTURE: "x64"
      VCPKG_TARGET_TRIPLET: "x64-windows"
      Z_VCPKG_ROOT_DIR: "C:/Program Files/Microsoft Visual Studio/2022/Community/VC/vcpkg"
    buildResult:
      variable: "HAVE_MEMORY_H"
      cached: true
      stdout: |
        Change Dir: 'C:/Users/meloy/source/repos/TestPureCodeEquation/TestPureCodeEquation/vcpkg_installed/vcpkg/blds/fftw3/x64-windows-dbg/CMakeFiles/CMakeScratch/TryCompile-wr45w4'
        
        Run Build Command(s): "C:/Program Files/Microsoft Visual Studio/2022/Community/Common7/IDE/CommonExtensions/Microsoft/CMake/Ninja/ninja.exe" -v cmTC_ec8b4
        [1/2] C:\\PROGRA~1\\MICROS~3\\2022\\Community\\VC\\Tools\\MSVC\\14.40.33807\\bin\\Hostx64\\x64\\cl.exe  /nologo   /nologo /DWIN32 /D_WINDOWS /W3 /utf-8 /MP   /MDd /Zi /Ob0 /Od /RTC1 /showIncludes /FoCMakeFiles\\cmTC_ec8b4.dir\\CheckIncludeFile.c.obj /FdCMakeFiles\\cmTC_ec8b4.dir\\ /FS -c C:\\Users\\meloy\\source\\repos\\TestPureCodeEquation\\TestPureCodeEquation\\vcpkg_installed\\vcpkg\\blds\\fftw3\\x64-windows-dbg\\CMakeFiles\\CMakeScratch\\TryCompile-wr45w4\\CheckIncludeFile.c
        [2/2] cmd.exe /C "cd . && "C:\\Program Files\\CMake\\bin\\cmake.exe" -E vs_link_exe --intdir=CMakeFiles\\cmTC_ec8b4.dir --rc=C:\\PROGRA~2\\WI3CF2~1\\10\\bin\\10.0.22621.0\\x64\\rc.exe --mt=C:\\PROGRA~2\\WI3CF2~1\\10\\bin\\10.0.22621.0\\x64\\mt.exe --manifests  -- C:\\PROGRA~1\\MICROS~3\\2022\\Community\\VC\\Tools\\MSVC\\14.40.33807\\bin\\Hostx64\\x64\\link.exe /nologo CMakeFiles\\cmTC_ec8b4.dir\\CheckIncludeFile.c.obj  /out:cmTC_ec8b4.exe /implib:cmTC_ec8b4.lib /pdb:cmTC_ec8b4.pdb /version:0.0 /machine:x64  /debug /INCREMENTAL /subsystem:console  kernel32.lib user32.lib gdi32.lib winspool.lib shell32.lib ole32.lib oleaut32.lib uuid.lib comdlg32.lib advapi32.lib && cd ."
        
      exitCode: 0
  -
    kind: "try_compile-v1"
    backtrace:
      - "C:/Program Files/CMake/share/cmake-3.27/Modules/CheckIncludeFile.cmake:90 (try_compile)"
      - "CMakeLists.txt:46 (check_include_file)"
    checks:
      - "Looking for stddef.h"
    directories:
      source: "C:/Users/meloy/source/repos/TestPureCodeEquation/TestPureCodeEquation/vcpkg_installed/vcpkg/blds/fftw3/x64-windows-dbg/CMakeFiles/CMakeScratch/TryCompile-bptbb4"
      binary: "C:/Users/meloy/source/repos/TestPureCodeEquation/TestPureCodeEquation/vcpkg_installed/vcpkg/blds/fftw3/x64-windows-dbg/CMakeFiles/CMakeScratch/TryCompile-bptbb4"
    cmakeVariables:
      CMAKE_C_FLAGS: " /nologo /DWIN32 /D_WINDOWS /W3 /utf-8 /MP "
      CMAKE_MSVC_DEBUG_INFORMATION_FORMAT: ""
      CMAKE_MSVC_RUNTIME_LIBRARY: "MultiThreaded$<$<CONFIG:Debug>:Debug>$<$<STREQUAL:dynamic,dynamic>:DLL>"
      VCPKG_APPLOCAL_DEPS: "OFF"
      VCPKG_CHAINLOAD_TOOLCHAIN_FILE: "C:/Program Files/Microsoft Visual Studio/2022/Community/VC/vcpkg/scripts/toolchains/windows.cmake"
      VCPKG_TARGET_ARCHITECTURE: "x64"
      VCPKG_TARGET_TRIPLET: "x64-windows"
      Z_VCPKG_ROOT_DIR: "C:/Program Files/Microsoft Visual Studio/2022/Community/VC/vcpkg"
    buildResult:
      variable: "HAVE_STDDEF_H"
      cached: true
      stdout: |
        Change Dir: 'C:/Users/meloy/source/repos/TestPureCodeEquation/TestPureCodeEquation/vcpkg_installed/vcpkg/blds/fftw3/x64-windows-dbg/CMakeFiles/CMakeScratch/TryCompile-bptbb4'
        
        Run Build Command(s): "C:/Program Files/Microsoft Visual Studio/2022/Community/Common7/IDE/CommonExtensions/Microsoft/CMake/Ninja/ninja.exe" -v cmTC_40ba7
        [1/2] C:\\PROGRA~1\\MICROS~3\\2022\\Community\\VC\\Tools\\MSVC\\14.40.33807\\bin\\Hostx64\\x64\\cl.exe  /nologo   /nologo /DWIN32 /D_WINDOWS /W3 /utf-8 /MP   /MDd /Zi /Ob0 /Od /RTC1 /showIncludes /FoCMakeFiles\\cmTC_40ba7.dir\\CheckIncludeFile.c.obj /FdCMakeFiles\\cmTC_40ba7.dir\\ /FS -c C:\\Users\\meloy\\source\\repos\\TestPureCodeEquation\\TestPureCodeEquation\\vcpkg_installed\\vcpkg\\blds\\fftw3\\x64-windows-dbg\\CMakeFiles\\CMakeScratch\\TryCompile-bptbb4\\CheckIncludeFile.c
        [2/2] cmd.exe /C "cd . && "C:\\Program Files\\CMake\\bin\\cmake.exe" -E vs_link_exe --intdir=CMakeFiles\\cmTC_40ba7.dir --rc=C:\\PROGRA~2\\WI3CF2~1\\10\\bin\\10.0.22621.0\\x64\\rc.exe --mt=C:\\PROGRA~2\\WI3CF2~1\\10\\bin\\10.0.22621.0\\x64\\mt.exe --manifests  -- C:\\PROGRA~1\\MICROS~3\\2022\\Community\\VC\\Tools\\MSVC\\14.40.33807\\bin\\Hostx64\\x64\\link.exe /nologo CMakeFiles\\cmTC_40ba7.dir\\CheckIncludeFile.c.obj  /out:cmTC_40ba7.exe /implib:cmTC_40ba7.lib /pdb:cmTC_40ba7.pdb /version:0.0 /machine:x64  /debug /INCREMENTAL /subsystem:console  kernel32.lib user32.lib gdi32.lib winspool.lib shell32.lib ole32.lib oleaut32.lib uuid.lib comdlg32.lib advapi32.lib && cd ."
        
      exitCode: 0
  -
    kind: "try_compile-v1"
    backtrace:
      - "C:/Program Files/CMake/share/cmake-3.27/Modules/CheckIncludeFile.cmake:90 (try_compile)"
      - "CMakeLists.txt:47 (check_include_file)"
    checks:
      - "Looking for stdint.h"
    directories:
      source: "C:/Users/meloy/source/repos/TestPureCodeEquation/TestPureCodeEquation/vcpkg_installed/vcpkg/blds/fftw3/x64-windows-dbg/CMakeFiles/CMakeScratch/TryCompile-vvy0mi"
      binary: "C:/Users/meloy/source/repos/TestPureCodeEquation/TestPureCodeEquation/vcpkg_installed/vcpkg/blds/fftw3/x64-windows-dbg/CMakeFiles/CMakeScratch/TryCompile-vvy0mi"
    cmakeVariables:
      CMAKE_C_FLAGS: " /nologo /DWIN32 /D_WINDOWS /W3 /utf-8 /MP "
      CMAKE_MSVC_DEBUG_INFORMATION_FORMAT: ""
      CMAKE_MSVC_RUNTIME_LIBRARY: "MultiThreaded$<$<CONFIG:Debug>:Debug>$<$<STREQUAL:dynamic,dynamic>:DLL>"
      VCPKG_APPLOCAL_DEPS: "OFF"
      VCPKG_CHAINLOAD_TOOLCHAIN_FILE: "C:/Program Files/Microsoft Visual Studio/2022/Community/VC/vcpkg/scripts/toolchains/windows.cmake"
      VCPKG_TARGET_ARCHITECTURE: "x64"
      VCPKG_TARGET_TRIPLET: "x64-windows"
      Z_VCPKG_ROOT_DIR: "C:/Program Files/Microsoft Visual Studio/2022/Community/VC/vcpkg"
    buildResult:
      variable: "HAVE_STDINT_H"
      cached: true
      stdout: |
        Change Dir: 'C:/Users/meloy/source/repos/TestPureCodeEquation/TestPureCodeEquation/vcpkg_installed/vcpkg/blds/fftw3/x64-windows-dbg/CMakeFiles/CMakeScratch/TryCompile-vvy0mi'
        
        Run Build Command(s): "C:/Program Files/Microsoft Visual Studio/2022/Community/Common7/IDE/CommonExtensions/Microsoft/CMake/Ninja/ninja.exe" -v cmTC_bd9ae
        [1/2] C:\\PROGRA~1\\MICROS~3\\2022\\Community\\VC\\Tools\\MSVC\\14.40.33807\\bin\\Hostx64\\x64\\cl.exe  /nologo   /nologo /DWIN32 /D_WINDOWS /W3 /utf-8 /MP   /MDd /Zi /Ob0 /Od /RTC1 /showIncludes /FoCMakeFiles\\cmTC_bd9ae.dir\\CheckIncludeFile.c.obj /FdCMakeFiles\\cmTC_bd9ae.dir\\ /FS -c C:\\Users\\meloy\\source\\repos\\TestPureCodeEquation\\TestPureCodeEquation\\vcpkg_installed\\vcpkg\\blds\\fftw3\\x64-windows-dbg\\CMakeFiles\\CMakeScratch\\TryCompile-vvy0mi\\CheckIncludeFile.c
        [2/2] cmd.exe /C "cd . && "C:\\Program Files\\CMake\\bin\\cmake.exe" -E vs_link_exe --intdir=CMakeFiles\\cmTC_bd9ae.dir --rc=C:\\PROGRA~2\\WI3CF2~1\\10\\bin\\10.0.22621.0\\x64\\rc.exe --mt=C:\\PROGRA~2\\WI3CF2~1\\10\\bin\\10.0.22621.0\\x64\\mt.exe --manifests  -- C:\\PROGRA~1\\MICROS~3\\2022\\Community\\VC\\Tools\\MSVC\\14.40.33807\\bin\\Hostx64\\x64\\link.exe /nologo CMakeFiles\\cmTC_bd9ae.dir\\CheckIncludeFile.c.obj  /out:cmTC_bd9ae.exe /implib:cmTC_bd9ae.lib /pdb:cmTC_bd9ae.pdb /version:0.0 /machine:x64  /debug /INCREMENTAL /subsystem:console  kernel32.lib user32.lib gdi32.lib winspool.lib shell32.lib ole32.lib oleaut32.lib uuid.lib comdlg32.lib advapi32.lib && cd ."
        
      exitCode: 0
  -
    kind: "try_compile-v1"
    backtrace:
      - "C:/Program Files/CMake/share/cmake-3.27/Modules/CheckIncludeFile.cmake:90 (try_compile)"
      - "CMakeLists.txt:48 (check_include_file)"
    checks:
      - "Looking for stdlib.h"
    directories:
      source: "C:/Users/meloy/source/repos/TestPureCodeEquation/TestPureCodeEquation/vcpkg_installed/vcpkg/blds/fftw3/x64-windows-dbg/CMakeFiles/CMakeScratch/TryCompile-y4wbs0"
      binary: "C:/Users/meloy/source/repos/TestPureCodeEquation/TestPureCodeEquation/vcpkg_installed/vcpkg/blds/fftw3/x64-windows-dbg/CMakeFiles/CMakeScratch/TryCompile-y4wbs0"
    cmakeVariables:
      CMAKE_C_FLAGS: " /nologo /DWIN32 /D_WINDOWS /W3 /utf-8 /MP "
      CMAKE_MSVC_DEBUG_INFORMATION_FORMAT: ""
      CMAKE_MSVC_RUNTIME_LIBRARY: "MultiThreaded$<$<CONFIG:Debug>:Debug>$<$<STREQUAL:dynamic,dynamic>:DLL>"
      VCPKG_APPLOCAL_DEPS: "OFF"
      VCPKG_CHAINLOAD_TOOLCHAIN_FILE: "C:/Program Files/Microsoft Visual Studio/2022/Community/VC/vcpkg/scripts/toolchains/windows.cmake"
      VCPKG_TARGET_ARCHITECTURE: "x64"
      VCPKG_TARGET_TRIPLET: "x64-windows"
      Z_VCPKG_ROOT_DIR: "C:/Program Files/Microsoft Visual Studio/2022/Community/VC/vcpkg"
    buildResult:
      variable: "HAVE_STDLIB_H"
      cached: true
      stdout: |
        Change Dir: 'C:/Users/meloy/source/repos/TestPureCodeEquation/TestPureCodeEquation/vcpkg_installed/vcpkg/blds/fftw3/x64-windows-dbg/CMakeFiles/CMakeScratch/TryCompile-y4wbs0'
        
        Run Build Command(s): "C:/Program Files/Microsoft Visual Studio/2022/Community/Common7/IDE/CommonExtensions/Microsoft/CMake/Ninja/ninja.exe" -v cmTC_c9965
        [1/2] C:\\PROGRA~1\\MICROS~3\\2022\\Community\\VC\\Tools\\MSVC\\14.40.33807\\bin\\Hostx64\\x64\\cl.exe  /nologo   /nologo /DWIN32 /D_WINDOWS /W3 /utf-8 /MP   /MDd /Zi /Ob0 /Od /RTC1 /showIncludes /FoCMakeFiles\\cmTC_c9965.dir\\CheckIncludeFile.c.obj /FdCMakeFiles\\cmTC_c9965.dir\\ /FS -c C:\\Users\\meloy\\source\\repos\\TestPureCodeEquation\\TestPureCodeEquation\\vcpkg_installed\\vcpkg\\blds\\fftw3\\x64-windows-dbg\\CMakeFiles\\CMakeScratch\\TryCompile-y4wbs0\\CheckIncludeFile.c
        [2/2] cmd.exe /C "cd . && "C:\\Program Files\\CMake\\bin\\cmake.exe" -E vs_link_exe --intdir=CMakeFiles\\cmTC_c9965.dir --rc=C:\\PROGRA~2\\WI3CF2~1\\10\\bin\\10.0.22621.0\\x64\\rc.exe --mt=C:\\PROGRA~2\\WI3CF2~1\\10\\bin\\10.0.22621.0\\x64\\mt.exe --manifests  -- C:\\PROGRA~1\\MICROS~3\\2022\\Community\\VC\\Tools\\MSVC\\14.40.33807\\bin\\Hostx64\\x64\\link.exe /nologo CMakeFiles\\cmTC_c9965.dir\\CheckIncludeFile.c.obj  /out:cmTC_c9965.exe /implib:cmTC_c9965.lib /pdb:cmTC_c9965.pdb /version:0.0 /machine:x64  /debug /INCREMENTAL /subsystem:console  kernel32.lib user32.lib gdi32.lib winspool.lib shell32.lib ole32.lib oleaut32.lib uuid.lib comdlg32.lib advapi32.lib && cd ."
        
      exitCode: 0
  -
    kind: "try_compile-v1"
    backtrace:
      - "C:/Program Files/CMake/share/cmake-3.27/Modules/CheckIncludeFile.cmake:90 (try_compile)"
      - "CMakeLists.txt:49 (check_include_file)"
    checks:
      - "Looking for string.h"
    directories:
      source: "C:/Users/meloy/source/repos/TestPureCodeEquation/TestPureCodeEquation/vcpkg_installed/vcpkg/blds/fftw3/x64-windows-dbg/CMakeFiles/CMakeScratch/TryCompile-i8q7y0"
      binary: "C:/Users/meloy/source/repos/TestPureCodeEquation/TestPureCodeEquation/vcpkg_installed/vcpkg/blds/fftw3/x64-windows-dbg/CMakeFiles/CMakeScratch/TryCompile-i8q7y0"
    cmakeVariables:
      CMAKE_C_FLAGS: " /nologo /DWIN32 /D_WINDOWS /W3 /utf-8 /MP "
      CMAKE_MSVC_DEBUG_INFORMATION_FORMAT: ""
      CMAKE_MSVC_RUNTIME_LIBRARY: "MultiThreaded$<$<CONFIG:Debug>:Debug>$<$<STREQUAL:dynamic,dynamic>:DLL>"
      VCPKG_APPLOCAL_DEPS: "OFF"
      VCPKG_CHAINLOAD_TOOLCHAIN_FILE: "C:/Program Files/Microsoft Visual Studio/2022/Community/VC/vcpkg/scripts/toolchains/windows.cmake"
      VCPKG_TARGET_ARCHITECTURE: "x64"
      VCPKG_TARGET_TRIPLET: "x64-windows"
      Z_VCPKG_ROOT_DIR: "C:/Program Files/Microsoft Visual Studio/2022/Community/VC/vcpkg"
    buildResult:
      variable: "HAVE_STRING_H"
      cached: true
      stdout: |
        Change Dir: 'C:/Users/meloy/source/repos/TestPureCodeEquation/TestPureCodeEquation/vcpkg_installed/vcpkg/blds/fftw3/x64-windows-dbg/CMakeFiles/CMakeScratch/TryCompile-i8q7y0'
        
        Run Build Command(s): "C:/Program Files/Microsoft Visual Studio/2022/Community/Common7/IDE/CommonExtensions/Microsoft/CMake/Ninja/ninja.exe" -v cmTC_d6cdf
        [1/2] C:\\PROGRA~1\\MICROS~3\\2022\\Community\\VC\\Tools\\MSVC\\14.40.33807\\bin\\Hostx64\\x64\\cl.exe  /nologo   /nologo /DWIN32 /D_WINDOWS /W3 /utf-8 /MP   /MDd /Zi /Ob0 /Od /RTC1 /showIncludes /FoCMakeFiles\\cmTC_d6cdf.dir\\CheckIncludeFile.c.obj /FdCMakeFiles\\cmTC_d6cdf.dir\\ /FS -c C:\\Users\\meloy\\source\\repos\\TestPureCodeEquation\\TestPureCodeEquation\\vcpkg_installed\\vcpkg\\blds\\fftw3\\x64-windows-dbg\\CMakeFiles\\CMakeScratch\\TryCompile-i8q7y0\\CheckIncludeFile.c
        [2/2] cmd.exe /C "cd . && "C:\\Program Files\\CMake\\bin\\cmake.exe" -E vs_link_exe --intdir=CMakeFiles\\cmTC_d6cdf.dir --rc=C:\\PROGRA~2\\WI3CF2~1\\10\\bin\\10.0.22621.0\\x64\\rc.exe --mt=C:\\PROGRA~2\\WI3CF2~1\\10\\bin\\10.0.22621.0\\x64\\mt.exe --manifests  -- C:\\PROGRA~1\\MICROS~3\\2022\\Community\\VC\\Tools\\MSVC\\14.40.33807\\bin\\Hostx64\\x64\\link.exe /nologo CMakeFiles\\cmTC_d6cdf.dir\\CheckIncludeFile.c.obj  /out:cmTC_d6cdf.exe /implib:cmTC_d6cdf.lib /pdb:cmTC_d6cdf.pdb /version:0.0 /machine:x64  /debug /INCREMENTAL /subsystem:console  kernel32.lib user32.lib gdi32.lib winspool.lib shell32.lib ole32.lib oleaut32.lib uuid.lib comdlg32.lib advapi32.lib && cd ."
        
      exitCode: 0
  -
    kind: "try_compile-v1"
    backtrace:
      - "C:/Program Files/CMake/share/cmake-3.27/Modules/CheckIncludeFile.cmake:90 (try_compile)"
      - "CMakeLists.txt:50 (check_include_file)"
    checks:
      - "Looking for strings.h"
    directories:
      source: "C:/Users/meloy/source/repos/TestPureCodeEquation/TestPureCodeEquation/vcpkg_installed/vcpkg/blds/fftw3/x64-windows-dbg/CMakeFiles/CMakeScratch/TryCompile-p6z4e7"
      binary: "C:/Users/meloy/source/repos/TestPureCodeEquation/TestPureCodeEquation/vcpkg_installed/vcpkg/blds/fftw3/x64-windows-dbg/CMakeFiles/CMakeScratch/TryCompile-p6z4e7"
    cmakeVariables:
      CMAKE_C_FLAGS: " /nologo /DWIN32 /D_WINDOWS /W3 /utf-8 /MP "
      CMAKE_MSVC_DEBUG_INFORMATION_FORMAT: ""
      CMAKE_MSVC_RUNTIME_LIBRARY: "MultiThreaded$<$<CONFIG:Debug>:Debug>$<$<STREQUAL:dynamic,dynamic>:DLL>"
      VCPKG_APPLOCAL_DEPS: "OFF"
      VCPKG_CHAINLOAD_TOOLCHAIN_FILE: "C:/Program Files/Microsoft Visual Studio/2022/Community/VC/vcpkg/scripts/toolchains/windows.cmake"
      VCPKG_TARGET_ARCHITECTURE: "x64"
      VCPKG_TARGET_TRIPLET: "x64-windows"
      Z_VCPKG_ROOT_DIR: "C:/Program Files/Microsoft Visual Studio/2022/Community/VC/vcpkg"
    buildResult:
      variable: "HAVE_STRINGS_H"
      cached: true
      stdout: |
        Change Dir: 'C:/Users/meloy/source/repos/TestPureCodeEquation/TestPureCodeEquation/vcpkg_installed/vcpkg/blds/fftw3/x64-windows-dbg/CMakeFiles/CMakeScratch/TryCompile-p6z4e7'
        
        Run Build Command(s): "C:/Program Files/Microsoft Visual Studio/2022/Community/Common7/IDE/CommonExtensions/Microsoft/CMake/Ninja/ninja.exe" -v cmTC_61ff0
        [1/2] C:\\PROGRA~1\\MICROS~3\\2022\\Community\\VC\\Tools\\MSVC\\14.40.33807\\bin\\Hostx64\\x64\\cl.exe  /nologo   /nologo /DWIN32 /D_WINDOWS /W3 /utf-8 /MP   /MDd /Zi /Ob0 /Od /RTC1 /showIncludes /FoCMakeFiles\\cmTC_61ff0.dir\\CheckIncludeFile.c.obj /FdCMakeFiles\\cmTC_61ff0.dir\\ /FS -c C:\\Users\\meloy\\source\\repos\\TestPureCodeEquation\\TestPureCodeEquation\\vcpkg_installed\\vcpkg\\blds\\fftw3\\x64-windows-dbg\\CMakeFiles\\CMakeScratch\\TryCompile-p6z4e7\\CheckIncludeFile.c
        FAILED: CMakeFiles/cmTC_61ff0.dir/CheckIncludeFile.c.obj 
        C:\\PROGRA~1\\MICROS~3\\2022\\Community\\VC\\Tools\\MSVC\\14.40.33807\\bin\\Hostx64\\x64\\cl.exe  /nologo   /nologo /DWIN32 /D_WINDOWS /W3 /utf-8 /MP   /MDd /Zi /Ob0 /Od /RTC1 /showIncludes /FoCMakeFiles\\cmTC_61ff0.dir\\CheckIncludeFile.c.obj /FdCMakeFiles\\cmTC_61ff0.dir\\ /FS -c C:\\Users\\meloy\\source\\repos\\TestPureCodeEquation\\TestPureCodeEquation\\vcpkg_installed\\vcpkg\\blds\\fftw3\\x64-windows-dbg\\CMakeFiles\\CMakeScratch\\TryCompile-p6z4e7\\CheckIncludeFile.c
        C:\\Users\\meloy\\source\\repos\\TestPureCodeEquation\\TestPureCodeEquation\\vcpkg_installed\\vcpkg\\blds\\fftw3\\x64-windows-dbg\\CMakeFiles\\CMakeScratch\\TryCompile-p6z4e7\\CheckIncludeFile.c(1): fatal error C1083: Cannot open include file: 'strings.h': No such file or directory
        ninja: build stopped: subcommand failed.
        
      exitCode: 1
  -
    kind: "try_compile-v1"
    backtrace:
      - "C:/Program Files/CMake/share/cmake-3.27/Modules/CheckIncludeFile.cmake:90 (try_compile)"
      - "CMakeLists.txt:51 (check_include_file)"
    checks:
      - "Looking for sys/types.h"
    directories:
      source: "C:/Users/meloy/source/repos/TestPureCodeEquation/TestPureCodeEquation/vcpkg_installed/vcpkg/blds/fftw3/x64-windows-dbg/CMakeFiles/CMakeScratch/TryCompile-up9inc"
      binary: "C:/Users/meloy/source/repos/TestPureCodeEquation/TestPureCodeEquation/vcpkg_installed/vcpkg/blds/fftw3/x64-windows-dbg/CMakeFiles/CMakeScratch/TryCompile-up9inc"
    cmakeVariables:
      CMAKE_C_FLAGS: " /nologo /DWIN32 /D_WINDOWS /W3 /utf-8 /MP "
      CMAKE_MSVC_DEBUG_INFORMATION_FORMAT: ""
      CMAKE_MSVC_RUNTIME_LIBRARY: "MultiThreaded$<$<CONFIG:Debug>:Debug>$<$<STREQUAL:dynamic,dynamic>:DLL>"
      VCPKG_APPLOCAL_DEPS: "OFF"
      VCPKG_CHAINLOAD_TOOLCHAIN_FILE: "C:/Program Files/Microsoft Visual Studio/2022/Community/VC/vcpkg/scripts/toolchains/windows.cmake"
      VCPKG_TARGET_ARCHITECTURE: "x64"
      VCPKG_TARGET_TRIPLET: "x64-windows"
      Z_VCPKG_ROOT_DIR: "C:/Program Files/Microsoft Visual Studio/2022/Community/VC/vcpkg"
    buildResult:
      variable: "HAVE_SYS_TYPES_H"
      cached: true
      stdout: |
        Change Dir: 'C:/Users/meloy/source/repos/TestPureCodeEquation/TestPureCodeEquation/vcpkg_installed/vcpkg/blds/fftw3/x64-windows-dbg/CMakeFiles/CMakeScratch/TryCompile-up9inc'
        
        Run Build Command(s): "C:/Program Files/Microsoft Visual Studio/2022/Community/Common7/IDE/CommonExtensions/Microsoft/CMake/Ninja/ninja.exe" -v cmTC_c4a65
        [1/2] C:\\PROGRA~1\\MICROS~3\\2022\\Community\\VC\\Tools\\MSVC\\14.40.33807\\bin\\Hostx64\\x64\\cl.exe  /nologo   /nologo /DWIN32 /D_WINDOWS /W3 /utf-8 /MP   /MDd /Zi /Ob0 /Od /RTC1 /showIncludes /FoCMakeFiles\\cmTC_c4a65.dir\\CheckIncludeFile.c.obj /FdCMakeFiles\\cmTC_c4a65.dir\\ /FS -c C:\\Users\\meloy\\source\\repos\\TestPureCodeEquation\\TestPureCodeEquation\\vcpkg_installed\\vcpkg\\blds\\fftw3\\x64-windows-dbg\\CMakeFiles\\CMakeScratch\\TryCompile-up9inc\\CheckIncludeFile.c
        [2/2] cmd.exe /C "cd . && "C:\\Program Files\\CMake\\bin\\cmake.exe" -E vs_link_exe --intdir=CMakeFiles\\cmTC_c4a65.dir --rc=C:\\PROGRA~2\\WI3CF2~1\\10\\bin\\10.0.22621.0\\x64\\rc.exe --mt=C:\\PROGRA~2\\WI3CF2~1\\10\\bin\\10.0.22621.0\\x64\\mt.exe --manifests  -- C:\\PROGRA~1\\MICROS~3\\2022\\Community\\VC\\Tools\\MSVC\\14.40.33807\\bin\\Hostx64\\x64\\link.exe /nologo CMakeFiles\\cmTC_c4a65.dir\\CheckIncludeFile.c.obj  /out:cmTC_c4a65.exe /implib:cmTC_c4a65.lib /pdb:cmTC_c4a65.pdb /version:0.0 /machine:x64  /debug /INCREMENTAL /subsystem:console  kernel32.lib user32.lib gdi32.lib winspool.lib shell32.lib ole32.lib oleaut32.lib uuid.lib comdlg32.lib advapi32.lib && cd ."
        
      exitCode: 0
  -
    kind: "try_compile-v1"
    backtrace:
      - "C:/Program Files/CMake/share/cmake-3.27/Modules/CheckIncludeFile.cmake:90 (try_compile)"
      - "CMakeLists.txt:52 (check_include_file)"
    checks:
      - "Looking for sys/time.h"
    directories:
      source: "C:/Users/meloy/source/repos/TestPureCodeEquation/TestPureCodeEquation/vcpkg_installed/vcpkg/blds/fftw3/x64-windows-dbg/CMakeFiles/CMakeScratch/TryCompile-wp1zcb"
      binary: "C:/Users/meloy/source/repos/TestPureCodeEquation/TestPureCodeEquation/vcpkg_installed/vcpkg/blds/fftw3/x64-windows-dbg/CMakeFiles/CMakeScratch/TryCompile-wp1zcb"
    cmakeVariables:
      CMAKE_C_FLAGS: " /nologo /DWIN32 /D_WINDOWS /W3 /utf-8 /MP "
      CMAKE_MSVC_DEBUG_INFORMATION_FORMAT: ""
      CMAKE_MSVC_RUNTIME_LIBRARY: "MultiThreaded$<$<CONFIG:Debug>:Debug>$<$<STREQUAL:dynamic,dynamic>:DLL>"
      VCPKG_APPLOCAL_DEPS: "OFF"
      VCPKG_CHAINLOAD_TOOLCHAIN_FILE: "C:/Program Files/Microsoft Visual Studio/2022/Community/VC/vcpkg/scripts/toolchains/windows.cmake"
      VCPKG_TARGET_ARCHITECTURE: "x64"
      VCPKG_TARGET_TRIPLET: "x64-windows"
      Z_VCPKG_ROOT_DIR: "C:/Program Files/Microsoft Visual Studio/2022/Community/VC/vcpkg"
    buildResult:
      variable: "HAVE_SYS_TIME_H"
      cached: true
      stdout: |
        Change Dir: 'C:/Users/meloy/source/repos/TestPureCodeEquation/TestPureCodeEquation/vcpkg_installed/vcpkg/blds/fftw3/x64-windows-dbg/CMakeFiles/CMakeScratch/TryCompile-wp1zcb'
        
        Run Build Command(s): "C:/Program Files/Microsoft Visual Studio/2022/Community/Common7/IDE/CommonExtensions/Microsoft/CMake/Ninja/ninja.exe" -v cmTC_9c22d
        [1/2] C:\\PROGRA~1\\MICROS~3\\2022\\Community\\VC\\Tools\\MSVC\\14.40.33807\\bin\\Hostx64\\x64\\cl.exe  /nologo   /nologo /DWIN32 /D_WINDOWS /W3 /utf-8 /MP   /MDd /Zi /Ob0 /Od /RTC1 /showIncludes /FoCMakeFiles\\cmTC_9c22d.dir\\CheckIncludeFile.c.obj /FdCMakeFiles\\cmTC_9c22d.dir\\ /FS -c C:\\Users\\meloy\\source\\repos\\TestPureCodeEquation\\TestPureCodeEquation\\vcpkg_installed\\vcpkg\\blds\\fftw3\\x64-windows-dbg\\CMakeFiles\\CMakeScratch\\TryCompile-wp1zcb\\CheckIncludeFile.c
        FAILED: CMakeFiles/cmTC_9c22d.dir/CheckIncludeFile.c.obj 
        C:\\PROGRA~1\\MICROS~3\\2022\\Community\\VC\\Tools\\MSVC\\14.40.33807\\bin\\Hostx64\\x64\\cl.exe  /nologo   /nologo /DWIN32 /D_WINDOWS /W3 /utf-8 /MP   /MDd /Zi /Ob0 /Od /RTC1 /showIncludes /FoCMakeFiles\\cmTC_9c22d.dir\\CheckIncludeFile.c.obj /FdCMakeFiles\\cmTC_9c22d.dir\\ /FS -c C:\\Users\\meloy\\source\\repos\\TestPureCodeEquation\\TestPureCodeEquation\\vcpkg_installed\\vcpkg\\blds\\fftw3\\x64-windows-dbg\\CMakeFiles\\CMakeScratch\\TryCompile-wp1zcb\\CheckIncludeFile.c
        C:\\Users\\meloy\\source\\repos\\TestPureCodeEquation\\TestPureCodeEquation\\vcpkg_installed\\vcpkg\\blds\\fftw3\\x64-windows-dbg\\CMakeFiles\\CMakeScratch\\TryCompile-wp1zcb\\CheckIncludeFile.c(1): fatal error C1083: Cannot open include file: 'sys/time.h': No such file or directory
        ninja: build stopped: subcommand failed.
        
      exitCode: 1
  -
    kind: "try_compile-v1"
    backtrace:
      - "C:/Program Files/CMake/share/cmake-3.27/Modules/CheckIncludeFile.cmake:90 (try_compile)"
      - "CMakeLists.txt:53 (check_include_file)"
    checks:
      - "Looking for sys/stat.h"
    directories:
      source: "C:/Users/meloy/source/repos/TestPureCodeEquation/TestPureCodeEquation/vcpkg_installed/vcpkg/blds/fftw3/x64-windows-dbg/CMakeFiles/CMakeScratch/TryCompile-d30aba"
      binary: "C:/Users/meloy/source/repos/TestPureCodeEquation/TestPureCodeEquation/vcpkg_installed/vcpkg/blds/fftw3/x64-windows-dbg/CMakeFiles/CMakeScratch/TryCompile-d30aba"
    cmakeVariables:
      CMAKE_C_FLAGS: " /nologo /DWIN32 /D_WINDOWS /W3 /utf-8 /MP "
      CMAKE_MSVC_DEBUG_INFORMATION_FORMAT: ""
      CMAKE_MSVC_RUNTIME_LIBRARY: "MultiThreaded$<$<CONFIG:Debug>:Debug>$<$<STREQUAL:dynamic,dynamic>:DLL>"
      VCPKG_APPLOCAL_DEPS: "OFF"
      VCPKG_CHAINLOAD_TOOLCHAIN_FILE: "C:/Program Files/Microsoft Visual Studio/2022/Community/VC/vcpkg/scripts/toolchains/windows.cmake"
      VCPKG_TARGET_ARCHITECTURE: "x64"
      VCPKG_TARGET_TRIPLET: "x64-windows"
      Z_VCPKG_ROOT_DIR: "C:/Program Files/Microsoft Visual Studio/2022/Community/VC/vcpkg"
    buildResult:
      variable: "HAVE_SYS_STAT_H"
      cached: true
      stdout: |
        Change Dir: 'C:/Users/meloy/source/repos/TestPureCodeEquation/TestPureCodeEquation/vcpkg_installed/vcpkg/blds/fftw3/x64-windows-dbg/CMakeFiles/CMakeScratch/TryCompile-d30aba'
        
        Run Build Command(s): "C:/Program Files/Microsoft Visual Studio/2022/Community/Common7/IDE/CommonExtensions/Microsoft/CMake/Ninja/ninja.exe" -v cmTC_e8a81
        [1/2] C:\\PROGRA~1\\MICROS~3\\2022\\Community\\VC\\Tools\\MSVC\\14.40.33807\\bin\\Hostx64\\x64\\cl.exe  /nologo   /nologo /DWIN32 /D_WINDOWS /W3 /utf-8 /MP   /MDd /Zi /Ob0 /Od /RTC1 /showIncludes /FoCMakeFiles\\cmTC_e8a81.dir\\CheckIncludeFile.c.obj /FdCMakeFiles\\cmTC_e8a81.dir\\ /FS -c C:\\Users\\meloy\\source\\repos\\TestPureCodeEquation\\TestPureCodeEquation\\vcpkg_installed\\vcpkg\\blds\\fftw3\\x64-windows-dbg\\CMakeFiles\\CMakeScratch\\TryCompile-d30aba\\CheckIncludeFile.c
        [2/2] cmd.exe /C "cd . && "C:\\Program Files\\CMake\\bin\\cmake.exe" -E vs_link_exe --intdir=CMakeFiles\\cmTC_e8a81.dir --rc=C:\\PROGRA~2\\WI3CF2~1\\10\\bin\\10.0.22621.0\\x64\\rc.exe --mt=C:\\PROGRA~2\\WI3CF2~1\\10\\bin\\10.0.22621.0\\x64\\mt.exe --manifests  -- C:\\PROGRA~1\\MICROS~3\\2022\\Community\\VC\\Tools\\MSVC\\14.40.33807\\bin\\Hostx64\\x64\\link.exe /nologo CMakeFiles\\cmTC_e8a81.dir\\CheckIncludeFile.c.obj  /out:cmTC_e8a81.exe /implib:cmTC_e8a81.lib /pdb:cmTC_e8a81.pdb /version:0.0 /machine:x64  /debug /INCREMENTAL /subsystem:console  kernel32.lib user32.lib gdi32.lib winspool.lib shell32.lib ole32.lib oleaut32.lib uuid.lib comdlg32.lib advapi32.lib && cd ."
        
      exitCode: 0
  -
    kind: "try_compile-v1"
    backtrace:
      - "C:/Program Files/CMake/share/cmake-3.27/Modules/CheckIncludeFile.cmake:90 (try_compile)"
      - "CMakeLists.txt:54 (check_include_file)"
    checks:
      - "Looking for sys/sysctl.h"
    directories:
      source: "C:/Users/meloy/source/repos/TestPureCodeEquation/TestPureCodeEquation/vcpkg_installed/vcpkg/blds/fftw3/x64-windows-dbg/CMakeFiles/CMakeScratch/TryCompile-hre6mn"
      binary: "C:/Users/meloy/source/repos/TestPureCodeEquation/TestPureCodeEquation/vcpkg_installed/vcpkg/blds/fftw3/x64-windows-dbg/CMakeFiles/CMakeScratch/TryCompile-hre6mn"
    cmakeVariables:
      CMAKE_C_FLAGS: " /nologo /DWIN32 /D_WINDOWS /W3 /utf-8 /MP "
      CMAKE_MSVC_DEBUG_INFORMATION_FORMAT: ""
      CMAKE_MSVC_RUNTIME_LIBRARY: "MultiThreaded$<$<CONFIG:Debug>:Debug>$<$<STREQUAL:dynamic,dynamic>:DLL>"
      VCPKG_APPLOCAL_DEPS: "OFF"
      VCPKG_CHAINLOAD_TOOLCHAIN_FILE: "C:/Program Files/Microsoft Visual Studio/2022/Community/VC/vcpkg/scripts/toolchains/windows.cmake"
      VCPKG_TARGET_ARCHITECTURE: "x64"
      VCPKG_TARGET_TRIPLET: "x64-windows"
      Z_VCPKG_ROOT_DIR: "C:/Program Files/Microsoft Visual Studio/2022/Community/VC/vcpkg"
    buildResult:
      variable: "HAVE_SYS_SYSCTL_H"
      cached: true
      stdout: |
        Change Dir: 'C:/Users/meloy/source/repos/TestPureCodeEquation/TestPureCodeEquation/vcpkg_installed/vcpkg/blds/fftw3/x64-windows-dbg/CMakeFiles/CMakeScratch/TryCompile-hre6mn'
        
        Run Build Command(s): "C:/Program Files/Microsoft Visual Studio/2022/Community/Common7/IDE/CommonExtensions/Microsoft/CMake/Ninja/ninja.exe" -v cmTC_7bf5b
        [1/2] C:\\PROGRA~1\\MICROS~3\\2022\\Community\\VC\\Tools\\MSVC\\14.40.33807\\bin\\Hostx64\\x64\\cl.exe  /nologo   /nologo /DWIN32 /D_WINDOWS /W3 /utf-8 /MP   /MDd /Zi /Ob0 /Od /RTC1 /showIncludes /FoCMakeFiles\\cmTC_7bf5b.dir\\CheckIncludeFile.c.obj /FdCMakeFiles\\cmTC_7bf5b.dir\\ /FS -c C:\\Users\\meloy\\source\\repos\\TestPureCodeEquation\\TestPureCodeEquation\\vcpkg_installed\\vcpkg\\blds\\fftw3\\x64-windows-dbg\\CMakeFiles\\CMakeScratch\\TryCompile-hre6mn\\CheckIncludeFile.c
        FAILED: CMakeFiles/cmTC_7bf5b.dir/CheckIncludeFile.c.obj 
        C:\\PROGRA~1\\MICROS~3\\2022\\Community\\VC\\Tools\\MSVC\\14.40.33807\\bin\\Hostx64\\x64\\cl.exe  /nologo   /nologo /DWIN32 /D_WINDOWS /W3 /utf-8 /MP   /MDd /Zi /Ob0 /Od /RTC1 /showIncludes /FoCMakeFiles\\cmTC_7bf5b.dir\\CheckIncludeFile.c.obj /FdCMakeFiles\\cmTC_7bf5b.dir\\ /FS -c C:\\Users\\meloy\\source\\repos\\TestPureCodeEquation\\TestPureCodeEquation\\vcpkg_installed\\vcpkg\\blds\\fftw3\\x64-windows-dbg\\CMakeFiles\\CMakeScratch\\TryCompile-hre6mn\\CheckIncludeFile.c
        C:\\Users\\meloy\\source\\repos\\TestPureCodeEquation\\TestPureCodeEquation\\vcpkg_installed\\vcpkg\\blds\\fftw3\\x64-windows-dbg\\CMakeFiles\\CMakeScratch\\TryCompile-hre6mn\\CheckIncludeFile.c(1): fatal error C1083: Cannot open include file: 'sys/sysctl.h': No such file or directory
        ninja: build stopped: subcommand failed.
        
      exitCode: 1
  -
    kind: "try_compile-v1"
    backtrace:
      - "C:/Program Files/CMake/share/cmake-3.27/Modules/CheckIncludeFile.cmake:90 (try_compile)"
      - "CMakeLists.txt:55 (check_include_file)"
    checks:
      - "Looking for time.h"
    directories:
      source: "C:/Users/meloy/source/repos/TestPureCodeEquation/TestPureCodeEquation/vcpkg_installed/vcpkg/blds/fftw3/x64-windows-dbg/CMakeFiles/CMakeScratch/TryCompile-pmo77r"
      binary: "C:/Users/meloy/source/repos/TestPureCodeEquation/TestPureCodeEquation/vcpkg_installed/vcpkg/blds/fftw3/x64-windows-dbg/CMakeFiles/CMakeScratch/TryCompile-pmo77r"
    cmakeVariables:
      CMAKE_C_FLAGS: " /nologo /DWIN32 /D_WINDOWS /W3 /utf-8 /MP "
      CMAKE_MSVC_DEBUG_INFORMATION_FORMAT: ""
      CMAKE_MSVC_RUNTIME_LIBRARY: "MultiThreaded$<$<CONFIG:Debug>:Debug>$<$<STREQUAL:dynamic,dynamic>:DLL>"
      VCPKG_APPLOCAL_DEPS: "OFF"
      VCPKG_CHAINLOAD_TOOLCHAIN_FILE: "C:/Program Files/Microsoft Visual Studio/2022/Community/VC/vcpkg/scripts/toolchains/windows.cmake"
      VCPKG_TARGET_ARCHITECTURE: "x64"
      VCPKG_TARGET_TRIPLET: "x64-windows"
      Z_VCPKG_ROOT_DIR: "C:/Program Files/Microsoft Visual Studio/2022/Community/VC/vcpkg"
    buildResult:
      variable: "HAVE_TIME_H"
      cached: true
      stdout: |
        Change Dir: 'C:/Users/meloy/source/repos/TestPureCodeEquation/TestPureCodeEquation/vcpkg_installed/vcpkg/blds/fftw3/x64-windows-dbg/CMakeFiles/CMakeScratch/TryCompile-pmo77r'
        
        Run Build Command(s): "C:/Program Files/Microsoft Visual Studio/2022/Community/Common7/IDE/CommonExtensions/Microsoft/CMake/Ninja/ninja.exe" -v cmTC_6c401
        [1/2] C:\\PROGRA~1\\MICROS~3\\2022\\Community\\VC\\Tools\\MSVC\\14.40.33807\\bin\\Hostx64\\x64\\cl.exe  /nologo   /nologo /DWIN32 /D_WINDOWS /W3 /utf-8 /MP   /MDd /Zi /Ob0 /Od /RTC1 /showIncludes /FoCMakeFiles\\cmTC_6c401.dir\\CheckIncludeFile.c.obj /FdCMakeFiles\\cmTC_6c401.dir\\ /FS -c C:\\Users\\meloy\\source\\repos\\TestPureCodeEquation\\TestPureCodeEquation\\vcpkg_installed\\vcpkg\\blds\\fftw3\\x64-windows-dbg\\CMakeFiles\\CMakeScratch\\TryCompile-pmo77r\\CheckIncludeFile.c
        [2/2] cmd.exe /C "cd . && "C:\\Program Files\\CMake\\bin\\cmake.exe" -E vs_link_exe --intdir=CMakeFiles\\cmTC_6c401.dir --rc=C:\\PROGRA~2\\WI3CF2~1\\10\\bin\\10.0.22621.0\\x64\\rc.exe --mt=C:\\PROGRA~2\\WI3CF2~1\\10\\bin\\10.0.22621.0\\x64\\mt.exe --manifests  -- C:\\PROGRA~1\\MICROS~3\\2022\\Community\\VC\\Tools\\MSVC\\14.40.33807\\bin\\Hostx64\\x64\\link.exe /nologo CMakeFiles\\cmTC_6c401.dir\\CheckIncludeFile.c.obj  /out:cmTC_6c401.exe /implib:cmTC_6c401.lib /pdb:cmTC_6c401.pdb /version:0.0 /machine:x64  /debug /INCREMENTAL /subsystem:console  kernel32.lib user32.lib gdi32.lib winspool.lib shell32.lib ole32.lib oleaut32.lib uuid.lib comdlg32.lib advapi32.lib && cd ."
        
      exitCode: 0
  -
    kind: "try_compile-v1"
    backtrace:
      - "C:/Program Files/CMake/share/cmake-3.27/Modules/CheckIncludeFile.cmake:90 (try_compile)"
      - "CMakeLists.txt:56 (check_include_file)"
    checks:
      - "Looking for uintptr.h"
    directories:
      source: "C:/Users/meloy/source/repos/TestPureCodeEquation/TestPureCodeEquation/vcpkg_installed/vcpkg/blds/fftw3/x64-windows-dbg/CMakeFiles/CMakeScratch/TryCompile-xldj3q"
      binary: "C:/Users/meloy/source/repos/TestPureCodeEquation/TestPureCodeEquation/vcpkg_installed/vcpkg/blds/fftw3/x64-windows-dbg/CMakeFiles/CMakeScratch/TryCompile-xldj3q"
    cmakeVariables:
      CMAKE_C_FLAGS: " /nologo /DWIN32 /D_WINDOWS /W3 /utf-8 /MP "
      CMAKE_MSVC_DEBUG_INFORMATION_FORMAT: ""
      CMAKE_MSVC_RUNTIME_LIBRARY: "MultiThreaded$<$<CONFIG:Debug>:Debug>$<$<STREQUAL:dynamic,dynamic>:DLL>"
      VCPKG_APPLOCAL_DEPS: "OFF"
      VCPKG_CHAINLOAD_TOOLCHAIN_FILE: "C:/Program Files/Microsoft Visual Studio/2022/Community/VC/vcpkg/scripts/toolchains/windows.cmake"
      VCPKG_TARGET_ARCHITECTURE: "x64"
      VCPKG_TARGET_TRIPLET: "x64-windows"
      Z_VCPKG_ROOT_DIR: "C:/Program Files/Microsoft Visual Studio/2022/Community/VC/vcpkg"
    buildResult:
      variable: "HAVE_UINTPTR_H"
      cached: true
      stdout: |
        Change Dir: 'C:/Users/meloy/source/repos/TestPureCodeEquation/TestPureCodeEquation/vcpkg_installed/vcpkg/blds/fftw3/x64-windows-dbg/CMakeFiles/CMakeScratch/TryCompile-xldj3q'
        
        Run Build Command(s): "C:/Program Files/Microsoft Visual Studio/2022/Community/Common7/IDE/CommonExtensions/Microsoft/CMake/Ninja/ninja.exe" -v cmTC_436b3
        [1/2] C:\\PROGRA~1\\MICROS~3\\2022\\Community\\VC\\Tools\\MSVC\\14.40.33807\\bin\\Hostx64\\x64\\cl.exe  /nologo   /nologo /DWIN32 /D_WINDOWS /W3 /utf-8 /MP   /MDd /Zi /Ob0 /Od /RTC1 /showIncludes /FoCMakeFiles\\cmTC_436b3.dir\\CheckIncludeFile.c.obj /FdCMakeFiles\\cmTC_436b3.dir\\ /FS -c C:\\Users\\meloy\\source\\repos\\TestPureCodeEquation\\TestPureCodeEquation\\vcpkg_installed\\vcpkg\\blds\\fftw3\\x64-windows-dbg\\CMakeFiles\\CMakeScratch\\TryCompile-xldj3q\\CheckIncludeFile.c
        FAILED: CMakeFiles/cmTC_436b3.dir/CheckIncludeFile.c.obj 
        C:\\PROGRA~1\\MICROS~3\\2022\\Community\\VC\\Tools\\MSVC\\14.40.33807\\bin\\Hostx64\\x64\\cl.exe  /nologo   /nologo /DWIN32 /D_WINDOWS /W3 /utf-8 /MP   /MDd /Zi /Ob0 /Od /RTC1 /showIncludes /FoCMakeFiles\\cmTC_436b3.dir\\CheckIncludeFile.c.obj /FdCMakeFiles\\cmTC_436b3.dir\\ /FS -c C:\\Users\\meloy\\source\\repos\\TestPureCodeEquation\\TestPureCodeEquation\\vcpkg_installed\\vcpkg\\blds\\fftw3\\x64-windows-dbg\\CMakeFiles\\CMakeScratch\\TryCompile-xldj3q\\CheckIncludeFile.c
        C:\\Users\\meloy\\source\\repos\\TestPureCodeEquation\\TestPureCodeEquation\\vcpkg_installed\\vcpkg\\blds\\fftw3\\x64-windows-dbg\\CMakeFiles\\CMakeScratch\\TryCompile-xldj3q\\CheckIncludeFile.c(1): fatal error C1083: Cannot open include file: 'uintptr.h': No such file or directory
        ninja: build stopped: subcommand failed.
        
      exitCode: 1
  -
    kind: "try_compile-v1"
    backtrace:
      - "C:/Program Files/CMake/share/cmake-3.27/Modules/CheckIncludeFile.cmake:90 (try_compile)"
      - "CMakeLists.txt:57 (check_include_file)"
    checks:
      - "Looking for unistd.h"
    directories:
      source: "C:/Users/meloy/source/repos/TestPureCodeEquation/TestPureCodeEquation/vcpkg_installed/vcpkg/blds/fftw3/x64-windows-dbg/CMakeFiles/CMakeScratch/TryCompile-wbxjs8"
      binary: "C:/Users/meloy/source/repos/TestPureCodeEquation/TestPureCodeEquation/vcpkg_installed/vcpkg/blds/fftw3/x64-windows-dbg/CMakeFiles/CMakeScratch/TryCompile-wbxjs8"
    cmakeVariables:
      CMAKE_C_FLAGS: " /nologo /DWIN32 /D_WINDOWS /W3 /utf-8 /MP "
      CMAKE_MSVC_DEBUG_INFORMATION_FORMAT: ""
      CMAKE_MSVC_RUNTIME_LIBRARY: "MultiThreaded$<$<CONFIG:Debug>:Debug>$<$<STREQUAL:dynamic,dynamic>:DLL>"
      VCPKG_APPLOCAL_DEPS: "OFF"
      VCPKG_CHAINLOAD_TOOLCHAIN_FILE: "C:/Program Files/Microsoft Visual Studio/2022/Community/VC/vcpkg/scripts/toolchains/windows.cmake"
      VCPKG_TARGET_ARCHITECTURE: "x64"
      VCPKG_TARGET_TRIPLET: "x64-windows"
      Z_VCPKG_ROOT_DIR: "C:/Program Files/Microsoft Visual Studio/2022/Community/VC/vcpkg"
    buildResult:
      variable: "HAVE_UNISTD_H"
      cached: true
      stdout: |
        Change Dir: 'C:/Users/meloy/source/repos/TestPureCodeEquation/TestPureCodeEquation/vcpkg_installed/vcpkg/blds/fftw3/x64-windows-dbg/CMakeFiles/CMakeScratch/TryCompile-wbxjs8'
        
        Run Build Command(s): "C:/Program Files/Microsoft Visual Studio/2022/Community/Common7/IDE/CommonExtensions/Microsoft/CMake/Ninja/ninja.exe" -v cmTC_e5b94
        [1/2] C:\\PROGRA~1\\MICROS~3\\2022\\Community\\VC\\Tools\\MSVC\\14.40.33807\\bin\\Hostx64\\x64\\cl.exe  /nologo   /nologo /DWIN32 /D_WINDOWS /W3 /utf-8 /MP   /MDd /Zi /Ob0 /Od /RTC1 /showIncludes /FoCMakeFiles\\cmTC_e5b94.dir\\CheckIncludeFile.c.obj /FdCMakeFiles\\cmTC_e5b94.dir\\ /FS -c C:\\Users\\meloy\\source\\repos\\TestPureCodeEquation\\TestPureCodeEquation\\vcpkg_installed\\vcpkg\\blds\\fftw3\\x64-windows-dbg\\CMakeFiles\\CMakeScratch\\TryCompile-wbxjs8\\CheckIncludeFile.c
        FAILED: CMakeFiles/cmTC_e5b94.dir/CheckIncludeFile.c.obj 
        C:\\PROGRA~1\\MICROS~3\\2022\\Community\\VC\\Tools\\MSVC\\14.40.33807\\bin\\Hostx64\\x64\\cl.exe  /nologo   /nologo /DWIN32 /D_WINDOWS /W3 /utf-8 /MP   /MDd /Zi /Ob0 /Od /RTC1 /showIncludes /FoCMakeFiles\\cmTC_e5b94.dir\\CheckIncludeFile.c.obj /FdCMakeFiles\\cmTC_e5b94.dir\\ /FS -c C:\\Users\\meloy\\source\\repos\\TestPureCodeEquation\\TestPureCodeEquation\\vcpkg_installed\\vcpkg\\blds\\fftw3\\x64-windows-dbg\\CMakeFiles\\CMakeScratch\\TryCompile-wbxjs8\\CheckIncludeFile.c
        C:\\Users\\meloy\\source\\repos\\TestPureCodeEquation\\TestPureCodeEquation\\vcpkg_installed\\vcpkg\\blds\\fftw3\\x64-windows-dbg\\CMakeFiles\\CMakeScratch\\TryCompile-wbxjs8\\CheckIncludeFile.c(1): fatal error C1083: Cannot open include file: 'unistd.h': No such file or directory
        ninja: build stopped: subcommand failed.
        
      exitCode: 1
  -
    kind: "try_compile-v1"
    backtrace:
      - "C:/Program Files/CMake/share/cmake-3.27/Modules/CheckPrototypeDefinition.cmake:98 (try_compile)"
      - "CMakeLists.txt:63 (check_prototype_definition)"
    checks:
      - "Checking prototype drand48 for HAVE_DECL_DRAND48"
    directories:
      source: "C:/Users/meloy/source/repos/TestPureCodeEquation/TestPureCodeEquation/vcpkg_installed/vcpkg/blds/fftw3/x64-windows-dbg/CMakeFiles/CMakeScratch/TryCompile-voui9q"
      binary: "C:/Users/meloy/source/repos/TestPureCodeEquation/TestPureCodeEquation/vcpkg_installed/vcpkg/blds/fftw3/x64-windows-dbg/CMakeFiles/CMakeScratch/TryCompile-voui9q"
    cmakeVariables:
      CMAKE_C_FLAGS: " /nologo /DWIN32 /D_WINDOWS /W3 /utf-8 /MP "
      CMAKE_MSVC_DEBUG_INFORMATION_FORMAT: ""
      CMAKE_MSVC_RUNTIME_LIBRARY: "MultiThreaded$<$<CONFIG:Debug>:Debug>$<$<STREQUAL:dynamic,dynamic>:DLL>"
      VCPKG_APPLOCAL_DEPS: "OFF"
      VCPKG_CHAINLOAD_TOOLCHAIN_FILE: "C:/Program Files/Microsoft Visual Studio/2022/Community/VC/vcpkg/scripts/toolchains/windows.cmake"
      VCPKG_TARGET_ARCHITECTURE: "x64"
      VCPKG_TARGET_TRIPLET: "x64-windows"
      Z_VCPKG_ROOT_DIR: "C:/Program Files/Microsoft Visual Studio/2022/Community/VC/vcpkg"
    buildResult:
      variable: "HAVE_DECL_DRAND48"
      cached: true
      stdout: |
        Change Dir: 'C:/Users/meloy/source/repos/TestPureCodeEquation/TestPureCodeEquation/vcpkg_installed/vcpkg/blds/fftw3/x64-windows-dbg/CMakeFiles/CMakeScratch/TryCompile-voui9q'
        
        Run Build Command(s): "C:/Program Files/Microsoft Visual Studio/2022/Community/Common7/IDE/CommonExtensions/Microsoft/CMake/Ninja/ninja.exe" -v cmTC_3fdf4
        [1/2] C:\\PROGRA~1\\MICROS~3\\2022\\Community\\VC\\Tools\\MSVC\\14.40.33807\\bin\\Hostx64\\x64\\cl.exe  /nologo   /nologo /DWIN32 /D_WINDOWS /W3 /utf-8 /MP   /MDd /Zi /Ob0 /Od /RTC1 /showIncludes /FoCMakeFiles\\cmTC_3fdf4.dir\\CheckPrototypeDefinition.c.obj /FdCMakeFiles\\cmTC_3fdf4.dir\\ /FS -c C:\\Users\\meloy\\source\\repos\\TestPureCodeEquation\\TestPureCodeEquation\\vcpkg_installed\\vcpkg\\blds\\fftw3\\x64-windows-dbg\\CMakeFiles\\CMakeScratch\\TryCompile-voui9q\\CheckPrototypeDefinition.c
        FAILED: CMakeFiles/cmTC_3fdf4.dir/CheckPrototypeDefinition.c.obj 
        C:\\PROGRA~1\\MICROS~3\\2022\\Community\\VC\\Tools\\MSVC\\14.40.33807\\bin\\Hostx64\\x64\\cl.exe  /nologo   /nologo /DWIN32 /D_WINDOWS /W3 /utf-8 /MP   /MDd /Zi /Ob0 /Od /RTC1 /showIncludes /FoCMakeFiles\\cmTC_3fdf4.dir\\CheckPrototypeDefinition.c.obj /FdCMakeFiles\\cmTC_3fdf4.dir\\ /FS -c C:\\Users\\meloy\\source\\repos\\TestPureCodeEquation\\TestPureCodeEquation\\vcpkg_installed\\vcpkg\\blds\\fftw3\\x64-windows-dbg\\CMakeFiles\\CMakeScratch\\TryCompile-voui9q\\CheckPrototypeDefinition.c
        C:\\Users\\meloy\\source\\repos\\TestPureCodeEquation\\TestPureCodeEquation\\vcpkg_installed\\vcpkg\\blds\\fftw3\\x64-windows-dbg\\CMakeFiles\\CMakeScratch\\TryCompile-voui9q\\CheckPrototypeDefinition.c(10): error C2065: 'drand48': undeclared identifier
        ninja: build stopped: subcommand failed.
        
      exitCode: 1
  -
    kind: "try_compile-v1"
    backtrace:
      - "C:/Program Files/CMake/share/cmake-3.27/Modules/CheckPrototypeDefinition.cmake:98 (try_compile)"
      - "CMakeLists.txt:64 (check_prototype_definition)"
    checks:
      - "Checking prototype srand48 for HAVE_DECL_SRAND48"
    directories:
      source: "C:/Users/meloy/source/repos/TestPureCodeEquation/TestPureCodeEquation/vcpkg_installed/vcpkg/blds/fftw3/x64-windows-dbg/CMakeFiles/CMakeScratch/TryCompile-3xipjl"
      binary: "C:/Users/meloy/source/repos/TestPureCodeEquation/TestPureCodeEquation/vcpkg_installed/vcpkg/blds/fftw3/x64-windows-dbg/CMakeFiles/CMakeScratch/TryCompile-3xipjl"
    cmakeVariables:
      CMAKE_C_FLAGS: " /nologo /DWIN32 /D_WINDOWS /W3 /utf-8 /MP "
      CMAKE_MSVC_DEBUG_INFORMATION_FORMAT: ""
      CMAKE_MSVC_RUNTIME_LIBRARY: "MultiThreaded$<$<CONFIG:Debug>:Debug>$<$<STREQUAL:dynamic,dynamic>:DLL>"
      VCPKG_APPLOCAL_DEPS: "OFF"
      VCPKG_CHAINLOAD_TOOLCHAIN_FILE: "C:/Program Files/Microsoft Visual Studio/2022/Community/VC/vcpkg/scripts/toolchains/windows.cmake"
      VCPKG_TARGET_ARCHITECTURE: "x64"
      VCPKG_TARGET_TRIPLET: "x64-windows"
      Z_VCPKG_ROOT_DIR: "C:/Program Files/Microsoft Visual Studio/2022/Community/VC/vcpkg"
    buildResult:
      variable: "HAVE_DECL_SRAND48"
      cached: true
      stdout: |
        Change Dir: 'C:/Users/meloy/source/repos/TestPureCodeEquation/TestPureCodeEquation/vcpkg_installed/vcpkg/blds/fftw3/x64-windows-dbg/CMakeFiles/CMakeScratch/TryCompile-3xipjl'
        
        Run Build Command(s): "C:/Program Files/Microsoft Visual Studio/2022/Community/Common7/IDE/CommonExtensions/Microsoft/CMake/Ninja/ninja.exe" -v cmTC_5b9da
        [1/2] C:\\PROGRA~1\\MICROS~3\\2022\\Community\\VC\\Tools\\MSVC\\14.40.33807\\bin\\Hostx64\\x64\\cl.exe  /nologo   /nologo /DWIN32 /D_WINDOWS /W3 /utf-8 /MP   /MDd /Zi /Ob0 /Od /RTC1 /showIncludes /FoCMakeFiles\\cmTC_5b9da.dir\\CheckPrototypeDefinition.c.obj /FdCMakeFiles\\cmTC_5b9da.dir\\ /FS -c C:\\Users\\meloy\\source\\repos\\TestPureCodeEquation\\TestPureCodeEquation\\vcpkg_installed\\vcpkg\\blds\\fftw3\\x64-windows-dbg\\CMakeFiles\\CMakeScratch\\TryCompile-3xipjl\\CheckPrototypeDefinition.c
        FAILED: CMakeFiles/cmTC_5b9da.dir/CheckPrototypeDefinition.c.obj 
        C:\\PROGRA~1\\MICROS~3\\2022\\Community\\VC\\Tools\\MSVC\\14.40.33807\\bin\\Hostx64\\x64\\cl.exe  /nologo   /nologo /DWIN32 /D_WINDOWS /W3 /utf-8 /MP   /MDd /Zi /Ob0 /Od /RTC1 /showIncludes /FoCMakeFiles\\cmTC_5b9da.dir\\CheckPrototypeDefinition.c.obj /FdCMakeFiles\\cmTC_5b9da.dir\\ /FS -c C:\\Users\\meloy\\source\\repos\\TestPureCodeEquation\\TestPureCodeEquation\\vcpkg_installed\\vcpkg\\blds\\fftw3\\x64-windows-dbg\\CMakeFiles\\CMakeScratch\\TryCompile-3xipjl\\CheckPrototypeDefinition.c
        C:\\Users\\meloy\\source\\repos\\TestPureCodeEquation\\TestPureCodeEquation\\vcpkg_installed\\vcpkg\\blds\\fftw3\\x64-windows-dbg\\CMakeFiles\\CMakeScratch\\TryCompile-3xipjl\\CheckPrototypeDefinition.c(10): error C2065: 'srand48': undeclared identifier
        C:\\Users\\meloy\\source\\repos\\TestPureCodeEquation\\TestPureCodeEquation\\vcpkg_installed\\vcpkg\\blds\\fftw3\\x64-windows-dbg\\CMakeFiles\\CMakeScratch\\TryCompile-3xipjl\\CheckPrototypeDefinition.c(15): warning C4098: 'srand48': 'void' function returning a value
        ninja: build stopped: subcommand failed.
        
      exitCode: 1
  -
    kind: "try_compile-v1"
    backtrace:
      - "C:/Program Files/CMake/share/cmake-3.27/Modules/CheckPrototypeDefinition.cmake:98 (try_compile)"
      - "CMakeLists.txt:65 (check_prototype_definition)"
    checks:
      - "Checking prototype cosl for HAVE_DECL_COSL"
    directories:
      source: "C:/Users/meloy/source/repos/TestPureCodeEquation/TestPureCodeEquation/vcpkg_installed/vcpkg/blds/fftw3/x64-windows-dbg/CMakeFiles/CMakeScratch/TryCompile-vj410u"
      binary: "C:/Users/meloy/source/repos/TestPureCodeEquation/TestPureCodeEquation/vcpkg_installed/vcpkg/blds/fftw3/x64-windows-dbg/CMakeFiles/CMakeScratch/TryCompile-vj410u"
    cmakeVariables:
      CMAKE_C_FLAGS: " /nologo /DWIN32 /D_WINDOWS /W3 /utf-8 /MP "
      CMAKE_MSVC_DEBUG_INFORMATION_FORMAT: ""
      CMAKE_MSVC_RUNTIME_LIBRARY: "MultiThreaded$<$<CONFIG:Debug>:Debug>$<$<STREQUAL:dynamic,dynamic>:DLL>"
      VCPKG_APPLOCAL_DEPS: "OFF"
      VCPKG_CHAINLOAD_TOOLCHAIN_FILE: "C:/Program Files/Microsoft Visual Studio/2022/Community/VC/vcpkg/scripts/toolchains/windows.cmake"
      VCPKG_TARGET_ARCHITECTURE: "x64"
      VCPKG_TARGET_TRIPLET: "x64-windows"
      Z_VCPKG_ROOT_DIR: "C:/Program Files/Microsoft Visual Studio/2022/Community/VC/vcpkg"
    buildResult:
      variable: "HAVE_DECL_COSL"
      cached: true
      stdout: |
        Change Dir: 'C:/Users/meloy/source/repos/TestPureCodeEquation/TestPureCodeEquation/vcpkg_installed/vcpkg/blds/fftw3/x64-windows-dbg/CMakeFiles/CMakeScratch/TryCompile-vj410u'
        
        Run Build Command(s): "C:/Program Files/Microsoft Visual Studio/2022/Community/Common7/IDE/CommonExtensions/Microsoft/CMake/Ninja/ninja.exe" -v cmTC_95d24
        [1/2] C:\\PROGRA~1\\MICROS~3\\2022\\Community\\VC\\Tools\\MSVC\\14.40.33807\\bin\\Hostx64\\x64\\cl.exe  /nologo   /nologo /DWIN32 /D_WINDOWS /W3 /utf-8 /MP   /MDd /Zi /Ob0 /Od /RTC1 /showIncludes /FoCMakeFiles\\cmTC_95d24.dir\\CheckPrototypeDefinition.c.obj /FdCMakeFiles\\cmTC_95d24.dir\\ /FS -c C:\\Users\\meloy\\source\\repos\\TestPureCodeEquation\\TestPureCodeEquation\\vcpkg_installed\\vcpkg\\blds\\fftw3\\x64-windows-dbg\\CMakeFiles\\CMakeScratch\\TryCompile-vj410u\\CheckPrototypeDefinition.c
        FAILED: CMakeFiles/cmTC_95d24.dir/CheckPrototypeDefinition.c.obj 
        C:\\PROGRA~1\\MICROS~3\\2022\\Community\\VC\\Tools\\MSVC\\14.40.33807\\bin\\Hostx64\\x64\\cl.exe  /nologo   /nologo /DWIN32 /D_WINDOWS /W3 /utf-8 /MP   /MDd /Zi /Ob0 /Od /RTC1 /showIncludes /FoCMakeFiles\\cmTC_95d24.dir\\CheckPrototypeDefinition.c.obj /FdCMakeFiles\\cmTC_95d24.dir\\ /FS -c C:\\Users\\meloy\\source\\repos\\TestPureCodeEquation\\TestPureCodeEquation\\vcpkg_installed\\vcpkg\\blds\\fftw3\\x64-windows-dbg\\CMakeFiles\\CMakeScratch\\TryCompile-vj410u\\CheckPrototypeDefinition.c
        C:\\Users\\meloy\\source\\repos\\TestPureCodeEquation\\TestPureCodeEquation\\vcpkg_installed\\vcpkg\\blds\\fftw3\\x64-windows-dbg\\CMakeFiles\\CMakeScratch\\TryCompile-vj410u\\CheckPrototypeDefinition.c(14): error C2084: function 'long double cosl(long double)' already has a body
        C:\\Program Files (x86)\\Windows Kits\\10\\include\\10.0.22621.0\\ucrt\\corecrt_math.h(833): note: see previous definition of 'cosl'
        ninja: build stopped: subcommand failed.
        
      exitCode: 1
  -
    kind: "try_compile-v1"
    backtrace:
      - "C:/Program Files/CMake/share/cmake-3.27/Modules/CheckPrototypeDefinition.cmake:98 (try_compile)"
      - "CMakeLists.txt:66 (check_prototype_definition)"
    checks:
      - "Checking prototype sinl for HAVE_DECL_SINL"
    directories:
      source: "C:/Users/meloy/source/repos/TestPureCodeEquation/TestPureCodeEquation/vcpkg_installed/vcpkg/blds/fftw3/x64-windows-dbg/CMakeFiles/CMakeScratch/TryCompile-yx9019"
      binary: "C:/Users/meloy/source/repos/TestPureCodeEquation/TestPureCodeEquation/vcpkg_installed/vcpkg/blds/fftw3/x64-windows-dbg/CMakeFiles/CMakeScratch/TryCompile-yx9019"
    cmakeVariables:
      CMAKE_C_FLAGS: " /nologo /DWIN32 /D_WINDOWS /W3 /utf-8 /MP "
      CMAKE_MSVC_DEBUG_INFORMATION_FORMAT: ""
      CMAKE_MSVC_RUNTIME_LIBRARY: "MultiThreaded$<$<CONFIG:Debug>:Debug>$<$<STREQUAL:dynamic,dynamic>:DLL>"
      VCPKG_APPLOCAL_DEPS: "OFF"
      VCPKG_CHAINLOAD_TOOLCHAIN_FILE: "C:/Program Files/Microsoft Visual Studio/2022/Community/VC/vcpkg/scripts/toolchains/windows.cmake"
      VCPKG_TARGET_ARCHITECTURE: "x64"
      VCPKG_TARGET_TRIPLET: "x64-windows"
      Z_VCPKG_ROOT_DIR: "C:/Program Files/Microsoft Visual Studio/2022/Community/VC/vcpkg"
    buildResult:
      variable: "HAVE_DECL_SINL"
      cached: true
      stdout: |
        Change Dir: 'C:/Users/meloy/source/repos/TestPureCodeEquation/TestPureCodeEquation/vcpkg_installed/vcpkg/blds/fftw3/x64-windows-dbg/CMakeFiles/CMakeScratch/TryCompile-yx9019'
        
        Run Build Command(s): "C:/Program Files/Microsoft Visual Studio/2022/Community/Common7/IDE/CommonExtensions/Microsoft/CMake/Ninja/ninja.exe" -v cmTC_542ae
        [1/2] C:\\PROGRA~1\\MICROS~3\\2022\\Community\\VC\\Tools\\MSVC\\14.40.33807\\bin\\Hostx64\\x64\\cl.exe  /nologo   /nologo /DWIN32 /D_WINDOWS /W3 /utf-8 /MP   /MDd /Zi /Ob0 /Od /RTC1 /showIncludes /FoCMakeFiles\\cmTC_542ae.dir\\CheckPrototypeDefinition.c.obj /FdCMakeFiles\\cmTC_542ae.dir\\ /FS -c C:\\Users\\meloy\\source\\repos\\TestPureCodeEquation\\TestPureCodeEquation\\vcpkg_installed\\vcpkg\\blds\\fftw3\\x64-windows-dbg\\CMakeFiles\\CMakeScratch\\TryCompile-yx9019\\CheckPrototypeDefinition.c
        FAILED: CMakeFiles/cmTC_542ae.dir/CheckPrototypeDefinition.c.obj 
        C:\\PROGRA~1\\MICROS~3\\2022\\Community\\VC\\Tools\\MSVC\\14.40.33807\\bin\\Hostx64\\x64\\cl.exe  /nologo   /nologo /DWIN32 /D_WINDOWS /W3 /utf-8 /MP   /MDd /Zi /Ob0 /Od /RTC1 /showIncludes /FoCMakeFiles\\cmTC_542ae.dir\\CheckPrototypeDefinition.c.obj /FdCMakeFiles\\cmTC_542ae.dir\\ /FS -c C:\\Users\\meloy\\source\\repos\\TestPureCodeEquation\\TestPureCodeEquation\\vcpkg_installed\\vcpkg\\blds\\fftw3\\x64-windows-dbg\\CMakeFiles\\CMakeScratch\\TryCompile-yx9019\\CheckPrototypeDefinition.c
        C:\\Users\\meloy\\source\\repos\\TestPureCodeEquation\\TestPureCodeEquation\\vcpkg_installed\\vcpkg\\blds\\fftw3\\x64-windows-dbg\\CMakeFiles\\CMakeScratch\\TryCompile-yx9019\\CheckPrototypeDefinition.c(14): error C2084: function 'long double sinl(long double)' already has a body
        C:\\Program Files (x86)\\Windows Kits\\10\\include\\10.0.22621.0\\ucrt\\corecrt_math.h(942): note: see previous definition of 'sinl'
        ninja: build stopped: subcommand failed.
        
      exitCode: 1
  -
    kind: "try_compile-v1"
    backtrace:
      - "C:/Program Files/CMake/share/cmake-3.27/Modules/CheckPrototypeDefinition.cmake:98 (try_compile)"
      - "CMakeLists.txt:67 (check_prototype_definition)"
    checks:
      - "Checking prototype memalign for HAVE_DECL_MEMALIGN"
    directories:
      source: "C:/Users/meloy/source/repos/TestPureCodeEquation/TestPureCodeEquation/vcpkg_installed/vcpkg/blds/fftw3/x64-windows-dbg/CMakeFiles/CMakeScratch/TryCompile-hw09zs"
      binary: "C:/Users/meloy/source/repos/TestPureCodeEquation/TestPureCodeEquation/vcpkg_installed/vcpkg/blds/fftw3/x64-windows-dbg/CMakeFiles/CMakeScratch/TryCompile-hw09zs"
    cmakeVariables:
      CMAKE_C_FLAGS: " /nologo /DWIN32 /D_WINDOWS /W3 /utf-8 /MP "
      CMAKE_MSVC_DEBUG_INFORMATION_FORMAT: ""
      CMAKE_MSVC_RUNTIME_LIBRARY: "MultiThreaded$<$<CONFIG:Debug>:Debug>$<$<STREQUAL:dynamic,dynamic>:DLL>"
      VCPKG_APPLOCAL_DEPS: "OFF"
      VCPKG_CHAINLOAD_TOOLCHAIN_FILE: "C:/Program Files/Microsoft Visual Studio/2022/Community/VC/vcpkg/scripts/toolchains/windows.cmake"
      VCPKG_TARGET_ARCHITECTURE: "x64"
      VCPKG_TARGET_TRIPLET: "x64-windows"
      Z_VCPKG_ROOT_DIR: "C:/Program Files/Microsoft Visual Studio/2022/Community/VC/vcpkg"
    buildResult:
      variable: "HAVE_DECL_MEMALIGN"
      cached: true
      stdout: |
        Change Dir: 'C:/Users/meloy/source/repos/TestPureCodeEquation/TestPureCodeEquation/vcpkg_installed/vcpkg/blds/fftw3/x64-windows-dbg/CMakeFiles/CMakeScratch/TryCompile-hw09zs'
        
        Run Build Command(s): "C:/Program Files/Microsoft Visual Studio/2022/Community/Common7/IDE/CommonExtensions/Microsoft/CMake/Ninja/ninja.exe" -v cmTC_548a6
        [1/2] C:\\PROGRA~1\\MICROS~3\\2022\\Community\\VC\\Tools\\MSVC\\14.40.33807\\bin\\Hostx64\\x64\\cl.exe  /nologo   /nologo /DWIN32 /D_WINDOWS /W3 /utf-8 /MP   /MDd /Zi /Ob0 /Od /RTC1 /showIncludes /FoCMakeFiles\\cmTC_548a6.dir\\CheckPrototypeDefinition.c.obj /FdCMakeFiles\\cmTC_548a6.dir\\ /FS -c C:\\Users\\meloy\\source\\repos\\TestPureCodeEquation\\TestPureCodeEquation\\vcpkg_installed\\vcpkg\\blds\\fftw3\\x64-windows-dbg\\CMakeFiles\\CMakeScratch\\TryCompile-hw09zs\\CheckPrototypeDefinition.c
        FAILED: CMakeFiles/cmTC_548a6.dir/CheckPrototypeDefinition.c.obj 
        C:\\PROGRA~1\\MICROS~3\\2022\\Community\\VC\\Tools\\MSVC\\14.40.33807\\bin\\Hostx64\\x64\\cl.exe  /nologo   /nologo /DWIN32 /D_WINDOWS /W3 /utf-8 /MP   /MDd /Zi /Ob0 /Od /RTC1 /showIncludes /FoCMakeFiles\\cmTC_548a6.dir\\CheckPrototypeDefinition.c.obj /FdCMakeFiles\\cmTC_548a6.dir\\ /FS -c C:\\Users\\meloy\\source\\repos\\TestPureCodeEquation\\TestPureCodeEquation\\vcpkg_installed\\vcpkg\\blds\\fftw3\\x64-windows-dbg\\CMakeFiles\\CMakeScratch\\TryCompile-hw09zs\\CheckPrototypeDefinition.c
        C:\\Users\\meloy\\source\\repos\\TestPureCodeEquation\\TestPureCodeEquation\\vcpkg_installed\\vcpkg\\blds\\fftw3\\x64-windows-dbg\\CMakeFiles\\CMakeScratch\\TryCompile-hw09zs\\CheckPrototypeDefinition.c(10): error C2065: 'memalign': undeclared identifier
        ninja: build stopped: subcommand failed.
        
      exitCode: 1
  -
    kind: "try_compile-v1"
    backtrace:
      - "C:/Program Files/CMake/share/cmake-3.27/Modules/CheckPrototypeDefinition.cmake:98 (try_compile)"
      - "CMakeLists.txt:68 (check_prototype_definition)"
    checks:
      - "Checking prototype posix_memalign for HAVE_DECL_POSIX_MEMALIGN"
    directories:
      source: "C:/Users/meloy/source/repos/TestPureCodeEquation/TestPureCodeEquation/vcpkg_installed/vcpkg/blds/fftw3/x64-windows-dbg/CMakeFiles/CMakeScratch/TryCompile-u2zxf8"
      binary: "C:/Users/meloy/source/repos/TestPureCodeEquation/TestPureCodeEquation/vcpkg_installed/vcpkg/blds/fftw3/x64-windows-dbg/CMakeFiles/CMakeScratch/TryCompile-u2zxf8"
    cmakeVariables:
      CMAKE_C_FLAGS: " /nologo /DWIN32 /D_WINDOWS /W3 /utf-8 /MP "
      CMAKE_MSVC_DEBUG_INFORMATION_FORMAT: ""
      CMAKE_MSVC_RUNTIME_LIBRARY: "MultiThreaded$<$<CONFIG:Debug>:Debug>$<$<STREQUAL:dynamic,dynamic>:DLL>"
      VCPKG_APPLOCAL_DEPS: "OFF"
      VCPKG_CHAINLOAD_TOOLCHAIN_FILE: "C:/Program Files/Microsoft Visual Studio/2022/Community/VC/vcpkg/scripts/toolchains/windows.cmake"
      VCPKG_TARGET_ARCHITECTURE: "x64"
      VCPKG_TARGET_TRIPLET: "x64-windows"
      Z_VCPKG_ROOT_DIR: "C:/Program Files/Microsoft Visual Studio/2022/Community/VC/vcpkg"
    buildResult:
      variable: "HAVE_DECL_POSIX_MEMALIGN"
      cached: true
      stdout: |
        Change Dir: 'C:/Users/meloy/source/repos/TestPureCodeEquation/TestPureCodeEquation/vcpkg_installed/vcpkg/blds/fftw3/x64-windows-dbg/CMakeFiles/CMakeScratch/TryCompile-u2zxf8'
        
        Run Build Command(s): "C:/Program Files/Microsoft Visual Studio/2022/Community/Common7/IDE/CommonExtensions/Microsoft/CMake/Ninja/ninja.exe" -v cmTC_7462d
        [1/2] C:\\PROGRA~1\\MICROS~3\\2022\\Community\\VC\\Tools\\MSVC\\14.40.33807\\bin\\Hostx64\\x64\\cl.exe  /nologo   /nologo /DWIN32 /D_WINDOWS /W3 /utf-8 /MP   /MDd /Zi /Ob0 /Od /RTC1 /showIncludes /FoCMakeFiles\\cmTC_7462d.dir\\CheckPrototypeDefinition.c.obj /FdCMakeFiles\\cmTC_7462d.dir\\ /FS -c C:\\Users\\meloy\\source\\repos\\TestPureCodeEquation\\TestPureCodeEquation\\vcpkg_installed\\vcpkg\\blds\\fftw3\\x64-windows-dbg\\CMakeFiles\\CMakeScratch\\TryCompile-u2zxf8\\CheckPrototypeDefinition.c
        FAILED: CMakeFiles/cmTC_7462d.dir/CheckPrototypeDefinition.c.obj 
        C:\\PROGRA~1\\MICROS~3\\2022\\Community\\VC\\Tools\\MSVC\\14.40.33807\\bin\\Hostx64\\x64\\cl.exe  /nologo   /nologo /DWIN32 /D_WINDOWS /W3 /utf-8 /MP   /MDd /Zi /Ob0 /Od /RTC1 /showIncludes /FoCMakeFiles\\cmTC_7462d.dir\\CheckPrototypeDefinition.c.obj /FdCMakeFiles\\cmTC_7462d.dir\\ /FS -c C:\\Users\\meloy\\source\\repos\\TestPureCodeEquation\\TestPureCodeEquation\\vcpkg_installed\\vcpkg\\blds\\fftw3\\x64-windows-dbg\\CMakeFiles\\CMakeScratch\\TryCompile-u2zxf8\\CheckPrototypeDefinition.c
        C:\\Users\\meloy\\source\\repos\\TestPureCodeEquation\\TestPureCodeEquation\\vcpkg_installed\\vcpkg\\blds\\fftw3\\x64-windows-dbg\\CMakeFiles\\CMakeScratch\\TryCompile-u2zxf8\\CheckPrototypeDefinition.c(10): error C2065: 'posix_memalign': undeclared identifier
        ninja: build stopped: subcommand failed.
        
      exitCode: 1
  -
    kind: "try_compile-v1"
    backtrace:
      - "C:/Program Files/CMake/share/cmake-3.27/Modules/CheckPrototypeDefinition.cmake:98 (try_compile)"
      - "CMakeLists.txt:69 (check_prototype_definition)"
    checks:
      - "Checking prototype _aligned_malloc for HAVE_DECL_ALIGNED_MALLOC"
    directories:
      source: "C:/Users/meloy/source/repos/TestPureCodeEquation/TestPureCodeEquation/vcpkg_installed/vcpkg/blds/fftw3/x64-windows-dbg/CMakeFiles/CMakeScratch/TryCompile-d6lh94"
      binary: "C:/Users/meloy/source/repos/TestPureCodeEquation/TestPureCodeEquation/vcpkg_installed/vcpkg/blds/fftw3/x64-windows-dbg/CMakeFiles/CMakeScratch/TryCompile-d6lh94"
    cmakeVariables:
      CMAKE_C_FLAGS: " /nologo /DWIN32 /D_WINDOWS /W3 /utf-8 /MP "
      CMAKE_MSVC_DEBUG_INFORMATION_FORMAT: ""
      CMAKE_MSVC_RUNTIME_LIBRARY: "MultiThreaded$<$<CONFIG:Debug>:Debug>$<$<STREQUAL:dynamic,dynamic>:DLL>"
      VCPKG_APPLOCAL_DEPS: "OFF"
      VCPKG_CHAINLOAD_TOOLCHAIN_FILE: "C:/Program Files/Microsoft Visual Studio/2022/Community/VC/vcpkg/scripts/toolchains/windows.cmake"
      VCPKG_TARGET_ARCHITECTURE: "x64"
      VCPKG_TARGET_TRIPLET: "x64-windows"
      Z_VCPKG_ROOT_DIR: "C:/Program Files/Microsoft Visual Studio/2022/Community/VC/vcpkg"
    buildResult:
      variable: "HAVE_DECL_ALIGNED_MALLOC"
      cached: true
      stdout: |
        Change Dir: 'C:/Users/meloy/source/repos/TestPureCodeEquation/TestPureCodeEquation/vcpkg_installed/vcpkg/blds/fftw3/x64-windows-dbg/CMakeFiles/CMakeScratch/TryCompile-d6lh94'
        
        Run Build Command(s): "C:/Program Files/Microsoft Visual Studio/2022/Community/Common7/IDE/CommonExtensions/Microsoft/CMake/Ninja/ninja.exe" -v cmTC_9770f
        [1/2] C:\\PROGRA~1\\MICROS~3\\2022\\Community\\VC\\Tools\\MSVC\\14.40.33807\\bin\\Hostx64\\x64\\cl.exe  /nologo   /nologo /DWIN32 /D_WINDOWS /W3 /utf-8 /MP   /MDd /Zi /Ob0 /Od /RTC1 /showIncludes /FoCMakeFiles\\cmTC_9770f.dir\\CheckPrototypeDefinition.c.obj /FdCMakeFiles\\cmTC_9770f.dir\\ /FS -c C:\\Users\\meloy\\source\\repos\\TestPureCodeEquation\\TestPureCodeEquation\\vcpkg_installed\\vcpkg\\blds\\fftw3\\x64-windows-dbg\\CMakeFiles\\CMakeScratch\\TryCompile-d6lh94\\CheckPrototypeDefinition.c
        C:\\Users\\meloy\\source\\repos\\TestPureCodeEquation\\TestPureCodeEquation\\vcpkg_installed\\vcpkg\\blds\\fftw3\\x64-windows-dbg\\CMakeFiles\\CMakeScratch\\TryCompile-d6lh94\\CheckPrototypeDefinition.c(14): warning C4273: '_aligned_malloc': inconsistent dll linkage
        C:\\Program Files (x86)\\Windows Kits\\10\\include\\10.0.22621.0\\ucrt\\corecrt_malloc.h(154): note: see previous definition of '_aligned_malloc'
        [2/2] cmd.exe /C "cd . && "C:\\Program Files\\CMake\\bin\\cmake.exe" -E vs_link_exe --intdir=CMakeFiles\\cmTC_9770f.dir --rc=C:\\PROGRA~2\\WI3CF2~1\\10\\bin\\10.0.22621.0\\x64\\rc.exe --mt=C:\\PROGRA~2\\WI3CF2~1\\10\\bin\\10.0.22621.0\\x64\\mt.exe --manifests  -- C:\\PROGRA~1\\MICROS~3\\2022\\Community\\VC\\Tools\\MSVC\\14.40.33807\\bin\\Hostx64\\x64\\link.exe /nologo CMakeFiles\\cmTC_9770f.dir\\CheckPrototypeDefinition.c.obj  /out:cmTC_9770f.exe /implib:cmTC_9770f.lib /pdb:cmTC_9770f.pdb /version:0.0 /machine:x64  /debug /INCREMENTAL /subsystem:console  kernel32.lib user32.lib gdi32.lib winspool.lib shell32.lib ole32.lib oleaut32.lib uuid.lib comdlg32.lib advapi32.lib && cd ."
        
      exitCode: 0
  -
    kind: "try_compile-v1"
    backtrace:
      - "C:/Program Files/CMake/share/cmake-3.27/Modules/CheckSymbolExists.cmake:140 (try_compile)"
      - "C:/Program Files/CMake/share/cmake-3.27/Modules/CheckSymbolExists.cmake:66 (__CHECK_SYMBOL_EXISTS_IMPL)"
      - "CMakeLists.txt:72 (check_symbol_exists)"
    checks:
      - "Looking for clock_gettime"
    directories:
      source: "C:/Users/meloy/source/repos/TestPureCodeEquation/TestPureCodeEquation/vcpkg_installed/vcpkg/blds/fftw3/x64-windows-dbg/CMakeFiles/CMakeScratch/TryCompile-yppbho"
      binary: "C:/Users/meloy/source/repos/TestPureCodeEquation/TestPureCodeEquation/vcpkg_installed/vcpkg/blds/fftw3/x64-windows-dbg/CMakeFiles/CMakeScratch/TryCompile-yppbho"
    cmakeVariables:
      CMAKE_C_FLAGS: " /nologo /DWIN32 /D_WINDOWS /W3 /utf-8 /MP "
      CMAKE_MSVC_DEBUG_INFORMATION_FORMAT: ""
      CMAKE_MSVC_RUNTIME_LIBRARY: "MultiThreaded$<$<CONFIG:Debug>:Debug>$<$<STREQUAL:dynamic,dynamic>:DLL>"
      VCPKG_APPLOCAL_DEPS: "OFF"
      VCPKG_CHAINLOAD_TOOLCHAIN_FILE: "C:/Program Files/Microsoft Visual Studio/2022/Community/VC/vcpkg/scripts/toolchains/windows.cmake"
      VCPKG_TARGET_ARCHITECTURE: "x64"
      VCPKG_TARGET_TRIPLET: "x64-windows"
      Z_VCPKG_ROOT_DIR: "C:/Program Files/Microsoft Visual Studio/2022/Community/VC/vcpkg"
    buildResult:
      variable: "HAVE_CLOCK_GETTIME"
      cached: true
      stdout: |
        Change Dir: 'C:/Users/meloy/source/repos/TestPureCodeEquation/TestPureCodeEquation/vcpkg_installed/vcpkg/blds/fftw3/x64-windows-dbg/CMakeFiles/CMakeScratch/TryCompile-yppbho'
        
        Run Build Command(s): "C:/Program Files/Microsoft Visual Studio/2022/Community/Common7/IDE/CommonExtensions/Microsoft/CMake/Ninja/ninja.exe" -v cmTC_af24c
        [1/2] C:\\PROGRA~1\\MICROS~3\\2022\\Community\\VC\\Tools\\MSVC\\14.40.33807\\bin\\Hostx64\\x64\\cl.exe  /nologo   /nologo /DWIN32 /D_WINDOWS /W3 /utf-8 /MP   /MDd /Zi /Ob0 /Od /RTC1 /showIncludes /FoCMakeFiles\\cmTC_af24c.dir\\CheckSymbolExists.c.obj /FdCMakeFiles\\cmTC_af24c.dir\\ /FS -c C:\\Users\\meloy\\source\\repos\\TestPureCodeEquation\\TestPureCodeEquation\\vcpkg_installed\\vcpkg\\blds\\fftw3\\x64-windows-dbg\\CMakeFiles\\CMakeScratch\\TryCompile-yppbho\\CheckSymbolExists.c
        FAILED: CMakeFiles/cmTC_af24c.dir/CheckSymbolExists.c.obj 
        C:\\PROGRA~1\\MICROS~3\\2022\\Community\\VC\\Tools\\MSVC\\14.40.33807\\bin\\Hostx64\\x64\\cl.exe  /nologo   /nologo /DWIN32 /D_WINDOWS /W3 /utf-8 /MP   /MDd /Zi /Ob0 /Od /RTC1 /showIncludes /FoCMakeFiles\\cmTC_af24c.dir\\CheckSymbolExists.c.obj /FdCMakeFiles\\cmTC_af24c.dir\\ /FS -c C:\\Users\\meloy\\source\\repos\\TestPureCodeEquation\\TestPureCodeEquation\\vcpkg_installed\\vcpkg\\blds\\fftw3\\x64-windows-dbg\\CMakeFiles\\CMakeScratch\\TryCompile-yppbho\\CheckSymbolExists.c
        C:\\Users\\meloy\\source\\repos\\TestPureCodeEquation\\TestPureCodeEquation\\vcpkg_installed\\vcpkg\\blds\\fftw3\\x64-windows-dbg\\CMakeFiles\\CMakeScratch\\TryCompile-yppbho\\CheckSymbolExists.c(8): error C2065: 'clock_gettime': undeclared identifier
        ninja: build stopped: subcommand failed.
        
      exitCode: 1
  -
    kind: "try_compile-v1"
    backtrace:
      - "C:/Program Files/CMake/share/cmake-3.27/Modules/CheckSymbolExists.cmake:140 (try_compile)"
      - "C:/Program Files/CMake/share/cmake-3.27/Modules/CheckSymbolExists.cmake:66 (__CHECK_SYMBOL_EXISTS_IMPL)"
      - "CMakeLists.txt:73 (check_symbol_exists)"
    checks:
      - "Looking for gettimeofday"
    directories:
      source: "C:/Users/meloy/source/repos/TestPureCodeEquation/TestPureCodeEquation/vcpkg_installed/vcpkg/blds/fftw3/x64-windows-dbg/CMakeFiles/CMakeScratch/TryCompile-krail3"
      binary: "C:/Users/meloy/source/repos/TestPureCodeEquation/TestPureCodeEquation/vcpkg_installed/vcpkg/blds/fftw3/x64-windows-dbg/CMakeFiles/CMakeScratch/TryCompile-krail3"
    cmakeVariables:
      CMAKE_C_FLAGS: " /nologo /DWIN32 /D_WINDOWS /W3 /utf-8 /MP "
      CMAKE_MSVC_DEBUG_INFORMATION_FORMAT: ""
      CMAKE_MSVC_RUNTIME_LIBRARY: "MultiThreaded$<$<CONFIG:Debug>:Debug>$<$<STREQUAL:dynamic,dynamic>:DLL>"
      VCPKG_APPLOCAL_DEPS: "OFF"
      VCPKG_CHAINLOAD_TOOLCHAIN_FILE: "C:/Program Files/Microsoft Visual Studio/2022/Community/VC/vcpkg/scripts/toolchains/windows.cmake"
      VCPKG_TARGET_ARCHITECTURE: "x64"
      VCPKG_TARGET_TRIPLET: "x64-windows"
      Z_VCPKG_ROOT_DIR: "C:/Program Files/Microsoft Visual Studio/2022/Community/VC/vcpkg"
    buildResult:
      variable: "HAVE_GETTIMEOFDAY"
      cached: true
      stdout: |
        Change Dir: 'C:/Users/meloy/source/repos/TestPureCodeEquation/TestPureCodeEquation/vcpkg_installed/vcpkg/blds/fftw3/x64-windows-dbg/CMakeFiles/CMakeScratch/TryCompile-krail3'
        
        Run Build Command(s): "C:/Program Files/Microsoft Visual Studio/2022/Community/Common7/IDE/CommonExtensions/Microsoft/CMake/Ninja/ninja.exe" -v cmTC_f9218
        [1/2] C:\\PROGRA~1\\MICROS~3\\2022\\Community\\VC\\Tools\\MSVC\\14.40.33807\\bin\\Hostx64\\x64\\cl.exe  /nologo   /nologo /DWIN32 /D_WINDOWS /W3 /utf-8 /MP   /MDd /Zi /Ob0 /Od /RTC1 /showIncludes /FoCMakeFiles\\cmTC_f9218.dir\\CheckSymbolExists.c.obj /FdCMakeFiles\\cmTC_f9218.dir\\ /FS -c C:\\Users\\meloy\\source\\repos\\TestPureCodeEquation\\TestPureCodeEquation\\vcpkg_installed\\vcpkg\\blds\\fftw3\\x64-windows-dbg\\CMakeFiles\\CMakeScratch\\TryCompile-krail3\\CheckSymbolExists.c
        FAILED: CMakeFiles/cmTC_f9218.dir/CheckSymbolExists.c.obj 
        C:\\PROGRA~1\\MICROS~3\\2022\\Community\\VC\\Tools\\MSVC\\14.40.33807\\bin\\Hostx64\\x64\\cl.exe  /nologo   /nologo /DWIN32 /D_WINDOWS /W3 /utf-8 /MP   /MDd /Zi /Ob0 /Od /RTC1 /showIncludes /FoCMakeFiles\\cmTC_f9218.dir\\CheckSymbolExists.c.obj /FdCMakeFiles\\cmTC_f9218.dir\\ /FS -c C:\\Users\\meloy\\source\\repos\\TestPureCodeEquation\\TestPureCodeEquation\\vcpkg_installed\\vcpkg\\blds\\fftw3\\x64-windows-dbg\\CMakeFiles\\CMakeScratch\\TryCompile-krail3\\CheckSymbolExists.c
        C:\\Users\\meloy\\source\\repos\\TestPureCodeEquation\\TestPureCodeEquation\\vcpkg_installed\\vcpkg\\blds\\fftw3\\x64-windows-dbg\\CMakeFiles\\CMakeScratch\\TryCompile-krail3\\CheckSymbolExists.c(2): fatal error C1083: Cannot open include file: 'sys/time.h': No such file or directory
        ninja: build stopped: subcommand failed.
        
      exitCode: 1
  -
    kind: "try_compile-v1"
    backtrace:
      - "C:/Program Files/CMake/share/cmake-3.27/Modules/CheckSymbolExists.cmake:140 (try_compile)"
      - "C:/Program Files/CMake/share/cmake-3.27/Modules/CheckSymbolExists.cmake:66 (__CHECK_SYMBOL_EXISTS_IMPL)"
      - "CMakeLists.txt:74 (check_symbol_exists)"
    checks:
      - "Looking for getpagesize"
    directories:
      source: "C:/Users/meloy/source/repos/TestPureCodeEquation/TestPureCodeEquation/vcpkg_installed/vcpkg/blds/fftw3/x64-windows-dbg/CMakeFiles/CMakeScratch/TryCompile-wrako0"
      binary: "C:/Users/meloy/source/repos/TestPureCodeEquation/TestPureCodeEquation/vcpkg_installed/vcpkg/blds/fftw3/x64-windows-dbg/CMakeFiles/CMakeScratch/TryCompile-wrako0"
    cmakeVariables:
      CMAKE_C_FLAGS: " /nologo /DWIN32 /D_WINDOWS /W3 /utf-8 /MP "
      CMAKE_MSVC_DEBUG_INFORMATION_FORMAT: ""
      CMAKE_MSVC_RUNTIME_LIBRARY: "MultiThreaded$<$<CONFIG:Debug>:Debug>$<$<STREQUAL:dynamic,dynamic>:DLL>"
      VCPKG_APPLOCAL_DEPS: "OFF"
      VCPKG_CHAINLOAD_TOOLCHAIN_FILE: "C:/Program Files/Microsoft Visual Studio/2022/Community/VC/vcpkg/scripts/toolchains/windows.cmake"
      VCPKG_TARGET_ARCHITECTURE: "x64"
      VCPKG_TARGET_TRIPLET: "x64-windows"
      Z_VCPKG_ROOT_DIR: "C:/Program Files/Microsoft Visual Studio/2022/Community/VC/vcpkg"
    buildResult:
      variable: "HAVE_GETPAGESIZE"
      cached: true
      stdout: |
        Change Dir: 'C:/Users/meloy/source/repos/TestPureCodeEquation/TestPureCodeEquation/vcpkg_installed/vcpkg/blds/fftw3/x64-windows-dbg/CMakeFiles/CMakeScratch/TryCompile-wrako0'
        
        Run Build Command(s): "C:/Program Files/Microsoft Visual Studio/2022/Community/Common7/IDE/CommonExtensions/Microsoft/CMake/Ninja/ninja.exe" -v cmTC_97cc4
        [1/2] C:\\PROGRA~1\\MICROS~3\\2022\\Community\\VC\\Tools\\MSVC\\14.40.33807\\bin\\Hostx64\\x64\\cl.exe  /nologo   /nologo /DWIN32 /D_WINDOWS /W3 /utf-8 /MP   /MDd /Zi /Ob0 /Od /RTC1 /showIncludes /FoCMakeFiles\\cmTC_97cc4.dir\\CheckSymbolExists.c.obj /FdCMakeFiles\\cmTC_97cc4.dir\\ /FS -c C:\\Users\\meloy\\source\\repos\\TestPureCodeEquation\\TestPureCodeEquation\\vcpkg_installed\\vcpkg\\blds\\fftw3\\x64-windows-dbg\\CMakeFiles\\CMakeScratch\\TryCompile-wrako0\\CheckSymbolExists.c
        FAILED: CMakeFiles/cmTC_97cc4.dir/CheckSymbolExists.c.obj 
        C:\\PROGRA~1\\MICROS~3\\2022\\Community\\VC\\Tools\\MSVC\\14.40.33807\\bin\\Hostx64\\x64\\cl.exe  /nologo   /nologo /DWIN32 /D_WINDOWS /W3 /utf-8 /MP   /MDd /Zi /Ob0 /Od /RTC1 /showIncludes /FoCMakeFiles\\cmTC_97cc4.dir\\CheckSymbolExists.c.obj /FdCMakeFiles\\cmTC_97cc4.dir\\ /FS -c C:\\Users\\meloy\\source\\repos\\TestPureCodeEquation\\TestPureCodeEquation\\vcpkg_installed\\vcpkg\\blds\\fftw3\\x64-windows-dbg\\CMakeFiles\\CMakeScratch\\TryCompile-wrako0\\CheckSymbolExists.c
        C:\\Users\\meloy\\source\\repos\\TestPureCodeEquation\\TestPureCodeEquation\\vcpkg_installed\\vcpkg\\blds\\fftw3\\x64-windows-dbg\\CMakeFiles\\CMakeScratch\\TryCompile-wrako0\\CheckSymbolExists.c(2): fatal error C1083: Cannot open include file: 'unistd.h': No such file or directory
        ninja: build stopped: subcommand failed.
        
      exitCode: 1
  -
    kind: "try_compile-v1"
    backtrace:
      - "C:/Program Files/CMake/share/cmake-3.27/Modules/CheckSymbolExists.cmake:140 (try_compile)"
      - "C:/Program Files/CMake/share/cmake-3.27/Modules/CheckSymbolExists.cmake:66 (__CHECK_SYMBOL_EXISTS_IMPL)"
      - "CMakeLists.txt:75 (check_symbol_exists)"
    checks:
      - "Looking for drand48"
    directories:
      source: "C:/Users/meloy/source/repos/TestPureCodeEquation/TestPureCodeEquation/vcpkg_installed/vcpkg/blds/fftw3/x64-windows-dbg/CMakeFiles/CMakeScratch/TryCompile-by0ysc"
      binary: "C:/Users/meloy/source/repos/TestPureCodeEquation/TestPureCodeEquation/vcpkg_installed/vcpkg/blds/fftw3/x64-windows-dbg/CMakeFiles/CMakeScratch/TryCompile-by0ysc"
    cmakeVariables:
      CMAKE_C_FLAGS: " /nologo /DWIN32 /D_WINDOWS /W3 /utf-8 /MP "
      CMAKE_MSVC_DEBUG_INFORMATION_FORMAT: ""
      CMAKE_MSVC_RUNTIME_LIBRARY: "MultiThreaded$<$<CONFIG:Debug>:Debug>$<$<STREQUAL:dynamic,dynamic>:DLL>"
      VCPKG_APPLOCAL_DEPS: "OFF"
      VCPKG_CHAINLOAD_TOOLCHAIN_FILE: "C:/Program Files/Microsoft Visual Studio/2022/Community/VC/vcpkg/scripts/toolchains/windows.cmake"
      VCPKG_TARGET_ARCHITECTURE: "x64"
      VCPKG_TARGET_TRIPLET: "x64-windows"
      Z_VCPKG_ROOT_DIR: "C:/Program Files/Microsoft Visual Studio/2022/Community/VC/vcpkg"
    buildResult:
      variable: "HAVE_DRAND48"
      cached: true
      stdout: |
        Change Dir: 'C:/Users/meloy/source/repos/TestPureCodeEquation/TestPureCodeEquation/vcpkg_installed/vcpkg/blds/fftw3/x64-windows-dbg/CMakeFiles/CMakeScratch/TryCompile-by0ysc'
        
        Run Build Command(s): "C:/Program Files/Microsoft Visual Studio/2022/Community/Common7/IDE/CommonExtensions/Microsoft/CMake/Ninja/ninja.exe" -v cmTC_cd8ad
        [1/2] C:\\PROGRA~1\\MICROS~3\\2022\\Community\\VC\\Tools\\MSVC\\14.40.33807\\bin\\Hostx64\\x64\\cl.exe  /nologo   /nologo /DWIN32 /D_WINDOWS /W3 /utf-8 /MP   /MDd /Zi /Ob0 /Od /RTC1 /showIncludes /FoCMakeFiles\\cmTC_cd8ad.dir\\CheckSymbolExists.c.obj /FdCMakeFiles\\cmTC_cd8ad.dir\\ /FS -c C:\\Users\\meloy\\source\\repos\\TestPureCodeEquation\\TestPureCodeEquation\\vcpkg_installed\\vcpkg\\blds\\fftw3\\x64-windows-dbg\\CMakeFiles\\CMakeScratch\\TryCompile-by0ysc\\CheckSymbolExists.c
        FAILED: CMakeFiles/cmTC_cd8ad.dir/CheckSymbolExists.c.obj 
        C:\\PROGRA~1\\MICROS~3\\2022\\Community\\VC\\Tools\\MSVC\\14.40.33807\\bin\\Hostx64\\x64\\cl.exe  /nologo   /nologo /DWIN32 /D_WINDOWS /W3 /utf-8 /MP   /MDd /Zi /Ob0 /Od /RTC1 /showIncludes /FoCMakeFiles\\cmTC_cd8ad.dir\\CheckSymbolExists.c.obj /FdCMakeFiles\\cmTC_cd8ad.dir\\ /FS -c C:\\Users\\meloy\\source\\repos\\TestPureCodeEquation\\TestPureCodeEquation\\vcpkg_installed\\vcpkg\\blds\\fftw3\\x64-windows-dbg\\CMakeFiles\\CMakeScratch\\TryCompile-by0ysc\\CheckSymbolExists.c
        C:\\Users\\meloy\\source\\repos\\TestPureCodeEquation\\TestPureCodeEquation\\vcpkg_installed\\vcpkg\\blds\\fftw3\\x64-windows-dbg\\CMakeFiles\\CMakeScratch\\TryCompile-by0ysc\\CheckSymbolExists.c(8): error C2065: 'drand48': undeclared identifier
        ninja: build stopped: subcommand failed.
        
      exitCode: 1
  -
    kind: "try_compile-v1"
    backtrace:
      - "C:/Program Files/CMake/share/cmake-3.27/Modules/CheckSymbolExists.cmake:140 (try_compile)"
      - "C:/Program Files/CMake/share/cmake-3.27/Modules/CheckSymbolExists.cmake:66 (__CHECK_SYMBOL_EXISTS_IMPL)"
      - "CMakeLists.txt:76 (check_symbol_exists)"
    checks:
      - "Looking for srand48"
    directories:
      source: "C:/Users/meloy/source/repos/TestPureCodeEquation/TestPureCodeEquation/vcpkg_installed/vcpkg/blds/fftw3/x64-windows-dbg/CMakeFiles/CMakeScratch/TryCompile-al72kg"
      binary: "C:/Users/meloy/source/repos/TestPureCodeEquation/TestPureCodeEquation/vcpkg_installed/vcpkg/blds/fftw3/x64-windows-dbg/CMakeFiles/CMakeScratch/TryCompile-al72kg"
    cmakeVariables:
      CMAKE_C_FLAGS: " /nologo /DWIN32 /D_WINDOWS /W3 /utf-8 /MP "
      CMAKE_MSVC_DEBUG_INFORMATION_FORMAT: ""
      CMAKE_MSVC_RUNTIME_LIBRARY: "MultiThreaded$<$<CONFIG:Debug>:Debug>$<$<STREQUAL:dynamic,dynamic>:DLL>"
      VCPKG_APPLOCAL_DEPS: "OFF"
      VCPKG_CHAINLOAD_TOOLCHAIN_FILE: "C:/Program Files/Microsoft Visual Studio/2022/Community/VC/vcpkg/scripts/toolchains/windows.cmake"
      VCPKG_TARGET_ARCHITECTURE: "x64"
      VCPKG_TARGET_TRIPLET: "x64-windows"
      Z_VCPKG_ROOT_DIR: "C:/Program Files/Microsoft Visual Studio/2022/Community/VC/vcpkg"
    buildResult:
      variable: "HAVE_SRAND48"
      cached: true
      stdout: |
        Change Dir: 'C:/Users/meloy/source/repos/TestPureCodeEquation/TestPureCodeEquation/vcpkg_installed/vcpkg/blds/fftw3/x64-windows-dbg/CMakeFiles/CMakeScratch/TryCompile-al72kg'
        
        Run Build Command(s): "C:/Program Files/Microsoft Visual Studio/2022/Community/Common7/IDE/CommonExtensions/Microsoft/CMake/Ninja/ninja.exe" -v cmTC_5770d
        [1/2] C:\\PROGRA~1\\MICROS~3\\2022\\Community\\VC\\Tools\\MSVC\\14.40.33807\\bin\\Hostx64\\x64\\cl.exe  /nologo   /nologo /DWIN32 /D_WINDOWS /W3 /utf-8 /MP   /MDd /Zi /Ob0 /Od /RTC1 /showIncludes /FoCMakeFiles\\cmTC_5770d.dir\\CheckSymbolExists.c.obj /FdCMakeFiles\\cmTC_5770d.dir\\ /FS -c C:\\Users\\meloy\\source\\repos\\TestPureCodeEquation\\TestPureCodeEquation\\vcpkg_installed\\vcpkg\\blds\\fftw3\\x64-windows-dbg\\CMakeFiles\\CMakeScratch\\TryCompile-al72kg\\CheckSymbolExists.c
        FAILED: CMakeFiles/cmTC_5770d.dir/CheckSymbolExists.c.obj 
        C:\\PROGRA~1\\MICROS~3\\2022\\Community\\VC\\Tools\\MSVC\\14.40.33807\\bin\\Hostx64\\x64\\cl.exe  /nologo   /nologo /DWIN32 /D_WINDOWS /W3 /utf-8 /MP   /MDd /Zi /Ob0 /Od /RTC1 /showIncludes /FoCMakeFiles\\cmTC_5770d.dir\\CheckSymbolExists.c.obj /FdCMakeFiles\\cmTC_5770d.dir\\ /FS -c C:\\Users\\meloy\\source\\repos\\TestPureCodeEquation\\TestPureCodeEquation\\vcpkg_installed\\vcpkg\\blds\\fftw3\\x64-windows-dbg\\CMakeFiles\\CMakeScratch\\TryCompile-al72kg\\CheckSymbolExists.c
        C:\\Users\\meloy\\source\\repos\\TestPureCodeEquation\\TestPureCodeEquation\\vcpkg_installed\\vcpkg\\blds\\fftw3\\x64-windows-dbg\\CMakeFiles\\CMakeScratch\\TryCompile-al72kg\\CheckSymbolExists.c(8): error C2065: 'srand48': undeclared identifier
        ninja: build stopped: subcommand failed.
        
      exitCode: 1
  -
    kind: "try_compile-v1"
    backtrace:
      - "C:/Program Files/CMake/share/cmake-3.27/Modules/CheckSymbolExists.cmake:140 (try_compile)"
      - "C:/Program Files/CMake/share/cmake-3.27/Modules/CheckSymbolExists.cmake:66 (__CHECK_SYMBOL_EXISTS_IMPL)"
      - "CMakeLists.txt:77 (check_symbol_exists)"
    checks:
      - "Looking for memalign"
    directories:
      source: "C:/Users/meloy/source/repos/TestPureCodeEquation/TestPureCodeEquation/vcpkg_installed/vcpkg/blds/fftw3/x64-windows-dbg/CMakeFiles/CMakeScratch/TryCompile-qlo6oy"
      binary: "C:/Users/meloy/source/repos/TestPureCodeEquation/TestPureCodeEquation/vcpkg_installed/vcpkg/blds/fftw3/x64-windows-dbg/CMakeFiles/CMakeScratch/TryCompile-qlo6oy"
    cmakeVariables:
      CMAKE_C_FLAGS: " /nologo /DWIN32 /D_WINDOWS /W3 /utf-8 /MP "
      CMAKE_MSVC_DEBUG_INFORMATION_FORMAT: ""
      CMAKE_MSVC_RUNTIME_LIBRARY: "MultiThreaded$<$<CONFIG:Debug>:Debug>$<$<STREQUAL:dynamic,dynamic>:DLL>"
      VCPKG_APPLOCAL_DEPS: "OFF"
      VCPKG_CHAINLOAD_TOOLCHAIN_FILE: "C:/Program Files/Microsoft Visual Studio/2022/Community/VC/vcpkg/scripts/toolchains/windows.cmake"
      VCPKG_TARGET_ARCHITECTURE: "x64"
      VCPKG_TARGET_TRIPLET: "x64-windows"
      Z_VCPKG_ROOT_DIR: "C:/Program Files/Microsoft Visual Studio/2022/Community/VC/vcpkg"
    buildResult:
      variable: "HAVE_MEMALIGN"
      cached: true
      stdout: |
        Change Dir: 'C:/Users/meloy/source/repos/TestPureCodeEquation/TestPureCodeEquation/vcpkg_installed/vcpkg/blds/fftw3/x64-windows-dbg/CMakeFiles/CMakeScratch/TryCompile-qlo6oy'
        
        Run Build Command(s): "C:/Program Files/Microsoft Visual Studio/2022/Community/Common7/IDE/CommonExtensions/Microsoft/CMake/Ninja/ninja.exe" -v cmTC_d7659
        [1/2] C:\\PROGRA~1\\MICROS~3\\2022\\Community\\VC\\Tools\\MSVC\\14.40.33807\\bin\\Hostx64\\x64\\cl.exe  /nologo   /nologo /DWIN32 /D_WINDOWS /W3 /utf-8 /MP   /MDd /Zi /Ob0 /Od /RTC1 /showIncludes /FoCMakeFiles\\cmTC_d7659.dir\\CheckSymbolExists.c.obj /FdCMakeFiles\\cmTC_d7659.dir\\ /FS -c C:\\Users\\meloy\\source\\repos\\TestPureCodeEquation\\TestPureCodeEquation\\vcpkg_installed\\vcpkg\\blds\\fftw3\\x64-windows-dbg\\CMakeFiles\\CMakeScratch\\TryCompile-qlo6oy\\CheckSymbolExists.c
        FAILED: CMakeFiles/cmTC_d7659.dir/CheckSymbolExists.c.obj 
        C:\\PROGRA~1\\MICROS~3\\2022\\Community\\VC\\Tools\\MSVC\\14.40.33807\\bin\\Hostx64\\x64\\cl.exe  /nologo   /nologo /DWIN32 /D_WINDOWS /W3 /utf-8 /MP   /MDd /Zi /Ob0 /Od /RTC1 /showIncludes /FoCMakeFiles\\cmTC_d7659.dir\\CheckSymbolExists.c.obj /FdCMakeFiles\\cmTC_d7659.dir\\ /FS -c C:\\Users\\meloy\\source\\repos\\TestPureCodeEquation\\TestPureCodeEquation\\vcpkg_installed\\vcpkg\\blds\\fftw3\\x64-windows-dbg\\CMakeFiles\\CMakeScratch\\TryCompile-qlo6oy\\CheckSymbolExists.c
        C:\\Users\\meloy\\source\\repos\\TestPureCodeEquation\\TestPureCodeEquation\\vcpkg_installed\\vcpkg\\blds\\fftw3\\x64-windows-dbg\\CMakeFiles\\CMakeScratch\\TryCompile-qlo6oy\\CheckSymbolExists.c(8): error C2065: 'memalign': undeclared identifier
        ninja: build stopped: subcommand failed.
        
      exitCode: 1
  -
    kind: "try_compile-v1"
    backtrace:
      - "C:/Program Files/CMake/share/cmake-3.27/Modules/CheckSymbolExists.cmake:140 (try_compile)"
      - "C:/Program Files/CMake/share/cmake-3.27/Modules/CheckSymbolExists.cmake:66 (__CHECK_SYMBOL_EXISTS_IMPL)"
      - "CMakeLists.txt:78 (check_symbol_exists)"
    checks:
      - "Looking for posix_memalign"
    directories:
      source: "C:/Users/meloy/source/repos/TestPureCodeEquation/TestPureCodeEquation/vcpkg_installed/vcpkg/blds/fftw3/x64-windows-dbg/CMakeFiles/CMakeScratch/TryCompile-j4k8qp"
      binary: "C:/Users/meloy/source/repos/TestPureCodeEquation/TestPureCodeEquation/vcpkg_installed/vcpkg/blds/fftw3/x64-windows-dbg/CMakeFiles/CMakeScratch/TryCompile-j4k8qp"
    cmakeVariables:
      CMAKE_C_FLAGS: " /nologo /DWIN32 /D_WINDOWS /W3 /utf-8 /MP "
      CMAKE_MSVC_DEBUG_INFORMATION_FORMAT: ""
      CMAKE_MSVC_RUNTIME_LIBRARY: "MultiThreaded$<$<CONFIG:Debug>:Debug>$<$<STREQUAL:dynamic,dynamic>:DLL>"
      VCPKG_APPLOCAL_DEPS: "OFF"
      VCPKG_CHAINLOAD_TOOLCHAIN_FILE: "C:/Program Files/Microsoft Visual Studio/2022/Community/VC/vcpkg/scripts/toolchains/windows.cmake"
      VCPKG_TARGET_ARCHITECTURE: "x64"
      VCPKG_TARGET_TRIPLET: "x64-windows"
      Z_VCPKG_ROOT_DIR: "C:/Program Files/Microsoft Visual Studio/2022/Community/VC/vcpkg"
    buildResult:
      variable: "HAVE_POSIX_MEMALIGN"
      cached: true
      stdout: |
        Change Dir: 'C:/Users/meloy/source/repos/TestPureCodeEquation/TestPureCodeEquation/vcpkg_installed/vcpkg/blds/fftw3/x64-windows-dbg/CMakeFiles/CMakeScratch/TryCompile-j4k8qp'
        
        Run Build Command(s): "C:/Program Files/Microsoft Visual Studio/2022/Community/Common7/IDE/CommonExtensions/Microsoft/CMake/Ninja/ninja.exe" -v cmTC_e989d
        [1/2] C:\\PROGRA~1\\MICROS~3\\2022\\Community\\VC\\Tools\\MSVC\\14.40.33807\\bin\\Hostx64\\x64\\cl.exe  /nologo   /nologo /DWIN32 /D_WINDOWS /W3 /utf-8 /MP   /MDd /Zi /Ob0 /Od /RTC1 /showIncludes /FoCMakeFiles\\cmTC_e989d.dir\\CheckSymbolExists.c.obj /FdCMakeFiles\\cmTC_e989d.dir\\ /FS -c C:\\Users\\meloy\\source\\repos\\TestPureCodeEquation\\TestPureCodeEquation\\vcpkg_installed\\vcpkg\\blds\\fftw3\\x64-windows-dbg\\CMakeFiles\\CMakeScratch\\TryCompile-j4k8qp\\CheckSymbolExists.c
        FAILED: CMakeFiles/cmTC_e989d.dir/CheckSymbolExists.c.obj 
        C:\\PROGRA~1\\MICROS~3\\2022\\Community\\VC\\Tools\\MSVC\\14.40.33807\\bin\\Hostx64\\x64\\cl.exe  /nologo   /nologo /DWIN32 /D_WINDOWS /W3 /utf-8 /MP   /MDd /Zi /Ob0 /Od /RTC1 /showIncludes /FoCMakeFiles\\cmTC_e989d.dir\\CheckSymbolExists.c.obj /FdCMakeFiles\\cmTC_e989d.dir\\ /FS -c C:\\Users\\meloy\\source\\repos\\TestPureCodeEquation\\TestPureCodeEquation\\vcpkg_installed\\vcpkg\\blds\\fftw3\\x64-windows-dbg\\CMakeFiles\\CMakeScratch\\TryCompile-j4k8qp\\CheckSymbolExists.c
        C:\\Users\\meloy\\source\\repos\\TestPureCodeEquation\\TestPureCodeEquation\\vcpkg_installed\\vcpkg\\blds\\fftw3\\x64-windows-dbg\\CMakeFiles\\CMakeScratch\\TryCompile-j4k8qp\\CheckSymbolExists.c(8): error C2065: 'posix_memalign': undeclared identifier
        ninja: build stopped: subcommand failed.
        
      exitCode: 1
  -
    kind: "try_compile-v1"
    backtrace:
      - "C:/Program Files/CMake/share/cmake-3.27/Modules/CheckSymbolExists.cmake:140 (try_compile)"
      - "C:/Program Files/CMake/share/cmake-3.27/Modules/CheckSymbolExists.cmake:66 (__CHECK_SYMBOL_EXISTS_IMPL)"
      - "CMakeLists.txt:79 (check_symbol_exists)"
    checks:
      - "Looking for _aligned_malloc"
    directories:
      source: "C:/Users/meloy/source/repos/TestPureCodeEquation/TestPureCodeEquation/vcpkg_installed/vcpkg/blds/fftw3/x64-windows-dbg/CMakeFiles/CMakeScratch/TryCompile-dfrx6s"
      binary: "C:/Users/meloy/source/repos/TestPureCodeEquation/TestPureCodeEquation/vcpkg_installed/vcpkg/blds/fftw3/x64-windows-dbg/CMakeFiles/CMakeScratch/TryCompile-dfrx6s"
    cmakeVariables:
      CMAKE_C_FLAGS: " /nologo /DWIN32 /D_WINDOWS /W3 /utf-8 /MP "
      CMAKE_MSVC_DEBUG_INFORMATION_FORMAT: ""
      CMAKE_MSVC_RUNTIME_LIBRARY: "MultiThreaded$<$<CONFIG:Debug>:Debug>$<$<STREQUAL:dynamic,dynamic>:DLL>"
      VCPKG_APPLOCAL_DEPS: "OFF"
      VCPKG_CHAINLOAD_TOOLCHAIN_FILE: "C:/Program Files/Microsoft Visual Studio/2022/Community/VC/vcpkg/scripts/toolchains/windows.cmake"
      VCPKG_TARGET_ARCHITECTURE: "x64"
      VCPKG_TARGET_TRIPLET: "x64-windows"
      Z_VCPKG_ROOT_DIR: "C:/Program Files/Microsoft Visual Studio/2022/Community/VC/vcpkg"
    buildResult:
      variable: "HAVE_ALIGNED_MALLOC"
      cached: true
      stdout: |
        Change Dir: 'C:/Users/meloy/source/repos/TestPureCodeEquation/TestPureCodeEquation/vcpkg_installed/vcpkg/blds/fftw3/x64-windows-dbg/CMakeFiles/CMakeScratch/TryCompile-dfrx6s'
        
        Run Build Command(s): "C:/Program Files/Microsoft Visual Studio/2022/Community/Common7/IDE/CommonExtensions/Microsoft/CMake/Ninja/ninja.exe" -v cmTC_903ff
        [1/2] C:\\PROGRA~1\\MICROS~3\\2022\\Community\\VC\\Tools\\MSVC\\14.40.33807\\bin\\Hostx64\\x64\\cl.exe  /nologo   /nologo /DWIN32 /D_WINDOWS /W3 /utf-8 /MP   /MDd /Zi /Ob0 /Od /RTC1 /showIncludes /FoCMakeFiles\\cmTC_903ff.dir\\CheckSymbolExists.c.obj /FdCMakeFiles\\cmTC_903ff.dir\\ /FS -c C:\\Users\\meloy\\source\\repos\\TestPureCodeEquation\\TestPureCodeEquation\\vcpkg_installed\\vcpkg\\blds\\fftw3\\x64-windows-dbg\\CMakeFiles\\CMakeScratch\\TryCompile-dfrx6s\\CheckSymbolExists.c
        [2/2] cmd.exe /C "cd . && "C:\\Program Files\\CMake\\bin\\cmake.exe" -E vs_link_exe --intdir=CMakeFiles\\cmTC_903ff.dir --rc=C:\\PROGRA~2\\WI3CF2~1\\10\\bin\\10.0.22621.0\\x64\\rc.exe --mt=C:\\PROGRA~2\\WI3CF2~1\\10\\bin\\10.0.22621.0\\x64\\mt.exe --manifests  -- C:\\PROGRA~1\\MICROS~3\\2022\\Community\\VC\\Tools\\MSVC\\14.40.33807\\bin\\Hostx64\\x64\\link.exe /nologo CMakeFiles\\cmTC_903ff.dir\\CheckSymbolExists.c.obj  /out:cmTC_903ff.exe /implib:cmTC_903ff.lib /pdb:cmTC_903ff.pdb /version:0.0 /machine:x64  /debug /INCREMENTAL /subsystem:console  kernel32.lib user32.lib gdi32.lib winspool.lib shell32.lib ole32.lib oleaut32.lib uuid.lib comdlg32.lib advapi32.lib && cd ."
        
      exitCode: 0
  -
    kind: "try_compile-v1"
    backtrace:
      - "C:/Program Files/CMake/share/cmake-3.27/Modules/CheckSymbolExists.cmake:140 (try_compile)"
      - "C:/Program Files/CMake/share/cmake-3.27/Modules/CheckSymbolExists.cmake:66 (__CHECK_SYMBOL_EXISTS_IMPL)"
      - "CMakeLists.txt:80 (check_symbol_exists)"
    checks:
      - "Looking for mach_absolute_time"
    directories:
      source: "C:/Users/meloy/source/repos/TestPureCodeEquation/TestPureCodeEquation/vcpkg_installed/vcpkg/blds/fftw3/x64-windows-dbg/CMakeFiles/CMakeScratch/TryCompile-um5unp"
      binary: "C:/Users/meloy/source/repos/TestPureCodeEquation/TestPureCodeEquation/vcpkg_installed/vcpkg/blds/fftw3/x64-windows-dbg/CMakeFiles/CMakeScratch/TryCompile-um5unp"
    cmakeVariables:
      CMAKE_C_FLAGS: " /nologo /DWIN32 /D_WINDOWS /W3 /utf-8 /MP "
      CMAKE_MSVC_DEBUG_INFORMATION_FORMAT: ""
      CMAKE_MSVC_RUNTIME_LIBRARY: "MultiThreaded$<$<CONFIG:Debug>:Debug>$<$<STREQUAL:dynamic,dynamic>:DLL>"
      VCPKG_APPLOCAL_DEPS: "OFF"
      VCPKG_CHAINLOAD_TOOLCHAIN_FILE: "C:/Program Files/Microsoft Visual Studio/2022/Community/VC/vcpkg/scripts/toolchains/windows.cmake"
      VCPKG_TARGET_ARCHITECTURE: "x64"
      VCPKG_TARGET_TRIPLET: "x64-windows"
      Z_VCPKG_ROOT_DIR: "C:/Program Files/Microsoft Visual Studio/2022/Community/VC/vcpkg"
    buildResult:
      variable: "HAVE_MACH_ABSOLUTE_TIME"
      cached: true
      stdout: |
        Change Dir: 'C:/Users/meloy/source/repos/TestPureCodeEquation/TestPureCodeEquation/vcpkg_installed/vcpkg/blds/fftw3/x64-windows-dbg/CMakeFiles/CMakeScratch/TryCompile-um5unp'
        
        Run Build Command(s): "C:/Program Files/Microsoft Visual Studio/2022/Community/Common7/IDE/CommonExtensions/Microsoft/CMake/Ninja/ninja.exe" -v cmTC_dff94
        [1/2] C:\\PROGRA~1\\MICROS~3\\2022\\Community\\VC\\Tools\\MSVC\\14.40.33807\\bin\\Hostx64\\x64\\cl.exe  /nologo   /nologo /DWIN32 /D_WINDOWS /W3 /utf-8 /MP   /MDd /Zi /Ob0 /Od /RTC1 /showIncludes /FoCMakeFiles\\cmTC_dff94.dir\\CheckSymbolExists.c.obj /FdCMakeFiles\\cmTC_dff94.dir\\ /FS -c C:\\Users\\meloy\\source\\repos\\TestPureCodeEquation\\TestPureCodeEquation\\vcpkg_installed\\vcpkg\\blds\\fftw3\\x64-windows-dbg\\CMakeFiles\\CMakeScratch\\TryCompile-um5unp\\CheckSymbolExists.c
        FAILED: CMakeFiles/cmTC_dff94.dir/CheckSymbolExists.c.obj 
        C:\\PROGRA~1\\MICROS~3\\2022\\Community\\VC\\Tools\\MSVC\\14.40.33807\\bin\\Hostx64\\x64\\cl.exe  /nologo   /nologo /DWIN32 /D_WINDOWS /W3 /utf-8 /MP   /MDd /Zi /Ob0 /Od /RTC1 /showIncludes /FoCMakeFiles\\cmTC_dff94.dir\\CheckSymbolExists.c.obj /FdCMakeFiles\\cmTC_dff94.dir\\ /FS -c C:\\Users\\meloy\\source\\repos\\TestPureCodeEquation\\TestPureCodeEquation\\vcpkg_installed\\vcpkg\\blds\\fftw3\\x64-windows-dbg\\CMakeFiles\\CMakeScratch\\TryCompile-um5unp\\CheckSymbolExists.c
        C:\\Users\\meloy\\source\\repos\\TestPureCodeEquation\\TestPureCodeEquation\\vcpkg_installed\\vcpkg\\blds\\fftw3\\x64-windows-dbg\\CMakeFiles\\CMakeScratch\\TryCompile-um5unp\\CheckSymbolExists.c(2): fatal error C1083: Cannot open include file: 'mach/mach_time.h': No such file or directory
        ninja: build stopped: subcommand failed.
        
      exitCode: 1
  -
    kind: "try_compile-v1"
    backtrace:
      - "C:/Program Files/CMake/share/cmake-3.27/Modules/CheckSymbolExists.cmake:140 (try_compile)"
      - "C:/Program Files/CMake/share/cmake-3.27/Modules/CheckSymbolExists.cmake:66 (__CHECK_SYMBOL_EXISTS_IMPL)"
      - "CMakeLists.txt:81 (check_symbol_exists)"
    checks:
      - "Looking for alloca"
    directories:
      source: "C:/Users/meloy/source/repos/TestPureCodeEquation/TestPureCodeEquation/vcpkg_installed/vcpkg/blds/fftw3/x64-windows-dbg/CMakeFiles/CMakeScratch/TryCompile-c9f8ep"
      binary: "C:/Users/meloy/source/repos/TestPureCodeEquation/TestPureCodeEquation/vcpkg_installed/vcpkg/blds/fftw3/x64-windows-dbg/CMakeFiles/CMakeScratch/TryCompile-c9f8ep"
    cmakeVariables:
      CMAKE_C_FLAGS: " /nologo /DWIN32 /D_WINDOWS /W3 /utf-8 /MP "
      CMAKE_MSVC_DEBUG_INFORMATION_FORMAT: ""
      CMAKE_MSVC_RUNTIME_LIBRARY: "MultiThreaded$<$<CONFIG:Debug>:Debug>$<$<STREQUAL:dynamic,dynamic>:DLL>"
      VCPKG_APPLOCAL_DEPS: "OFF"
      VCPKG_CHAINLOAD_TOOLCHAIN_FILE: "C:/Program Files/Microsoft Visual Studio/2022/Community/VC/vcpkg/scripts/toolchains/windows.cmake"
      VCPKG_TARGET_ARCHITECTURE: "x64"
      VCPKG_TARGET_TRIPLET: "x64-windows"
      Z_VCPKG_ROOT_DIR: "C:/Program Files/Microsoft Visual Studio/2022/Community/VC/vcpkg"
    buildResult:
      variable: "HAVE_ALLOCA"
      cached: true
      stdout: |
        Change Dir: 'C:/Users/meloy/source/repos/TestPureCodeEquation/TestPureCodeEquation/vcpkg_installed/vcpkg/blds/fftw3/x64-windows-dbg/CMakeFiles/CMakeScratch/TryCompile-c9f8ep'
        
        Run Build Command(s): "C:/Program Files/Microsoft Visual Studio/2022/Community/Common7/IDE/CommonExtensions/Microsoft/CMake/Ninja/ninja.exe" -v cmTC_c9e3f
        [1/2] C:\\PROGRA~1\\MICROS~3\\2022\\Community\\VC\\Tools\\MSVC\\14.40.33807\\bin\\Hostx64\\x64\\cl.exe  /nologo   /nologo /DWIN32 /D_WINDOWS /W3 /utf-8 /MP   /MDd /Zi /Ob0 /Od /RTC1 /showIncludes /FoCMakeFiles\\cmTC_c9e3f.dir\\CheckSymbolExists.c.obj /FdCMakeFiles\\cmTC_c9e3f.dir\\ /FS -c C:\\Users\\meloy\\source\\repos\\TestPureCodeEquation\\TestPureCodeEquation\\vcpkg_installed\\vcpkg\\blds\\fftw3\\x64-windows-dbg\\CMakeFiles\\CMakeScratch\\TryCompile-c9f8ep\\CheckSymbolExists.c
        FAILED: CMakeFiles/cmTC_c9e3f.dir/CheckSymbolExists.c.obj 
        C:\\PROGRA~1\\MICROS~3\\2022\\Community\\VC\\Tools\\MSVC\\14.40.33807\\bin\\Hostx64\\x64\\cl.exe  /nologo   /nologo /DWIN32 /D_WINDOWS /W3 /utf-8 /MP   /MDd /Zi /Ob0 /Od /RTC1 /showIncludes /FoCMakeFiles\\cmTC_c9e3f.dir\\CheckSymbolExists.c.obj /FdCMakeFiles\\cmTC_c9e3f.dir\\ /FS -c C:\\Users\\meloy\\source\\repos\\TestPureCodeEquation\\TestPureCodeEquation\\vcpkg_installed\\vcpkg\\blds\\fftw3\\x64-windows-dbg\\CMakeFiles\\CMakeScratch\\TryCompile-c9f8ep\\CheckSymbolExists.c
        C:\\Users\\meloy\\source\\repos\\TestPureCodeEquation\\TestPureCodeEquation\\vcpkg_installed\\vcpkg\\blds\\fftw3\\x64-windows-dbg\\CMakeFiles\\CMakeScratch\\TryCompile-c9f8ep\\CheckSymbolExists.c(2): fatal error C1083: Cannot open include file: 'alloca.h': No such file or directory
        ninja: build stopped: subcommand failed.
        
      exitCode: 1
  -
    kind: "try_compile-v1"
    backtrace:
      - "C:/Program Files/CMake/share/cmake-3.27/Modules/CheckSymbolExists.cmake:140 (try_compile)"
      - "C:/Program Files/CMake/share/cmake-3.27/Modules/CheckSymbolExists.cmake:66 (__CHECK_SYMBOL_EXISTS_IMPL)"
      - "CMakeLists.txt:84 (check_symbol_exists)"
    checks:
      - "Looking for alloca"
    directories:
      source: "C:/Users/meloy/source/repos/TestPureCodeEquation/TestPureCodeEquation/vcpkg_installed/vcpkg/blds/fftw3/x64-windows-dbg/CMakeFiles/CMakeScratch/TryCompile-qzjq10"
      binary: "C:/Users/meloy/source/repos/TestPureCodeEquation/TestPureCodeEquation/vcpkg_installed/vcpkg/blds/fftw3/x64-windows-dbg/CMakeFiles/CMakeScratch/TryCompile-qzjq10"
    cmakeVariables:
      CMAKE_C_FLAGS: " /nologo /DWIN32 /D_WINDOWS /W3 /utf-8 /MP "
      CMAKE_MSVC_DEBUG_INFORMATION_FORMAT: ""
      CMAKE_MSVC_RUNTIME_LIBRARY: "MultiThreaded$<$<CONFIG:Debug>:Debug>$<$<STREQUAL:dynamic,dynamic>:DLL>"
      VCPKG_APPLOCAL_DEPS: "OFF"
      VCPKG_CHAINLOAD_TOOLCHAIN_FILE: "C:/Program Files/Microsoft Visual Studio/2022/Community/VC/vcpkg/scripts/toolchains/windows.cmake"
      VCPKG_TARGET_ARCHITECTURE: "x64"
      VCPKG_TARGET_TRIPLET: "x64-windows"
      Z_VCPKG_ROOT_DIR: "C:/Program Files/Microsoft Visual Studio/2022/Community/VC/vcpkg"
    buildResult:
      variable: "HAVE_ALLOCA"
      cached: true
      stdout: |
        Change Dir: 'C:/Users/meloy/source/repos/TestPureCodeEquation/TestPureCodeEquation/vcpkg_installed/vcpkg/blds/fftw3/x64-windows-dbg/CMakeFiles/CMakeScratch/TryCompile-qzjq10'
        
        Run Build Command(s): "C:/Program Files/Microsoft Visual Studio/2022/Community/Common7/IDE/CommonExtensions/Microsoft/CMake/Ninja/ninja.exe" -v cmTC_34c6d
        [1/2] C:\\PROGRA~1\\MICROS~3\\2022\\Community\\VC\\Tools\\MSVC\\14.40.33807\\bin\\Hostx64\\x64\\cl.exe  /nologo   /nologo /DWIN32 /D_WINDOWS /W3 /utf-8 /MP   /MDd /Zi /Ob0 /Od /RTC1 /showIncludes /FoCMakeFiles\\cmTC_34c6d.dir\\CheckSymbolExists.c.obj /FdCMakeFiles\\cmTC_34c6d.dir\\ /FS -c C:\\Users\\meloy\\source\\repos\\TestPureCodeEquation\\TestPureCodeEquation\\vcpkg_installed\\vcpkg\\blds\\fftw3\\x64-windows-dbg\\CMakeFiles\\CMakeScratch\\TryCompile-qzjq10\\CheckSymbolExists.c
        [2/2] cmd.exe /C "cd . && "C:\\Program Files\\CMake\\bin\\cmake.exe" -E vs_link_exe --intdir=CMakeFiles\\cmTC_34c6d.dir --rc=C:\\PROGRA~2\\WI3CF2~1\\10\\bin\\10.0.22621.0\\x64\\rc.exe --mt=C:\\PROGRA~2\\WI3CF2~1\\10\\bin\\10.0.22621.0\\x64\\mt.exe --manifests  -- C:\\PROGRA~1\\MICROS~3\\2022\\Community\\VC\\Tools\\MSVC\\14.40.33807\\bin\\Hostx64\\x64\\link.exe /nologo CMakeFiles\\cmTC_34c6d.dir\\CheckSymbolExists.c.obj  /out:cmTC_34c6d.exe /implib:cmTC_34c6d.lib /pdb:cmTC_34c6d.pdb /version:0.0 /machine:x64  /debug /INCREMENTAL /subsystem:console  kernel32.lib user32.lib gdi32.lib winspool.lib shell32.lib ole32.lib oleaut32.lib uuid.lib comdlg32.lib advapi32.lib && cd ."
        
      exitCode: 0
  -
    kind: "try_compile-v1"
    backtrace:
      - "C:/Program Files/CMake/share/cmake-3.27/Modules/CheckSymbolExists.cmake:140 (try_compile)"
      - "C:/Program Files/CMake/share/cmake-3.27/Modules/CheckSymbolExists.cmake:66 (__CHECK_SYMBOL_EXISTS_IMPL)"
      - "CMakeLists.txt:86 (check_symbol_exists)"
    checks:
      - "Looking for isnan"
    directories:
      source: "C:/Users/meloy/source/repos/TestPureCodeEquation/TestPureCodeEquation/vcpkg_installed/vcpkg/blds/fftw3/x64-windows-dbg/CMakeFiles/CMakeScratch/TryCompile-i7ziqe"
      binary: "C:/Users/meloy/source/repos/TestPureCodeEquation/TestPureCodeEquation/vcpkg_installed/vcpkg/blds/fftw3/x64-windows-dbg/CMakeFiles/CMakeScratch/TryCompile-i7ziqe"
    cmakeVariables:
      CMAKE_C_FLAGS: " /nologo /DWIN32 /D_WINDOWS /W3 /utf-8 /MP "
      CMAKE_MSVC_DEBUG_INFORMATION_FORMAT: ""
      CMAKE_MSVC_RUNTIME_LIBRARY: "MultiThreaded$<$<CONFIG:Debug>:Debug>$<$<STREQUAL:dynamic,dynamic>:DLL>"
      VCPKG_APPLOCAL_DEPS: "OFF"
      VCPKG_CHAINLOAD_TOOLCHAIN_FILE: "C:/Program Files/Microsoft Visual Studio/2022/Community/VC/vcpkg/scripts/toolchains/windows.cmake"
      VCPKG_TARGET_ARCHITECTURE: "x64"
      VCPKG_TARGET_TRIPLET: "x64-windows"
      Z_VCPKG_ROOT_DIR: "C:/Program Files/Microsoft Visual Studio/2022/Community/VC/vcpkg"
    buildResult:
      variable: "HAVE_ISNAN"
      cached: true
      stdout: |
        Change Dir: 'C:/Users/meloy/source/repos/TestPureCodeEquation/TestPureCodeEquation/vcpkg_installed/vcpkg/blds/fftw3/x64-windows-dbg/CMakeFiles/CMakeScratch/TryCompile-i7ziqe'
        
        Run Build Command(s): "C:/Program Files/Microsoft Visual Studio/2022/Community/Common7/IDE/CommonExtensions/Microsoft/CMake/Ninja/ninja.exe" -v cmTC_1cd57
        [1/2] C:\\PROGRA~1\\MICROS~3\\2022\\Community\\VC\\Tools\\MSVC\\14.40.33807\\bin\\Hostx64\\x64\\cl.exe  /nologo   /nologo /DWIN32 /D_WINDOWS /W3 /utf-8 /MP   /MDd /Zi /Ob0 /Od /RTC1 /showIncludes /FoCMakeFiles\\cmTC_1cd57.dir\\CheckSymbolExists.c.obj /FdCMakeFiles\\cmTC_1cd57.dir\\ /FS -c C:\\Users\\meloy\\source\\repos\\TestPureCodeEquation\\TestPureCodeEquation\\vcpkg_installed\\vcpkg\\blds\\fftw3\\x64-windows-dbg\\CMakeFiles\\CMakeScratch\\TryCompile-i7ziqe\\CheckSymbolExists.c
        [2/2] cmd.exe /C "cd . && "C:\\Program Files\\CMake\\bin\\cmake.exe" -E vs_link_exe --intdir=CMakeFiles\\cmTC_1cd57.dir --rc=C:\\PROGRA~2\\WI3CF2~1\\10\\bin\\10.0.22621.0\\x64\\rc.exe --mt=C:\\PROGRA~2\\WI3CF2~1\\10\\bin\\10.0.22621.0\\x64\\mt.exe --manifests  -- C:\\PROGRA~1\\MICROS~3\\2022\\Community\\VC\\Tools\\MSVC\\14.40.33807\\bin\\Hostx64\\x64\\link.exe /nologo CMakeFiles\\cmTC_1cd57.dir\\CheckSymbolExists.c.obj  /out:cmTC_1cd57.exe /implib:cmTC_1cd57.lib /pdb:cmTC_1cd57.pdb /version:0.0 /machine:x64  /debug /INCREMENTAL /subsystem:console  kernel32.lib user32.lib gdi32.lib winspool.lib shell32.lib ole32.lib oleaut32.lib uuid.lib comdlg32.lib advapi32.lib && cd ."
        
      exitCode: 0
  -
    kind: "try_compile-v1"
    backtrace:
      - "C:/Program Files/CMake/share/cmake-3.27/Modules/CheckSymbolExists.cmake:140 (try_compile)"
      - "C:/Program Files/CMake/share/cmake-3.27/Modules/CheckSymbolExists.cmake:66 (__CHECK_SYMBOL_EXISTS_IMPL)"
      - "CMakeLists.txt:87 (check_symbol_exists)"
    checks:
      - "Looking for snprintf"
    directories:
      source: "C:/Users/meloy/source/repos/TestPureCodeEquation/TestPureCodeEquation/vcpkg_installed/vcpkg/blds/fftw3/x64-windows-dbg/CMakeFiles/CMakeScratch/TryCompile-b17jz3"
      binary: "C:/Users/meloy/source/repos/TestPureCodeEquation/TestPureCodeEquation/vcpkg_installed/vcpkg/blds/fftw3/x64-windows-dbg/CMakeFiles/CMakeScratch/TryCompile-b17jz3"
    cmakeVariables:
      CMAKE_C_FLAGS: " /nologo /DWIN32 /D_WINDOWS /W3 /utf-8 /MP "
      CMAKE_MSVC_DEBUG_INFORMATION_FORMAT: ""
      CMAKE_MSVC_RUNTIME_LIBRARY: "MultiThreaded$<$<CONFIG:Debug>:Debug>$<$<STREQUAL:dynamic,dynamic>:DLL>"
      VCPKG_APPLOCAL_DEPS: "OFF"
      VCPKG_CHAINLOAD_TOOLCHAIN_FILE: "C:/Program Files/Microsoft Visual Studio/2022/Community/VC/vcpkg/scripts/toolchains/windows.cmake"
      VCPKG_TARGET_ARCHITECTURE: "x64"
      VCPKG_TARGET_TRIPLET: "x64-windows"
      Z_VCPKG_ROOT_DIR: "C:/Program Files/Microsoft Visual Studio/2022/Community/VC/vcpkg"
    buildResult:
      variable: "HAVE_SNPRINTF"
      cached: true
      stdout: |
        Change Dir: 'C:/Users/meloy/source/repos/TestPureCodeEquation/TestPureCodeEquation/vcpkg_installed/vcpkg/blds/fftw3/x64-windows-dbg/CMakeFiles/CMakeScratch/TryCompile-b17jz3'
        
        Run Build Command(s): "C:/Program Files/Microsoft Visual Studio/2022/Community/Common7/IDE/CommonExtensions/Microsoft/CMake/Ninja/ninja.exe" -v cmTC_cc1d9
        [1/2] C:\\PROGRA~1\\MICROS~3\\2022\\Community\\VC\\Tools\\MSVC\\14.40.33807\\bin\\Hostx64\\x64\\cl.exe  /nologo   /nologo /DWIN32 /D_WINDOWS /W3 /utf-8 /MP   /MDd /Zi /Ob0 /Od /RTC1 /showIncludes /FoCMakeFiles\\cmTC_cc1d9.dir\\CheckSymbolExists.c.obj /FdCMakeFiles\\cmTC_cc1d9.dir\\ /FS -c C:\\Users\\meloy\\source\\repos\\TestPureCodeEquation\\TestPureCodeEquation\\vcpkg_installed\\vcpkg\\blds\\fftw3\\x64-windows-dbg\\CMakeFiles\\CMakeScratch\\TryCompile-b17jz3\\CheckSymbolExists.c
        [2/2] cmd.exe /C "cd . && "C:\\Program Files\\CMake\\bin\\cmake.exe" -E vs_link_exe --intdir=CMakeFiles\\cmTC_cc1d9.dir --rc=C:\\PROGRA~2\\WI3CF2~1\\10\\bin\\10.0.22621.0\\x64\\rc.exe --mt=C:\\PROGRA~2\\WI3CF2~1\\10\\bin\\10.0.22621.0\\x64\\mt.exe --manifests  -- C:\\PROGRA~1\\MICROS~3\\2022\\Community\\VC\\Tools\\MSVC\\14.40.33807\\bin\\Hostx64\\x64\\link.exe /nologo CMakeFiles\\cmTC_cc1d9.dir\\CheckSymbolExists.c.obj  /out:cmTC_cc1d9.exe /implib:cmTC_cc1d9.lib /pdb:cmTC_cc1d9.pdb /version:0.0 /machine:x64  /debug /INCREMENTAL /subsystem:console  kernel32.lib user32.lib gdi32.lib winspool.lib shell32.lib ole32.lib oleaut32.lib uuid.lib comdlg32.lib advapi32.lib && cd ."
        
      exitCode: 0
  -
    kind: "try_compile-v1"
    backtrace:
      - "C:/Program Files/CMake/share/cmake-3.27/Modules/CheckSymbolExists.cmake:140 (try_compile)"
      - "C:/Program Files/CMake/share/cmake-3.27/Modules/CheckSymbolExists.cmake:66 (__CHECK_SYMBOL_EXISTS_IMPL)"
      - "CMakeLists.txt:88 (check_symbol_exists)"
    checks:
      - "Looking for strchr"
    directories:
      source: "C:/Users/meloy/source/repos/TestPureCodeEquation/TestPureCodeEquation/vcpkg_installed/vcpkg/blds/fftw3/x64-windows-dbg/CMakeFiles/CMakeScratch/TryCompile-kq1b25"
      binary: "C:/Users/meloy/source/repos/TestPureCodeEquation/TestPureCodeEquation/vcpkg_installed/vcpkg/blds/fftw3/x64-windows-dbg/CMakeFiles/CMakeScratch/TryCompile-kq1b25"
    cmakeVariables:
      CMAKE_C_FLAGS: " /nologo /DWIN32 /D_WINDOWS /W3 /utf-8 /MP "
      CMAKE_MSVC_DEBUG_INFORMATION_FORMAT: ""
      CMAKE_MSVC_RUNTIME_LIBRARY: "MultiThreaded$<$<CONFIG:Debug>:Debug>$<$<STREQUAL:dynamic,dynamic>:DLL>"
      VCPKG_APPLOCAL_DEPS: "OFF"
      VCPKG_CHAINLOAD_TOOLCHAIN_FILE: "C:/Program Files/Microsoft Visual Studio/2022/Community/VC/vcpkg/scripts/toolchains/windows.cmake"
      VCPKG_TARGET_ARCHITECTURE: "x64"
      VCPKG_TARGET_TRIPLET: "x64-windows"
      Z_VCPKG_ROOT_DIR: "C:/Program Files/Microsoft Visual Studio/2022/Community/VC/vcpkg"
    buildResult:
      variable: "HAVE_STRCHR"
      cached: true
      stdout: |
        Change Dir: 'C:/Users/meloy/source/repos/TestPureCodeEquation/TestPureCodeEquation/vcpkg_installed/vcpkg/blds/fftw3/x64-windows-dbg/CMakeFiles/CMakeScratch/TryCompile-kq1b25'
        
        Run Build Command(s): "C:/Program Files/Microsoft Visual Studio/2022/Community/Common7/IDE/CommonExtensions/Microsoft/CMake/Ninja/ninja.exe" -v cmTC_0ee60
        [1/2] C:\\PROGRA~1\\MICROS~3\\2022\\Community\\VC\\Tools\\MSVC\\14.40.33807\\bin\\Hostx64\\x64\\cl.exe  /nologo   /nologo /DWIN32 /D_WINDOWS /W3 /utf-8 /MP   /MDd /Zi /Ob0 /Od /RTC1 /showIncludes /FoCMakeFiles\\cmTC_0ee60.dir\\CheckSymbolExists.c.obj /FdCMakeFiles\\cmTC_0ee60.dir\\ /FS -c C:\\Users\\meloy\\source\\repos\\TestPureCodeEquation\\TestPureCodeEquation\\vcpkg_installed\\vcpkg\\blds\\fftw3\\x64-windows-dbg\\CMakeFiles\\CMakeScratch\\TryCompile-kq1b25\\CheckSymbolExists.c
        [2/2] cmd.exe /C "cd . && "C:\\Program Files\\CMake\\bin\\cmake.exe" -E vs_link_exe --intdir=CMakeFiles\\cmTC_0ee60.dir --rc=C:\\PROGRA~2\\WI3CF2~1\\10\\bin\\10.0.22621.0\\x64\\rc.exe --mt=C:\\PROGRA~2\\WI3CF2~1\\10\\bin\\10.0.22621.0\\x64\\mt.exe --manifests  -- C:\\PROGRA~1\\MICROS~3\\2022\\Community\\VC\\Tools\\MSVC\\14.40.33807\\bin\\Hostx64\\x64\\link.exe /nologo CMakeFiles\\cmTC_0ee60.dir\\CheckSymbolExists.c.obj  /out:cmTC_0ee60.exe /implib:cmTC_0ee60.lib /pdb:cmTC_0ee60.pdb /version:0.0 /machine:x64  /debug /INCREMENTAL /subsystem:console  kernel32.lib user32.lib gdi32.lib winspool.lib shell32.lib ole32.lib oleaut32.lib uuid.lib comdlg32.lib advapi32.lib && cd ."
        
      exitCode: 0
  -
    kind: "try_compile-v1"
    backtrace:
      - "C:/Program Files/CMake/share/cmake-3.27/Modules/CheckSymbolExists.cmake:140 (try_compile)"
      - "C:/Program Files/CMake/share/cmake-3.27/Modules/CheckSymbolExists.cmake:66 (__CHECK_SYMBOL_EXISTS_IMPL)"
      - "CMakeLists.txt:89 (check_symbol_exists)"
    checks:
      - "Looking for sysctl"
    directories:
      source: "C:/Users/meloy/source/repos/TestPureCodeEquation/TestPureCodeEquation/vcpkg_installed/vcpkg/blds/fftw3/x64-windows-dbg/CMakeFiles/CMakeScratch/TryCompile-7sr6gl"
      binary: "C:/Users/meloy/source/repos/TestPureCodeEquation/TestPureCodeEquation/vcpkg_installed/vcpkg/blds/fftw3/x64-windows-dbg/CMakeFiles/CMakeScratch/TryCompile-7sr6gl"
    cmakeVariables:
      CMAKE_C_FLAGS: " /nologo /DWIN32 /D_WINDOWS /W3 /utf-8 /MP "
      CMAKE_MSVC_DEBUG_INFORMATION_FORMAT: ""
      CMAKE_MSVC_RUNTIME_LIBRARY: "MultiThreaded$<$<CONFIG:Debug>:Debug>$<$<STREQUAL:dynamic,dynamic>:DLL>"
      VCPKG_APPLOCAL_DEPS: "OFF"
      VCPKG_CHAINLOAD_TOOLCHAIN_FILE: "C:/Program Files/Microsoft Visual Studio/2022/Community/VC/vcpkg/scripts/toolchains/windows.cmake"
      VCPKG_TARGET_ARCHITECTURE: "x64"
      VCPKG_TARGET_TRIPLET: "x64-windows"
      Z_VCPKG_ROOT_DIR: "C:/Program Files/Microsoft Visual Studio/2022/Community/VC/vcpkg"
    buildResult:
      variable: "HAVE_SYSCTL"
      cached: true
      stdout: |
        Change Dir: 'C:/Users/meloy/source/repos/TestPureCodeEquation/TestPureCodeEquation/vcpkg_installed/vcpkg/blds/fftw3/x64-windows-dbg/CMakeFiles/CMakeScratch/TryCompile-7sr6gl'
        
        Run Build Command(s): "C:/Program Files/Microsoft Visual Studio/2022/Community/Common7/IDE/CommonExtensions/Microsoft/CMake/Ninja/ninja.exe" -v cmTC_a62e9
        [1/2] C:\\PROGRA~1\\MICROS~3\\2022\\Community\\VC\\Tools\\MSVC\\14.40.33807\\bin\\Hostx64\\x64\\cl.exe  /nologo   /nologo /DWIN32 /D_WINDOWS /W3 /utf-8 /MP   /MDd /Zi /Ob0 /Od /RTC1 /showIncludes /FoCMakeFiles\\cmTC_a62e9.dir\\CheckSymbolExists.c.obj /FdCMakeFiles\\cmTC_a62e9.dir\\ /FS -c C:\\Users\\meloy\\source\\repos\\TestPureCodeEquation\\TestPureCodeEquation\\vcpkg_installed\\vcpkg\\blds\\fftw3\\x64-windows-dbg\\CMakeFiles\\CMakeScratch\\TryCompile-7sr6gl\\CheckSymbolExists.c
        FAILED: CMakeFiles/cmTC_a62e9.dir/CheckSymbolExists.c.obj 
        C:\\PROGRA~1\\MICROS~3\\2022\\Community\\VC\\Tools\\MSVC\\14.40.33807\\bin\\Hostx64\\x64\\cl.exe  /nologo   /nologo /DWIN32 /D_WINDOWS /W3 /utf-8 /MP   /MDd /Zi /Ob0 /Od /RTC1 /showIncludes /FoCMakeFiles\\cmTC_a62e9.dir\\CheckSymbolExists.c.obj /FdCMakeFiles\\cmTC_a62e9.dir\\ /FS -c C:\\Users\\meloy\\source\\repos\\TestPureCodeEquation\\TestPureCodeEquation\\vcpkg_installed\\vcpkg\\blds\\fftw3\\x64-windows-dbg\\CMakeFiles\\CMakeScratch\\TryCompile-7sr6gl\\CheckSymbolExists.c
        C:\\Users\\meloy\\source\\repos\\TestPureCodeEquation\\TestPureCodeEquation\\vcpkg_installed\\vcpkg\\blds\\fftw3\\x64-windows-dbg\\CMakeFiles\\CMakeScratch\\TryCompile-7sr6gl\\CheckSymbolExists.c(2): fatal error C1083: Cannot open include file: 'unistd.h': No such file or directory
        ninja: build stopped: subcommand failed.
        
      exitCode: 1
  -
    kind: "try_compile-v1"
    backtrace:
      - "C:/Program Files/CMake/share/cmake-3.27/Modules/CheckSymbolExists.cmake:140 (try_compile)"
      - "C:/Program Files/CMake/share/cmake-3.27/Modules/CheckSymbolExists.cmake:66 (__CHECK_SYMBOL_EXISTS_IMPL)"
      - "CMakeLists.txt:94 (check_symbol_exists)"
    checks:
      - "Looking for cosl"
    directories:
      source: "C:/Users/meloy/source/repos/TestPureCodeEquation/TestPureCodeEquation/vcpkg_installed/vcpkg/blds/fftw3/x64-windows-dbg/CMakeFiles/CMakeScratch/TryCompile-6dww76"
      binary: "C:/Users/meloy/source/repos/TestPureCodeEquation/TestPureCodeEquation/vcpkg_installed/vcpkg/blds/fftw3/x64-windows-dbg/CMakeFiles/CMakeScratch/TryCompile-6dww76"
    cmakeVariables:
      CMAKE_C_FLAGS: " /nologo /DWIN32 /D_WINDOWS /W3 /utf-8 /MP "
      CMAKE_MSVC_DEBUG_INFORMATION_FORMAT: ""
      CMAKE_MSVC_RUNTIME_LIBRARY: "MultiThreaded$<$<CONFIG:Debug>:Debug>$<$<STREQUAL:dynamic,dynamic>:DLL>"
      VCPKG_APPLOCAL_DEPS: "OFF"
      VCPKG_CHAINLOAD_TOOLCHAIN_FILE: "C:/Program Files/Microsoft Visual Studio/2022/Community/VC/vcpkg/scripts/toolchains/windows.cmake"
      VCPKG_TARGET_ARCHITECTURE: "x64"
      VCPKG_TARGET_TRIPLET: "x64-windows"
      Z_VCPKG_ROOT_DIR: "C:/Program Files/Microsoft Visual Studio/2022/Community/VC/vcpkg"
    buildResult:
      variable: "HAVE_COSL"
      cached: true
      stdout: |
        Change Dir: 'C:/Users/meloy/source/repos/TestPureCodeEquation/TestPureCodeEquation/vcpkg_installed/vcpkg/blds/fftw3/x64-windows-dbg/CMakeFiles/CMakeScratch/TryCompile-6dww76'
        
        Run Build Command(s): "C:/Program Files/Microsoft Visual Studio/2022/Community/Common7/IDE/CommonExtensions/Microsoft/CMake/Ninja/ninja.exe" -v cmTC_33659
        [1/2] C:\\PROGRA~1\\MICROS~3\\2022\\Community\\VC\\Tools\\MSVC\\14.40.33807\\bin\\Hostx64\\x64\\cl.exe  /nologo   /nologo /DWIN32 /D_WINDOWS /W3 /utf-8 /MP   /MDd /Zi /Ob0 /Od /RTC1 /showIncludes /FoCMakeFiles\\cmTC_33659.dir\\CheckSymbolExists.c.obj /FdCMakeFiles\\cmTC_33659.dir\\ /FS -c C:\\Users\\meloy\\source\\repos\\TestPureCodeEquation\\TestPureCodeEquation\\vcpkg_installed\\vcpkg\\blds\\fftw3\\x64-windows-dbg\\CMakeFiles\\CMakeScratch\\TryCompile-6dww76\\CheckSymbolExists.c
        [2/2] cmd.exe /C "cd . && "C:\\Program Files\\CMake\\bin\\cmake.exe" -E vs_link_exe --intdir=CMakeFiles\\cmTC_33659.dir --rc=C:\\PROGRA~2\\WI3CF2~1\\10\\bin\\10.0.22621.0\\x64\\rc.exe --mt=C:\\PROGRA~2\\WI3CF2~1\\10\\bin\\10.0.22621.0\\x64\\mt.exe --manifests  -- C:\\PROGRA~1\\MICROS~3\\2022\\Community\\VC\\Tools\\MSVC\\14.40.33807\\bin\\Hostx64\\x64\\link.exe /nologo CMakeFiles\\cmTC_33659.dir\\CheckSymbolExists.c.obj  /out:cmTC_33659.exe /implib:cmTC_33659.lib /pdb:cmTC_33659.pdb /version:0.0 /machine:x64  /debug /INCREMENTAL /subsystem:console  kernel32.lib user32.lib gdi32.lib winspool.lib shell32.lib ole32.lib oleaut32.lib uuid.lib comdlg32.lib advapi32.lib && cd ."
        
      exitCode: 0
  -
    kind: "try_compile-v1"
    backtrace:
      - "C:/Program Files/CMake/share/cmake-3.27/Modules/CheckSymbolExists.cmake:140 (try_compile)"
      - "C:/Program Files/CMake/share/cmake-3.27/Modules/CheckSymbolExists.cmake:66 (__CHECK_SYMBOL_EXISTS_IMPL)"
      - "CMakeLists.txt:95 (check_symbol_exists)"
    checks:
      - "Looking for sinl"
    directories:
      source: "C:/Users/meloy/source/repos/TestPureCodeEquation/TestPureCodeEquation/vcpkg_installed/vcpkg/blds/fftw3/x64-windows-dbg/CMakeFiles/CMakeScratch/TryCompile-hx7ogt"
      binary: "C:/Users/meloy/source/repos/TestPureCodeEquation/TestPureCodeEquation/vcpkg_installed/vcpkg/blds/fftw3/x64-windows-dbg/CMakeFiles/CMakeScratch/TryCompile-hx7ogt"
    cmakeVariables:
      CMAKE_C_FLAGS: " /nologo /DWIN32 /D_WINDOWS /W3 /utf-8 /MP "
      CMAKE_MSVC_DEBUG_INFORMATION_FORMAT: ""
      CMAKE_MSVC_RUNTIME_LIBRARY: "MultiThreaded$<$<CONFIG:Debug>:Debug>$<$<STREQUAL:dynamic,dynamic>:DLL>"
      VCPKG_APPLOCAL_DEPS: "OFF"
      VCPKG_CHAINLOAD_TOOLCHAIN_FILE: "C:/Program Files/Microsoft Visual Studio/2022/Community/VC/vcpkg/scripts/toolchains/windows.cmake"
      VCPKG_TARGET_ARCHITECTURE: "x64"
      VCPKG_TARGET_TRIPLET: "x64-windows"
      Z_VCPKG_ROOT_DIR: "C:/Program Files/Microsoft Visual Studio/2022/Community/VC/vcpkg"
    buildResult:
      variable: "HAVE_SINL"
      cached: true
      stdout: |
        Change Dir: 'C:/Users/meloy/source/repos/TestPureCodeEquation/TestPureCodeEquation/vcpkg_installed/vcpkg/blds/fftw3/x64-windows-dbg/CMakeFiles/CMakeScratch/TryCompile-hx7ogt'
        
        Run Build Command(s): "C:/Program Files/Microsoft Visual Studio/2022/Community/Common7/IDE/CommonExtensions/Microsoft/CMake/Ninja/ninja.exe" -v cmTC_2ee85
        [1/2] C:\\PROGRA~1\\MICROS~3\\2022\\Community\\VC\\Tools\\MSVC\\14.40.33807\\bin\\Hostx64\\x64\\cl.exe  /nologo   /nologo /DWIN32 /D_WINDOWS /W3 /utf-8 /MP   /MDd /Zi /Ob0 /Od /RTC1 /showIncludes /FoCMakeFiles\\cmTC_2ee85.dir\\CheckSymbolExists.c.obj /FdCMakeFiles\\cmTC_2ee85.dir\\ /FS -c C:\\Users\\meloy\\source\\repos\\TestPureCodeEquation\\TestPureCodeEquation\\vcpkg_installed\\vcpkg\\blds\\fftw3\\x64-windows-dbg\\CMakeFiles\\CMakeScratch\\TryCompile-hx7ogt\\CheckSymbolExists.c
        [2/2] cmd.exe /C "cd . && "C:\\Program Files\\CMake\\bin\\cmake.exe" -E vs_link_exe --intdir=CMakeFiles\\cmTC_2ee85.dir --rc=C:\\PROGRA~2\\WI3CF2~1\\10\\bin\\10.0.22621.0\\x64\\rc.exe --mt=C:\\PROGRA~2\\WI3CF2~1\\10\\bin\\10.0.22621.0\\x64\\mt.exe --manifests  -- C:\\PROGRA~1\\MICROS~3\\2022\\Community\\VC\\Tools\\MSVC\\14.40.33807\\bin\\Hostx64\\x64\\link.exe /nologo CMakeFiles\\cmTC_2ee85.dir\\CheckSymbolExists.c.obj  /out:cmTC_2ee85.exe /implib:cmTC_2ee85.lib /pdb:cmTC_2ee85.pdb /version:0.0 /machine:x64  /debug /INCREMENTAL /subsystem:console  kernel32.lib user32.lib gdi32.lib winspool.lib shell32.lib ole32.lib oleaut32.lib uuid.lib comdlg32.lib advapi32.lib && cd ."
        
      exitCode: 0
  -
    kind: "try_compile-v1"
    backtrace:
      - "C:/Program Files/CMake/share/cmake-3.27/Modules/CheckTypeSize.cmake:146 (try_compile)"
      - "C:/Program Files/CMake/share/cmake-3.27/Modules/CheckTypeSize.cmake:271 (__check_type_size_impl)"
      - "CMakeLists.txt:98 (check_type_size)"
    checks:
      - "Check size of float"
    directories:
      source: "C:/Users/meloy/source/repos/TestPureCodeEquation/TestPureCodeEquation/vcpkg_installed/vcpkg/blds/fftw3/x64-windows-dbg/CMakeFiles/CMakeScratch/TryCompile-cvwyxn"
      binary: "C:/Users/meloy/source/repos/TestPureCodeEquation/TestPureCodeEquation/vcpkg_installed/vcpkg/blds/fftw3/x64-windows-dbg/CMakeFiles/CMakeScratch/TryCompile-cvwyxn"
    cmakeVariables:
      CMAKE_C_FLAGS: " /nologo /DWIN32 /D_WINDOWS /W3 /utf-8 /MP "
      CMAKE_MSVC_DEBUG_INFORMATION_FORMAT: ""
      CMAKE_MSVC_RUNTIME_LIBRARY: "MultiThreaded$<$<CONFIG:Debug>:Debug>$<$<STREQUAL:dynamic,dynamic>:DLL>"
      VCPKG_APPLOCAL_DEPS: "OFF"
      VCPKG_CHAINLOAD_TOOLCHAIN_FILE: "C:/Program Files/Microsoft Visual Studio/2022/Community/VC/vcpkg/scripts/toolchains/windows.cmake"
      VCPKG_TARGET_ARCHITECTURE: "x64"
      VCPKG_TARGET_TRIPLET: "x64-windows"
      Z_VCPKG_ROOT_DIR: "C:/Program Files/Microsoft Visual Studio/2022/Community/VC/vcpkg"
    buildResult:
      variable: "HAVE_SIZEOF_FLOAT"
      cached: true
      stdout: |
        Change Dir: 'C:/Users/meloy/source/repos/TestPureCodeEquation/TestPureCodeEquation/vcpkg_installed/vcpkg/blds/fftw3/x64-windows-dbg/CMakeFiles/CMakeScratch/TryCompile-cvwyxn'
        
        Run Build Command(s): "C:/Program Files/Microsoft Visual Studio/2022/Community/Common7/IDE/CommonExtensions/Microsoft/CMake/Ninja/ninja.exe" -v cmTC_97e2b
        [1/2] C:\\PROGRA~1\\MICROS~3\\2022\\Community\\VC\\Tools\\MSVC\\14.40.33807\\bin\\Hostx64\\x64\\cl.exe  /nologo   /nologo /DWIN32 /D_WINDOWS /W3 /utf-8 /MP   /MDd /Zi /Ob0 /Od /RTC1 /showIncludes /FoCMakeFiles\\cmTC_97e2b.dir\\SIZEOF_FLOAT.c.obj /FdCMakeFiles\\cmTC_97e2b.dir\\ /FS -c C:\\Users\\meloy\\source\\repos\\TestPureCodeEquation\\TestPureCodeEquation\\vcpkg_installed\\vcpkg\\blds\\fftw3\\x64-windows-dbg\\CMakeFiles\\CMakeScratch\\TryCompile-cvwyxn\\SIZEOF_FLOAT.c
        [2/2] cmd.exe /C "cd . && "C:\\Program Files\\CMake\\bin\\cmake.exe" -E vs_link_exe --intdir=CMakeFiles\\cmTC_97e2b.dir --rc=C:\\PROGRA~2\\WI3CF2~1\\10\\bin\\10.0.22621.0\\x64\\rc.exe --mt=C:\\PROGRA~2\\WI3CF2~1\\10\\bin\\10.0.22621.0\\x64\\mt.exe --manifests  -- C:\\PROGRA~1\\MICROS~3\\2022\\Community\\VC\\Tools\\MSVC\\14.40.33807\\bin\\Hostx64\\x64\\link.exe /nologo CMakeFiles\\cmTC_97e2b.dir\\SIZEOF_FLOAT.c.obj  /out:cmTC_97e2b.exe /implib:cmTC_97e2b.lib /pdb:cmTC_97e2b.pdb /version:0.0 /machine:x64  /debug /INCREMENTAL /subsystem:console  kernel32.lib user32.lib gdi32.lib winspool.lib shell32.lib ole32.lib oleaut32.lib uuid.lib comdlg32.lib advapi32.lib && cd ."
        
      exitCode: 0
  -
    kind: "try_compile-v1"
    backtrace:
      - "C:/Program Files/CMake/share/cmake-3.27/Modules/CheckTypeSize.cmake:146 (try_compile)"
      - "C:/Program Files/CMake/share/cmake-3.27/Modules/CheckTypeSize.cmake:271 (__check_type_size_impl)"
      - "CMakeLists.txt:99 (check_type_size)"
    checks:
      - "Check size of double"
    directories:
      source: "C:/Users/meloy/source/repos/TestPureCodeEquation/TestPureCodeEquation/vcpkg_installed/vcpkg/blds/fftw3/x64-windows-dbg/CMakeFiles/CMakeScratch/TryCompile-zkfhn3"
      binary: "C:/Users/meloy/source/repos/TestPureCodeEquation/TestPureCodeEquation/vcpkg_installed/vcpkg/blds/fftw3/x64-windows-dbg/CMakeFiles/CMakeScratch/TryCompile-zkfhn3"
    cmakeVariables:
      CMAKE_C_FLAGS: " /nologo /DWIN32 /D_WINDOWS /W3 /utf-8 /MP "
      CMAKE_MSVC_DEBUG_INFORMATION_FORMAT: ""
      CMAKE_MSVC_RUNTIME_LIBRARY: "MultiThreaded$<$<CONFIG:Debug>:Debug>$<$<STREQUAL:dynamic,dynamic>:DLL>"
      VCPKG_APPLOCAL_DEPS: "OFF"
      VCPKG_CHAINLOAD_TOOLCHAIN_FILE: "C:/Program Files/Microsoft Visual Studio/2022/Community/VC/vcpkg/scripts/toolchains/windows.cmake"
      VCPKG_TARGET_ARCHITECTURE: "x64"
      VCPKG_TARGET_TRIPLET: "x64-windows"
      Z_VCPKG_ROOT_DIR: "C:/Program Files/Microsoft Visual Studio/2022/Community/VC/vcpkg"
    buildResult:
      variable: "HAVE_SIZEOF_DOUBLE"
      cached: true
      stdout: |
        Change Dir: 'C:/Users/meloy/source/repos/TestPureCodeEquation/TestPureCodeEquation/vcpkg_installed/vcpkg/blds/fftw3/x64-windows-dbg/CMakeFiles/CMakeScratch/TryCompile-zkfhn3'
        
        Run Build Command(s): "C:/Program Files/Microsoft Visual Studio/2022/Community/Common7/IDE/CommonExtensions/Microsoft/CMake/Ninja/ninja.exe" -v cmTC_a40b8
        [1/2] C:\\PROGRA~1\\MICROS~3\\2022\\Community\\VC\\Tools\\MSVC\\14.40.33807\\bin\\Hostx64\\x64\\cl.exe  /nologo   /nologo /DWIN32 /D_WINDOWS /W3 /utf-8 /MP   /MDd /Zi /Ob0 /Od /RTC1 /showIncludes /FoCMakeFiles\\cmTC_a40b8.dir\\SIZEOF_DOUBLE.c.obj /FdCMakeFiles\\cmTC_a40b8.dir\\ /FS -c C:\\Users\\meloy\\source\\repos\\TestPureCodeEquation\\TestPureCodeEquation\\vcpkg_installed\\vcpkg\\blds\\fftw3\\x64-windows-dbg\\CMakeFiles\\CMakeScratch\\TryCompile-zkfhn3\\SIZEOF_DOUBLE.c
        [2/2] cmd.exe /C "cd . && "C:\\Program Files\\CMake\\bin\\cmake.exe" -E vs_link_exe --intdir=CMakeFiles\\cmTC_a40b8.dir --rc=C:\\PROGRA~2\\WI3CF2~1\\10\\bin\\10.0.22621.0\\x64\\rc.exe --mt=C:\\PROGRA~2\\WI3CF2~1\\10\\bin\\10.0.22621.0\\x64\\mt.exe --manifests  -- C:\\PROGRA~1\\MICROS~3\\2022\\Community\\VC\\Tools\\MSVC\\14.40.33807\\bin\\Hostx64\\x64\\link.exe /nologo CMakeFiles\\cmTC_a40b8.dir\\SIZEOF_DOUBLE.c.obj  /out:cmTC_a40b8.exe /implib:cmTC_a40b8.lib /pdb:cmTC_a40b8.pdb /version:0.0 /machine:x64  /debug /INCREMENTAL /subsystem:console  kernel32.lib user32.lib gdi32.lib winspool.lib shell32.lib ole32.lib oleaut32.lib uuid.lib comdlg32.lib advapi32.lib && cd ."
        
      exitCode: 0
  -
    kind: "try_compile-v1"
    backtrace:
      - "C:/Program Files/CMake/share/cmake-3.27/Modules/CheckTypeSize.cmake:146 (try_compile)"
      - "C:/Program Files/CMake/share/cmake-3.27/Modules/CheckTypeSize.cmake:271 (__check_type_size_impl)"
      - "CMakeLists.txt:100 (check_type_size)"
    checks:
      - "Check size of int"
    directories:
      source: "C:/Users/meloy/source/repos/TestPureCodeEquation/TestPureCodeEquation/vcpkg_installed/vcpkg/blds/fftw3/x64-windows-dbg/CMakeFiles/CMakeScratch/TryCompile-tj1qop"
      binary: "C:/Users/meloy/source/repos/TestPureCodeEquation/TestPureCodeEquation/vcpkg_installed/vcpkg/blds/fftw3/x64-windows-dbg/CMakeFiles/CMakeScratch/TryCompile-tj1qop"
    cmakeVariables:
      CMAKE_C_FLAGS: " /nologo /DWIN32 /D_WINDOWS /W3 /utf-8 /MP "
      CMAKE_MSVC_DEBUG_INFORMATION_FORMAT: ""
      CMAKE_MSVC_RUNTIME_LIBRARY: "MultiThreaded$<$<CONFIG:Debug>:Debug>$<$<STREQUAL:dynamic,dynamic>:DLL>"
      VCPKG_APPLOCAL_DEPS: "OFF"
      VCPKG_CHAINLOAD_TOOLCHAIN_FILE: "C:/Program Files/Microsoft Visual Studio/2022/Community/VC/vcpkg/scripts/toolchains/windows.cmake"
      VCPKG_TARGET_ARCHITECTURE: "x64"
      VCPKG_TARGET_TRIPLET: "x64-windows"
      Z_VCPKG_ROOT_DIR: "C:/Program Files/Microsoft Visual Studio/2022/Community/VC/vcpkg"
    buildResult:
      variable: "HAVE_SIZEOF_INT"
      cached: true
      stdout: |
        Change Dir: 'C:/Users/meloy/source/repos/TestPureCodeEquation/TestPureCodeEquation/vcpkg_installed/vcpkg/blds/fftw3/x64-windows-dbg/CMakeFiles/CMakeScratch/TryCompile-tj1qop'
        
        Run Build Command(s): "C:/Program Files/Microsoft Visual Studio/2022/Community/Common7/IDE/CommonExtensions/Microsoft/CMake/Ninja/ninja.exe" -v cmTC_dd6d7
        [1/2] C:\\PROGRA~1\\MICROS~3\\2022\\Community\\VC\\Tools\\MSVC\\14.40.33807\\bin\\Hostx64\\x64\\cl.exe  /nologo   /nologo /DWIN32 /D_WINDOWS /W3 /utf-8 /MP   /MDd /Zi /Ob0 /Od /RTC1 /showIncludes /FoCMakeFiles\\cmTC_dd6d7.dir\\SIZEOF_INT.c.obj /FdCMakeFiles\\cmTC_dd6d7.dir\\ /FS -c C:\\Users\\meloy\\source\\repos\\TestPureCodeEquation\\TestPureCodeEquation\\vcpkg_installed\\vcpkg\\blds\\fftw3\\x64-windows-dbg\\CMakeFiles\\CMakeScratch\\TryCompile-tj1qop\\SIZEOF_INT.c
        [2/2] cmd.exe /C "cd . && "C:\\Program Files\\CMake\\bin\\cmake.exe" -E vs_link_exe --intdir=CMakeFiles\\cmTC_dd6d7.dir --rc=C:\\PROGRA~2\\WI3CF2~1\\10\\bin\\10.0.22621.0\\x64\\rc.exe --mt=C:\\PROGRA~2\\WI3CF2~1\\10\\bin\\10.0.22621.0\\x64\\mt.exe --manifests  -- C:\\PROGRA~1\\MICROS~3\\2022\\Community\\VC\\Tools\\MSVC\\14.40.33807\\bin\\Hostx64\\x64\\link.exe /nologo CMakeFiles\\cmTC_dd6d7.dir\\SIZEOF_INT.c.obj  /out:cmTC_dd6d7.exe /implib:cmTC_dd6d7.lib /pdb:cmTC_dd6d7.pdb /version:0.0 /machine:x64  /debug /INCREMENTAL /subsystem:console  kernel32.lib user32.lib gdi32.lib winspool.lib shell32.lib ole32.lib oleaut32.lib uuid.lib comdlg32.lib advapi32.lib && cd ."
        
      exitCode: 0
  -
    kind: "try_compile-v1"
    backtrace:
      - "C:/Program Files/CMake/share/cmake-3.27/Modules/CheckTypeSize.cmake:146 (try_compile)"
      - "C:/Program Files/CMake/share/cmake-3.27/Modules/CheckTypeSize.cmake:271 (__check_type_size_impl)"
      - "CMakeLists.txt:101 (check_type_size)"
    checks:
      - "Check size of long"
    directories:
      source: "C:/Users/meloy/source/repos/TestPureCodeEquation/TestPureCodeEquation/vcpkg_installed/vcpkg/blds/fftw3/x64-windows-dbg/CMakeFiles/CMakeScratch/TryCompile-6hzop8"
      binary: "C:/Users/meloy/source/repos/TestPureCodeEquation/TestPureCodeEquation/vcpkg_installed/vcpkg/blds/fftw3/x64-windows-dbg/CMakeFiles/CMakeScratch/TryCompile-6hzop8"
    cmakeVariables:
      CMAKE_C_FLAGS: " /nologo /DWIN32 /D_WINDOWS /W3 /utf-8 /MP "
      CMAKE_MSVC_DEBUG_INFORMATION_FORMAT: ""
      CMAKE_MSVC_RUNTIME_LIBRARY: "MultiThreaded$<$<CONFIG:Debug>:Debug>$<$<STREQUAL:dynamic,dynamic>:DLL>"
      VCPKG_APPLOCAL_DEPS: "OFF"
      VCPKG_CHAINLOAD_TOOLCHAIN_FILE: "C:/Program Files/Microsoft Visual Studio/2022/Community/VC/vcpkg/scripts/toolchains/windows.cmake"
      VCPKG_TARGET_ARCHITECTURE: "x64"
      VCPKG_TARGET_TRIPLET: "x64-windows"
      Z_VCPKG_ROOT_DIR: "C:/Program Files/Microsoft Visual Studio/2022/Community/VC/vcpkg"
    buildResult:
      variable: "HAVE_SIZEOF_LONG"
      cached: true
      stdout: |
        Change Dir: 'C:/Users/meloy/source/repos/TestPureCodeEquation/TestPureCodeEquation/vcpkg_installed/vcpkg/blds/fftw3/x64-windows-dbg/CMakeFiles/CMakeScratch/TryCompile-6hzop8'
        
        Run Build Command(s): "C:/Program Files/Microsoft Visual Studio/2022/Community/Common7/IDE/CommonExtensions/Microsoft/CMake/Ninja/ninja.exe" -v cmTC_1f1fe
        [1/2] C:\\PROGRA~1\\MICROS~3\\2022\\Community\\VC\\Tools\\MSVC\\14.40.33807\\bin\\Hostx64\\x64\\cl.exe  /nologo   /nologo /DWIN32 /D_WINDOWS /W3 /utf-8 /MP   /MDd /Zi /Ob0 /Od /RTC1 /showIncludes /FoCMakeFiles\\cmTC_1f1fe.dir\\SIZEOF_LONG.c.obj /FdCMakeFiles\\cmTC_1f1fe.dir\\ /FS -c C:\\Users\\meloy\\source\\repos\\TestPureCodeEquation\\TestPureCodeEquation\\vcpkg_installed\\vcpkg\\blds\\fftw3\\x64-windows-dbg\\CMakeFiles\\CMakeScratch\\TryCompile-6hzop8\\SIZEOF_LONG.c
        [2/2] cmd.exe /C "cd . && "C:\\Program Files\\CMake\\bin\\cmake.exe" -E vs_link_exe --intdir=CMakeFiles\\cmTC_1f1fe.dir --rc=C:\\PROGRA~2\\WI3CF2~1\\10\\bin\\10.0.22621.0\\x64\\rc.exe --mt=C:\\PROGRA~2\\WI3CF2~1\\10\\bin\\10.0.22621.0\\x64\\mt.exe --manifests  -- C:\\PROGRA~1\\MICROS~3\\2022\\Community\\VC\\Tools\\MSVC\\14.40.33807\\bin\\Hostx64\\x64\\link.exe /nologo CMakeFiles\\cmTC_1f1fe.dir\\SIZEOF_LONG.c.obj  /out:cmTC_1f1fe.exe /implib:cmTC_1f1fe.lib /pdb:cmTC_1f1fe.pdb /version:0.0 /machine:x64  /debug /INCREMENTAL /subsystem:console  kernel32.lib user32.lib gdi32.lib winspool.lib shell32.lib ole32.lib oleaut32.lib uuid.lib comdlg32.lib advapi32.lib && cd ."
        
      exitCode: 0
  -
    kind: "try_compile-v1"
    backtrace:
      - "C:/Program Files/CMake/share/cmake-3.27/Modules/CheckTypeSize.cmake:146 (try_compile)"
      - "C:/Program Files/CMake/share/cmake-3.27/Modules/CheckTypeSize.cmake:271 (__check_type_size_impl)"
      - "CMakeLists.txt:102 (check_type_size)"
    checks:
      - "Check size of long long"
    directories:
      source: "C:/Users/meloy/source/repos/TestPureCodeEquation/TestPureCodeEquation/vcpkg_installed/vcpkg/blds/fftw3/x64-windows-dbg/CMakeFiles/CMakeScratch/TryCompile-rtx2iz"
      binary: "C:/Users/meloy/source/repos/TestPureCodeEquation/TestPureCodeEquation/vcpkg_installed/vcpkg/blds/fftw3/x64-windows-dbg/CMakeFiles/CMakeScratch/TryCompile-rtx2iz"
    cmakeVariables:
      CMAKE_C_FLAGS: " /nologo /DWIN32 /D_WINDOWS /W3 /utf-8 /MP "
      CMAKE_MSVC_DEBUG_INFORMATION_FORMAT: ""
      CMAKE_MSVC_RUNTIME_LIBRARY: "MultiThreaded$<$<CONFIG:Debug>:Debug>$<$<STREQUAL:dynamic,dynamic>:DLL>"
      VCPKG_APPLOCAL_DEPS: "OFF"
      VCPKG_CHAINLOAD_TOOLCHAIN_FILE: "C:/Program Files/Microsoft Visual Studio/2022/Community/VC/vcpkg/scripts/toolchains/windows.cmake"
      VCPKG_TARGET_ARCHITECTURE: "x64"
      VCPKG_TARGET_TRIPLET: "x64-windows"
      Z_VCPKG_ROOT_DIR: "C:/Program Files/Microsoft Visual Studio/2022/Community/VC/vcpkg"
    buildResult:
      variable: "HAVE_SIZEOF_LONG_LONG"
      cached: true
      stdout: |
        Change Dir: 'C:/Users/meloy/source/repos/TestPureCodeEquation/TestPureCodeEquation/vcpkg_installed/vcpkg/blds/fftw3/x64-windows-dbg/CMakeFiles/CMakeScratch/TryCompile-rtx2iz'
        
        Run Build Command(s): "C:/Program Files/Microsoft Visual Studio/2022/Community/Common7/IDE/CommonExtensions/Microsoft/CMake/Ninja/ninja.exe" -v cmTC_a76ea
        [1/2] C:\\PROGRA~1\\MICROS~3\\2022\\Community\\VC\\Tools\\MSVC\\14.40.33807\\bin\\Hostx64\\x64\\cl.exe  /nologo   /nologo /DWIN32 /D_WINDOWS /W3 /utf-8 /MP   /MDd /Zi /Ob0 /Od /RTC1 /showIncludes /FoCMakeFiles\\cmTC_a76ea.dir\\SIZEOF_LONG_LONG.c.obj /FdCMakeFiles\\cmTC_a76ea.dir\\ /FS -c C:\\Users\\meloy\\source\\repos\\TestPureCodeEquation\\TestPureCodeEquation\\vcpkg_installed\\vcpkg\\blds\\fftw3\\x64-windows-dbg\\CMakeFiles\\CMakeScratch\\TryCompile-rtx2iz\\SIZEOF_LONG_LONG.c
        [2/2] cmd.exe /C "cd . && "C:\\Program Files\\CMake\\bin\\cmake.exe" -E vs_link_exe --intdir=CMakeFiles\\cmTC_a76ea.dir --rc=C:\\PROGRA~2\\WI3CF2~1\\10\\bin\\10.0.22621.0\\x64\\rc.exe --mt=C:\\PROGRA~2\\WI3CF2~1\\10\\bin\\10.0.22621.0\\x64\\mt.exe --manifests  -- C:\\PROGRA~1\\MICROS~3\\2022\\Community\\VC\\Tools\\MSVC\\14.40.33807\\bin\\Hostx64\\x64\\link.exe /nologo CMakeFiles\\cmTC_a76ea.dir\\SIZEOF_LONG_LONG.c.obj  /out:cmTC_a76ea.exe /implib:cmTC_a76ea.lib /pdb:cmTC_a76ea.pdb /version:0.0 /machine:x64  /debug /INCREMENTAL /subsystem:console  kernel32.lib user32.lib gdi32.lib winspool.lib shell32.lib ole32.lib oleaut32.lib uuid.lib comdlg32.lib advapi32.lib && cd ."
        
      exitCode: 0
  -
    kind: "try_compile-v1"
    backtrace:
      - "C:/Program Files/CMake/share/cmake-3.27/Modules/CheckTypeSize.cmake:146 (try_compile)"
      - "C:/Program Files/CMake/share/cmake-3.27/Modules/CheckTypeSize.cmake:271 (__check_type_size_impl)"
      - "CMakeLists.txt:103 (check_type_size)"
    checks:
      - "Check size of unsigned int"
    directories:
      source: "C:/Users/meloy/source/repos/TestPureCodeEquation/TestPureCodeEquation/vcpkg_installed/vcpkg/blds/fftw3/x64-windows-dbg/CMakeFiles/CMakeScratch/TryCompile-larz1l"
      binary: "C:/Users/meloy/source/repos/TestPureCodeEquation/TestPureCodeEquation/vcpkg_installed/vcpkg/blds/fftw3/x64-windows-dbg/CMakeFiles/CMakeScratch/TryCompile-larz1l"
    cmakeVariables:
      CMAKE_C_FLAGS: " /nologo /DWIN32 /D_WINDOWS /W3 /utf-8 /MP "
      CMAKE_MSVC_DEBUG_INFORMATION_FORMAT: ""
      CMAKE_MSVC_RUNTIME_LIBRARY: "MultiThreaded$<$<CONFIG:Debug>:Debug>$<$<STREQUAL:dynamic,dynamic>:DLL>"
      VCPKG_APPLOCAL_DEPS: "OFF"
      VCPKG_CHAINLOAD_TOOLCHAIN_FILE: "C:/Program Files/Microsoft Visual Studio/2022/Community/VC/vcpkg/scripts/toolchains/windows.cmake"
      VCPKG_TARGET_ARCHITECTURE: "x64"
      VCPKG_TARGET_TRIPLET: "x64-windows"
      Z_VCPKG_ROOT_DIR: "C:/Program Files/Microsoft Visual Studio/2022/Community/VC/vcpkg"
    buildResult:
      variable: "HAVE_SIZEOF_UNSIGNED_INT"
      cached: true
      stdout: |
        Change Dir: 'C:/Users/meloy/source/repos/TestPureCodeEquation/TestPureCodeEquation/vcpkg_installed/vcpkg/blds/fftw3/x64-windows-dbg/CMakeFiles/CMakeScratch/TryCompile-larz1l'
        
        Run Build Command(s): "C:/Program Files/Microsoft Visual Studio/2022/Community/Common7/IDE/CommonExtensions/Microsoft/CMake/Ninja/ninja.exe" -v cmTC_00284
        [1/2] C:\\PROGRA~1\\MICROS~3\\2022\\Community\\VC\\Tools\\MSVC\\14.40.33807\\bin\\Hostx64\\x64\\cl.exe  /nologo   /nologo /DWIN32 /D_WINDOWS /W3 /utf-8 /MP   /MDd /Zi /Ob0 /Od /RTC1 /showIncludes /FoCMakeFiles\\cmTC_00284.dir\\SIZEOF_UNSIGNED_INT.c.obj /FdCMakeFiles\\cmTC_00284.dir\\ /FS -c C:\\Users\\meloy\\source\\repos\\TestPureCodeEquation\\TestPureCodeEquation\\vcpkg_installed\\vcpkg\\blds\\fftw3\\x64-windows-dbg\\CMakeFiles\\CMakeScratch\\TryCompile-larz1l\\SIZEOF_UNSIGNED_INT.c
        [2/2] cmd.exe /C "cd . && "C:\\Program Files\\CMake\\bin\\cmake.exe" -E vs_link_exe --intdir=CMakeFiles\\cmTC_00284.dir --rc=C:\\PROGRA~2\\WI3CF2~1\\10\\bin\\10.0.22621.0\\x64\\rc.exe --mt=C:\\PROGRA~2\\WI3CF2~1\\10\\bin\\10.0.22621.0\\x64\\mt.exe --manifests  -- C:\\PROGRA~1\\MICROS~3\\2022\\Community\\VC\\Tools\\MSVC\\14.40.33807\\bin\\Hostx64\\x64\\link.exe /nologo CMakeFiles\\cmTC_00284.dir\\SIZEOF_UNSIGNED_INT.c.obj  /out:cmTC_00284.exe /implib:cmTC_00284.lib /pdb:cmTC_00284.pdb /version:0.0 /machine:x64  /debug /INCREMENTAL /subsystem:console  kernel32.lib user32.lib gdi32.lib winspool.lib shell32.lib ole32.lib oleaut32.lib uuid.lib comdlg32.lib advapi32.lib && cd ."
        
      exitCode: 0
  -
    kind: "try_compile-v1"
    backtrace:
      - "C:/Program Files/CMake/share/cmake-3.27/Modules/CheckTypeSize.cmake:146 (try_compile)"
      - "C:/Program Files/CMake/share/cmake-3.27/Modules/CheckTypeSize.cmake:271 (__check_type_size_impl)"
      - "CMakeLists.txt:104 (check_type_size)"
    checks:
      - "Check size of unsigned long"
    directories:
      source: "C:/Users/meloy/source/repos/TestPureCodeEquation/TestPureCodeEquation/vcpkg_installed/vcpkg/blds/fftw3/x64-windows-dbg/CMakeFiles/CMakeScratch/TryCompile-72kx3r"
      binary: "C:/Users/meloy/source/repos/TestPureCodeEquation/TestPureCodeEquation/vcpkg_installed/vcpkg/blds/fftw3/x64-windows-dbg/CMakeFiles/CMakeScratch/TryCompile-72kx3r"
    cmakeVariables:
      CMAKE_C_FLAGS: " /nologo /DWIN32 /D_WINDOWS /W3 /utf-8 /MP "
      CMAKE_MSVC_DEBUG_INFORMATION_FORMAT: ""
      CMAKE_MSVC_RUNTIME_LIBRARY: "MultiThreaded$<$<CONFIG:Debug>:Debug>$<$<STREQUAL:dynamic,dynamic>:DLL>"
      VCPKG_APPLOCAL_DEPS: "OFF"
      VCPKG_CHAINLOAD_TOOLCHAIN_FILE: "C:/Program Files/Microsoft Visual Studio/2022/Community/VC/vcpkg/scripts/toolchains/windows.cmake"
      VCPKG_TARGET_ARCHITECTURE: "x64"
      VCPKG_TARGET_TRIPLET: "x64-windows"
      Z_VCPKG_ROOT_DIR: "C:/Program Files/Microsoft Visual Studio/2022/Community/VC/vcpkg"
    buildResult:
      variable: "HAVE_SIZEOF_UNSIGNED_LONG"
      cached: true
      stdout: |
        Change Dir: 'C:/Users/meloy/source/repos/TestPureCodeEquation/TestPureCodeEquation/vcpkg_installed/vcpkg/blds/fftw3/x64-windows-dbg/CMakeFiles/CMakeScratch/TryCompile-72kx3r'
        
        Run Build Command(s): "C:/Program Files/Microsoft Visual Studio/2022/Community/Common7/IDE/CommonExtensions/Microsoft/CMake/Ninja/ninja.exe" -v cmTC_8f498
        [1/2] C:\\PROGRA~1\\MICROS~3\\2022\\Community\\VC\\Tools\\MSVC\\14.40.33807\\bin\\Hostx64\\x64\\cl.exe  /nologo   /nologo /DWIN32 /D_WINDOWS /W3 /utf-8 /MP   /MDd /Zi /Ob0 /Od /RTC1 /showIncludes /FoCMakeFiles\\cmTC_8f498.dir\\SIZEOF_UNSIGNED_LONG.c.obj /FdCMakeFiles\\cmTC_8f498.dir\\ /FS -c C:\\Users\\meloy\\source\\repos\\TestPureCodeEquation\\TestPureCodeEquation\\vcpkg_installed\\vcpkg\\blds\\fftw3\\x64-windows-dbg\\CMakeFiles\\CMakeScratch\\TryCompile-72kx3r\\SIZEOF_UNSIGNED_LONG.c
        [2/2] cmd.exe /C "cd . && "C:\\Program Files\\CMake\\bin\\cmake.exe" -E vs_link_exe --intdir=CMakeFiles\\cmTC_8f498.dir --rc=C:\\PROGRA~2\\WI3CF2~1\\10\\bin\\10.0.22621.0\\x64\\rc.exe --mt=C:\\PROGRA~2\\WI3CF2~1\\10\\bin\\10.0.22621.0\\x64\\mt.exe --manifests  -- C:\\PROGRA~1\\MICROS~3\\2022\\Community\\VC\\Tools\\MSVC\\14.40.33807\\bin\\Hostx64\\x64\\link.exe /nologo CMakeFiles\\cmTC_8f498.dir\\SIZEOF_UNSIGNED_LONG.c.obj  /out:cmTC_8f498.exe /implib:cmTC_8f498.lib /pdb:cmTC_8f498.pdb /version:0.0 /machine:x64  /debug /INCREMENTAL /subsystem:console  kernel32.lib user32.lib gdi32.lib winspool.lib shell32.lib ole32.lib oleaut32.lib uuid.lib comdlg32.lib advapi32.lib && cd ."
        
      exitCode: 0
  -
    kind: "try_compile-v1"
    backtrace:
      - "C:/Program Files/CMake/share/cmake-3.27/Modules/CheckTypeSize.cmake:146 (try_compile)"
      - "C:/Program Files/CMake/share/cmake-3.27/Modules/CheckTypeSize.cmake:271 (__check_type_size_impl)"
      - "CMakeLists.txt:105 (check_type_size)"
    checks:
      - "Check size of unsigned long long"
    directories:
      source: "C:/Users/meloy/source/repos/TestPureCodeEquation/TestPureCodeEquation/vcpkg_installed/vcpkg/blds/fftw3/x64-windows-dbg/CMakeFiles/CMakeScratch/TryCompile-r0s81g"
      binary: "C:/Users/meloy/source/repos/TestPureCodeEquation/TestPureCodeEquation/vcpkg_installed/vcpkg/blds/fftw3/x64-windows-dbg/CMakeFiles/CMakeScratch/TryCompile-r0s81g"
    cmakeVariables:
      CMAKE_C_FLAGS: " /nologo /DWIN32 /D_WINDOWS /W3 /utf-8 /MP "
      CMAKE_MSVC_DEBUG_INFORMATION_FORMAT: ""
      CMAKE_MSVC_RUNTIME_LIBRARY: "MultiThreaded$<$<CONFIG:Debug>:Debug>$<$<STREQUAL:dynamic,dynamic>:DLL>"
      VCPKG_APPLOCAL_DEPS: "OFF"
      VCPKG_CHAINLOAD_TOOLCHAIN_FILE: "C:/Program Files/Microsoft Visual Studio/2022/Community/VC/vcpkg/scripts/toolchains/windows.cmake"
      VCPKG_TARGET_ARCHITECTURE: "x64"
      VCPKG_TARGET_TRIPLET: "x64-windows"
      Z_VCPKG_ROOT_DIR: "C:/Program Files/Microsoft Visual Studio/2022/Community/VC/vcpkg"
    buildResult:
      variable: "HAVE_SIZEOF_UNSIGNED_LONG_LONG"
      cached: true
      stdout: |
        Change Dir: 'C:/Users/meloy/source/repos/TestPureCodeEquation/TestPureCodeEquation/vcpkg_installed/vcpkg/blds/fftw3/x64-windows-dbg/CMakeFiles/CMakeScratch/TryCompile-r0s81g'
        
        Run Build Command(s): "C:/Program Files/Microsoft Visual Studio/2022/Community/Common7/IDE/CommonExtensions/Microsoft/CMake/Ninja/ninja.exe" -v cmTC_11391
        [1/2] C:\\PROGRA~1\\MICROS~3\\2022\\Community\\VC\\Tools\\MSVC\\14.40.33807\\bin\\Hostx64\\x64\\cl.exe  /nologo   /nologo /DWIN32 /D_WINDOWS /W3 /utf-8 /MP   /MDd /Zi /Ob0 /Od /RTC1 /showIncludes /FoCMakeFiles\\cmTC_11391.dir\\SIZEOF_UNSIGNED_LONG_LONG.c.obj /FdCMakeFiles\\cmTC_11391.dir\\ /FS -c C:\\Users\\meloy\\source\\repos\\TestPureCodeEquation\\TestPureCodeEquation\\vcpkg_installed\\vcpkg\\blds\\fftw3\\x64-windows-dbg\\CMakeFiles\\CMakeScratch\\TryCompile-r0s81g\\SIZEOF_UNSIGNED_LONG_LONG.c
        [2/2] cmd.exe /C "cd . && "C:\\Program Files\\CMake\\bin\\cmake.exe" -E vs_link_exe --intdir=CMakeFiles\\cmTC_11391.dir --rc=C:\\PROGRA~2\\WI3CF2~1\\10\\bin\\10.0.22621.0\\x64\\rc.exe --mt=C:\\PROGRA~2\\WI3CF2~1\\10\\bin\\10.0.22621.0\\x64\\mt.exe --manifests  -- C:\\PROGRA~1\\MICROS~3\\2022\\Community\\VC\\Tools\\MSVC\\14.40.33807\\bin\\Hostx64\\x64\\link.exe /nologo CMakeFiles\\cmTC_11391.dir\\SIZEOF_UNSIGNED_LONG_LONG.c.obj  /out:cmTC_11391.exe /implib:cmTC_11391.lib /pdb:cmTC_11391.pdb /version:0.0 /machine:x64  /debug /INCREMENTAL /subsystem:console  kernel32.lib user32.lib gdi32.lib winspool.lib shell32.lib ole32.lib oleaut32.lib uuid.lib comdlg32.lib advapi32.lib && cd ."
        
      exitCode: 0
  -
    kind: "try_compile-v1"
    backtrace:
      - "C:/Program Files/CMake/share/cmake-3.27/Modules/CheckTypeSize.cmake:146 (try_compile)"
      - "C:/Program Files/CMake/share/cmake-3.27/Modules/CheckTypeSize.cmake:271 (__check_type_size_impl)"
      - "CMakeLists.txt:106 (check_type_size)"
    checks:
      - "Check size of size_t"
    directories:
      source: "C:/Users/meloy/source/repos/TestPureCodeEquation/TestPureCodeEquation/vcpkg_installed/vcpkg/blds/fftw3/x64-windows-dbg/CMakeFiles/CMakeScratch/TryCompile-ixw7qu"
      binary: "C:/Users/meloy/source/repos/TestPureCodeEquation/TestPureCodeEquation/vcpkg_installed/vcpkg/blds/fftw3/x64-windows-dbg/CMakeFiles/CMakeScratch/TryCompile-ixw7qu"
    cmakeVariables:
      CMAKE_C_FLAGS: " /nologo /DWIN32 /D_WINDOWS /W3 /utf-8 /MP "
      CMAKE_MSVC_DEBUG_INFORMATION_FORMAT: ""
      CMAKE_MSVC_RUNTIME_LIBRARY: "MultiThreaded$<$<CONFIG:Debug>:Debug>$<$<STREQUAL:dynamic,dynamic>:DLL>"
      VCPKG_APPLOCAL_DEPS: "OFF"
      VCPKG_CHAINLOAD_TOOLCHAIN_FILE: "C:/Program Files/Microsoft Visual Studio/2022/Community/VC/vcpkg/scripts/toolchains/windows.cmake"
      VCPKG_TARGET_ARCHITECTURE: "x64"
      VCPKG_TARGET_TRIPLET: "x64-windows"
      Z_VCPKG_ROOT_DIR: "C:/Program Files/Microsoft Visual Studio/2022/Community/VC/vcpkg"
    buildResult:
      variable: "HAVE_SIZEOF_SIZE_T"
      cached: true
      stdout: |
        Change Dir: 'C:/Users/meloy/source/repos/TestPureCodeEquation/TestPureCodeEquation/vcpkg_installed/vcpkg/blds/fftw3/x64-windows-dbg/CMakeFiles/CMakeScratch/TryCompile-ixw7qu'
        
        Run Build Command(s): "C:/Program Files/Microsoft Visual Studio/2022/Community/Common7/IDE/CommonExtensions/Microsoft/CMake/Ninja/ninja.exe" -v cmTC_9a52f
        [1/2] C:\\PROGRA~1\\MICROS~3\\2022\\Community\\VC\\Tools\\MSVC\\14.40.33807\\bin\\Hostx64\\x64\\cl.exe  /nologo   /nologo /DWIN32 /D_WINDOWS /W3 /utf-8 /MP   /MDd /Zi /Ob0 /Od /RTC1 /showIncludes /FoCMakeFiles\\cmTC_9a52f.dir\\SIZEOF_SIZE_T.c.obj /FdCMakeFiles\\cmTC_9a52f.dir\\ /FS -c C:\\Users\\meloy\\source\\repos\\TestPureCodeEquation\\TestPureCodeEquation\\vcpkg_installed\\vcpkg\\blds\\fftw3\\x64-windows-dbg\\CMakeFiles\\CMakeScratch\\TryCompile-ixw7qu\\SIZEOF_SIZE_T.c
        [2/2] cmd.exe /C "cd . && "C:\\Program Files\\CMake\\bin\\cmake.exe" -E vs_link_exe --intdir=CMakeFiles\\cmTC_9a52f.dir --rc=C:\\PROGRA~2\\WI3CF2~1\\10\\bin\\10.0.22621.0\\x64\\rc.exe --mt=C:\\PROGRA~2\\WI3CF2~1\\10\\bin\\10.0.22621.0\\x64\\mt.exe --manifests  -- C:\\PROGRA~1\\MICROS~3\\2022\\Community\\VC\\Tools\\MSVC\\14.40.33807\\bin\\Hostx64\\x64\\link.exe /nologo CMakeFiles\\cmTC_9a52f.dir\\SIZEOF_SIZE_T.c.obj  /out:cmTC_9a52f.exe /implib:cmTC_9a52f.lib /pdb:cmTC_9a52f.pdb /version:0.0 /machine:x64  /debug /INCREMENTAL /subsystem:console  kernel32.lib user32.lib gdi32.lib winspool.lib shell32.lib ole32.lib oleaut32.lib uuid.lib comdlg32.lib advapi32.lib && cd ."
        
      exitCode: 0
  -
    kind: "try_compile-v1"
    backtrace:
      - "C:/Program Files/CMake/share/cmake-3.27/Modules/CheckTypeSize.cmake:146 (try_compile)"
      - "C:/Program Files/CMake/share/cmake-3.27/Modules/CheckTypeSize.cmake:271 (__check_type_size_impl)"
      - "CMakeLists.txt:107 (check_type_size)"
    checks:
      - "Check size of ptrdiff_t"
    directories:
      source: "C:/Users/meloy/source/repos/TestPureCodeEquation/TestPureCodeEquation/vcpkg_installed/vcpkg/blds/fftw3/x64-windows-dbg/CMakeFiles/CMakeScratch/TryCompile-qy31ex"
      binary: "C:/Users/meloy/source/repos/TestPureCodeEquation/TestPureCodeEquation/vcpkg_installed/vcpkg/blds/fftw3/x64-windows-dbg/CMakeFiles/CMakeScratch/TryCompile-qy31ex"
    cmakeVariables:
      CMAKE_C_FLAGS: " /nologo /DWIN32 /D_WINDOWS /W3 /utf-8 /MP "
      CMAKE_MSVC_DEBUG_INFORMATION_FORMAT: ""
      CMAKE_MSVC_RUNTIME_LIBRARY: "MultiThreaded$<$<CONFIG:Debug>:Debug>$<$<STREQUAL:dynamic,dynamic>:DLL>"
      VCPKG_APPLOCAL_DEPS: "OFF"
      VCPKG_CHAINLOAD_TOOLCHAIN_FILE: "C:/Program Files/Microsoft Visual Studio/2022/Community/VC/vcpkg/scripts/toolchains/windows.cmake"
      VCPKG_TARGET_ARCHITECTURE: "x64"
      VCPKG_TARGET_TRIPLET: "x64-windows"
      Z_VCPKG_ROOT_DIR: "C:/Program Files/Microsoft Visual Studio/2022/Community/VC/vcpkg"
    buildResult:
      variable: "HAVE_SIZEOF_PTRDIFF_T"
      cached: true
      stdout: |
        Change Dir: 'C:/Users/meloy/source/repos/TestPureCodeEquation/TestPureCodeEquation/vcpkg_installed/vcpkg/blds/fftw3/x64-windows-dbg/CMakeFiles/CMakeScratch/TryCompile-qy31ex'
        
        Run Build Command(s): "C:/Program Files/Microsoft Visual Studio/2022/Community/Common7/IDE/CommonExtensions/Microsoft/CMake/Ninja/ninja.exe" -v cmTC_26274
        [1/2] C:\\PROGRA~1\\MICROS~3\\2022\\Community\\VC\\Tools\\MSVC\\14.40.33807\\bin\\Hostx64\\x64\\cl.exe  /nologo   /nologo /DWIN32 /D_WINDOWS /W3 /utf-8 /MP   /MDd /Zi /Ob0 /Od /RTC1 /showIncludes /FoCMakeFiles\\cmTC_26274.dir\\SIZEOF_PTRDIFF_T.c.obj /FdCMakeFiles\\cmTC_26274.dir\\ /FS -c C:\\Users\\meloy\\source\\repos\\TestPureCodeEquation\\TestPureCodeEquation\\vcpkg_installed\\vcpkg\\blds\\fftw3\\x64-windows-dbg\\CMakeFiles\\CMakeScratch\\TryCompile-qy31ex\\SIZEOF_PTRDIFF_T.c
        [2/2] cmd.exe /C "cd . && "C:\\Program Files\\CMake\\bin\\cmake.exe" -E vs_link_exe --intdir=CMakeFiles\\cmTC_26274.dir --rc=C:\\PROGRA~2\\WI3CF2~1\\10\\bin\\10.0.22621.0\\x64\\rc.exe --mt=C:\\PROGRA~2\\WI3CF2~1\\10\\bin\\10.0.22621.0\\x64\\mt.exe --manifests  -- C:\\PROGRA~1\\MICROS~3\\2022\\Community\\VC\\Tools\\MSVC\\14.40.33807\\bin\\Hostx64\\x64\\link.exe /nologo CMakeFiles\\cmTC_26274.dir\\SIZEOF_PTRDIFF_T.c.obj  /out:cmTC_26274.exe /implib:cmTC_26274.lib /pdb:cmTC_26274.pdb /version:0.0 /machine:x64  /debug /INCREMENTAL /subsystem:console  kernel32.lib user32.lib gdi32.lib winspool.lib shell32.lib ole32.lib oleaut32.lib uuid.lib comdlg32.lib advapi32.lib && cd ."
        
      exitCode: 0
...
